24.05.2023 15:12:50: Zadejte výchozí stanici NAD:
24.05.2023 15:12:54: 5434475
24.05.2023 15:12:54: Vybrána stanice "Kroměříž". Pokračovat? [A/n]
24.05.2023 15:12:55: Zadejte cílovou stanici NAD:
24.05.2023 15:12:57: 5434306
24.05.2023 15:12:57: Vybrána stanice "Kojetín". Pokračovat? [A/n]
24.05.2023 15:12:58: Zadejte datum počátku výluky:
24.05.2023 15:13:01: 23.5.2023
24.05.2023 15:13:01: Zadejte datum konce výluky:
24.05.2023 15:13:03: 6.6.2023
24.05.2023 15:13:03: Zadejte offset generovaných variant [30]:
24.05.2023 15:13:04: 
24.05.2023 15:13:04: Zadejte čísla vlaků dotčených výlukou [pro nickolejný provoz ponechte nevyplněno]:
24.05.2023 15:13:05: 
24.05.2023 15:13:05: Nebyl nalezen vhodný kalendář pro období před výlukou. Vytvářím!
24.05.2023 15:13:05: Nebyl nalezen vhodný kalendář pro období výluky. Vytvářím!
24.05.2023 15:13:05: Nebyl nalezen vhodný kalendář pro období po výluce. Vytvářím!
24.05.2023 15:13:05: Nebyly nalezeny vhodné announcementy pro směr Kroměříž -> Kojetín. Vytvářím _wiz40 a _wiz41!
24.05.2023 15:13:05: Nebyly nalezeny vhodné announcementy pro směr Kojetín -> Kroměříž. Vytvářím _wiz42 a _wiz43!
24.05.2023 15:13:05: Zahajuji generování výluky do vlaků...
24.05.2023 15:13:05: Generuji výluku do vlaku 1656:0...
24.05.2023 15:13:05: Generuji výluku do vlaku 1656:1...
24.05.2023 15:13:05: Generuji výluku do vlaku 1783:0...
24.05.2023 15:13:05: Generuji výluku do vlaku 1783:1...
24.05.2023 15:13:05: Generuji výluku do vlaku 1784:0...
24.05.2023 15:13:05: Generuji výluku do vlaku 1784:1...
24.05.2023 15:13:05: Vlak 3901:0 je výchozí ze stanice Kroměříž. Přeskakuji!
24.05.2023 15:13:05: Generuji výluku do vlaku 3902:0...
24.05.2023 15:13:05: Vlak 3903:1 je výchozí ze stanice Kroměříž. Přeskakuji!
24.05.2023 15:13:05: Vlak 3903:2 je výchozí ze stanice Kojetín. Přeskakuji!
24.05.2023 15:13:05: Generuji výluku do vlaku 3904:0...
24.05.2023 15:13:05: Generuji výluku do vlaku 3904:1...
24.05.2023 15:13:05: Vlak 3905:0 je výchozí ze stanice Kojetín. Přeskakuji!
24.05.2023 15:13:05: Generuji výluku do vlaku 3906:0...
24.05.2023 15:13:05: Vlak 3907:0 je výchozí ze stanice Kojetín. Přeskakuji!
24.05.2023 15:13:05: Generuji výluku do vlaku 3908:0...
24.05.2023 15:13:05: Vlak 3909:0 je výchozí ze stanice Kroměříž. Přeskakuji!
24.05.2023 15:13:05: Generuji výluku do vlaku 3910:0...
24.05.2023 15:13:05: Vlak 3911:0 je výchozí ze stanice Kojetín. Přeskakuji!
24.05.2023 15:13:05: Vlak 3911:1 je výchozí ze stanice Kojetín. Přeskakuji!
24.05.2023 15:13:05: Generuji výluku do vlaku 3912:0...
24.05.2023 15:13:05: Vlak 3913:0 je výchozí ze stanice Kojetín. Přeskakuji!
24.05.2023 15:13:05: Generuji výluku do vlaku 3914:0...
24.05.2023 15:13:05: Vlak 3915:0 je výchozí ze stanice Kojetín. Přeskakuji!
24.05.2023 15:13:05: Generuji výluku do vlaku 3916:0...
24.05.2023 15:13:05: Vlak 3917:0 je výchozí ze stanice Kojetín. Přeskakuji!
24.05.2023 15:13:05: Generuji výluku do vlaku 3918:1...
24.05.2023 15:13:05: Vlak 3919:0 je výchozí ze stanice Kojetín. Přeskakuji!
24.05.2023 15:13:05: Vlak 3919:1 je výchozí ze stanice Kojetín. Přeskakuji!
24.05.2023 15:13:05: Vlak 3921:0 je výchozí ze stanice Kojetín. Přeskakuji!
24.05.2023 15:13:05: Generuji výluku do vlaku 3922:1...
24.05.2023 15:13:05: Vlak 3923:0 je výchozí ze stanice Kojetín. Přeskakuji!
24.05.2023 15:13:05: Vlak 3923:1 je výchozí ze stanice Kojetín. Přeskakuji!
24.05.2023 15:13:05: Vlak 3925:0 je výchozí ze stanice Kojetín. Přeskakuji!
24.05.2023 15:13:05: Vlak 3925:1 je výchozí ze stanice Kojetín. Přeskakuji!
24.05.2023 15:13:05: Generuji výluku do vlaku 3926:0...
24.05.2023 15:13:05: Vlak 3927:0 je výchozí ze stanice Kojetín. Přeskakuji!
24.05.2023 15:13:05: Vlak 3927:1 je výchozí ze stanice Kojetín. Přeskakuji!
24.05.2023 15:13:05: Vlak 3929:0 je výchozí ze stanice Kroměříž. Přeskakuji!
24.05.2023 15:13:05: Generuji výluku do vlaku 3930:1...
24.05.2023 15:13:05: Vlak 3931:0 je výchozí ze stanice Kroměříž. Přeskakuji!
24.05.2023 15:13:05: Vlak 3931:1 je výchozí ze stanice Kojetín. Přeskakuji!
24.05.2023 15:13:05: Vlak 3934:0 je výchozí ze stanice Kroměříž. Přeskakuji!
24.05.2023 15:13:05: Generuji výluku do vlaku 3934:1...
24.05.2023 15:13:05: Vlak 3935:0 je výchozí ze stanice Kroměříž. Přeskakuji!
24.05.2023 15:13:05: Vlak 3935:1 je výchozí ze stanice Kroměříž. Přeskakuji!
24.05.2023 15:13:05: Vlak 3937:0 je výchozí ze stanice Kroměříž. Přeskakuji!
24.05.2023 15:13:05: Generuji výluku do vlaku 3938:1...
24.05.2023 15:13:05: Vlak 3939:0 je výchozí ze stanice Kojetín. Přeskakuji!
24.05.2023 15:13:05: Vlak 3941:0 je výchozí ze stanice Kroměříž. Přeskakuji!
24.05.2023 15:13:05: Vlak 3943:0 je výchozí ze stanice Kroměříž. Přeskakuji!
24.05.2023 15:13:05: Generuji výluku do vlaku 3944:0...
24.05.2023 15:13:05: Vlak 3945:0 je výchozí ze stanice Kojetín. Přeskakuji!
24.05.2023 15:13:05: Vlak 3947:0 je výchozí ze stanice Kroměříž. Přeskakuji!
24.05.2023 15:13:05: Vlak 3947:1 je výchozí ze stanice Kroměříž. Přeskakuji!
24.05.2023 15:13:05: Vlak 3951:0 je výchozí ze stanice Kroměříž. Přeskakuji!
24.05.2023 15:13:05: Vlak 3951:1 je výchozí ze stanice Kroměříž. Přeskakuji!
24.05.2023 15:13:05: Vlak 3955:0 je výchozí ze stanice Kroměříž. Přeskakuji!
24.05.2023 15:13:05: Generuji výluku do vlaku 3956:1...
24.05.2023 15:13:05: Vlak 3961:0 je výchozí ze stanice Kroměříž. Přeskakuji!
24.05.2023 15:13:05: Vlak 3963:0 je výchozí ze stanice Kroměříž. Přeskakuji!
24.05.2023 15:13:05: Vlak 3965:0 je výchozí ze stanice Kroměříž. Přeskakuji!
24.05.2023 15:13:05: Vlak 3967:0 je výchozí ze stanice Kroměříž. Přeskakuji!
24.05.2023 15:13:05: Vlak 3967:1 je výchozí ze stanice Kroměříž. Přeskakuji!
24.05.2023 15:13:05: Vlak 3969:0 je výchozí ze stanice Kroměříž. Přeskakuji!
24.05.2023 15:13:05: Vlak 3969:1 je výchozí ze stanice Kroměříž. Přeskakuji!
24.05.2023 15:13:05: Vlak 3970:0 je výchozí ze stanice Kroměříž. Přeskakuji!
24.05.2023 15:13:05: Vlak 3971:0 je výchozí ze stanice Kojetín. Přeskakuji!
24.05.2023 15:13:05: Vlak 3972:0 je výchozí ze stanice Kroměříž. Přeskakuji!
24.05.2023 15:13:05: Vlak 3973:0 je výchozí ze stanice Kojetín. Přeskakuji!
24.05.2023 15:13:05: Vlak 3974:0 je výchozí ze stanice Kroměříž. Přeskakuji!
24.05.2023 15:13:05: Vlak 3975:0 je výchozí ze stanice Kroměříž. Přeskakuji!
24.05.2023 15:13:05: Vlak 3975:1 je výchozí ze stanice Kroměříž. Přeskakuji!
24.05.2023 15:13:05: Vlak 3975:2 je výchozí ze stanice Kroměříž. Přeskakuji!
24.05.2023 15:13:05: Vlak 3977:0 je výchozí ze stanice Kroměříž. Přeskakuji!
24.05.2023 15:13:05: Vlak 3977:1 je výchozí ze stanice Kroměříž. Přeskakuji!
24.05.2023 15:13:05: Vlak 3979:0 je výchozí ze stanice Kojetín. Přeskakuji!
24.05.2023 15:13:05: Vlak 3983:0 je výchozí ze stanice Kojetín. Přeskakuji!
24.05.2023 15:13:05: Vlak 3985:0 je výchozí ze stanice Kojetín. Přeskakuji!
24.05.2023 15:13:05: Vlak 13901:0 je výchozí ze stanice Kroměříž. Přeskakuji!
24.05.2023 15:13:05: Vlak 13903:0 je výchozí ze stanice Kroměříž. Přeskakuji!
24.05.2023 15:13:05: Vlak 13905:0 je výchozí ze stanice Kroměříž. Přeskakuji!
24.05.2023 15:13:05: Vlak 13907:0 je výchozí ze stanice Kroměříž. Přeskakuji!
24.05.2023 15:13:05: Vlak 13909:0 je výchozí ze stanice Kroměříž. Přeskakuji!
24.05.2023 15:13:05: Vlak 13911:0 je výchozí ze stanice Kroměříž. Přeskakuji!
24.05.2023 15:13:05: Vlak 13913:0 je výchozí ze stanice Kroměříž. Přeskakuji!
24.05.2023 15:13:05: Vlak 13915:0 je výchozí ze stanice Kroměříž. Přeskakuji!
24.05.2023 15:13:05: Vlak 13917:0 je výchozí ze stanice Kroměříž. Přeskakuji!
24.05.2023 15:13:05: Vlak 14209:0 je výchozí ze stanice Kroměříž. Přeskakuji!
24.05.2023 15:13:05: Vlak 14209:1 je výchozí ze stanice Kroměříž. Přeskakuji!
24.05.2023 15:13:05: Vlak 14209:2 je výchozí ze stanice Kroměříž. Přeskakuji!
24.05.2023 15:13:05: Vlak 14213:0 je výchozí ze stanice Kroměříž. Přeskakuji!
24.05.2023 15:13:05: Vlak 14213:1 je výchozí ze stanice Kroměříž. Přeskakuji!
24.05.2023 15:13:05: Vlak 14225:0 je výchozí ze stanice Kroměříž. Přeskakuji!
24.05.2023 15:13:05: Vlak 14225:1 je výchozí ze stanice Kroměříž. Přeskakuji!
24.05.2023 15:13:05: Vlak 14233:0 je výchozí ze stanice Kroměříž. Přeskakuji!
24.05.2023 15:13:05: Vlak 14233:1 je výchozí ze stanice Kroměříž. Přeskakuji!
24.05.2023 15:13:05: Vlak 14243:0 je výchozí ze stanice Kroměříž. Přeskakuji!
24.05.2023 15:13:05: Vlak 14253:0 je výchozí ze stanice Kroměříž. Přeskakuji!
24.05.2023 15:13:05: Vlak 14259:0 je výchozí ze stanice Kroměříž. Přeskakuji!
24.05.2023 15:13:05: Vlak 14259:1 je výchozí ze stanice Kroměříž. Přeskakuji!
24.05.2023 15:13:05: Vlak 14267:0 je výchozí ze stanice Kroměříž. Přeskakuji!
24.05.2023 15:13:05: Vlak 14267:1 je výchozí ze stanice Kroměříž. Přeskakuji!
24.05.2023 15:13:05: -#-#-#-#-#-#-SEZNAM VLAKŮ DO KTERÝCH BYLA VÝLYKA ÚSPĚŠNĚ VYGENEROVÁNA:-#-#-#-#-#-#-
24.05.2023 15:13:05: 1656:0, 1656:1, 1783:0, 1783:1, 1784:0, 1784:1, 3902:0, 3904:0, 3904:1, 3906:0, 3908:0, 3910:0, 3912:0, 3914:0, 3916:0, 3918:1, 3922:1, 3926:0, 3930:1, 3934:1, 3938:1, 3944:0, 3956:1
24.05.2023 15:13:05: -#-#-#-#-#-#-SEZNAM VLAKŮ BEZEZMĚN:-#-#-#-#-#-#-
24.05.2023 15:13:05: 816:0, 818:0, 821:0, 832:0, 834:0, 835:0, 835:1, 837:0, 837:1, 838:0, 839:0, 1425:0, 1426:0, 1426:1, 1426:2, 1427:0, 1427:1, 1601:0, 1602:0, 1603:0, 1604:0, 1605:0, 1605:50, 1606:0, 1607:0, 1608:0, 1609:0, 1609:50, 1610:0, 1611:0, 1612:0, 1613:0, 1613:50, 1614:0, 1615:0, 1615:50, 1616:0, 1617:0, 1617:50, 1618:0, 1619:0, 1620:0, 1621:0, 1622:0, 1623:0, 1624:0, 1625:0, 1626:0, 1627:0, 1628:0, 1629:0, 1629:1, 1630:0, 1630:1, 1631:0, 1631:1, 1631:2, 1632:0, 1633:0, 1633:1, 1634:0, 1635:0, 1636:0, 1637:0, 1638:0, 1638:1, 1639:0, 1639:1, 1639:2, 1640:0, 1640:50, 1641:0, 1641:50, 1641:60, 1642:0, 1642:50, 1643:0, 1643:1, 1643:2, 1643:51, 1643:61, 1644:0, 1645:0, 1646:0, 1647:0, 1647:1, 1648:0, 1648:1, 1650:0, 1651:0, 1651:1, 1652:0, 1656:30, 1656:31, 1758:0, 1758:1, 1760:0, 1760:1, 1760:2, 1760:3, 1761:0, 1761:1, 1761:2, 1762:0, 1762:1, 1762:2, 1762:3, 1762:4, 1763:0, 1763:1, 1763:2, 1763:3, 1763:4, 1764:0, 1764:1, 1764:2, 1764:3, 1764:4, 1765:0, 1765:1, 1765:2, 1765:3, 1766:0, 1766:1, 1766:2, 1767:0, 1767:1, 1767:2, 1767:3, 1768:0, 1768:1, 1768:2, 1768:3, 1769:0, 1770:0, 1770:1, 1770:2, 1771:0, 1771:1, 1771:2, 1771:3, 1772:0, 1772:1, 1772:2, 1772:3, 1772:4, 1772:5, 1772:6, 1772:7, 1772:8, 1773:0, 1773:1, 1773:2, 1774:0, 1774:1, 1774:2, 1774:3, 1774:4, 1775:0, 1775:1, 1775:2, 1775:3, 1775:4, 1775:5, 1775:6, 1776:0, 1776:1, 1777:0, 1777:1, 1777:2, 1777:3, 1778:0, 1778:1, 1783:30, 1783:31, 1784:30, 1784:31, 2040:0, 2040:1, 2040:31, 2041:0, 2041:1, 2041:31, 2042:0, 2042:30, 2043:0, 2043:1, 2043:2, 2043:30, 2043:31, 2043:32, 2044:0, 2044:30, 2045:0, 2045:1, 2045:2, 2045:30, 2045:31, 2046:0, 2047:0, 2700:0, 2700:1, 2701:0, 2701:1, 2702:0, 2703:0, 2704:0, 2704:1, 2705:0, 2705:1, 2705:2, 2705:3, 2706:0, 2706:1, 2707:0, 2708:0, 2709:0, 2710:0, 2710:1, 2711:0, 2711:1, 2712:0, 2713:0, 2714:0, 2714:1, 2715:0, 2715:1, 2716:0, 2717:0, 2718:0, 2718:1, 2719:0, 2719:1, 2719:2, 2720:0, 2721:0, 2722:0, 2722:1, 2722:2, 2722:3, 2722:4, 2723:0, 2723:1, 2724:0, 2724:1, 2724:2, 2725:0, 2730:0, 2731:0, 2732:0, 2733:0, 2734:0, 2735:0, 2736:0, 2738:0, 2738:1, 2740:0, 2741:0, 2743:0, 2761:0, 2762:0, 2763:0, 2764:0, 2765:0, 2765:1, 2770:0, 2770:1, 2771:0, 2772:0, 2773:0, 2774:0, 2774:1, 2775:0, 2781:0, 2782:0, 2783:0, 2785:0, 2788:0, 2789:0, 2790:0, 2791:0, 2792:0, 2793:0, 2795:0, 2795:1, 2796:0, 2797:0, 2799:0, 2800:0, 2800:1, 2801:0, 2802:0, 2803:0, 2804:0, 2804:1, 2805:0, 2806:0, 2807:0, 2807:50, 2808:0, 2808:50, 2808:60, 2809:0, 2809:50, 2809:60, 2810:0, 2810:50, 2810:60, 2811:0, 2811:50, 2811:60, 2812:0, 2812:50, 2812:60, 2813:0, 2813:50, 2813:60, 2814:0, 2814:50, 2814:60, 2815:0, 2815:50, 2815:60, 2816:0, 2816:50, 2816:60, 2817:0, 2817:50, 2817:60, 2818:0, 2818:60, 2819:0, 2819:1, 2819:51, 2819:52, 2819:60, 2820:0, 2820:60, 2821:0, 2821:60, 2822:0, 2822:60, 2823:0, 2823:60, 2824:0, 2824:60, 2825:0, 2825:60, 2826:0, 2827:0, 2828:0, 2828:1, 2829:0, 2829:1, 2830:0, 2831:0, 2832:0, 2832:1, 2833:0, 2834:0, 2835:0, 2835:1, 2835:2, 2835:3, 2836:0, 2836:1, 2837:0, 2838:0, 2838:1, 2838:2, 2839:0, 2850:0, 2850:1, 2851:0, 2851:1, 2860:0, 2861:0, 2863:0, 2864:0, 2865:0, 2866:0, 2866:50, 2867:0, 2868:0, 2869:0, 2870:0, 2871:0, 2872:0, 2873:0, 2874:0, 2875:0, 2876:0, 2877:0, 2878:0, 2878:1, 2891:0, 2893:0, 2898:0, 2899:0, 2900:0, 2900:1, 2900:2, 2915:0, 2920:0, 2920:1, 2921:0, 2921:1, 2921:51, 2922:0, 2923:0, 2923:1, 2923:51, 2924:0, 2925:0, 2925:50, 2925:60, 2926:0, 2927:0, 2927:50, 2927:51, 2927:52, 2927:60, 2928:0, 2929:0, 2929:50, 2929:51, 2929:52, 2930:0, 2931:0, 2931:50, 2931:51, 2931:52, 2932:0, 2933:0, 2933:50, 2933:51, 2933:52, 2934:0, 2935:0, 2935:50, 2935:51, 2935:52, 2936:0, 2937:0, 2937:50, 2937:51, 2937:52, 2938:0, 2939:0, 2939:50, 2939:51, 2939:52, 2940:0, 2941:0, 2942:0, 2943:0, 2943:50, 2944:0, 2945:0, 2945:50, 2946:0, 2947:0, 2948:0, 2948:1, 2949:0, 2950:0, 2950:1, 2951:0, 2952:0, 2953:0, 2954:0, 2954:1, 2955:0, 2955:1, 2956:0, 2957:0, 2957:1, 2991:0, 2991:1, 2992:0, 2993:0, 2995:0, 2996:0, 2997:0, 3000:0, 3000:50, 3050:0, 3050:50, 3051:0, 3051:1, 3051:51, 3052:0, 3052:60, 3053:0, 3053:50, 3054:0, 3054:50, 3054:60, 3055:0, 3055:1, 3055:50, 3055:51, 3055:61, 3056:0, 3056:1, 3056:50, 3056:51, 3057:1, 3058:0, 3059:0, 3060:0, 3061:0, 3070:0, 3071:0, 3072:0, 3073:0, 3074:0, 3075:0, 3076:0, 3077:0, 3078:0, 3079:0, 3080:0, 3081:0, 3082:0, 3083:0, 3084:0, 3085:0, 3090:0, 3091:0, 3092:0, 3093:0, 3094:0, 3095:0, 3096:0, 3097:0, 3098:0, 3099:0, 3100:0, 3100:1, 3100:30, 3100:31, 3101:0, 3101:1, 3101:2, 3101:30, 3101:31, 3101:32, 3102:0, 3102:1, 3102:51, 3102:30, 3102:31, 3103:0, 3103:30, 3104:0, 3104:1, 3104:30, 3104:31, 3105:0, 3105:1, 3105:31, 3106:0, 3106:1, 3106:51, 3106:30, 3106:31, 3107:0, 3107:1, 3107:31, 3108:0, 3108:1, 3108:30, 3108:31, 3109:0, 3109:1, 3109:50, 3109:31, 3110:0, 3110:1, 3110:30, 3110:31, 3111:0, 3111:1, 3111:50, 3111:31, 3112:0, 3112:1, 3112:30, 3112:31, 3113:0, 3113:1, 3113:50, 3113:31, 3114:0, 3114:1, 3114:30, 3114:31, 3115:0, 3115:1, 3115:50, 3115:31, 3116:0, 3116:1, 3116:30, 3116:31, 3117:0, 3117:1, 3117:50, 3117:31, 3118:0, 3118:1, 3118:51, 3118:30, 3118:31, 3119:0, 3119:1, 3119:50, 3119:31, 3120:0, 3120:1, 3120:30, 3120:31, 3121:0, 3121:1, 3121:31, 3122:0, 3122:1, 3122:51, 3122:30, 3122:31, 3123:0, 3123:1, 3123:31, 3124:0, 3124:1, 3124:30, 3124:31, 3125:0, 3125:1, 3125:2, 3125:31, 3125:32, 3126:0, 3126:1, 3126:30, 3126:31, 3127:0, 3127:1, 3127:2, 3127:31, 3128:0, 3128:1, 3128:2, 3128:30, 3128:31, 3128:32, 3129:0, 3129:1, 3129:31, 3130:0, 3130:50, 3130:30, 3131:0, 3131:1, 3131:31, 3132:0, 3132:1, 3132:50, 3132:51, 3132:31, 3133:0, 3133:1, 3133:30, 3133:31, 3135:0, 3135:30, 3137:0, 3137:1, 3137:31, 3140:0, 3140:30, 3141:0, 3141:1, 3142:0, 3142:30, 3143:0, 3144:0, 3144:30, 3145:0, 3146:0, 3146:30, 3147:0, 3147:50, 3148:0, 3148:30, 3149:0, 3149:50, 3150:0, 3150:30, 3151:0, 3152:0, 3152:30, 3153:0, 3154:0, 3154:30, 3155:0, 3156:0, 3156:30, 3157:0, 3158:0, 3158:30, 3162:0, 3162:30, 3164:0, 3164:1, 3164:30, 3164:31, 3171:0, 3171:1, 3173:0, 3174:0, 3175:0, 3176:0, 3180:0, 3180:50, 3181:0, 3181:1, 3181:2, 3181:32, 3182:0, 3183:0, 3185:0, 3185:1, 3185:31, 3186:0, 3186:1, 3188:0, 3188:1, 3189:0, 3190:0, 3191:0, 3191:1, 3193:0, 3195:0, 3196:0, 3197:0, 3198:0, 3199:0, 3200:0, 3200:1, 3201:0, 3202:0, 3203:0, 3203:1, 3203:2, 3203:3, 3203:4, 3204:0, 3205:0, 3206:0, 3207:0, 3208:0, 3209:0, 3212:0, 3212:1, 3213:0, 3213:1, 3213:2, 3214:0, 3214:1, 3215:0, 3216:0, 3216:1, 3217:0, 3218:0, 3219:0, 3220:0, 3220:1, 3221:0, 3221:1, 3221:2, 3222:0, 3223:0, 3223:1, 3224:0, 3224:1, 3225:0, 3225:1, 3227:0, 3228:0, 3230:0, 3231:0, 3231:1, 3231:2, 3233:0, 3235:0, 3240:0, 3300:0, 3301:0, 3301:1, 3301:2, 3302:0, 3303:0, 3303:1, 3303:2, 3304:0, 3304:1, 3305:0, 3305:1, 3305:2, 3305:52, 3306:0, 3306:1, 3306:51, 3307:0, 3307:1, 3308:0, 3308:1, 3308:50, 3309:0, 3309:50, 3310:0, 3311:0, 3311:50, 3312:0, 3312:50, 3313:0, 3313:1, 3313:50, 3313:51, 3313:52, 3313:61, 3314:0, 3315:0, 3315:50, 3316:0, 3316:100, 3316:50, 3317:0, 3317:50, 3318:0, 3318:1, 3318:50, 3318:51, 3319:0, 3319:50, 3319:51, 3320:0, 3321:0, 3322:0, 3322:50, 3323:0, 3324:0, 3325:0, 3326:0, 3326:50, 3327:0, 3328:0, 3330:0, 3331:0, 3333:0, 3334:0, 3335:0, 3335:1, 3336:0, 3338:0, 3338:1, 3338:2, 3338:3, 3338:4, 3338:5, 3338:6, 3339:0, 3340:0, 3342:0, 3400:0, 3400:1, 3400:2, 3400:100, 3401:0, 3401:1, 3401:2, 3402:0, 3403:0, 3403:1, 3403:2, 3404:0, 3404:1, 3404:2, 3405:0, 3405:1, 3405:2, 3406:0, 3406:1, 3406:2, 3407:0, 3407:1, 3407:2, 3408:0, 3408:1, 3408:2, 3409:0, 3409:1, 3409:2, 3410:0, 3410:1, 3410:2, 3411:0, 3411:1, 3411:2, 3412:0, 3412:1, 3412:2, 3413:0, 3413:1, 3413:2, 3414:0, 3414:1, 3414:2, 3415:0, 3415:1, 3415:2, 3416:0, 3416:1, 3416:2, 3417:0, 3417:1, 3417:2, 3418:0, 3418:1, 3418:2, 3419:0, 3419:1, 3419:2, 3420:0, 3420:1, 3420:2, 3421:0, 3421:1, 3421:2, 3422:0, 3422:1, 3422:2, 3423:0, 3423:1, 3423:2, 3424:0, 3424:1, 3424:2, 3425:0, 3425:1, 3425:2, 3426:0, 3426:1, 3426:2, 3427:0, 3427:1, 3427:2, 3428:0, 3428:1, 3428:2, 3429:0, 3429:1, 3429:2, 3430:0, 3430:1, 3430:2, 3430:3, 3430:4, 3431:0, 3431:1, 3431:2, 3432:0, 3432:1, 3432:2, 3433:0, 3433:1, 3433:2, 3434:0, 3434:1, 3434:2, 3435:0, 3435:1, 3435:2, 3435:3, 3436:0, 3436:1, 3436:2, 3436:3, 3437:0, 3437:1, 3437:2, 3437:100, 3438:0, 3438:1, 3438:2, 3440:0, 3492:0, 3493:0, 3497:0, 3498:0, 3900:0, 3900:1, 3900:2, 3901:0, 3903:0, 3903:1, 3903:2, 3904:30, 3904:31, 3905:0, 3907:0, 3909:0, 3911:0, 3911:1, 3913:0, 3915:0, 3917:0, 3918:0, 3919:0, 3919:1, 3920:0, 3921:0, 3922:0, 3923:0, 3923:1, 3924:0, 3925:0, 3925:1, 3927:0, 3927:1, 3929:0, 3930:0, 3931:0, 3931:1, 3932:0, 3932:1, 3932:2, 3932:3, 3932:4, 3933:0, 3934:0, 3935:0, 3935:1, 3936:0, 3936:1, 3937:0, 3938:0, 3939:0, 3940:0, 3940:1, 3941:0, 3942:0, 3942:1, 3943:0, 3945:0, 3946:0, 3946:1, 3946:2, 3947:0, 3947:1, 3948:0, 3949:0, 3950:0, 3950:1, 3951:0, 3951:1, 3952:0, 3953:0, 3954:0, 3955:0, 3956:0, 3958:0, 3960:0, 3961:0, 3962:0, 3963:0, 3964:0, 3965:0, 3966:0, 3967:0, 3967:1, 3968:0, 3969:0, 3969:1, 3970:0, 3971:0, 3972:0, 3973:0, 3974:0, 3975:0, 3975:1, 3975:2, 3977:0, 3977:1, 3979:0, 3983:0, 3985:0, 3988:0, 3989:0, 4088:0, 4089:0, 4101:0, 4101:1, 4101:2, 4102:0, 4102:1, 4102:2, 4102:3, 4103:0, 4104:0, 4104:1, 4104:2, 4104:3, 4105:0, 4105:1, 4105:2, 4105:3, 4106:0, 4107:0, 4107:1, 4108:0, 4108:1, 4108:2, 4108:3, 4108:4, 4109:0, 4109:1, 4110:0, 4110:1, 4112:0, 4113:0, 4113:1, 4114:0, 4114:1, 4114:2, 4114:3, 4115:0, 4116:0, 4117:0, 4118:0, 4119:0, 4119:1, 4119:2, 4119:3, 4120:0, 4120:1, 4120:2, 4120:3, 4120:4, 4120:5, 4121:0, 4121:1, 4122:0, 4123:0, 4123:1, 4123:2, 4124:0, 4124:1, 4125:0, 4125:1, 4125:2, 4125:3, 4127:0, 4127:1, 4131:0, 4131:1, 4132:0, 4133:0, 4134:0, 4135:0, 4136:0, 4137:0, 4138:0, 4140:0, 4140:1, 4140:2, 4141:0, 4141:1, 4142:0, 4144:0, 4145:0, 4146:0, 4147:0, 4147:1, 4148:0, 4148:1, 4149:0, 4150:0, 4151:0, 4152:0, 4153:0, 4153:1, 4155:0, 4155:1, 4156:0, 4157:0, 4158:0, 4159:0, 4159:1, 4161:0, 4161:1, 4163:0, 4165:0, 4165:1, 4167:0, 4167:1, 4167:2, 4168:0, 4169:0, 4172:0, 4173:0, 4174:0, 4175:0, 4176:0, 4177:0, 4178:0, 4179:0, 4180:0, 4181:0, 4182:0, 4182:1, 4182:2, 4184:0, 4184:1, 4184:2, 4185:0, 4186:0, 4187:0, 4188:0, 4190:0, 4190:1, 4191:0, 4195:0, 4197:0, 4200:0, 4200:1, 4201:0, 4201:1, 4201:2, 4202:0, 4202:1, 4203:0, 4203:1, 4204:0, 4204:1, 4205:0, 4206:0, 4207:0, 4208:0, 4209:0, 4209:1, 4210:0, 4210:1, 4211:0, 4211:1, 4212:0, 4213:0, 4214:0, 4214:1, 4215:0, 4215:1, 4216:0, 4217:0, 4218:0, 4219:0, 4219:1, 4220:0, 4221:0, 4221:1, 4222:0, 4222:1, 4223:0, 4230:0, 4231:0, 4232:0, 4233:0, 4234:0, 4234:1, 4236:0, 4238:0, 4238:1, 4238:2, 4241:0, 4242:0, 4244:0, 4245:0, 4245:1, 4245:2, 4245:3, 4246:0, 4247:0, 4248:0, 4249:0, 4250:0, 4250:1, 4251:0, 4251:1, 4253:0, 4253:1, 4254:0, 4254:1, 4255:0, 4256:0, 4257:0, 4258:0, 4259:0, 4260:0, 4261:0, 4262:0, 4263:0, 4264:0, 4265:0, 4266:0, 4266:1, 4267:0, 4268:0, 4291:0, 4291:1, 4296:0, 4687:0, 4996:0, 12800:0, 12800:1, 12801:0, 12802:0, 12803:0, 12804:0, 12805:0, 12805:1, 12806:0, 12807:0, 12808:0, 12808:1, 12809:0, 12809:1, 12810:0, 12811:0, 12812:0, 12812:1, 12812:50, 12813:0, 12813:50, 12814:0, 12815:0, 12815:50, 12816:0, 12816:50, 12817:0, 12817:50, 12818:0, 12819:0, 12819:50, 12820:0, 12820:1, 12820:50, 12821:0, 12821:1, 12821:51, 12822:0, 12823:0, 12824:0, 12824:1, 12824:50, 12825:0, 12825:1, 12825:50, 12826:0, 12827:0, 12828:0, 12828:1, 12828:50, 12829:0, 12829:1, 12829:50, 12830:0, 12831:0, 12832:0, 12832:1, 12833:0, 12833:1, 12833:50, 12834:0, 12835:0, 12836:0, 12836:1, 12837:0, 12837:50, 12838:0, 12839:0, 12840:0, 12841:0, 12842:0, 12843:0, 12844:0, 12844:1, 12845:0, 12846:0, 12847:0, 12848:0, 12848:1, 12849:0, 12850:0, 12850:1, 12850:51, 12850:31, 12851:0, 12851:1, 12852:0, 12852:1, 12852:2, 12853:0, 12861:0, 12861:1, 12900:0, 12901:0, 12902:0, 12903:0, 12904:0, 12905:0, 12905:1, 12906:0, 12907:0, 12908:0, 12909:0, 12910:0, 12910:1, 12911:0, 12911:1, 12911:2, 12912:0, 12912:1, 12913:0, 12913:1, 12914:0, 12914:1, 12915:0, 12915:1, 12916:0, 12916:1, 12917:0, 12918:0, 12918:1, 12919:0, 12919:1, 12920:0, 12920:1, 12921:0, 12921:1, 12922:0, 12922:1, 12923:0, 12923:1, 12924:0, 12925:0, 12925:1, 12926:0, 12926:1, 12927:0, 12927:1, 12928:0, 12928:1, 12929:0, 12929:1, 12930:0, 12930:1, 12931:0, 12931:1, 12932:0, 12932:1, 12933:0, 12933:1, 12933:2, 12933:3, 12934:0, 12935:0, 12936:0, 12937:0, 12937:1, 12937:2, 12937:30, 12937:31, 12937:32, 12938:0, 12939:0, 12939:1, 12939:30, 12939:31, 13100:0, 13102:0, 13102:1, 13103:0, 13104:0, 13105:0, 13106:0, 13107:0, 13107:1, 13108:0, 13108:1, 13108:2, 13109:0, 13109:1, 13109:2, 13110:0, 13111:0, 13112:0, 13113:0, 13114:0, 13114:1, 13115:0, 13116:0, 13117:0, 13118:0, 13118:1, 13118:2, 13119:0, 13120:0, 13121:0, 13122:0, 13123:0, 13123:1, 13124:0, 13124:1, 13124:2, 13125:0, 13126:0, 13127:0, 13128:0, 13128:1, 13128:2, 13129:0, 13129:1, 13130:0, 13130:1, 13131:0, 13132:0, 13133:0, 13134:0, 13134:1, 13135:0, 13135:1, 13136:0, 13137:0, 13138:0, 13139:0, 13140:0, 13140:1, 13141:0, 13141:1, 13142:0, 13144:0, 13146:0, 13148:0, 13148:1, 13150:0, 13171:0, 13172:0, 13173:0, 13174:0, 13175:0, 13176:0, 13176:1, 13177:0, 13177:1, 13178:0, 13179:0, 13180:0, 13181:0, 13181:1, 13182:0, 13183:0, 13184:0, 13185:0, 13186:0, 13187:0, 13188:0, 13189:0, 13190:0, 13191:0, 13192:0, 13193:0, 13194:0, 13196:0, 13197:0, 13197:1, 13198:0, 13199:0, 13201:0, 13202:0, 13203:0, 13204:0, 13205:0, 13207:0, 13209:0, 13211:0, 13212:0, 13213:0, 13214:0, 13215:0, 13216:0, 13218:0, 13219:0, 13220:0, 13221:0, 13222:0, 13223:0, 13224:0, 13300:0, 13301:0, 13301:1, 13302:0, 13303:0, 13303:1, 13304:0, 13304:1, 13304:2, 13305:0, 13305:1, 13305:2, 13305:50, 13306:0, 13307:0, 13307:1, 13307:2, 13307:3, 13307:50, 13308:0, 13309:0, 13309:1, 13309:2, 13310:0, 13310:50, 13311:0, 13311:1, 13311:2, 13312:0, 13312:1, 13312:50, 13313:0, 13314:0, 13315:0, 13315:1, 13315:2, 13316:0, 13320:0, 13321:0, 13321:1, 13322:0, 13322:50, 13323:0, 13323:50, 13324:0, 13324:50, 13325:0, 13326:0, 13326:50, 13327:0, 13327:1, 13328:0, 13328:50, 13330:0, 13332:0, 13334:0, 13340:0, 13341:0, 13341:1, 13342:0, 13343:0, 13344:0, 13345:0, 13346:0, 13351:0, 13351:1, 13352:0, 13353:0, 13354:0, 13355:0, 13356:0, 13357:0, 13358:0, 13359:0, 13360:0, 13361:0, 13362:0, 13363:0, 13364:0, 13365:0, 13366:0, 13367:0, 13368:0, 13369:0, 13370:0, 13371:0, 13372:0, 13373:0, 13374:0, 13375:0, 13376:0, 13377:0, 13378:0, 13379:0, 13380:0, 13381:0, 13382:0, 13383:0, 13383:1, 13384:0, 13385:0, 13386:0, 13391:0, 13392:0, 13393:0, 13901:0, 13902:0, 13903:0, 13904:0, 13905:0, 13906:0, 13907:0, 13908:0, 13909:0, 13910:0, 13911:0, 13912:0, 13912:1, 13913:0, 13914:0, 13915:0, 13916:0, 13917:0, 13918:0, 14200:0, 14200:1, 14202:0, 14203:0, 14204:0, 14205:0, 14206:0, 14207:0, 14208:0, 14209:0, 14209:1, 14209:2, 14210:0, 14210:1, 14211:0, 14212:0, 14213:0, 14213:1, 14214:0, 14215:0, 14216:0, 14216:1, 14217:0, 14217:1, 14218:0, 14218:1, 14219:0, 14220:0, 14220:1, 14221:0, 14221:1, 14222:0, 14223:0, 14223:1, 14224:0, 14225:0, 14225:1, 14226:0, 14227:0, 14228:0, 14228:1, 14229:0, 14229:1, 14230:0, 14230:1, 14231:0, 14232:0, 14233:0, 14233:1, 14234:0, 14234:1, 14235:0, 14235:1, 14236:0, 14236:1, 14236:2, 14237:0, 14237:1, 14238:0, 14238:1, 14239:0, 14240:0, 14241:0, 14242:0, 14242:1, 14243:0, 14244:0, 14245:0, 14246:0, 14247:0, 14247:1, 14250:0, 14250:1, 14251:0, 14252:0, 14253:0, 14254:0, 14254:1, 14256:0, 14257:0, 14258:0, 14258:1, 14259:0, 14259:1, 14260:0, 14262:0, 14267:0, 14267:1, 14269:0, 14271:0, 14272:0, 14272:1, 14273:0, 14274:0, 14274:1, 14687:0, 21960:0, 21961:0, 21962:0, 21963:0, 21964:0, 21965:0, 21966:0, 21967:0, 21967:1, 21971:0, 21972:0, 21974:0, 21976:0, 21978:0, 21978:1, 21990:0, 23100:0, 23101:0, 23101:1, 23102:0, 23103:0, 23103:1, 23103:2, 23104:0, 23105:0, 23105:1, 23105:50, 23105:60, 23106:0, 23107:0, 23108:0, 23108:1, 23109:0, 23109:1, 23109:51, 23109:61, 23110:0, 23111:0, 23111:50, 23111:60, 23112:0, 23113:0, 23113:50, 23113:60, 23114:0, 23115:0, 23116:0, 23117:0, 23117:1, 23118:0, 23118:1, 23119:0, 23120:0, 23121:0, 23121:1, 23121:2, 23122:0, 23123:0, 23124:0, 23124:1, 23125:0, 23126:0, 23126:1, 23140:0, 23140:1, 23140:2, 23141:0, 23141:1, 23142:0, 23143:0, 23143:1, 23143:2, 23144:0, 23144:1, 23146:0, 23146:1, 23148:0, 23151:0, 23152:0, 23153:0, 23155:0, 23155:1, 23155:50, 23156:0, 23157:0, 23158:0, 23160:0, 23191:0, 23302:0, 23303:0, 23304:0, 23305:0, 23306:0, 23307:0, 23308:0, 23309:0, 23309:1, 23310:0, 23311:0, 23312:0, 23313:0, 23314:0, 23314:1, 23315:0, 23316:0, 23317:0, 23318:0, 23318:1, 23319:0, 23320:0, 23321:0, 23322:0, 23323:0, 23324:0, 23325:0, 23326:0, 23327:0, 23327:1, 23328:0, 23329:0, 23330:0, 23331:0, 23332:0, 23333:0, 23352:0, 23353:0, 23354:0, 23355:0, 23356:0, 23357:0, 23358:0, 23359:0, 23360:0, 23361:0, 23362:0, 23363:0, 23364:0, 23364:1, 23365:0, 23366:0, 23367:0, 23368:0, 23368:1, 23369:0, 23370:0, 23371:0, 23372:0, 23373:0, 23373:1, 23374:0, 23375:0, 24191:0, 24193:0, 28901:0, 28902:0, 28903:0, 28904:0, 28905:0, 28906:0, 28907:0, 28908:0, 28909:0, 28910:0, 28911:0, 28912:0, 28913:0, 29642:0, 29643:0, 29644:0, 29645:0, 29646:0, 29647:0, 1:0, 2:0, 4:0, 3:0, 5:0, 100000:0, 103108:0, 103110:0, 103112:0, 103114:0, 103116:0, 103150:0, 103118:0, 103152:0, 103109:0, 103111:0, 103113:0, 103115:0, 103117:0, 103147:0, 103149:0, 3442:0, 3329:0, 12862:0, 12862:1, 12862:2, 2879:0, 2880:0, 23334:0, 23335:0, 3443:0, 3443:1, 666:0, 103313:0, 103054:0, 103055:0, 94918:0, 103056:0, 103051:0, 94927:0, 103053:0, 94902:0, 103052:0, 94908:0, 94909:0, 94910:0, 94911:0, 103326:0, 102809:60, 102811:60, 102813:60, 102815:60, 102817:60, 102819:60, 102821:60, 102823:60, 102825:60, 94992:0
24.05.2023 15:13:05: Hotovo!
