{\rtf1\ansi\ansicpg1250\deff0\deflang1029{\fonttbl{\f0\fnil MS Sans Serif;}{\f1\fswiss\fcharset0 Tahoma;}{\f2\fswiss\fcharset238 Tahoma;}{\f3\fnil\fcharset238 MS Sans Serif;}}
{\colortbl ;\red128\green0\blue0;\red0\green0\blue255;}
\viewkind4\uc1\pard\cf1\b\f0\fs16 !!! C\f1\'edlov\'fd adres\'e1\f2\'f8 nen\'ed pr\'e1zdn\'fd, nalezeno 1466 soubor\'f9 !!!
\par \f0 Maz\f1\'e1n\'ed datov\'fdch soubor\f2\'f9
\par \f0 Sobory smaz\f1\'e1ny
\par \cf2\f0 Verze p\f3\'f8eklada\'e8e: V0.05 (SW00264)
\par \f0 Generov\f1\'e1n\'ed seznamu skupin vlak\f2\'f9, \'e8ekejte pros\'edm. \'c8as: 19:59:23
\par \f0 Generov\f1\'e1n\'ed skupin ukon\f2\'e8eno. \'c8as: 19:59:24
\par \cf1\f0 Vybr\f1\'e1na skupina: 814_VM
\par \cf2\f0 P\f3\'f8eklad, \'e8ekejte pros\'edm. \'c8as: 19:59:25
\par \f0 P\f3\'f8eklad ukon\'e8en. \'c8as: 19:59:36
\par \cf1\f0 Finalizuj\f1\'ed se datov\'e9 soubory...
\par \f0 Platnost J\f3\'d8: 10.12.2023 - 14.12.2024
\par \f0 Soubor 1200.dat upraven, sestav: 1, ZNZ: 0, ZDD: 0
\par Soubor 1210.dat upraven, sestav: 1, ZNZ: 0, ZDD: 0
\par Soubor 1220.dat upraven, sestav: 1, ZNZ: 0, ZDD: 0
\par Soubor 1230.dat upraven, sestav: 1, ZNZ: 0, ZDD: 0
\par Soubor 1240.dat upraven, sestav: 1, ZNZ: 0, ZDD: 0
\par Soubor 1250.dat upraven, sestav: 1, ZNZ: 0, ZDD: 0
\par Soubor 1260.dat upraven, sestav: 1, ZNZ: 0, ZDD: 0
\par Soubor 1270.dat upraven, sestav: 1, ZNZ: 0, ZDD: 0
\par Soubor 1280.dat upraven, sestav: 1, ZNZ: 0, ZDD: 0
\par Soubor 1290.dat upraven, sestav: 1, ZNZ: 0, ZDD: 0
\par Soubor 2200.dat upraven, sestav: 1, ZNZ: 0, ZDD: 0
\par Soubor 2210.dat upraven, sestav: 1, ZNZ: 0, ZDD: 0
\par Soubor 2220.dat upraven, sestav: 1, ZNZ: 0, ZDD: 0
\par Soubor 5200.dat upraven, sestav: 1, ZNZ: 0, ZDD: 0
\par Soubor 5210.dat upraven, sestav: 1, ZNZ: 0, ZDD: 0
\par Soubor 14250.dat upraven, sestav: 1, ZNZ: 2, ZDD: 0
\par Soubor 14260.dat upraven, sestav: 1, ZNZ: 2, ZDD: 0
\par Soubor 14261.dat upraven, sestav: 1, ZNZ: 2, ZDD: 0
\par Soubor 14271.dat upraven, sestav: 1, ZNZ: 2, ZDD: 1
\par Soubor 16000.dat upraven, sestav: 1, ZNZ: 0, ZDD: 1
\par Soubor 16010.dat upraven, sestav: 1, ZNZ: 0, ZDD: 1
\par Soubor 16020.dat upraven, sestav: 1, ZNZ: 0, ZDD: 0
\par Soubor 16030.dat upraven, sestav: 2, ZNZ: 0, ZDD: 1
\par Soubor 16040.dat upraven, sestav: 2, ZNZ: 0, ZDD: 0
\par Soubor 16050.dat upraven, sestav: 2, ZNZ: 0, ZDD: 1
\par Soubor 16060.dat upraven, sestav: 2, ZNZ: 0, ZDD: 0
\par Soubor 16070.dat upraven, sestav: 2, ZNZ: 0, ZDD: 1
\par Soubor 1607100.dat upraven, sestav: 2, ZNZ: 0, ZDD: 0
\par Soubor 16080.dat upraven, sestav: 1, ZNZ: 1, ZDD: 0
\par Soubor 16091.dat upraven, sestav: 2, ZNZ: 0, ZDD: 2
\par Soubor 1609100.dat upraven, sestav: 2, ZNZ: 0, ZDD: 0
\par Soubor 16100.dat upraven, sestav: 2, ZNZ: 0, ZDD: 0
\par Soubor 16110.dat upraven, sestav: 1, ZNZ: 0, ZDD: 1
\par Soubor 16120.dat upraven, sestav: 1, ZNZ: 0, ZDD: 0
\par Soubor 16130.dat upraven, sestav: 2, ZNZ: 0, ZDD: 2
\par Soubor 16140.dat upraven, sestav: 2, ZNZ: 0, ZDD: 0
\par Soubor 16150.dat upraven, sestav: 1, ZNZ: 0, ZDD: 1
\par Soubor 16160.dat upraven, sestav: 1, ZNZ: 0, ZDD: 0
\par Soubor 16170.dat upraven, sestav: 2, ZNZ: 0, ZDD: 2
\par Soubor 16181.dat upraven, sestav: 2, ZNZ: 0, ZDD: 0
\par Soubor 16190.dat upraven, sestav: 1, ZNZ: 0, ZDD: 1
\par Soubor 16200.dat upraven, sestav: 1, ZNZ: 0, ZDD: 0
\par Soubor 16210.dat upraven, sestav: 2, ZNZ: 0, ZDD: 2
\par Soubor 16220.dat upraven, sestav: 2, ZNZ: 0, ZDD: 0
\par Soubor 16230.dat upraven, sestav: 1, ZNZ: 0, ZDD: 1
\par Soubor 16241.dat upraven, sestav: 1, ZNZ: 1, ZDD: 0
\par Soubor 16250.dat upraven, sestav: 2, ZNZ: 0, ZDD: 2
\par Soubor 16260.dat upraven, sestav: 2, ZNZ: 0, ZDD: 0
\par Soubor 16270.dat upraven, sestav: 1, ZNZ: 0, ZDD: 1
\par Soubor 16280.dat upraven, sestav: 1, ZNZ: 0, ZDD: 0
\par Soubor 16290.dat upraven, sestav: 2, ZNZ: 0, ZDD: 2
\par Soubor 16291.dat upraven, sestav: 2, ZNZ: 0, ZDD: 2
\par Soubor 16300.dat upraven, sestav: 2, ZNZ: 0, ZDD: 1
\par Soubor 16310.dat upraven, sestav: 1, ZNZ: 0, ZDD: 1
\par Soubor 16311.dat upraven, sestav: 1, ZNZ: 0, ZDD: 1
\par Soubor 16320.dat upraven, sestav: 1, ZNZ: 0, ZDD: 0
\par Soubor 16330.dat upraven, sestav: 1, ZNZ: 0, ZDD: 1
\par Soubor 16340.dat upraven, sestav: 1, ZNZ: 2, ZDD: 2
\par Soubor 16341.dat upraven, sestav: 1, ZNZ: 2, ZDD: 2
\par Soubor 16380.dat upraven, sestav: 1, ZNZ: 2, ZDD: 1
\par Soubor 16390.dat upraven, sestav: 1, ZNZ: 2, ZDD: 1
\par Soubor 16400.dat upraven, sestav: 1, ZNZ: 2, ZDD: 1
\par Soubor 16410.dat upraven, sestav: 1, ZNZ: 2, ZDD: 0
\par Soubor 16420.dat upraven, sestav: 1, ZNZ: 2, ZDD: 1
\par Soubor 16430.dat upraven, sestav: 1, ZNZ: 2, ZDD: 0
\par Soubor 16440.dat upraven, sestav: 1, ZNZ: 2, ZDD: 1
\par Soubor 16441.dat upraven, sestav: 1, ZNZ: 2, ZDD: 1
\par Soubor 16450.dat upraven, sestav: 2, ZNZ: 2, ZDD: 0
\par Soubor 16451.dat upraven, sestav: 1, ZNZ: 2, ZDD: 0
\par Soubor 16460.dat upraven, sestav: 1, ZNZ: 2, ZDD: 1
\par Soubor 16461.dat upraven, sestav: 1, ZNZ: 2, ZDD: 1
\par Soubor 16470.dat upraven, sestav: 1, ZNZ: 2, ZDD: 0
\par Soubor 16480.dat upraven, sestav: 1, ZNZ: 2, ZDD: 1
\par Soubor 16481.dat upraven, sestav: 1, ZNZ: 2, ZDD: 1
\par Soubor 16482.dat upraven, sestav: 1, ZNZ: 2, ZDD: 1
\par Soubor 16490.dat upraven, sestav: 2, ZNZ: 2, ZDD: 1
\par Soubor 16491.dat upraven, sestav: 1, ZNZ: 2, ZDD: 1
\par Soubor 16500.dat upraven, sestav: 1, ZNZ: 2, ZDD: 0
\par Soubor 16510.dat upraven, sestav: 1, ZNZ: 2, ZDD: 0
\par Soubor 16520.dat upraven, sestav: 1, ZNZ: 0, ZDD: 0
\par Soubor 16530.dat upraven, sestav: 2, ZNZ: 0, ZDD: 0
\par Soubor 16540.dat upraven, sestav: 1, ZNZ: 0, ZDD: 0
\par Soubor 16550.dat upraven, sestav: 1, ZNZ: 0, ZDD: 0
\par Soubor 16570.dat upraven, sestav: 2, ZNZ: 0, ZDD: 0
\par Soubor 16580.dat upraven, sestav: 1, ZNZ: 2, ZDD: 1
\par Soubor 16590.dat upraven, sestav: 1, ZNZ: 2, ZDD: 1
\par Soubor 16592.dat upraven, sestav: 1, ZNZ: 2, ZDD: 1
\par Soubor 17832.dat upraven, sestav: 1, ZNZ: 0, ZDD: 0
\par Soubor 17841.dat upraven, sestav: 1, ZNZ: 0, ZDD: 1
\par Soubor 20200.dat upraven, sestav: 1, ZNZ: 2, ZDD: 0
\par Soubor 20210.dat upraven, sestav: 1, ZNZ: 2, ZDD: 0
\par Soubor 20400.dat upraven, sestav: 1, ZNZ: 0, ZDD: 0
\par Soubor 20410.dat upraven, sestav: 1, ZNZ: 0, ZDD: 0
\par Soubor 20420.dat upraven, sestav: 1, ZNZ: 0, ZDD: 0
\par Soubor 20431.dat upraven, sestav: 1, ZNZ: 0, ZDD: 0
\par Soubor 20490.dat upraven, sestav: 1, ZNZ: 2, ZDD: 0
\par Soubor 28000.dat upraven, sestav: 1, ZNZ: 0, ZDD: 0
\par Soubor 28010.dat upraven, sestav: 1, ZNZ: 0, ZDD: 0
\par Soubor 28011.dat upraven, sestav: 1, ZNZ: 0, ZDD: 0
\par Soubor 28020.dat upraven, sestav: 1, ZNZ: 0, ZDD: 0
\par Soubor 28030.dat upraven, sestav: 1, ZNZ: 0, ZDD: 0
\par Soubor 28031.dat upraven, sestav: 1, ZNZ: 0, ZDD: 0
\par Soubor 28032.dat upraven, sestav: 1, ZNZ: 0, ZDD: 0
\par Soubor 28033.dat upraven, sestav: 1, ZNZ: 0, ZDD: 0
\par Soubor 28041.dat upraven, sestav: 1, ZNZ: 0, ZDD: 0
\par Soubor 28042.dat upraven, sestav: 1, ZNZ: 0, ZDD: 0
\par Soubor 28050.dat upraven, sestav: 1, ZNZ: 0, ZDD: 0
\par Soubor 28051.dat upraven, sestav: 1, ZNZ: 0, ZDD: 0
\par Soubor 28060.dat upraven, sestav: 1, ZNZ: 0, ZDD: 0
\par Soubor 28070.dat upraven, sestav: 1, ZNZ: 0, ZDD: 0
\par Soubor 28071.dat upraven, sestav: 1, ZNZ: 0, ZDD: 0
\par Soubor 28080.dat upraven, sestav: 1, ZNZ: 0, ZDD: 0
\par Soubor 28081.dat upraven, sestav: 1, ZNZ: 0, ZDD: 0
\par Soubor 28090.dat upraven, sestav: 1, ZNZ: 0, ZDD: 0
\par Soubor 28091.dat upraven, sestav: 1, ZNZ: 0, ZDD: 0
\par Soubor 28100.dat upraven, sestav: 1, ZNZ: 0, ZDD: 0
\par Soubor 28101.dat upraven, sestav: 1, ZNZ: 0, ZDD: 0
\par Soubor 28110.dat upraven, sestav: 1, ZNZ: 0, ZDD: 0
\par Soubor 28111.dat upraven, sestav: 1, ZNZ: 0, ZDD: 0
\par Soubor 28120.dat upraven, sestav: 1, ZNZ: 0, ZDD: 0
\par Soubor 28121.dat upraven, sestav: 1, ZNZ: 0, ZDD: 0
\par Soubor 28130.dat upraven, sestav: 1, ZNZ: 0, ZDD: 0
\par Soubor 28131.dat upraven, sestav: 1, ZNZ: 0, ZDD: 0
\par Soubor 28140.dat upraven, sestav: 1, ZNZ: 0, ZDD: 0
\par Soubor 28141.dat upraven, sestav: 1, ZNZ: 0, ZDD: 0
\par Soubor 28150.dat upraven, sestav: 1, ZNZ: 0, ZDD: 0
\par Soubor 28151.dat upraven, sestav: 1, ZNZ: 0, ZDD: 0
\par Soubor 28160.dat upraven, sestav: 1, ZNZ: 0, ZDD: 0
\par Soubor 28161.dat upraven, sestav: 1, ZNZ: 0, ZDD: 0
\par Soubor 28170.dat upraven, sestav: 1, ZNZ: 0, ZDD: 0
\par Soubor 28171.dat upraven, sestav: 1, ZNZ: 0, ZDD: 0
\par Soubor 28180.dat upraven, sestav: 1, ZNZ: 0, ZDD: 0
\par Soubor 28181.dat upraven, sestav: 1, ZNZ: 0, ZDD: 0
\par Soubor 28190.dat upraven, sestav: 1, ZNZ: 0, ZDD: 0
\par Soubor 28192.dat upraven, sestav: 1, ZNZ: 0, ZDD: 0
\par Soubor 28200.dat upraven, sestav: 1, ZNZ: 0, ZDD: 0
\par Soubor 28201.dat upraven, sestav: 1, ZNZ: 0, ZDD: 0
\par Soubor 28210.dat upraven, sestav: 1, ZNZ: 0, ZDD: 0
\par Soubor 28211.dat upraven, sestav: 1, ZNZ: 0, ZDD: 0
\par Soubor 28220.dat upraven, sestav: 1, ZNZ: 0, ZDD: 0
\par Soubor 28230.dat upraven, sestav: 1, ZNZ: 0, ZDD: 0
\par Soubor 28231.dat upraven, sestav: 1, ZNZ: 0, ZDD: 0
\par Soubor 28240.dat upraven, sestav: 1, ZNZ: 0, ZDD: 0
\par Soubor 28241.dat upraven, sestav: 1, ZNZ: 0, ZDD: 0
\par Soubor 28250.dat upraven, sestav: 1, ZNZ: 0, ZDD: 0
\par Soubor 28251.dat upraven, sestav: 1, ZNZ: 0, ZDD: 0
\par Soubor 28260.dat upraven, sestav: 1, ZNZ: 0, ZDD: 0
\par Soubor 28261.dat upraven, sestav: 1, ZNZ: 0, ZDD: 0
\par Soubor 28270.dat upraven, sestav: 1, ZNZ: 0, ZDD: 0
\par Soubor 28271.dat upraven, sestav: 1, ZNZ: 0, ZDD: 0
\par Soubor 28280.dat upraven, sestav: 1, ZNZ: 0, ZDD: 0
\par Soubor 28281.dat upraven, sestav: 1, ZNZ: 0, ZDD: 0
\par Soubor 28290.dat upraven, sestav: 1, ZNZ: 0, ZDD: 0
\par Soubor 28291.dat upraven, sestav: 1, ZNZ: 0, ZDD: 0
\par Soubor 28300.dat upraven, sestav: 1, ZNZ: 0, ZDD: 0
\par Soubor 28301.dat upraven, sestav: 1, ZNZ: 0, ZDD: 0
\par Soubor 28310.dat upraven, sestav: 1, ZNZ: 0, ZDD: 0
\par Soubor 28311.dat upraven, sestav: 1, ZNZ: 0, ZDD: 0
\par Soubor 28320.dat upraven, sestav: 1, ZNZ: 0, ZDD: 0
\par Soubor 28321.dat upraven, sestav: 1, ZNZ: 0, ZDD: 0
\par Soubor 28340.dat upraven, sestav: 1, ZNZ: 0, ZDD: 0
\par Soubor 28341.dat upraven, sestav: 1, ZNZ: 0, ZDD: 0
\par Soubor 28342.dat upraven, sestav: 1, ZNZ: 0, ZDD: 0
\par Soubor 28350.dat upraven, sestav: 1, ZNZ: 0, ZDD: 0
\par Soubor 28351.dat upraven, sestav: 1, ZNZ: 0, ZDD: 0
\par Soubor 28370.dat upraven, sestav: 1, ZNZ: 0, ZDD: 0
\par Soubor 28371.dat upraven, sestav: 1, ZNZ: 0, ZDD: 0
\par Soubor 28380.dat upraven, sestav: 1, ZNZ: 0, ZDD: 0
\par Soubor 28381.dat upraven, sestav: 1, ZNZ: 0, ZDD: 0
\par Soubor 28382.dat upraven, sestav: 1, ZNZ: 0, ZDD: 0
\par Soubor 28383.dat upraven, sestav: 1, ZNZ: 0, ZDD: 0
\par Soubor 28400.dat upraven, sestav: 1, ZNZ: 0, ZDD: 0
\par Soubor 28500.dat upraven, sestav: 1, ZNZ: 0, ZDD: 0
\par Soubor 28501.dat upraven, sestav: 1, ZNZ: 0, ZDD: 0
\par Soubor 28502.dat upraven, sestav: 1, ZNZ: 0, ZDD: 0
\par Soubor 28510.dat upraven, sestav: 1, ZNZ: 0, ZDD: 0
\par Soubor 28511.dat upraven, sestav: 1, ZNZ: 0, ZDD: 0
\par Soubor 28512.dat upraven, sestav: 1, ZNZ: 0, ZDD: 0
\par Soubor 28600.dat upraven, sestav: 1, ZNZ: 0, ZDD: 0
\par Soubor 28610.dat upraven, sestav: 1, ZNZ: 0, ZDD: 0
\par Soubor 28620.dat upraven, sestav: 1, ZNZ: 0, ZDD: 0
\par Soubor 28631.dat upraven, sestav: 1, ZNZ: 0, ZDD: 0
\par Soubor 28640.dat upraven, sestav: 1, ZNZ: 0, ZDD: 0
\par Soubor 28650.dat upraven, sestav: 1, ZNZ: 0, ZDD: 0
\par Soubor 28660.dat upraven, sestav: 1, ZNZ: 0, ZDD: 0
\par Soubor 28670.dat upraven, sestav: 1, ZNZ: 0, ZDD: 0
\par Soubor 28680.dat upraven, sestav: 1, ZNZ: 0, ZDD: 0
\par Soubor 28690.dat upraven, sestav: 1, ZNZ: 0, ZDD: 0
\par Soubor 28710.dat upraven, sestav: 1, ZNZ: 0, ZDD: 0
\par Soubor 28720.dat upraven, sestav: 1, ZNZ: 0, ZDD: 0
\par Soubor 28740.dat upraven, sestav: 1, ZNZ: 0, ZDD: 0
\par Soubor 28750.dat upraven, sestav: 1, ZNZ: 0, ZDD: 0
\par Soubor 28760.dat upraven, sestav: 1, ZNZ: 0, ZDD: 0
\par Soubor 28761.dat upraven, sestav: 1, ZNZ: 0, ZDD: 0
\par Soubor 28770.dat upraven, sestav: 1, ZNZ: 0, ZDD: 0
\par Soubor 28781.dat upraven, sestav: 1, ZNZ: 0, ZDD: 0
\par Soubor 28782.dat upraven, sestav: 1, ZNZ: 0, ZDD: 0
\par Soubor 28783.dat upraven, sestav: 1, ZNZ: 0, ZDD: 0
\par Soubor 29000.dat upraven, sestav: 1, ZNZ: 4, ZDD: 0
\par Soubor 29150.dat upraven, sestav: 1, ZNZ: 3, ZDD: 0
\par Soubor 29151.dat upraven, sestav: 1, ZNZ: 3, ZDD: 0
\par Soubor 29152.dat upraven, sestav: 1, ZNZ: 3, ZDD: 0
\par Soubor 29210.dat upraven, sestav: 1, ZNZ: 2, ZDD: 0
\par Soubor 29220.dat upraven, sestav: 1, ZNZ: 2, ZDD: 0
\par Soubor 29230.dat upraven, sestav: 1, ZNZ: 3, ZDD: 0
\par Soubor 29240.dat upraven, sestav: 1, ZNZ: 3, ZDD: 0
\par Soubor 29250.dat upraven, sestav: 1, ZNZ: 3, ZDD: 0
\par Soubor 29260.dat upraven, sestav: 1, ZNZ: 2, ZDD: 0
\par Soubor 29270.dat upraven, sestav: 1, ZNZ: 3, ZDD: 0
\par Soubor 29271.dat upraven, sestav: 1, ZNZ: 3, ZDD: 0
\par Soubor 29280.dat upraven, sestav: 1, ZNZ: 2, ZDD: 0
\par Soubor 29290.dat upraven, sestav: 1, ZNZ: 2, ZDD: 0
\par Soubor 29291.dat upraven, sestav: 1, ZNZ: 2, ZDD: 0
\par Soubor 29300.dat upraven, sestav: 1, ZNZ: 2, ZDD: 0
\par Soubor 29301.dat upraven, sestav: 1, ZNZ: 2, ZDD: 0
\par Soubor 29310.dat upraven, sestav: 1, ZNZ: 2, ZDD: 0
\par Soubor 29320.dat upraven, sestav: 1, ZNZ: 2, ZDD: 0
\par Soubor 29330.dat upraven, sestav: 1, ZNZ: 2, ZDD: 0
\par Soubor 29340.dat upraven, sestav: 1, ZNZ: 2, ZDD: 0
\par Soubor 29350.dat upraven, sestav: 1, ZNZ: 2, ZDD: 0
\par Soubor 29351.dat upraven, sestav: 1, ZNZ: 2, ZDD: 0
\par Soubor 29360.dat upraven, sestav: 1, ZNZ: 3, ZDD: 0
\par Soubor 29361.dat upraven, sestav: 1, ZNZ: 3, ZDD: 0
\par Soubor 29370.dat upraven, sestav: 1, ZNZ: 2, ZDD: 0
\par Soubor 29380.dat upraven, sestav: 1, ZNZ: 3, ZDD: 0
\par Soubor 29390.dat upraven, sestav: 1, ZNZ: 3, ZDD: 0
\par Soubor 29400.dat upraven, sestav: 1, ZNZ: 2, ZDD: 0
\par Soubor 29401.dat upraven, sestav: 1, ZNZ: 2, ZDD: 0
\par Soubor 29410.dat upraven, sestav: 1, ZNZ: 0, ZDD: 0
\par Soubor 29411.dat upraven, sestav: 1, ZNZ: 0, ZDD: 0
\par Soubor 29420.dat upraven, sestav: 1, ZNZ: 2, ZDD: 0
\par Soubor 29430.dat upraven, sestav: 1, ZNZ: 3, ZDD: 0
\par Soubor 29440.dat upraven, sestav: 1, ZNZ: 3, ZDD: 0
\par Soubor 29441.dat upraven, sestav: 1, ZNZ: 3, ZDD: 0
\par Soubor 29450.dat upraven, sestav: 1, ZNZ: 2, ZDD: 0
\par Soubor 29451.dat upraven, sestav: 1, ZNZ: 2, ZDD: 0
\par Soubor 29460.dat upraven, sestav: 1, ZNZ: 3, ZDD: 0
\par Soubor 29461.dat upraven, sestav: 1, ZNZ: 3, ZDD: 0
\par Soubor 29470.dat upraven, sestav: 1, ZNZ: 2, ZDD: 0
\par Soubor 29480.dat upraven, sestav: 1, ZNZ: 2, ZDD: 0
\par Soubor 29490.dat upraven, sestav: 1, ZNZ: 3, ZDD: 0
\par Soubor 29500.dat upraven, sestav: 1, ZNZ: 2, ZDD: 0
\par Soubor 29501.dat upraven, sestav: 1, ZNZ: 2, ZDD: 0
\par Soubor 29510.dat upraven, sestav: 1, ZNZ: 3, ZDD: 0
\par Soubor 29520.dat upraven, sestav: 1, ZNZ: 2, ZDD: 0
\par Soubor 29530.dat upraven, sestav: 1, ZNZ: 2, ZDD: 0
\par Soubor 29540.dat upraven, sestav: 1, ZNZ: 2, ZDD: 0
\par Soubor 29550.dat upraven, sestav: 1, ZNZ: 2, ZDD: 0
\par Soubor 29551.dat upraven, sestav: 1, ZNZ: 2, ZDD: 0
\par Soubor 29560.dat upraven, sestav: 1, ZNZ: 2, ZDD: 0
\par Soubor 29561.dat upraven, sestav: 1, ZNZ: 2, ZDD: 0
\par Soubor 29570.dat upraven, sestav: 1, ZNZ: 2, ZDD: 0
\par Soubor 29910.dat upraven, sestav: 1, ZNZ: 0, ZDD: 0
\par Soubor 29920.dat upraven, sestav: 1, ZNZ: 0, ZDD: 0
\par Soubor 29921.dat upraven, sestav: 1, ZNZ: 0, ZDD: 0
\par Soubor 29930.dat upraven, sestav: 1, ZNZ: 0, ZDD: 0
\par Soubor 29950.dat upraven, sestav: 1, ZNZ: 0, ZDD: 0
\par Soubor 29951.dat upraven, sestav: 1, ZNZ: 0, ZDD: 0
\par Soubor 29960.dat upraven, sestav: 1, ZNZ: 0, ZDD: 0
\par Soubor 29962.dat upraven, sestav: 1, ZNZ: 0, ZDD: 0
\par Soubor 29970.dat upraven, sestav: 1, ZNZ: 0, ZDD: 0
\par Soubor 30000.dat upraven, sestav: 1, ZNZ: 3, ZDD: 0
\par Soubor 30500.dat upraven, sestav: 2, ZNZ: 3, ZDD: 0
\par Soubor 30501.dat upraven, sestav: 1, ZNZ: 3, ZDD: 0
\par Soubor 30510.dat upraven, sestav: 1, ZNZ: 3, ZDD: 0
\par Soubor 30511.dat upraven, sestav: 1, ZNZ: 5, ZDD: 0
\par Soubor 30520.dat upraven, sestav: 1, ZNZ: 2, ZDD: 0
\par Soubor 30530.dat upraven, sestav: 1, ZNZ: 3, ZDD: 0
\par Soubor 30540.dat upraven, sestav: 1, ZNZ: 3, ZDD: 0
\par Soubor 30550.dat upraven, sestav: 1, ZNZ: 3, ZDD: 0
\par Soubor 30551.dat upraven, sestav: 1, ZNZ: 5, ZDD: 0
\par Soubor 30560.dat upraven, sestav: 1, ZNZ: 3, ZDD: 0
\par Soubor 30561.dat upraven, sestav: 1, ZNZ: 5, ZDD: 0
\par Soubor 30570.dat upraven, sestav: 1, ZNZ: 3, ZDD: 1
\par Soubor 30580.dat upraven, sestav: 1, ZNZ: 3, ZDD: 0
\par Soubor 30590.dat upraven, sestav: 1, ZNZ: 3, ZDD: 0
\par Soubor 30591.dat upraven, sestav: 1, ZNZ: 3, ZDD: 0
\par Soubor 30592.dat upraven, sestav: 1, ZNZ: 3, ZDD: 0
\par Soubor 31000.dat upraven, sestav: 1, ZNZ: 0, ZDD: 0
\par Soubor 31001.dat upraven, sestav: 1, ZNZ: 0, ZDD: 0
\par Soubor 31010.dat upraven, sestav: 1, ZNZ: 0, ZDD: 0
\par Soubor 31020.dat upraven, sestav: 1, ZNZ: 0, ZDD: 0
\par Soubor 31021.dat upraven, sestav: 1, ZNZ: 0, ZDD: 0
\par Soubor 31030.dat upraven, sestav: 1, ZNZ: 0, ZDD: 0
\par Soubor 31040.dat upraven, sestav: 1, ZNZ: 0, ZDD: 0
\par Soubor 31041.dat upraven, sestav: 1, ZNZ: 0, ZDD: 0
\par Soubor 31050.dat upraven, sestav: 1, ZNZ: 0, ZDD: 0
\par Soubor 31051.dat upraven, sestav: 1, ZNZ: 0, ZDD: 0
\par Soubor 31060.dat upraven, sestav: 1, ZNZ: 0, ZDD: 0
\par Soubor 31061.dat upraven, sestav: 1, ZNZ: 0, ZDD: 0
\par Soubor 31070.dat upraven, sestav: 1, ZNZ: 0, ZDD: 0
\par Soubor 31072.dat upraven, sestav: 1, ZNZ: 0, ZDD: 0
\par Soubor 31080.dat upraven, sestav: 1, ZNZ: 0, ZDD: 0
\par Soubor 31081.dat upraven, sestav: 1, ZNZ: 0, ZDD: 0
\par Soubor 31090.dat upraven, sestav: 1, ZNZ: 0, ZDD: 0
\par Soubor 31091.dat upraven, sestav: 1, ZNZ: 0, ZDD: 0
\par Soubor 31100.dat upraven, sestav: 1, ZNZ: 0, ZDD: 0
\par Soubor 31101.dat upraven, sestav: 1, ZNZ: 0, ZDD: 0
\par Soubor 31110.dat upraven, sestav: 1, ZNZ: 0, ZDD: 0
\par Soubor 31111.dat upraven, sestav: 1, ZNZ: 0, ZDD: 0
\par Soubor 31120.dat upraven, sestav: 1, ZNZ: 0, ZDD: 0
\par Soubor 31121.dat upraven, sestav: 1, ZNZ: 0, ZDD: 0
\par Soubor 31130.dat upraven, sestav: 1, ZNZ: 0, ZDD: 0
\par Soubor 31131.dat upraven, sestav: 1, ZNZ: 0, ZDD: 0
\par Soubor 31140.dat upraven, sestav: 1, ZNZ: 0, ZDD: 0
\par Soubor 31141.dat upraven, sestav: 1, ZNZ: 0, ZDD: 0
\par Soubor 31150.dat upraven, sestav: 1, ZNZ: 0, ZDD: 0
\par Soubor 31151.dat upraven, sestav: 1, ZNZ: 0, ZDD: 0
\par Soubor 31160.dat upraven, sestav: 1, ZNZ: 0, ZDD: 0
\par Soubor 31161.dat upraven, sestav: 1, ZNZ: 0, ZDD: 0
\par Soubor 31170.dat upraven, sestav: 1, ZNZ: 0, ZDD: 0
\par Soubor 31171.dat upraven, sestav: 1, ZNZ: 0, ZDD: 0
\par Soubor 31180.dat upraven, sestav: 1, ZNZ: 0, ZDD: 0
\par Soubor 31181.dat upraven, sestav: 1, ZNZ: 0, ZDD: 0
\par Soubor 31190.dat upraven, sestav: 1, ZNZ: 0, ZDD: 0
\par Soubor 31191.dat upraven, sestav: 1, ZNZ: 0, ZDD: 0
\par Soubor 31200.dat upraven, sestav: 1, ZNZ: 0, ZDD: 0
\par Soubor 31201.dat upraven, sestav: 1, ZNZ: 0, ZDD: 0
\par Soubor 31210.dat upraven, sestav: 1, ZNZ: 0, ZDD: 0
\par Soubor 31211.dat upraven, sestav: 1, ZNZ: 0, ZDD: 0
\par Soubor 31220.dat upraven, sestav: 1, ZNZ: 0, ZDD: 0
\par Soubor 31221.dat upraven, sestav: 1, ZNZ: 0, ZDD: 0
\par Soubor 31230.dat upraven, sestav: 1, ZNZ: 0, ZDD: 0
\par Soubor 31231.dat upraven, sestav: 1, ZNZ: 0, ZDD: 0
\par Soubor 31240.dat upraven, sestav: 1, ZNZ: 0, ZDD: 0
\par Soubor 31241.dat upraven, sestav: 1, ZNZ: 0, ZDD: 0
\par Soubor 31250.dat upraven, sestav: 1, ZNZ: 0, ZDD: 0
\par Soubor 31251.dat upraven, sestav: 1, ZNZ: 0, ZDD: 0
\par Soubor 31260.dat upraven, sestav: 1, ZNZ: 0, ZDD: 0
\par Soubor 31270.dat upraven, sestav: 1, ZNZ: 0, ZDD: 0
\par Soubor 31271.dat upraven, sestav: 1, ZNZ: 0, ZDD: 0
\par Soubor 31280.dat upraven, sestav: 1, ZNZ: 0, ZDD: 0
\par Soubor 31281.dat upraven, sestav: 1, ZNZ: 0, ZDD: 0
\par Soubor 31290.dat upraven, sestav: 1, ZNZ: 0, ZDD: 0
\par Soubor 31291.dat upraven, sestav: 1, ZNZ: 0, ZDD: 0
\par Soubor 31292.dat upraven, sestav: 1, ZNZ: 0, ZDD: 0
\par Soubor 31300.dat upraven, sestav: 1, ZNZ: 0, ZDD: 0
\par Soubor 31310.dat upraven, sestav: 1, ZNZ: 0, ZDD: 0
\par Soubor 31311.dat upraven, sestav: 1, ZNZ: 0, ZDD: 0
\par Soubor 31320.dat upraven, sestav: 1, ZNZ: 0, ZDD: 0
\par Soubor 31321.dat upraven, sestav: 1, ZNZ: 0, ZDD: 0
\par Soubor 31330.dat upraven, sestav: 1, ZNZ: 0, ZDD: 0
\par Soubor 31350.dat upraven, sestav: 1, ZNZ: 0, ZDD: 0
\par Soubor 31370.dat upraven, sestav: 1, ZNZ: 0, ZDD: 0
\par Soubor 31371.dat upraven, sestav: 1, ZNZ: 0, ZDD: 0
\par Soubor 31372.dat upraven, sestav: 1, ZNZ: 0, ZDD: 0
\par Soubor 31374.dat upraven, sestav: 1, ZNZ: 0, ZDD: 0
\par Soubor 31390.dat upraven, sestav: 1, ZNZ: 0, ZDD: 0
\par Soubor 31410.dat upraven, sestav: 1, ZNZ: 0, ZDD: 0
\par Soubor 31411.dat upraven, sestav: 1, ZNZ: 0, ZDD: 0
\par Soubor 31420.dat upraven, sestav: 1, ZNZ: 0, ZDD: 0
\par Soubor 31430.dat upraven, sestav: 1, ZNZ: 0, ZDD: 0
\par Soubor 31440.dat upraven, sestav: 1, ZNZ: 0, ZDD: 0
\par Soubor 31450.dat upraven, sestav: 1, ZNZ: 0, ZDD: 0
\par Soubor 31460.dat upraven, sestav: 1, ZNZ: 0, ZDD: 0
\par Soubor 31470.dat upraven, sestav: 1, ZNZ: 0, ZDD: 0
\par Soubor 31480.dat upraven, sestav: 1, ZNZ: 0, ZDD: 0
\par Soubor 31490.dat upraven, sestav: 1, ZNZ: 0, ZDD: 0
\par Soubor 31500.dat upraven, sestav: 1, ZNZ: 0, ZDD: 0
\par Soubor 31510.dat upraven, sestav: 1, ZNZ: 0, ZDD: 0
\par Soubor 31520.dat upraven, sestav: 1, ZNZ: 0, ZDD: 0
\par Soubor 31530.dat upraven, sestav: 1, ZNZ: 0, ZDD: 0
\par Soubor 31540.dat upraven, sestav: 1, ZNZ: 0, ZDD: 0
\par Soubor 31550.dat upraven, sestav: 1, ZNZ: 0, ZDD: 0
\par Soubor 31560.dat upraven, sestav: 1, ZNZ: 0, ZDD: 0
\par Soubor 31570.dat upraven, sestav: 1, ZNZ: 0, ZDD: 0
\par Soubor 31580.dat upraven, sestav: 1, ZNZ: 0, ZDD: 0
\par Soubor 31590.dat upraven, sestav: 1, ZNZ: 0, ZDD: 0
\par Soubor 31600.dat upraven, sestav: 1, ZNZ: 0, ZDD: 0
\par Soubor 31660.dat upraven, sestav: 1, ZNZ: 0, ZDD: 0
\par Soubor 31670.dat upraven, sestav: 1, ZNZ: 0, ZDD: 0
\par Soubor 31680.dat upraven, sestav: 1, ZNZ: 0, ZDD: 0
\par Soubor 31681.dat upraven, sestav: 1, ZNZ: 0, ZDD: 0
\par Soubor 31682.dat upraven, sestav: 1, ZNZ: 0, ZDD: 0
\par Soubor 31690.dat upraven, sestav: 1, ZNZ: 0, ZDD: 0
\par Soubor 31700.dat upraven, sestav: 1, ZNZ: 0, ZDD: 0
\par Soubor 31701.dat upraven, sestav: 1, ZNZ: 0, ZDD: 0
\par Soubor 31710.dat upraven, sestav: 1, ZNZ: 0, ZDD: 0
\par Soubor 31711.dat upraven, sestav: 1, ZNZ: 0, ZDD: 0
\par Soubor 31720.dat upraven, sestav: 1, ZNZ: 0, ZDD: 0
\par Soubor 31722.dat upraven, sestav: 1, ZNZ: 0, ZDD: 0
\par Soubor 31723.dat upraven, sestav: 1, ZNZ: 0, ZDD: 0
\par Soubor 31724.dat upraven, sestav: 1, ZNZ: 0, ZDD: 0
\par Soubor 31727.dat upraven, sestav: 1, ZNZ: 0, ZDD: 0
\par Soubor 31730.dat upraven, sestav: 1, ZNZ: 0, ZDD: 0
\par Soubor 31731.dat upraven, sestav: 1, ZNZ: 0, ZDD: 0
\par Soubor 31740.dat upraven, sestav: 1, ZNZ: 0, ZDD: 0
\par Soubor 31741.dat upraven, sestav: 2, ZNZ: 0, ZDD: 0
\par Soubor 31742.dat upraven, sestav: 1, ZNZ: 0, ZDD: 0
\par Soubor 31747.dat upraven, sestav: 2, ZNZ: 0, ZDD: 0
\par Soubor 31780.dat upraven, sestav: 1, ZNZ: 0, ZDD: 0
\par Soubor 31800.dat upraven, sestav: 1, ZNZ: 0, ZDD: 0
\par Soubor 31810.dat upraven, sestav: 1, ZNZ: 0, ZDD: 0
\par Soubor 31820.dat upraven, sestav: 1, ZNZ: 0, ZDD: 0
\par Soubor 31830.dat upraven, sestav: 1, ZNZ: 0, ZDD: 0
\par Soubor 31831.dat upraven, sestav: 1, ZNZ: 0, ZDD: 0
\par Soubor 31832.dat upraven, sestav: 1, ZNZ: 0, ZDD: 0
\par Soubor 31840.dat upraven, sestav: 1, ZNZ: 0, ZDD: 0
\par Soubor 31860.dat upraven, sestav: 1, ZNZ: 0, ZDD: 0
\par Soubor 31870.dat upraven, sestav: 1, ZNZ: 0, ZDD: 0
\par Soubor 31871.dat upraven, sestav: 1, ZNZ: 0, ZDD: 0
\par Soubor 31880.dat upraven, sestav: 1, ZNZ: 0, ZDD: 0
\par Soubor 31900.dat upraven, sestav: 1, ZNZ: 0, ZDD: 0
\par Soubor 31910.dat upraven, sestav: 1, ZNZ: 0, ZDD: 0
\par Soubor 31920.dat upraven, sestav: 1, ZNZ: 0, ZDD: 0
\par Soubor 31930.dat upraven, sestav: 1, ZNZ: 0, ZDD: 0
\par Soubor 31941.dat upraven, sestav: 1, ZNZ: 0, ZDD: 0
\par Soubor 31950.dat upraven, sestav: 1, ZNZ: 0, ZDD: 0
\par Soubor 31952.dat upraven, sestav: 1, ZNZ: 0, ZDD: 0
\par Soubor 31960.dat upraven, sestav: 1, ZNZ: 0, ZDD: 0
\par Soubor 31963.dat upraven, sestav: 1, ZNZ: 0, ZDD: 0
\par Soubor 31980.dat upraven, sestav: 1, ZNZ: 0, ZDD: 0
\par Soubor 31982.dat upraven, sestav: 1, ZNZ: 0, ZDD: 0
\par Soubor 31990.dat upraven, sestav: 1, ZNZ: 0, ZDD: 0
\par Soubor 32000.dat upraven, sestav: 1, ZNZ: 1, ZDD: 0
\par Soubor 32001.dat upraven, sestav: 1, ZNZ: 1, ZDD: 0
\par Soubor 32030.dat upraven, sestav: 1, ZNZ: 0, ZDD: 0
\par Soubor 32031.dat upraven, sestav: 1, ZNZ: 2, ZDD: 0
\par Soubor 32040.dat upraven, sestav: 1, ZNZ: 2, ZDD: 0
\par Soubor 32050.dat upraven, sestav: 1, ZNZ: 1, ZDD: 0
\par Soubor 32060.dat upraven, sestav: 1, ZNZ: 2, ZDD: 0
\par Soubor 32070.dat upraven, sestav: 1, ZNZ: 2, ZDD: 0
\par Soubor 32080.dat upraven, sestav: 1, ZNZ: 2, ZDD: 0
\par Soubor 32090.dat upraven, sestav: 1, ZNZ: 2, ZDD: 0
\par Soubor 32100.dat upraven, sestav: 2, ZNZ: 2, ZDD: 0
\par Soubor 32110.dat upraven, sestav: 1, ZNZ: 2, ZDD: 0
\par Soubor 32120.dat upraven, sestav: 1, ZNZ: 2, ZDD: 0
\par Soubor 32121.dat upraven, sestav: 1, ZNZ: 2, ZDD: 0
\par Soubor 32130.dat upraven, sestav: 1, ZNZ: 2, ZDD: 0
\par Soubor 32131.dat upraven, sestav: 1, ZNZ: 2, ZDD: 0
\par Soubor 32141.dat upraven, sestav: 1, ZNZ: 2, ZDD: 0
\par Soubor 32150.dat upraven, sestav: 1, ZNZ: 2, ZDD: 0
\par Soubor 32160.dat upraven, sestav: 1, ZNZ: 2, ZDD: 0
\par Soubor 32161.dat upraven, sestav: 1, ZNZ: 2, ZDD: 0
\par Soubor 32170.dat upraven, sestav: 1, ZNZ: 2, ZDD: 0
\par Soubor 32180.dat upraven, sestav: 1, ZNZ: 2, ZDD: 0
\par Soubor 32190.dat upraven, sestav: 1, ZNZ: 2, ZDD: 0
\par Soubor 32200.dat upraven, sestav: 1, ZNZ: 2, ZDD: 0
\par Soubor 32201.dat upraven, sestav: 1, ZNZ: 2, ZDD: 0
\par Soubor 32211.dat upraven, sestav: 1, ZNZ: 0, ZDD: 0
\par Soubor 32212.dat upraven, sestav: 1, ZNZ: 2, ZDD: 0
\par Soubor 32220.dat upraven, sestav: 1, ZNZ: 2, ZDD: 0
\par Soubor 32231.dat upraven, sestav: 1, ZNZ: 2, ZDD: 0
\par Soubor 32240.dat upraven, sestav: 1, ZNZ: 2, ZDD: 0
\par Soubor 32250.dat upraven, sestav: 1, ZNZ: 2, ZDD: 0
\par Soubor 32251.dat upraven, sestav: 1, ZNZ: 2, ZDD: 0
\par Soubor 32270.dat upraven, sestav: 1, ZNZ: 2, ZDD: 0
\par Soubor 32280.dat upraven, sestav: 1, ZNZ: 2, ZDD: 0
\par Soubor 32300.dat upraven, sestav: 1, ZNZ: 2, ZDD: 0
\par Soubor 32310.dat upraven, sestav: 1, ZNZ: 2, ZDD: 0
\par Soubor 32311.dat upraven, sestav: 1, ZNZ: 2, ZDD: 0
\par Soubor 32330.dat upraven, sestav: 1, ZNZ: 2, ZDD: 0
\par Soubor 32350.dat upraven, sestav: 1, ZNZ: 1, ZDD: 0
\par Soubor 33000.dat upraven, sestav: 1, ZNZ: 2, ZDD: 0
\par Soubor 33001.dat upraven, sestav: 1, ZNZ: 2, ZDD: 0
\par Soubor 33010.dat upraven, sestav: 1, ZNZ: 5, ZDD: 0
\par Soubor 33011.dat upraven, sestav: 1, ZNZ: 7, ZDD: 0
\par Soubor 33020.dat upraven, sestav: 1, ZNZ: 3, ZDD: 0
\par Soubor 33021.dat upraven, sestav: 1, ZNZ: 3, ZDD: 0
\par Soubor 33022.dat upraven, sestav: 1, ZNZ: 3, ZDD: 0
\par Soubor 33030.dat upraven, sestav: 1, ZNZ: 5, ZDD: 0
\par Soubor 33040.dat upraven, sestav: 1, ZNZ: 7, ZDD: 0
\par Soubor 33050.dat upraven, sestav: 1, ZNZ: 5, ZDD: 0
\par Soubor 33051.dat upraven, sestav: 1, ZNZ: 5, ZDD: 0
\par Soubor 33060.dat upraven, sestav: 1, ZNZ: 3, ZDD: 0
\par Soubor 33061.dat upraven, sestav: 1, ZNZ: 5, ZDD: 0
\par Soubor 33070.dat upraven, sestav: 1, ZNZ: 2, ZDD: 0
\par Soubor 33071.dat upraven, sestav: 1, ZNZ: 2, ZDD: 0
\par Soubor 33080.dat upraven, sestav: 1, ZNZ: 2, ZDD: 0
\par Soubor 33081.dat upraven, sestav: 1, ZNZ: 3, ZDD: 0
\par Soubor 33090.dat upraven, sestav: 1, ZNZ: 4, ZDD: 0
\par Soubor 33100.dat upraven, sestav: 1, ZNZ: 2, ZDD: 0
\par Soubor 33110.dat upraven, sestav: 1, ZNZ: 2, ZDD: 0
\par Soubor 33120.dat upraven, sestav: 1, ZNZ: 2, ZDD: 0
\par Soubor 33121.dat upraven, sestav: 1, ZNZ: 2, ZDD: 0
\par Soubor 33130.dat upraven, sestav: 1, ZNZ: 3, ZDD: 0
\par Soubor 33131.dat upraven, sestav: 1, ZNZ: 5, ZDD: 0
\par Soubor 33140.dat upraven, sestav: 1, ZNZ: 2, ZDD: 0
\par Soubor 33150.dat upraven, sestav: 1, ZNZ: 4, ZDD: 0
\par Soubor 33151.dat upraven, sestav: 1, ZNZ: 4, ZDD: 0
\par Soubor 33160.dat upraven, sestav: 1, ZNZ: 4, ZDD: 0
\par Soubor 33170.dat upraven, sestav: 1, ZNZ: 1, ZDD: 0
\par Soubor 33180.dat upraven, sestav: 1, ZNZ: 5, ZDD: 0
\par Soubor 33181.dat upraven, sestav: 1, ZNZ: 7, ZDD: 0
\par Soubor 33190.dat upraven, sestav: 1, ZNZ: 4, ZDD: 0
\par Soubor 33200.dat upraven, sestav: 2, ZNZ: 1, ZDD: 0
\par Soubor 33210.dat upraven, sestav: 1, ZNZ: 5, ZDD: 0
\par Soubor 33220.dat upraven, sestav: 1, ZNZ: 4, ZDD: 0
\par Soubor 33230.dat upraven, sestav: 1, ZNZ: 2, ZDD: 0
\par Soubor 33240.dat upraven, sestav: 1, ZNZ: 3, ZDD: 0
\par Soubor 33250.dat upraven, sestav: 1, ZNZ: 3, ZDD: 0
\par Soubor 33260.dat upraven, sestav: 1, ZNZ: 2, ZDD: 0
\par Soubor 33270.dat upraven, sestav: 1, ZNZ: 2, ZDD: 0
\par Soubor 33271.dat upraven, sestav: 1, ZNZ: 2, ZDD: 0
\par Soubor 33290.dat upraven, sestav: 1, ZNZ: 5, ZDD: 0
\par Soubor 33300.dat upraven, sestav: 1, ZNZ: 5, ZDD: 0
\par Soubor 33301.dat upraven, sestav: 1, ZNZ: 5, ZDD: 0
\par Soubor 33320.dat upraven, sestav: 1, ZNZ: 0, ZDD: 0
\par Soubor 33380.dat upraven, sestav: 1, ZNZ: 0, ZDD: 0
\par Soubor 33382.dat upraven, sestav: 2, ZNZ: 0, ZDD: 0
\par Soubor 33384.dat upraven, sestav: 1, ZNZ: 0, ZDD: 0
\par Soubor 33900.dat upraven, sestav: 1, ZNZ: 0, ZDD: 0
\par Soubor 33901.dat upraven, sestav: 1, ZNZ: 0, ZDD: 0
\par Soubor 33920.dat upraven, sestav: 1, ZNZ: 0, ZDD: 0
\par Soubor 33921.dat upraven, sestav: 1, ZNZ: 0, ZDD: 0
\par Soubor 34000.dat upraven, sestav: 1, ZNZ: 0, ZDD: 0
\par Soubor 34001.dat upraven, sestav: 1, ZNZ: 0, ZDD: 0
\par Soubor 34002.dat upraven, sestav: 1, ZNZ: 0, ZDD: 0
\par Soubor 34010.dat upraven, sestav: 1, ZNZ: 0, ZDD: 0
\par Soubor 34011.dat upraven, sestav: 1, ZNZ: 0, ZDD: 0
\par Soubor 34020.dat upraven, sestav: 1, ZNZ: 0, ZDD: 0
\par Soubor 34030.dat upraven, sestav: 1, ZNZ: 0, ZDD: 0
\par Soubor 34031.dat upraven, sestav: 1, ZNZ: 0, ZDD: 0
\par Soubor 34040.dat upraven, sestav: 1, ZNZ: 0, ZDD: 0
\par Soubor 34041.dat upraven, sestav: 1, ZNZ: 0, ZDD: 0
\par Soubor 34050.dat upraven, sestav: 1, ZNZ: 0, ZDD: 0
\par Soubor 34051.dat upraven, sestav: 1, ZNZ: 0, ZDD: 0
\par Soubor 34060.dat upraven, sestav: 1, ZNZ: 0, ZDD: 0
\par Soubor 34061.dat upraven, sestav: 1, ZNZ: 0, ZDD: 0
\par Soubor 34070.dat upraven, sestav: 1, ZNZ: 0, ZDD: 0
\par Soubor 34071.dat upraven, sestav: 1, ZNZ: 0, ZDD: 0
\par Soubor 34080.dat upraven, sestav: 1, ZNZ: 0, ZDD: 0
\par Soubor 34090.dat upraven, sestav: 1, ZNZ: 0, ZDD: 0
\par Soubor 34091.dat upraven, sestav: 1, ZNZ: 0, ZDD: 0
\par Soubor 34100.dat upraven, sestav: 1, ZNZ: 0, ZDD: 0
\par Soubor 34101.dat upraven, sestav: 1, ZNZ: 0, ZDD: 0
\par Soubor 34110.dat upraven, sestav: 1, ZNZ: 0, ZDD: 0
\par Soubor 34111.dat upraven, sestav: 1, ZNZ: 0, ZDD: 0
\par Soubor 34120.dat upraven, sestav: 1, ZNZ: 0, ZDD: 0
\par Soubor 34121.dat upraven, sestav: 1, ZNZ: 0, ZDD: 0
\par Soubor 34130.dat upraven, sestav: 1, ZNZ: 0, ZDD: 0
\par Soubor 34131.dat upraven, sestav: 1, ZNZ: 0, ZDD: 0
\par Soubor 34140.dat upraven, sestav: 1, ZNZ: 0, ZDD: 0
\par Soubor 34141.dat upraven, sestav: 1, ZNZ: 0, ZDD: 0
\par Soubor 34150.dat upraven, sestav: 1, ZNZ: 0, ZDD: 0
\par Soubor 34151.dat upraven, sestav: 1, ZNZ: 0, ZDD: 0
\par Soubor 34160.dat upraven, sestav: 1, ZNZ: 0, ZDD: 0
\par Soubor 34161.dat upraven, sestav: 1, ZNZ: 0, ZDD: 0
\par Soubor 34170.dat upraven, sestav: 1, ZNZ: 0, ZDD: 0
\par Soubor 34171.dat upraven, sestav: 1, ZNZ: 0, ZDD: 0
\par Soubor 34180.dat upraven, sestav: 1, ZNZ: 0, ZDD: 0
\par Soubor 34181.dat upraven, sestav: 1, ZNZ: 0, ZDD: 0
\par Soubor 34190.dat upraven, sestav: 1, ZNZ: 0, ZDD: 0
\par Soubor 34191.dat upraven, sestav: 1, ZNZ: 0, ZDD: 0
\par Soubor 34200.dat upraven, sestav: 1, ZNZ: 0, ZDD: 0
\par Soubor 34201.dat upraven, sestav: 1, ZNZ: 0, ZDD: 0
\par Soubor 34210.dat upraven, sestav: 1, ZNZ: 0, ZDD: 0
\par Soubor 34211.dat upraven, sestav: 1, ZNZ: 0, ZDD: 0
\par Soubor 34220.dat upraven, sestav: 1, ZNZ: 0, ZDD: 0
\par Soubor 34221.dat upraven, sestav: 1, ZNZ: 0, ZDD: 0
\par Soubor 34230.dat upraven, sestav: 1, ZNZ: 0, ZDD: 0
\par Soubor 34231.dat upraven, sestav: 1, ZNZ: 0, ZDD: 0
\par Soubor 34240.dat upraven, sestav: 1, ZNZ: 0, ZDD: 0
\par Soubor 34241.dat upraven, sestav: 1, ZNZ: 0, ZDD: 0
\par Soubor 34250.dat upraven, sestav: 1, ZNZ: 0, ZDD: 0
\par Soubor 34251.dat upraven, sestav: 1, ZNZ: 0, ZDD: 0
\par Soubor 34260.dat upraven, sestav: 1, ZNZ: 0, ZDD: 0
\par Soubor 34261.dat upraven, sestav: 1, ZNZ: 0, ZDD: 0
\par Soubor 34270.dat upraven, sestav: 1, ZNZ: 0, ZDD: 0
\par Soubor 34271.dat upraven, sestav: 1, ZNZ: 0, ZDD: 0
\par Soubor 34280.dat upraven, sestav: 1, ZNZ: 0, ZDD: 0
\par Soubor 34281.dat upraven, sestav: 1, ZNZ: 0, ZDD: 0
\par Soubor 34290.dat upraven, sestav: 1, ZNZ: 0, ZDD: 0
\par Soubor 34291.dat upraven, sestav: 1, ZNZ: 0, ZDD: 0
\par Soubor 34300.dat upraven, sestav: 1, ZNZ: 0, ZDD: 0
\par Soubor 34301.dat upraven, sestav: 1, ZNZ: 0, ZDD: 0
\par Soubor 34310.dat upraven, sestav: 1, ZNZ: 0, ZDD: 0
\par Soubor 34320.dat upraven, sestav: 1, ZNZ: 0, ZDD: 0
\par Soubor 34321.dat upraven, sestav: 1, ZNZ: 0, ZDD: 0
\par Soubor 34330.dat upraven, sestav: 1, ZNZ: 0, ZDD: 0
\par Soubor 34331.dat upraven, sestav: 1, ZNZ: 0, ZDD: 0
\par Soubor 34340.dat upraven, sestav: 1, ZNZ: 0, ZDD: 0
\par Soubor 34350.dat upraven, sestav: 1, ZNZ: 0, ZDD: 0
\par Soubor 34360.dat upraven, sestav: 1, ZNZ: 0, ZDD: 0
\par Soubor 34361.dat upraven, sestav: 1, ZNZ: 0, ZDD: 0
\par Soubor 34370.dat upraven, sestav: 1, ZNZ: 0, ZDD: 0
\par Soubor 34371.dat upraven, sestav: 1, ZNZ: 0, ZDD: 0
\par Soubor 34372.dat upraven, sestav: 1, ZNZ: 0, ZDD: 0
\par Soubor 34373.dat upraven, sestav: 1, ZNZ: 0, ZDD: 0
\par Soubor 34380.dat upraven, sestav: 1, ZNZ: 0, ZDD: 0
\par Soubor 34400.dat upraven, sestav: 1, ZNZ: 3, ZDD: 0
\par Soubor 34410.dat upraven, sestav: 1, ZNZ: 3, ZDD: 0
\par Soubor 39900.dat upraven, sestav: 1, ZNZ: 8, ZDD: 0
\par Soubor 39901.dat upraven, sestav: 1, ZNZ: 8, ZDD: 0
\par Soubor 39902.dat upraven, sestav: 1, ZNZ: 8, ZDD: 0
\par Soubor 39930.dat upraven, sestav: 1, ZNZ: 9, ZDD: 1
\par Soubor 39860.dat upraven, sestav: 1, ZNZ: 8, ZDD: 0
\par Soubor 39861.dat upraven, sestav: 1, ZNZ: 12, ZDD: 1
\par Soubor 39030.dat upraven, sestav: 1, ZNZ: 12, ZDD: 1
\par Soubor 39031.dat upraven, sestav: 1, ZNZ: 12, ZDD: 1
\par Soubor 39040.dat upraven, sestav: 1, ZNZ: 12, ZDD: 1
\par Soubor 39750.dat upraven, sestav: 1, ZNZ: 10, ZDD: 1
\par Soubor 39060.dat upraven, sestav: 1, ZNZ: 12, ZDD: 1
\par Soubor 39061.dat upraven, sestav: 1, ZNZ: 12, ZDD: 1
\par Soubor 39970.dat upraven, sestav: 1, ZNZ: 10, ZDD: 1
\par Soubor 39971.dat upraven, sestav: 3, ZNZ: 12, ZDD: 1
\par Soubor 39080.dat upraven, sestav: 1, ZNZ: 12, ZDD: 1
\par Soubor 39770.dat upraven, sestav: 1, ZNZ: 12, ZDD: 1
\par Soubor 39740.dat upraven, sestav: 1, ZNZ: 12, ZDD: 1
\par Soubor 39110.dat upraven, sestav: 1, ZNZ: 8, ZDD: 0
\par Soubor 39760.dat upraven, sestav: 1, ZNZ: 12, ZDD: 1
\par Soubor 39761.dat upraven, sestav: 1, ZNZ: 12, ZDD: 1
\par Soubor 39790.dat upraven, sestav: 1, ZNZ: 12, ZDD: 1
\par Soubor 39791.dat upraven, sestav: 1, ZNZ: 12, ZDD: 1
\par Soubor 39140.dat upraven, sestav: 1, ZNZ: 8, ZDD: 0
\par Soubor 39150.dat upraven, sestav: 1, ZNZ: 12, ZDD: 1
\par Soubor 39940.dat upraven, sestav: 1, ZNZ: 12, ZDD: 1
\par Soubor 39850.dat upraven, sestav: 1, ZNZ: 12, ZDD: 1
\par Soubor 39780.dat upraven, sestav: 1, ZNZ: 12, ZDD: 1
\par Soubor 39200.dat upraven, sestav: 1, ZNZ: 12, ZDD: 1
\par Soubor 39210.dat upraven, sestav: 1, ZNZ: 12, ZDD: 1
\par Soubor 39220.dat upraven, sestav: 1, ZNZ: 12, ZDD: 1
\par Soubor 39230.dat upraven, sestav: 1, ZNZ: 12, ZDD: 1
\par Soubor 39960.dat upraven, sestav: 1, ZNZ: 12, ZDD: 1
\par Soubor 39870.dat upraven, sestav: 1, ZNZ: 12, ZDD: 1
\par Soubor 39260.dat upraven, sestav: 1, ZNZ: 12, ZDD: 1
\par Soubor 39270.dat upraven, sestav: 1, ZNZ: 12, ZDD: 1
\par Soubor 39280.dat upraven, sestav: 1, ZNZ: 12, ZDD: 1
\par Soubor 39990.dat upraven, sestav: 1, ZNZ: 12, ZDD: 1
\par Soubor 39920.dat upraven, sestav: 1, ZNZ: 4, ZDD: 0
\par Soubor 39921.dat upraven, sestav: 1, ZNZ: 8, ZDD: 1
\par Soubor 39310.dat upraven, sestav: 1, ZNZ: 12, ZDD: 1
\par Soubor 39320.dat upraven, sestav: 1, ZNZ: 10, ZDD: 1
\par Soubor 39321.dat upraven, sestav: 1, ZNZ: 10, ZDD: 1
\par Soubor 39330.dat upraven, sestav: 1, ZNZ: 8, ZDD: 0
\par Soubor 39331.dat upraven, sestav: 1, ZNZ: 8, ZDD: 0
\par Soubor 39332.dat upraven, sestav: 1, ZNZ: 8, ZDD: 0
\par Soubor 39340.dat upraven, sestav: 1, ZNZ: 10, ZDD: 1
\par Soubor 39341.dat upraven, sestav: 1, ZNZ: 10, ZDD: 1
\par Soubor 39342.dat upraven, sestav: 1, ZNZ: 12, ZDD: 1
\par Soubor 39730.dat upraven, sestav: 1, ZNZ: 6, ZDD: 0
\par Soubor 39731.dat upraven, sestav: 1, ZNZ: 6, ZDD: 0
\par Soubor 39732.dat upraven, sestav: 1, ZNZ: 6, ZDD: 0
\par Soubor 39370.dat upraven, sestav: 1, ZNZ: 8, ZDD: 0
\par Soubor 39371.dat upraven, sestav: 1, ZNZ: 8, ZDD: 0
\par Soubor 39390.dat upraven, sestav: 1, ZNZ: 12, ZDD: 1
\par Soubor 39700.dat upraven, sestav: 1, ZNZ: 4, ZDD: 0
\par Soubor 39701.dat upraven, sestav: 1, ZNZ: 4, ZDD: 0
\par Soubor 39410.dat upraven, sestav: 1, ZNZ: 2, ZDD: 0
\par Soubor 39411.dat upraven, sestav: 2, ZNZ: 4, ZDD: 0
\par Soubor 39420.dat upraven, sestav: 1, ZNZ: 3, ZDD: 0
\par Soubor 39430.dat upraven, sestav: 1, ZNZ: 2, ZDD: 0
\par Soubor 39440.dat upraven, sestav: 1, ZNZ: 2, ZDD: 0
\par Soubor 39441.dat upraven, sestav: 1, ZNZ: 2, ZDD: 0
\par Soubor 39450.dat upraven, sestav: 1, ZNZ: 5, ZDD: 0
\par Soubor 39460.dat upraven, sestav: 1, ZNZ: 5, ZDD: 0
\par Soubor 39470.dat upraven, sestav: 1, ZNZ: 2, ZDD: 0
\par Soubor 39480.dat upraven, sestav: 2, ZNZ: 0, ZDD: 0
\par Soubor 39481.dat upraven, sestav: 1, ZNZ: 0, ZDD: 0
\par Soubor 39482.dat upraven, sestav: 1, ZNZ: 2, ZDD: 0
\par Soubor 39490.dat upraven, sestav: 1, ZNZ: 2, ZDD: 0
\par Soubor 39500.dat upraven, sestav: 1, ZNZ: 2, ZDD: 0
\par Soubor 39510.dat upraven, sestav: 1, ZNZ: 3, ZDD: 0
\par Soubor 39520.dat upraven, sestav: 1, ZNZ: 2, ZDD: 0
\par Soubor 39540.dat upraven, sestav: 1, ZNZ: 0, ZDD: 0
\par Soubor 39541.dat upraven, sestav: 1, ZNZ: 2, ZDD: 0
\par Soubor 39560.dat upraven, sestav: 1, ZNZ: 2, ZDD: 0
\par Soubor 39561.dat upraven, sestav: 1, ZNZ: 2, ZDD: 0
\par Soubor 39562.dat upraven, sestav: 1, ZNZ: 2, ZDD: 0
\par Soubor 39600.dat upraven, sestav: 1, ZNZ: 0, ZDD: 0
\par Soubor 39601.dat upraven, sestav: 1, ZNZ: 0, ZDD: 0
\par Soubor 39620.dat upraven, sestav: 1, ZNZ: 0, ZDD: 0
\par Soubor 39621.dat upraven, sestav: 1, ZNZ: 0, ZDD: 0
\par Soubor 39710.dat upraven, sestav: 2, ZNZ: 0, ZDD: 0
\par Soubor 39660.dat upraven, sestav: 1, ZNZ: 0, ZDD: 0
\par Soubor 39670.dat upraven, sestav: 1, ZNZ: 0, ZDD: 0
\par Soubor 39720.dat upraven, sestav: 1, ZNZ: 0, ZDD: 0
\par Soubor 39721.dat upraven, sestav: 1, ZNZ: 0, ZDD: 0
\par Soubor 39722.dat upraven, sestav: 1, ZNZ: 0, ZDD: 0
\par Soubor 39723.dat upraven, sestav: 1, ZNZ: 0, ZDD: 0
\par Soubor 39800.dat upraven, sestav: 1, ZNZ: 2, ZDD: 0
\par Soubor 39810.dat upraven, sestav: 1, ZNZ: 2, ZDD: 0
\par Soubor 39820.dat upraven, sestav: 1, ZNZ: 2, ZDD: 0
\par Soubor 39830.dat upraven, sestav: 1, ZNZ: 2, ZDD: 0
\par Soubor 39831.dat upraven, sestav: 1, ZNZ: 2, ZDD: 0
\par Soubor 39840.dat upraven, sestav: 1, ZNZ: 2, ZDD: 0
\par Soubor 39910.dat upraven, sestav: 1, ZNZ: 0, ZDD: 0
\par Soubor 39950.dat upraven, sestav: 3, ZNZ: 12, ZDD: 1
\par Soubor 41310.dat upraven, sestav: 1, ZNZ: 0, ZDD: 0
\par Soubor 41320.dat upraven, sestav: 1, ZNZ: 0, ZDD: 0
\par Soubor 41330.dat upraven, sestav: 1, ZNZ: 0, ZDD: 0
\par Soubor 41340.dat upraven, sestav: 1, ZNZ: 0, ZDD: 0
\par Soubor 41350.dat upraven, sestav: 1, ZNZ: 0, ZDD: 0
\par Soubor 41360.dat upraven, sestav: 1, ZNZ: 0, ZDD: 0
\par Soubor 41370.dat upraven, sestav: 1, ZNZ: 0, ZDD: 0
\par Soubor 42000.dat upraven, sestav: 1, ZNZ: 0, ZDD: 0
\par Soubor 42001.dat upraven, sestav: 1, ZNZ: 0, ZDD: 0
\par Soubor 42010.dat upraven, sestav: 1, ZNZ: 0, ZDD: 0
\par Soubor 42011.dat upraven, sestav: 1, ZNZ: 0, ZDD: 0
\par Soubor 42020.dat upraven, sestav: 1, ZNZ: 0, ZDD: 0
\par Soubor 42021.dat upraven, sestav: 1, ZNZ: 0, ZDD: 0
\par Soubor 42030.dat upraven, sestav: 1, ZNZ: 0, ZDD: 0
\par Soubor 42031.dat upraven, sestav: 1, ZNZ: 0, ZDD: 0
\par Soubor 42040.dat upraven, sestav: 1, ZNZ: 0, ZDD: 0
\par Soubor 42050.dat upraven, sestav: 1, ZNZ: 0, ZDD: 0
\par Soubor 42060.dat upraven, sestav: 1, ZNZ: 0, ZDD: 0
\par Soubor 42070.dat upraven, sestav: 1, ZNZ: 0, ZDD: 0
\par Soubor 42080.dat upraven, sestav: 1, ZNZ: 0, ZDD: 0
\par Soubor 42090.dat upraven, sestav: 1, ZNZ: 0, ZDD: 0
\par Soubor 42100.dat upraven, sestav: 1, ZNZ: 0, ZDD: 0
\par Soubor 42110.dat upraven, sestav: 1, ZNZ: 0, ZDD: 0
\par Soubor 42120.dat upraven, sestav: 1, ZNZ: 0, ZDD: 0
\par Soubor 42130.dat upraven, sestav: 1, ZNZ: 0, ZDD: 0
\par Soubor 42140.dat upraven, sestav: 1, ZNZ: 0, ZDD: 0
\par Soubor 42150.dat upraven, sestav: 1, ZNZ: 0, ZDD: 0
\par Soubor 42160.dat upraven, sestav: 1, ZNZ: 0, ZDD: 0
\par Soubor 42170.dat upraven, sestav: 1, ZNZ: 0, ZDD: 0
\par Soubor 42180.dat upraven, sestav: 1, ZNZ: 0, ZDD: 0
\par Soubor 42190.dat upraven, sestav: 1, ZNZ: 0, ZDD: 0
\par Soubor 42200.dat upraven, sestav: 1, ZNZ: 0, ZDD: 0
\par Soubor 42210.dat upraven, sestav: 1, ZNZ: 0, ZDD: 0
\par Soubor 42220.dat upraven, sestav: 1, ZNZ: 0, ZDD: 0
\par Soubor 42230.dat upraven, sestav: 1, ZNZ: 0, ZDD: 0
\par Soubor 42300.dat upraven, sestav: 1, ZNZ: 0, ZDD: 0
\par Soubor 42310.dat upraven, sestav: 1, ZNZ: 0, ZDD: 0
\par Soubor 42320.dat upraven, sestav: 1, ZNZ: 0, ZDD: 0
\par Soubor 42330.dat upraven, sestav: 1, ZNZ: 0, ZDD: 0
\par Soubor 42350.dat upraven, sestav: 1, ZNZ: 0, ZDD: 0
\par Soubor 42360.dat upraven, sestav: 1, ZNZ: 0, ZDD: 0
\par Soubor 42380.dat upraven, sestav: 1, ZNZ: 4, ZDD: 0
\par Soubor 42382.dat upraven, sestav: 1, ZNZ: 7, ZDD: 0
\par Soubor 42383.dat upraven, sestav: 1, ZNZ: 7, ZDD: 0
\par Soubor 42400.dat upraven, sestav: 1, ZNZ: 0, ZDD: 0
\par Soubor 42401.dat upraven, sestav: 1, ZNZ: 0, ZDD: 0
\par Soubor 42410.dat upraven, sestav: 1, ZNZ: 2, ZDD: 0
\par Soubor 42411.dat upraven, sestav: 1, ZNZ: 2, ZDD: 0
\par Soubor 42420.dat upraven, sestav: 1, ZNZ: 0, ZDD: 0
\par Soubor 42440.dat upraven, sestav: 1, ZNZ: 0, ZDD: 0
\par Soubor 42450.dat upraven, sestav: 1, ZNZ: 2, ZDD: 0
\par Soubor 42451.dat upraven, sestav: 1, ZNZ: 2, ZDD: 0
\par Soubor 42452.dat upraven, sestav: 1, ZNZ: 4, ZDD: 0
\par Soubor 42460.dat upraven, sestav: 1, ZNZ: 5, ZDD: 0
\par Soubor 42490.dat upraven, sestav: 1, ZNZ: 7, ZDD: 0
\par Soubor 42500.dat upraven, sestav: 1, ZNZ: 1, ZDD: 0
\par Soubor 42510.dat upraven, sestav: 1, ZNZ: 1, ZDD: 0
\par Soubor 42520.dat upraven, sestav: 1, ZNZ: 0, ZDD: 0
\par Soubor 42530.dat upraven, sestav: 1, ZNZ: 0, ZDD: 0
\par Soubor 42540.dat upraven, sestav: 1, ZNZ: 0, ZDD: 0
\par Soubor 42550.dat upraven, sestav: 1, ZNZ: 0, ZDD: 0
\par Soubor 42560.dat upraven, sestav: 1, ZNZ: 0, ZDD: 0
\par Soubor 42570.dat upraven, sestav: 1, ZNZ: 0, ZDD: 0
\par Soubor 42580.dat upraven, sestav: 1, ZNZ: 0, ZDD: 0
\par Soubor 42590.dat upraven, sestav: 1, ZNZ: 0, ZDD: 0
\par Soubor 42600.dat upraven, sestav: 1, ZNZ: 0, ZDD: 0
\par Soubor 42610.dat upraven, sestav: 1, ZNZ: 0, ZDD: 0
\par Soubor 42620.dat upraven, sestav: 1, ZNZ: 0, ZDD: 0
\par Soubor 42630.dat upraven, sestav: 1, ZNZ: 0, ZDD: 0
\par Soubor 42640.dat upraven, sestav: 1, ZNZ: 0, ZDD: 0
\par Soubor 42650.dat upraven, sestav: 1, ZNZ: 0, ZDD: 0
\par Soubor 42660.dat upraven, sestav: 1, ZNZ: 0, ZDD: 0
\par Soubor 42670.dat upraven, sestav: 1, ZNZ: 0, ZDD: 0
\par Soubor 42680.dat upraven, sestav: 1, ZNZ: 1, ZDD: 0
\par Soubor 128000.dat upraven, sestav: 1, ZNZ: 5, ZDD: 0
\par Soubor 128010.dat upraven, sestav: 1, ZNZ: 5, ZDD: 0
\par Soubor 128020.dat upraven, sestav: 1, ZNZ: 5, ZDD: 0
\par Soubor 128030.dat upraven, sestav: 1, ZNZ: 5, ZDD: 0
\par Soubor 128040.dat upraven, sestav: 1, ZNZ: 5, ZDD: 0
\par Soubor 128051.dat upraven, sestav: 1, ZNZ: 5, ZDD: 0
\par Soubor 128060.dat upraven, sestav: 1, ZNZ: 5, ZDD: 0
\par Soubor 128070.dat upraven, sestav: 1, ZNZ: 5, ZDD: 0
\par Soubor 128081.dat upraven, sestav: 1, ZNZ: 5, ZDD: 0
\par Soubor 128090.dat upraven, sestav: 1, ZNZ: 5, ZDD: 0
\par Soubor 128100.dat upraven, sestav: 1, ZNZ: 5, ZDD: 0
\par Soubor 128110.dat upraven, sestav: 1, ZNZ: 5, ZDD: 0
\par Soubor 128120.dat upraven, sestav: 1, ZNZ: 5, ZDD: 0
\par Soubor 128121.dat upraven, sestav: 1, ZNZ: 5, ZDD: 0
\par Soubor 128130.dat upraven, sestav: 1, ZNZ: 5, ZDD: 0
\par Soubor 128140.dat upraven, sestav: 1, ZNZ: 5, ZDD: 0
\par Soubor 128150.dat upraven, sestav: 1, ZNZ: 5, ZDD: 0
\par Soubor 128160.dat upraven, sestav: 1, ZNZ: 5, ZDD: 0
\par Soubor 128170.dat upraven, sestav: 1, ZNZ: 5, ZDD: 0
\par Soubor 128180.dat upraven, sestav: 1, ZNZ: 5, ZDD: 0
\par Soubor 128190.dat upraven, sestav: 1, ZNZ: 5, ZDD: 0
\par Soubor 128200.dat upraven, sestav: 1, ZNZ: 5, ZDD: 0
\par Soubor 128201.dat upraven, sestav: 1, ZNZ: 5, ZDD: 0
\par Soubor 128210.dat upraven, sestav: 1, ZNZ: 5, ZDD: 0
\par Soubor 128211.dat upraven, sestav: 1, ZNZ: 5, ZDD: 0
\par Soubor 128220.dat upraven, sestav: 1, ZNZ: 5, ZDD: 0
\par Soubor 128230.dat upraven, sestav: 1, ZNZ: 5, ZDD: 0
\par Soubor 128240.dat upraven, sestav: 1, ZNZ: 5, ZDD: 0
\par Soubor 128250.dat upraven, sestav: 1, ZNZ: 5, ZDD: 0
\par Soubor 128260.dat upraven, sestav: 1, ZNZ: 5, ZDD: 0
\par Soubor 128270.dat upraven, sestav: 1, ZNZ: 5, ZDD: 0
\par Soubor 128280.dat upraven, sestav: 1, ZNZ: 5, ZDD: 0
\par Soubor 128291.dat upraven, sestav: 1, ZNZ: 5, ZDD: 0
\par Soubor 128300.dat upraven, sestav: 1, ZNZ: 5, ZDD: 0
\par Soubor 128310.dat upraven, sestav: 1, ZNZ: 5, ZDD: 0
\par Soubor 128321.dat upraven, sestav: 1, ZNZ: 5, ZDD: 0
\par Soubor 128322.dat upraven, sestav: 1, ZNZ: 5, ZDD: 0
\par Soubor 128330.dat upraven, sestav: 1, ZNZ: 5, ZDD: 0
\par Soubor 128340.dat upraven, sestav: 1, ZNZ: 5, ZDD: 0
\par Soubor 128350.dat upraven, sestav: 1, ZNZ: 5, ZDD: 0
\par Soubor 128360.dat upraven, sestav: 1, ZNZ: 5, ZDD: 0
\par Soubor 128362.dat upraven, sestav: 1, ZNZ: 5, ZDD: 0
\par Soubor 128370.dat upraven, sestav: 1, ZNZ: 5, ZDD: 0
\par Soubor 128380.dat upraven, sestav: 1, ZNZ: 5, ZDD: 0
\par Soubor 128390.dat upraven, sestav: 1, ZNZ: 5, ZDD: 0
\par Soubor 128400.dat upraven, sestav: 1, ZNZ: 5, ZDD: 0
\par Soubor 128410.dat upraven, sestav: 1, ZNZ: 5, ZDD: 0
\par Soubor 128420.dat upraven, sestav: 1, ZNZ: 5, ZDD: 0
\par Soubor 128430.dat upraven, sestav: 1, ZNZ: 5, ZDD: 0
\par Soubor 128440.dat upraven, sestav: 1, ZNZ: 5, ZDD: 0
\par Soubor 128441.dat upraven, sestav: 1, ZNZ: 5, ZDD: 0
\par Soubor 128450.dat upraven, sestav: 1, ZNZ: 5, ZDD: 0
\par Soubor 128460.dat upraven, sestav: 1, ZNZ: 5, ZDD: 0
\par Soubor 128461.dat upraven, sestav: 1, ZNZ: 5, ZDD: 0
\par Soubor 128470.dat upraven, sestav: 1, ZNZ: 5, ZDD: 0
\par Soubor 128480.dat upraven, sestav: 1, ZNZ: 5, ZDD: 0
\par Soubor 128490.dat upraven, sestav: 1, ZNZ: 5, ZDD: 0
\par Soubor 128500.dat upraven, sestav: 1, ZNZ: 5, ZDD: 0
\par Soubor 128510.dat upraven, sestav: 1, ZNZ: 5, ZDD: 0
\par Soubor 128520.dat upraven, sestav: 1, ZNZ: 5, ZDD: 0
\par Soubor 128521.dat upraven, sestav: 1, ZNZ: 5, ZDD: 0
\par Soubor 128530.dat upraven, sestav: 1, ZNZ: 5, ZDD: 0
\par Soubor 128531.dat upraven, sestav: 1, ZNZ: 5, ZDD: 0
\par Soubor 128532.dat upraven, sestav: 1, ZNZ: 5, ZDD: 0
\par Soubor 128600.dat upraven, sestav: 1, ZNZ: 2, ZDD: 0
\par Soubor 128601.dat upraven, sestav: 1, ZNZ: 2, ZDD: 0
\par Soubor 128610.dat upraven, sestav: 1, ZNZ: 2, ZDD: 0
\par Soubor 128611.dat upraven, sestav: 1, ZNZ: 2, ZDD: 0
\par Soubor 129000.dat upraven, sestav: 1, ZNZ: 3, ZDD: 0
\par Soubor 129010.dat upraven, sestav: 1, ZNZ: 3, ZDD: 0
\par Soubor 129020.dat upraven, sestav: 1, ZNZ: 3, ZDD: 0
\par Soubor 129030.dat upraven, sestav: 1, ZNZ: 3, ZDD: 0
\par Soubor 129040.dat upraven, sestav: 1, ZNZ: 3, ZDD: 0
\par Soubor 129050.dat upraven, sestav: 1, ZNZ: 3, ZDD: 0
\par Soubor 129051.dat upraven, sestav: 1, ZNZ: 3, ZDD: 0
\par Soubor 129060.dat upraven, sestav: 1, ZNZ: 2, ZDD: 0
\par Soubor 129070.dat upraven, sestav: 1, ZNZ: 3, ZDD: 0
\par Soubor 129080.dat upraven, sestav: 1, ZNZ: 3, ZDD: 0
\par Soubor 129090.dat upraven, sestav: 1, ZNZ: 3, ZDD: 0
\par Soubor 129100.dat upraven, sestav: 1, ZNZ: 3, ZDD: 0
\par Soubor 129101.dat upraven, sestav: 1, ZNZ: 3, ZDD: 0
\par Soubor 129110.dat upraven, sestav: 1, ZNZ: 3, ZDD: 0
\par Soubor 129111.dat upraven, sestav: 1, ZNZ: 3, ZDD: 0
\par Soubor 129120.dat upraven, sestav: 1, ZNZ: 3, ZDD: 0
\par Soubor 129121.dat upraven, sestav: 1, ZNZ: 3, ZDD: 0
\par Soubor 129130.dat upraven, sestav: 1, ZNZ: 3, ZDD: 0
\par Soubor 129131.dat upraven, sestav: 1, ZNZ: 3, ZDD: 0
\par Soubor 129140.dat upraven, sestav: 1, ZNZ: 3, ZDD: 0
\par Soubor 129141.dat upraven, sestav: 1, ZNZ: 3, ZDD: 0
\par Soubor 129150.dat upraven, sestav: 1, ZNZ: 3, ZDD: 0
\par Soubor 129151.dat upraven, sestav: 1, ZNZ: 3, ZDD: 0
\par Soubor 129160.dat upraven, sestav: 1, ZNZ: 3, ZDD: 0
\par Soubor 129161.dat upraven, sestav: 1, ZNZ: 3, ZDD: 0
\par Soubor 129170.dat upraven, sestav: 1, ZNZ: 0, ZDD: 0
\par Soubor 129180.dat upraven, sestav: 1, ZNZ: 3, ZDD: 0
\par Soubor 129181.dat upraven, sestav: 1, ZNZ: 3, ZDD: 0
\par Soubor 129190.dat upraven, sestav: 1, ZNZ: 3, ZDD: 0
\par Soubor 129191.dat upraven, sestav: 1, ZNZ: 3, ZDD: 0
\par Soubor 129200.dat upraven, sestav: 1, ZNZ: 3, ZDD: 0
\par Soubor 129201.dat upraven, sestav: 1, ZNZ: 3, ZDD: 0
\par Soubor 129210.dat upraven, sestav: 1, ZNZ: 3, ZDD: 0
\par Soubor 129211.dat upraven, sestav: 1, ZNZ: 3, ZDD: 0
\par Soubor 129220.dat upraven, sestav: 1, ZNZ: 3, ZDD: 0
\par Soubor 129221.dat upraven, sestav: 1, ZNZ: 3, ZDD: 0
\par Soubor 129230.dat upraven, sestav: 1, ZNZ: 3, ZDD: 0
\par Soubor 129231.dat upraven, sestav: 1, ZNZ: 3, ZDD: 0
\par Soubor 129240.dat upraven, sestav: 1, ZNZ: 0, ZDD: 0
\par Soubor 129250.dat upraven, sestav: 1, ZNZ: 3, ZDD: 0
\par Soubor 129251.dat upraven, sestav: 1, ZNZ: 3, ZDD: 0
\par Soubor 129260.dat upraven, sestav: 1, ZNZ: 3, ZDD: 0
\par Soubor 129261.dat upraven, sestav: 1, ZNZ: 3, ZDD: 0
\par Soubor 129270.dat upraven, sestav: 1, ZNZ: 3, ZDD: 0
\par Soubor 129271.dat upraven, sestav: 1, ZNZ: 3, ZDD: 0
\par Soubor 129280.dat upraven, sestav: 1, ZNZ: 3, ZDD: 0
\par Soubor 129281.dat upraven, sestav: 1, ZNZ: 3, ZDD: 0
\par Soubor 129290.dat upraven, sestav: 1, ZNZ: 3, ZDD: 0
\par Soubor 129291.dat upraven, sestav: 1, ZNZ: 3, ZDD: 0
\par Soubor 129300.dat upraven, sestav: 1, ZNZ: 3, ZDD: 0
\par Soubor 129301.dat upraven, sestav: 1, ZNZ: 3, ZDD: 0
\par Soubor 129310.dat upraven, sestav: 1, ZNZ: 3, ZDD: 0
\par Soubor 129311.dat upraven, sestav: 1, ZNZ: 3, ZDD: 0
\par Soubor 129320.dat upraven, sestav: 1, ZNZ: 3, ZDD: 0
\par Soubor 129321.dat upraven, sestav: 1, ZNZ: 3, ZDD: 0
\par Soubor 129330.dat upraven, sestav: 1, ZNZ: 3, ZDD: 0
\par Soubor 129331.dat upraven, sestav: 1, ZNZ: 3, ZDD: 0
\par Soubor 129332.dat upraven, sestav: 1, ZNZ: 3, ZDD: 0
\par Soubor 129340.dat upraven, sestav: 1, ZNZ: 3, ZDD: 0
\par Soubor 129350.dat upraven, sestav: 1, ZNZ: 3, ZDD: 0
\par Soubor 129360.dat upraven, sestav: 1, ZNZ: 3, ZDD: 0
\par Soubor 129370.dat upraven, sestav: 1, ZNZ: 3, ZDD: 0
\par Soubor 129380.dat upraven, sestav: 1, ZNZ: 3, ZDD: 0
\par Soubor 129390.dat upraven, sestav: 1, ZNZ: 3, ZDD: 0
\par Soubor 129391.dat upraven, sestav: 1, ZNZ: 3, ZDD: 0
\par Soubor 129392.dat upraven, sestav: 1, ZNZ: 3, ZDD: 0
\par Soubor 131000.dat upraven, sestav: 1, ZNZ: 0, ZDD: 0
\par Soubor 131010.dat upraven, sestav: 1, ZNZ: 0, ZDD: 0
\par Soubor 131011.dat upraven, sestav: 1, ZNZ: 0, ZDD: 0
\par Soubor 131020.dat upraven, sestav: 1, ZNZ: 0, ZDD: 0
\par Soubor 131030.dat upraven, sestav: 1, ZNZ: 0, ZDD: 0
\par Soubor 131040.dat upraven, sestav: 1, ZNZ: 0, ZDD: 0
\par Soubor 131050.dat upraven, sestav: 1, ZNZ: 0, ZDD: 0
\par Soubor 131051.dat upraven, sestav: 1, ZNZ: 0, ZDD: 0
\par Soubor 131060.dat upraven, sestav: 1, ZNZ: 0, ZDD: 0
\par Soubor 131062.dat upraven, sestav: 1, ZNZ: 0, ZDD: 0
\par Soubor 131070.dat upraven, sestav: 1, ZNZ: 0, ZDD: 0
\par Soubor 131080.dat upraven, sestav: 1, ZNZ: 0, ZDD: 0
\par Soubor 131090.dat upraven, sestav: 1, ZNZ: 0, ZDD: 0
\par Soubor 131091.dat upraven, sestav: 1, ZNZ: 0, ZDD: 0
\par Soubor 131100.dat upraven, sestav: 1, ZNZ: 0, ZDD: 0
\par Soubor 131101.dat upraven, sestav: 1, ZNZ: 0, ZDD: 0
\par Soubor 131110.dat upraven, sestav: 1, ZNZ: 0, ZDD: 0
\par Soubor 131120.dat upraven, sestav: 1, ZNZ: 0, ZDD: 0
\par Soubor 131130.dat upraven, sestav: 1, ZNZ: 0, ZDD: 0
\par Soubor 131140.dat upraven, sestav: 1, ZNZ: 0, ZDD: 0
\par Soubor 131150.dat upraven, sestav: 1, ZNZ: 0, ZDD: 0
\par Soubor 131160.dat upraven, sestav: 1, ZNZ: 0, ZDD: 0
\par Soubor 131170.dat upraven, sestav: 1, ZNZ: 0, ZDD: 0
\par Soubor 131180.dat upraven, sestav: 1, ZNZ: 0, ZDD: 0
\par Soubor 131181.dat upraven, sestav: 1, ZNZ: 0, ZDD: 0
\par Soubor 131190.dat upraven, sestav: 1, ZNZ: 0, ZDD: 0
\par Soubor 131200.dat upraven, sestav: 1, ZNZ: 0, ZDD: 0
\par Soubor 131210.dat upraven, sestav: 1, ZNZ: 0, ZDD: 0
\par Soubor 131220.dat upraven, sestav: 1, ZNZ: 0, ZDD: 0
\par Soubor 131230.dat upraven, sestav: 1, ZNZ: 0, ZDD: 0
\par Soubor 131231.dat upraven, sestav: 1, ZNZ: 0, ZDD: 0
\par Soubor 131240.dat upraven, sestav: 1, ZNZ: 0, ZDD: 0
\par Soubor 131241.dat upraven, sestav: 1, ZNZ: 0, ZDD: 0
\par Soubor 131250.dat upraven, sestav: 1, ZNZ: 0, ZDD: 0
\par Soubor 131260.dat upraven, sestav: 1, ZNZ: 0, ZDD: 0
\par Soubor 131270.dat upraven, sestav: 1, ZNZ: 0, ZDD: 0
\par Soubor 131280.dat upraven, sestav: 1, ZNZ: 0, ZDD: 0
\par Soubor 131281.dat upraven, sestav: 1, ZNZ: 0, ZDD: 0
\par Soubor 131290.dat upraven, sestav: 1, ZNZ: 0, ZDD: 0
\par Soubor 131291.dat upraven, sestav: 1, ZNZ: 0, ZDD: 0
\par Soubor 131300.dat upraven, sestav: 1, ZNZ: 0, ZDD: 0
\par Soubor 131310.dat upraven, sestav: 1, ZNZ: 0, ZDD: 0
\par Soubor 131320.dat upraven, sestav: 1, ZNZ: 0, ZDD: 0
\par Soubor 131330.dat upraven, sestav: 1, ZNZ: 0, ZDD: 0
\par Soubor 131340.dat upraven, sestav: 1, ZNZ: 0, ZDD: 0
\par Soubor 131341.dat upraven, sestav: 1, ZNZ: 0, ZDD: 0
\par Soubor 131350.dat upraven, sestav: 1, ZNZ: 0, ZDD: 0
\par Soubor 131351.dat upraven, sestav: 1, ZNZ: 0, ZDD: 0
\par Soubor 131360.dat upraven, sestav: 1, ZNZ: 0, ZDD: 0
\par Soubor 131370.dat upraven, sestav: 1, ZNZ: 0, ZDD: 0
\par Soubor 131380.dat upraven, sestav: 1, ZNZ: 0, ZDD: 0
\par Soubor 131390.dat upraven, sestav: 1, ZNZ: 0, ZDD: 0
\par Soubor 131391.dat upraven, sestav: 1, ZNZ: 0, ZDD: 0
\par Soubor 131400.dat upraven, sestav: 1, ZNZ: 0, ZDD: 0
\par Soubor 131401.dat upraven, sestav: 1, ZNZ: 0, ZDD: 0
\par Soubor 131410.dat upraven, sestav: 1, ZNZ: 0, ZDD: 0
\par Soubor 131411.dat upraven, sestav: 1, ZNZ: 0, ZDD: 0
\par Soubor 131412.dat upraven, sestav: 1, ZNZ: 0, ZDD: 0
\par Soubor 131420.dat upraven, sestav: 1, ZNZ: 0, ZDD: 0
\par Soubor 131440.dat upraven, sestav: 1, ZNZ: 0, ZDD: 0
\par Soubor 131460.dat upraven, sestav: 1, ZNZ: 0, ZDD: 0
\par Soubor 131461.dat upraven, sestav: 1, ZNZ: 0, ZDD: 0
\par Soubor 131462.dat upraven, sestav: 1, ZNZ: 0, ZDD: 0
\par Soubor 131710.dat upraven, sestav: 1, ZNZ: 0, ZDD: 0
\par Soubor 131730.dat upraven, sestav: 1, ZNZ: 0, ZDD: 0
\par Soubor 131740.dat upraven, sestav: 1, ZNZ: 0, ZDD: 0
\par Soubor 131750.dat upraven, sestav: 1, ZNZ: 0, ZDD: 0
\par Soubor 131760.dat upraven, sestav: 1, ZNZ: 0, ZDD: 0
\par Soubor 131761.dat upraven, sestav: 1, ZNZ: 0, ZDD: 0
\par Soubor 131770.dat upraven, sestav: 1, ZNZ: 0, ZDD: 0
\par Soubor 131771.dat upraven, sestav: 1, ZNZ: 0, ZDD: 0
\par Soubor 131780.dat upraven, sestav: 1, ZNZ: 0, ZDD: 0
\par Soubor 131790.dat upraven, sestav: 1, ZNZ: 0, ZDD: 0
\par Soubor 131800.dat upraven, sestav: 1, ZNZ: 0, ZDD: 0
\par Soubor 131810.dat upraven, sestav: 1, ZNZ: 0, ZDD: 0
\par Soubor 131811.dat upraven, sestav: 1, ZNZ: 0, ZDD: 0
\par Soubor 131820.dat upraven, sestav: 1, ZNZ: 0, ZDD: 0
\par Soubor 131830.dat upraven, sestav: 1, ZNZ: 0, ZDD: 0
\par Soubor 131840.dat upraven, sestav: 1, ZNZ: 0, ZDD: 0
\par Soubor 131850.dat upraven, sestav: 1, ZNZ: 0, ZDD: 0
\par Soubor 131860.dat upraven, sestav: 1, ZNZ: 0, ZDD: 0
\par Soubor 131870.dat upraven, sestav: 1, ZNZ: 0, ZDD: 0
\par Soubor 131880.dat upraven, sestav: 1, ZNZ: 0, ZDD: 0
\par Soubor 131890.dat upraven, sestav: 1, ZNZ: 0, ZDD: 0
\par Soubor 131900.dat upraven, sestav: 1, ZNZ: 0, ZDD: 0
\par Soubor 131910.dat upraven, sestav: 1, ZNZ: 0, ZDD: 0
\par Soubor 131930.dat upraven, sestav: 1, ZNZ: 0, ZDD: 0
\par Soubor 131940.dat upraven, sestav: 1, ZNZ: 0, ZDD: 0
\par Soubor 131950.dat upraven, sestav: 1, ZNZ: 0, ZDD: 0
\par Soubor 131951.dat upraven, sestav: 1, ZNZ: 0, ZDD: 0
\par Soubor 131960.dat upraven, sestav: 1, ZNZ: 0, ZDD: 0
\par Soubor 131980.dat upraven, sestav: 1, ZNZ: 0, ZDD: 0
\par Soubor 131981.dat upraven, sestav: 1, ZNZ: 0, ZDD: 0
\par Soubor 131990.dat upraven, sestav: 1, ZNZ: 0, ZDD: 0
\par Soubor 131991.dat upraven, sestav: 1, ZNZ: 0, ZDD: 0
\par Soubor 131992.dat upraven, sestav: 1, ZNZ: 0, ZDD: 0
\par Soubor 132010.dat upraven, sestav: 1, ZNZ: 4, ZDD: 1
\par Soubor 132020.dat upraven, sestav: 1, ZNZ: 4, ZDD: 1
\par Soubor 132021.dat upraven, sestav: 1, ZNZ: 4, ZDD: 1
\par Soubor 132030.dat upraven, sestav: 1, ZNZ: 4, ZDD: 1
\par Soubor 132031.dat upraven, sestav: 1, ZNZ: 4, ZDD: 1
\par Soubor 132040.dat upraven, sestav: 1, ZNZ: 4, ZDD: 1
\par Soubor 132050.dat upraven, sestav: 1, ZNZ: 4, ZDD: 1
\par Soubor 132240.dat upraven, sestav: 1, ZNZ: 4, ZDD: 1
\par Soubor 132241.dat upraven, sestav: 1, ZNZ: 4, ZDD: 1
\par Soubor 132242.dat upraven, sestav: 1, ZNZ: 4, ZDD: 1
\par Soubor 132070.dat upraven, sestav: 1, ZNZ: 4, ZDD: 1
\par Soubor 132071.dat upraven, sestav: 1, ZNZ: 4, ZDD: 1
\par Soubor 132080.dat upraven, sestav: 1, ZNZ: 4, ZDD: 1
\par Soubor 139330.dat upraven, sestav: 1, ZNZ: 4, ZDD: 1
\par Soubor 132100.dat upraven, sestav: 1, ZNZ: 4, ZDD: 1
\par Soubor 132110.dat upraven, sestav: 1, ZNZ: 4, ZDD: 1
\par Soubor 132120.dat upraven, sestav: 1, ZNZ: 4, ZDD: 1
\par Soubor 132121.dat upraven, sestav: 1, ZNZ: 4, ZDD: 1
\par Soubor 132160.dat upraven, sestav: 1, ZNZ: 4, ZDD: 1
\par Soubor 132161.dat upraven, sestav: 1, ZNZ: 4, ZDD: 1
\par Soubor 139350.dat upraven, sestav: 1, ZNZ: 4, ZDD: 1
\par Soubor 139390.dat upraven, sestav: 1, ZNZ: 4, ZDD: 1
\par Soubor 132170.dat upraven, sestav: 1, ZNZ: 4, ZDD: 1
\par Soubor 132180.dat upraven, sestav: 1, ZNZ: 4, ZDD: 1
\par Soubor 139310.dat upraven, sestav: 1, ZNZ: 4, ZDD: 1
\par Soubor 132200.dat upraven, sestav: 1, ZNZ: 4, ZDD: 1
\par Soubor 132210.dat upraven, sestav: 1, ZNZ: 4, ZDD: 1
\par Soubor 132220.dat upraven, sestav: 1, ZNZ: 4, ZDD: 1
\par Soubor 132221.dat upraven, sestav: 1, ZNZ: 4, ZDD: 1
\par Soubor 132222.dat upraven, sestav: 1, ZNZ: 4, ZDD: 1
\par Soubor 139370.dat upraven, sestav: 1, ZNZ: 4, ZDD: 1
\par Soubor 132250.dat upraven, sestav: 1, ZNZ: 4, ZDD: 1
\par Soubor 132260.dat upraven, sestav: 1, ZNZ: 4, ZDD: 1
\par Soubor 132270.dat upraven, sestav: 1, ZNZ: 4, ZDD: 1
\par Soubor 132280.dat upraven, sestav: 1, ZNZ: 4, ZDD: 1
\par Soubor 132290.dat upraven, sestav: 1, ZNZ: 4, ZDD: 1
\par Soubor 132300.dat upraven, sestav: 1, ZNZ: 4, ZDD: 1
\par Soubor 132301.dat upraven, sestav: 1, ZNZ: 4, ZDD: 1
\par Soubor 133000.dat upraven, sestav: 2, ZNZ: 5, ZDD: 0
\par Soubor 133010.dat upraven, sestav: 1, ZNZ: 5, ZDD: 0
\par Soubor 133011.dat upraven, sestav: 1, ZNZ: 5, ZDD: 0
\par Soubor 133012.dat upraven, sestav: 1, ZNZ: 5, ZDD: 0
\par Soubor 133020.dat upraven, sestav: 1, ZNZ: 5, ZDD: 0
\par Soubor 133030.dat upraven, sestav: 2, ZNZ: 5, ZDD: 0
\par Soubor 133031.dat upraven, sestav: 1, ZNZ: 5, ZDD: 0
\par Soubor 133041.dat upraven, sestav: 1, ZNZ: 5, ZDD: 0
\par Soubor 133050.dat upraven, sestav: 1, ZNZ: 4, ZDD: 0
\par Soubor 133053.dat upraven, sestav: 1, ZNZ: 5, ZDD: 0
\par Soubor 133060.dat upraven, sestav: 1, ZNZ: 5, ZDD: 0
\par Soubor 133070.dat upraven, sestav: 1, ZNZ: 4, ZDD: 0
\par Soubor 133072.dat upraven, sestav: 1, ZNZ: 5, ZDD: 0
\par Soubor 133080.dat upraven, sestav: 1, ZNZ: 5, ZDD: 0
\par Soubor 133090.dat upraven, sestav: 1, ZNZ: 4, ZDD: 0
\par Soubor 133091.dat upraven, sestav: 1, ZNZ: 4, ZDD: 0
\par Soubor 133092.dat upraven, sestav: 1, ZNZ: 5, ZDD: 0
\par Soubor 133100.dat upraven, sestav: 2, ZNZ: 5, ZDD: 0
\par Soubor 133110.dat upraven, sestav: 1, ZNZ: 5, ZDD: 0
\par Soubor 133111.dat upraven, sestav: 1, ZNZ: 5, ZDD: 0
\par Soubor 133120.dat upraven, sestav: 1, ZNZ: 5, ZDD: 0
\par Soubor 133121.dat upraven, sestav: 1, ZNZ: 5, ZDD: 0
\par Soubor 133130.dat upraven, sestav: 2, ZNZ: 5, ZDD: 0
\par Soubor 133140.dat upraven, sestav: 1, ZNZ: 5, ZDD: 0
\par Soubor 133141.dat upraven, sestav: 1, ZNZ: 5, ZDD: 0
\par Soubor 133142.dat upraven, sestav: 1, ZNZ: 5, ZDD: 0
\par Soubor 133150.dat upraven, sestav: 1, ZNZ: 1, ZDD: 0
\par Soubor 133151.dat upraven, sestav: 1, ZNZ: 5, ZDD: 0
\par Soubor 133152.dat upraven, sestav: 1, ZNZ: 5, ZDD: 0
\par Soubor 133154.dat upraven, sestav: 1, ZNZ: 5, ZDD: 0
\par Soubor 133160.dat upraven, sestav: 1, ZNZ: 5, ZDD: 0
\par Soubor 133200.dat upraven, sestav: 1, ZNZ: 4, ZDD: 0
\par Soubor 133210.dat upraven, sestav: 1, ZNZ: 1, ZDD: 0
\par Soubor 133211.dat upraven, sestav: 1, ZNZ: 4, ZDD: 0
\par Soubor 133220.dat upraven, sestav: 1, ZNZ: 4, ZDD: 0
\par Soubor 133230.dat upraven, sestav: 1, ZNZ: 4, ZDD: 0
\par Soubor 133240.dat upraven, sestav: 1, ZNZ: 4, ZDD: 0
\par Soubor 133250.dat upraven, sestav: 1, ZNZ: 4, ZDD: 0
\par Soubor 133260.dat upraven, sestav: 1, ZNZ: 4, ZDD: 0
\par Soubor 133270.dat upraven, sestav: 1, ZNZ: 4, ZDD: 0
\par Soubor 133271.dat upraven, sestav: 1, ZNZ: 4, ZDD: 0
\par Soubor 133280.dat upraven, sestav: 2, ZNZ: 4, ZDD: 0
\par Soubor 133281.dat upraven, sestav: 2, ZNZ: 4, ZDD: 0
\par Soubor 133300.dat upraven, sestav: 1, ZNZ: 4, ZDD: 0
\par Soubor 133340.dat upraven, sestav: 1, ZNZ: 4, ZDD: 0
\par Soubor 133400.dat upraven, sestav: 1, ZNZ: 1, ZDD: 0
\par Soubor 133410.dat upraven, sestav: 1, ZNZ: 1, ZDD: 0
\par Soubor 133411.dat upraven, sestav: 1, ZNZ: 1, ZDD: 0
\par Soubor 133420.dat upraven, sestav: 1, ZNZ: 1, ZDD: 0
\par Soubor 133430.dat upraven, sestav: 1, ZNZ: 1, ZDD: 0
\par Soubor 133440.dat upraven, sestav: 1, ZNZ: 1, ZDD: 0
\par Soubor 133450.dat upraven, sestav: 1, ZNZ: 1, ZDD: 0
\par Soubor 133460.dat upraven, sestav: 1, ZNZ: 1, ZDD: 0
\par Soubor 133510.dat upraven, sestav: 1, ZNZ: 1, ZDD: 0
\par Soubor 133540.dat upraven, sestav: 1, ZNZ: 1, ZDD: 0
\par Soubor 133550.dat upraven, sestav: 1, ZNZ: 1, ZDD: 0
\par Soubor 133560.dat upraven, sestav: 1, ZNZ: 1, ZDD: 0
\par Soubor 133570.dat upraven, sestav: 1, ZNZ: 1, ZDD: 0
\par Soubor 133580.dat upraven, sestav: 1, ZNZ: 1, ZDD: 0
\par Soubor 133590.dat upraven, sestav: 1, ZNZ: 1, ZDD: 0
\par Soubor 133600.dat upraven, sestav: 1, ZNZ: 1, ZDD: 0
\par Soubor 133610.dat upraven, sestav: 1, ZNZ: 1, ZDD: 0
\par Soubor 133620.dat upraven, sestav: 1, ZNZ: 1, ZDD: 0
\par Soubor 133630.dat upraven, sestav: 1, ZNZ: 1, ZDD: 0
\par Soubor 133640.dat upraven, sestav: 1, ZNZ: 1, ZDD: 0
\par Soubor 133650.dat upraven, sestav: 1, ZNZ: 1, ZDD: 0
\par Soubor 133660.dat upraven, sestav: 1, ZNZ: 1, ZDD: 0
\par Soubor 133670.dat upraven, sestav: 1, ZNZ: 1, ZDD: 0
\par Soubor 133680.dat upraven, sestav: 1, ZNZ: 1, ZDD: 0
\par Soubor 133690.dat upraven, sestav: 1, ZNZ: 1, ZDD: 0
\par Soubor 133700.dat upraven, sestav: 1, ZNZ: 1, ZDD: 0
\par Soubor 133710.dat upraven, sestav: 1, ZNZ: 1, ZDD: 0
\par Soubor 133720.dat upraven, sestav: 1, ZNZ: 1, ZDD: 0
\par Soubor 133730.dat upraven, sestav: 1, ZNZ: 1, ZDD: 0
\par Soubor 133740.dat upraven, sestav: 1, ZNZ: 1, ZDD: 0
\par Soubor 133750.dat upraven, sestav: 1, ZNZ: 1, ZDD: 0
\par Soubor 133760.dat upraven, sestav: 1, ZNZ: 1, ZDD: 0
\par Soubor 133770.dat upraven, sestav: 1, ZNZ: 1, ZDD: 0
\par Soubor 133780.dat upraven, sestav: 1, ZNZ: 1, ZDD: 0
\par Soubor 133790.dat upraven, sestav: 1, ZNZ: 1, ZDD: 0
\par Soubor 133800.dat upraven, sestav: 1, ZNZ: 1, ZDD: 0
\par Soubor 133810.dat upraven, sestav: 1, ZNZ: 1, ZDD: 0
\par Soubor 133820.dat upraven, sestav: 1, ZNZ: 1, ZDD: 0
\par Soubor 133830.dat upraven, sestav: 1, ZNZ: 1, ZDD: 0
\par Soubor 133840.dat upraven, sestav: 1, ZNZ: 1, ZDD: 0
\par Soubor 133850.dat upraven, sestav: 1, ZNZ: 1, ZDD: 0
\par Soubor 133860.dat upraven, sestav: 1, ZNZ: 1, ZDD: 0
\par Soubor 139010.dat upraven, sestav: 1, ZNZ: 5, ZDD: 0
\par Soubor 139020.dat upraven, sestav: 1, ZNZ: 5, ZDD: 0
\par Soubor 139030.dat upraven, sestav: 1, ZNZ: 5, ZDD: 0
\par Soubor 139040.dat upraven, sestav: 1, ZNZ: 5, ZDD: 0
\par Soubor 139050.dat upraven, sestav: 1, ZNZ: 5, ZDD: 0
\par Soubor 139060.dat upraven, sestav: 1, ZNZ: 5, ZDD: 0
\par Soubor 139061.dat upraven, sestav: 1, ZNZ: 7, ZDD: 0
\par Soubor 139080.dat upraven, sestav: 1, ZNZ: 5, ZDD: 0
\par Soubor 139090.dat upraven, sestav: 1, ZNZ: 5, ZDD: 0
\par Soubor 139100.dat upraven, sestav: 1, ZNZ: 5, ZDD: 0
\par Soubor 139110.dat upraven, sestav: 1, ZNZ: 5, ZDD: 0
\par Soubor 139120.dat upraven, sestav: 3, ZNZ: 8, ZDD: 0
\par Soubor 139121.dat upraven, sestav: 1, ZNZ: 8, ZDD: 0
\par Soubor 139122.dat upraven, sestav: 1, ZNZ: 8, ZDD: 0
\par Soubor 139230.dat upraven, sestav: 1, ZNZ: 5, ZDD: 0
\par Soubor 139140.dat upraven, sestav: 1, ZNZ: 7, ZDD: 0
\par Soubor 139141.dat upraven, sestav: 1, ZNZ: 7, ZDD: 0
\par Soubor 139150.dat upraven, sestav: 1, ZNZ: 8, ZDD: 0
\par Soubor 139160.dat upraven, sestav: 1, ZNZ: 5, ZDD: 0
\par Soubor 139161.dat upraven, sestav: 1, ZNZ: 7, ZDD: 0
\par Soubor 139290.dat upraven, sestav: 1, ZNZ: 8, ZDD: 0
\par Soubor 139180.dat upraven, sestav: 1, ZNZ: 5, ZDD: 0
\par Soubor 139270.dat upraven, sestav: 3, ZNZ: 7, ZDD: 0
\par Soubor 139271.dat upraven, sestav: 1, ZNZ: 7, ZDD: 0
\par Soubor 142000.dat upraven, sestav: 1, ZNZ: 10, ZDD: 0
\par Soubor 142010.dat upraven, sestav: 1, ZNZ: 10, ZDD: 0
\par Soubor 142011.dat upraven, sestav: 1, ZNZ: 10, ZDD: 0
\par Soubor 142020.dat upraven, sestav: 1, ZNZ: 10, ZDD: 0
\par Soubor 142021.dat upraven, sestav: 1, ZNZ: 10, ZDD: 0
\par Soubor 142870.dat upraven, sestav: 1, ZNZ: 10, ZDD: 0
\par Soubor 142040.dat upraven, sestav: 1, ZNZ: 10, ZDD: 0
\par Soubor 142050.dat upraven, sestav: 1, ZNZ: 10, ZDD: 0
\par Soubor 142860.dat upraven, sestav: 1, ZNZ: 10, ZDD: 0
\par Soubor 142861.dat upraven, sestav: 1, ZNZ: 10, ZDD: 0
\par Soubor 142070.dat upraven, sestav: 1, ZNZ: 11, ZDD: 0
\par Soubor 142080.dat upraven, sestav: 1, ZNZ: 10, ZDD: 0
\par Soubor 142890.dat upraven, sestav: 1, ZNZ: 10, ZDD: 0
\par Soubor 142100.dat upraven, sestav: 1, ZNZ: 10, ZDD: 0
\par Soubor 142120.dat upraven, sestav: 1, ZNZ: 10, ZDD: 0
\par Soubor 142130.dat upraven, sestav: 1, ZNZ: 10, ZDD: 0
\par Soubor 142131.dat upraven, sestav: 1, ZNZ: 10, ZDD: 0
\par Soubor 142840.dat upraven, sestav: 1, ZNZ: 11, ZDD: 0
\par Soubor 142841.dat upraven, sestav: 1, ZNZ: 11, ZDD: 0
\par Soubor 142150.dat upraven, sestav: 1, ZNZ: 10, ZDD: 0
\par Soubor 142160.dat upraven, sestav: 1, ZNZ: 10, ZDD: 0
\par Soubor 142170.dat upraven, sestav: 1, ZNZ: 10, ZDD: 0
\par Soubor 142180.dat upraven, sestav: 1, ZNZ: 10, ZDD: 0
\par Soubor 142190.dat upraven, sestav: 1, ZNZ: 10, ZDD: 0
\par Soubor 142200.dat upraven, sestav: 1, ZNZ: 10, ZDD: 0
\par Soubor 142210.dat upraven, sestav: 1, ZNZ: 10, ZDD: 0
\par Soubor 142220.dat upraven, sestav: 1, ZNZ: 10, ZDD: 0
\par Soubor 142230.dat upraven, sestav: 2, ZNZ: 10, ZDD: 0
\par Soubor 142231.dat upraven, sestav: 1, ZNZ: 10, ZDD: 0
\par Soubor 142240.dat upraven, sestav: 1, ZNZ: 10, ZDD: 0
\par Soubor 142241.dat upraven, sestav: 1, ZNZ: 11, ZDD: 0
\par Soubor 142250.dat upraven, sestav: 1, ZNZ: 10, ZDD: 0
\par Soubor 142260.dat upraven, sestav: 1, ZNZ: 10, ZDD: 0
\par Soubor 142270.dat upraven, sestav: 1, ZNZ: 10, ZDD: 0
\par Soubor 142280.dat upraven, sestav: 1, ZNZ: 10, ZDD: 0
\par Soubor 142290.dat upraven, sestav: 1, ZNZ: 10, ZDD: 0
\par Soubor 142291.dat upraven, sestav: 1, ZNZ: 11, ZDD: 0
\par Soubor 142300.dat upraven, sestav: 1, ZNZ: 10, ZDD: 0
\par Soubor 142301.dat upraven, sestav: 1, ZNZ: 11, ZDD: 0
\par Soubor 142310.dat upraven, sestav: 1, ZNZ: 10, ZDD: 0
\par Soubor 142320.dat upraven, sestav: 1, ZNZ: 10, ZDD: 0
\par Soubor 142330.dat upraven, sestav: 1, ZNZ: 10, ZDD: 0
\par Soubor 142340.dat upraven, sestav: 1, ZNZ: 10, ZDD: 0
\par Soubor 142350.dat upraven, sestav: 1, ZNZ: 10, ZDD: 0
\par Soubor 142360.dat upraven, sestav: 1, ZNZ: 10, ZDD: 0
\par Soubor 142370.dat upraven, sestav: 1, ZNZ: 10, ZDD: 0
\par Soubor 142371.dat upraven, sestav: 1, ZNZ: 11, ZDD: 0
\par Soubor 142380.dat upraven, sestav: 1, ZNZ: 10, ZDD: 0
\par Soubor 142381.dat upraven, sestav: 1, ZNZ: 11, ZDD: 0
\par Soubor 142390.dat upraven, sestav: 1, ZNZ: 10, ZDD: 0
\par Soubor 142400.dat upraven, sestav: 1, ZNZ: 10, ZDD: 0
\par Soubor 142410.dat upraven, sestav: 1, ZNZ: 10, ZDD: 0
\par Soubor 142420.dat upraven, sestav: 1, ZNZ: 10, ZDD: 0
\par Soubor 142421.dat upraven, sestav: 1, ZNZ: 10, ZDD: 0
\par Soubor 142422.dat upraven, sestav: 1, ZNZ: 10, ZDD: 0
\par Soubor 142430.dat upraven, sestav: 1, ZNZ: 10, ZDD: 0
\par Soubor 142540.dat upraven, sestav: 1, ZNZ: 10, ZDD: 0
\par Soubor 142770.dat upraven, sestav: 1, ZNZ: 10, ZDD: 0
\par Soubor 142800.dat upraven, sestav: 1, ZNZ: 10, ZDD: 0
\par Soubor 142470.dat upraven, sestav: 1, ZNZ: 9, ZDD: 0
\par Soubor 142760.dat upraven, sestav: 1, ZNZ: 10, ZDD: 0
\par Soubor 142490.dat upraven, sestav: 1, ZNZ: 10, ZDD: 0
\par Soubor 142500.dat upraven, sestav: 1, ZNZ: 13, ZDD: 0
\par Soubor 142510.dat upraven, sestav: 1, ZNZ: 11, ZDD: 0
\par Soubor 142511.dat upraven, sestav: 1, ZNZ: 11, ZDD: 0
\par Soubor 142512.dat upraven, sestav: 1, ZNZ: 11, ZDD: 0
\par Soubor 142520.dat upraven, sestav: 1, ZNZ: 10, ZDD: 0
\par Soubor 142521.dat upraven, sestav: 1, ZNZ: 10, ZDD: 0
\par Soubor 142522.dat upraven, sestav: 1, ZNZ: 10, ZDD: 0
\par Soubor 142523.dat upraven, sestav: 1, ZNZ: 10, ZDD: 0
\par Soubor 142620.dat upraven, sestav: 1, ZNZ: 5, ZDD: 0
\par Soubor 142630.dat upraven, sestav: 1, ZNZ: 6, ZDD: 0
\par Soubor 142640.dat upraven, sestav: 1, ZNZ: 5, ZDD: 0
\par Soubor 142740.dat upraven, sestav: 1, ZNZ: 11, ZDD: 0
\par Soubor 142741.dat upraven, sestav: 1, ZNZ: 11, ZDD: 0
\par Soubor 142742.dat upraven, sestav: 1, ZNZ: 11, ZDD: 0
\par Soubor 142730.dat upraven, sestav: 1, ZNZ: 10, ZDD: 0
\par Soubor 142731.dat upraven, sestav: 1, ZNZ: 11, ZDD: 0
\par Soubor 142750.dat upraven, sestav: 1, ZNZ: 10, ZDD: 0
\par Soubor 142700.dat upraven, sestav: 1, ZNZ: 6, ZDD: 0
\par Soubor 142710.dat upraven, sestav: 1, ZNZ: 5, ZDD: 0
\par Soubor 142780.dat upraven, sestav: 1, ZNZ: 5, ZDD: 0
\par Soubor 142820.dat upraven, sestav: 1, ZNZ: 5, ZDD: 0
\par Soubor 142830.dat upraven, sestav: 1, ZNZ: 3, ZDD: 0
\par Soubor 142850.dat upraven, sestav: 1, ZNZ: 10, ZDD: 0
\par Soubor 142851.dat upraven, sestav: 1, ZNZ: 13, ZDD: 0
\par Soubor 219600.dat upraven, sestav: 1, ZNZ: 0, ZDD: 0
\par Soubor 219610.dat upraven, sestav: 1, ZNZ: 0, ZDD: 0
\par Soubor 219620.dat upraven, sestav: 1, ZNZ: 0, ZDD: 0
\par Soubor 219630.dat upraven, sestav: 1, ZNZ: 0, ZDD: 0
\par Soubor 219640.dat upraven, sestav: 1, ZNZ: 0, ZDD: 0
\par Soubor 219650.dat upraven, sestav: 1, ZNZ: 0, ZDD: 0
\par Soubor 219651.dat upraven, sestav: 1, ZNZ: 0, ZDD: 0
\par Soubor 219660.dat upraven, sestav: 1, ZNZ: 0, ZDD: 0
\par Soubor 219690.dat upraven, sestav: 1, ZNZ: 0, ZDD: 0
\par Soubor 219691.dat upraven, sestav: 1, ZNZ: 0, ZDD: 0
\par Soubor 219692.dat upraven, sestav: 1, ZNZ: 0, ZDD: 0
\par Soubor 219710.dat upraven, sestav: 1, ZNZ: 0, ZDD: 0
\par Soubor 219711.dat upraven, sestav: 1, ZNZ: 0, ZDD: 0
\par Soubor 219712.dat upraven, sestav: 1, ZNZ: 0, ZDD: 0
\par Soubor 219713.dat upraven, sestav: 1, ZNZ: 0, ZDD: 0
\par Soubor 219714.dat upraven, sestav: 1, ZNZ: 0, ZDD: 0
\par Soubor 219740.dat upraven, sestav: 1, ZNZ: 0, ZDD: 0
\par Soubor 219741.dat upraven, sestav: 1, ZNZ: 0, ZDD: 0
\par Soubor 219742.dat upraven, sestav: 1, ZNZ: 0, ZDD: 0
\par Soubor 219743.dat upraven, sestav: 1, ZNZ: 0, ZDD: 0
\par Soubor 219744.dat upraven, sestav: 1, ZNZ: 0, ZDD: 0
\par Soubor 219760.dat upraven, sestav: 1, ZNZ: 0, ZDD: 0
\par Soubor 219761.dat upraven, sestav: 1, ZNZ: 0, ZDD: 0
\par Soubor 219762.dat upraven, sestav: 1, ZNZ: 0, ZDD: 0
\par Soubor 231000.dat upraven, sestav: 1, ZNZ: 3, ZDD: 0
\par Soubor 231010.dat upraven, sestav: 1, ZNZ: 2, ZDD: 1
\par Soubor 231011.dat upraven, sestav: 1, ZNZ: 3, ZDD: 1
\par Soubor 231020.dat upraven, sestav: 2, ZNZ: 3, ZDD: 2
\par Soubor 231021.dat upraven, sestav: 1, ZNZ: 3, ZDD: 2
\par Soubor 231030.dat upraven, sestav: 1, ZNZ: 1, ZDD: 0
\par Soubor 231031.dat upraven, sestav: 2, ZNZ: 3, ZDD: 1
\par Soubor 231040.dat upraven, sestav: 2, ZNZ: 3, ZDD: 1
\par Soubor 231050.dat upraven, sestav: 1, ZNZ: 2, ZDD: 1
\par Soubor 231051.dat upraven, sestav: 1, ZNZ: 2, ZDD: 1
\par Soubor 231060.dat upraven, sestav: 1, ZNZ: 3, ZDD: 1
\par Soubor 231070.dat upraven, sestav: 1, ZNZ: 2, ZDD: 1
\par Soubor 231071.dat upraven, sestav: 1, ZNZ: 3, ZDD: 1
\par Soubor 231080.dat upraven, sestav: 1, ZNZ: 3, ZDD: 1
\par Soubor 231090.dat upraven, sestav: 1, ZNZ: 3, ZDD: 1
\par Soubor 231091.dat upraven, sestav: 1, ZNZ: 3, ZDD: 1
\par Soubor 231100.dat upraven, sestav: 1, ZNZ: 1, ZDD: 0
\par Soubor 231101.dat upraven, sestav: 1, ZNZ: 3, ZDD: 2
\par Soubor 231110.dat upraven, sestav: 1, ZNZ: 3, ZDD: 1
\par Soubor 231120.dat upraven, sestav: 1, ZNZ: 3, ZDD: 1
\par Soubor 231130.dat upraven, sestav: 1, ZNZ: 3, ZDD: 1
\par Soubor 231140.dat upraven, sestav: 1, ZNZ: 2, ZDD: 1
\par Soubor 231141.dat upraven, sestav: 1, ZNZ: 3, ZDD: 1
\par Soubor 231150.dat upraven, sestav: 1, ZNZ: 3, ZDD: 1
\par Soubor 231160.dat upraven, sestav: 1, ZNZ: 3, ZDD: 1
\par Soubor 231170.dat upraven, sestav: 1, ZNZ: 3, ZDD: 1
\par Soubor 231180.dat upraven, sestav: 1, ZNZ: 1, ZDD: 0
\par Soubor 231181.dat upraven, sestav: 1, ZNZ: 3, ZDD: 1
\par Soubor 231190.dat upraven, sestav: 1, ZNZ: 1, ZDD: 0
\par Soubor 231191.dat upraven, sestav: 1, ZNZ: 3, ZDD: 0
\par Soubor 231200.dat upraven, sestav: 1, ZNZ: 3, ZDD: 1
\par Soubor 231210.dat upraven, sestav: 1, ZNZ: 3, ZDD: 1
\par Soubor 231220.dat upraven, sestav: 1, ZNZ: 1, ZDD: 0
\par Soubor 231221.dat upraven, sestav: 1, ZNZ: 3, ZDD: 1
\par Soubor 231230.dat upraven, sestav: 1, ZNZ: 3, ZDD: 0
\par Soubor 231231.dat upraven, sestav: 2, ZNZ: 3, ZDD: 0
\par Soubor 231240.dat upraven, sestav: 1, ZNZ: 3, ZDD: 1
\par Soubor 231250.dat upraven, sestav: 2, ZNZ: 3, ZDD: 0
\par Soubor 231260.dat upraven, sestav: 2, ZNZ: 3, ZDD: 1
\par Soubor 231261.dat upraven, sestav: 1, ZNZ: 3, ZDD: 1
\par Soubor 231270.dat upraven, sestav: 1, ZNZ: 3, ZDD: 0
\par Soubor 231280.dat upraven, sestav: 2, ZNZ: 3, ZDD: 1
\par Soubor 231300.dat upraven, sestav: 1, ZNZ: 3, ZDD: 0
\par Soubor 231410.dat upraven, sestav: 1, ZNZ: 2, ZDD: 0
\par Soubor 231411.dat upraven, sestav: 1, ZNZ: 2, ZDD: 0
\par Soubor 231430.dat upraven, sestav: 1, ZNZ: 2, ZDD: 0
\par Soubor 231431.dat upraven, sestav: 1, ZNZ: 2, ZDD: 0
\par Soubor 231432.dat upraven, sestav: 1, ZNZ: 2, ZDD: 0
\par Soubor 231460.dat upraven, sestav: 1, ZNZ: 2, ZDD: 0
\par Soubor 231461.dat upraven, sestav: 1, ZNZ: 2, ZDD: 0
\par Soubor 231480.dat upraven, sestav: 1, ZNZ: 2, ZDD: 1
\par Soubor 231481.dat upraven, sestav: 1, ZNZ: 2, ZDD: 1
\par Soubor 231510.dat upraven, sestav: 1, ZNZ: 1, ZDD: 0
\par Soubor 231520.dat upraven, sestav: 1, ZNZ: 1, ZDD: 0
\par Soubor 231530.dat upraven, sestav: 1, ZNZ: 1, ZDD: 0
\par Soubor 231550.dat upraven, sestav: 1, ZNZ: 1, ZDD: 0
\par Soubor 231551.dat upraven, sestav: 1, ZNZ: 1, ZDD: 0
\par Soubor 231570.dat upraven, sestav: 1, ZNZ: 1, ZDD: 0
\par Soubor 233000.dat upraven, sestav: 1, ZNZ: 2, ZDD: 0
\par Soubor 233010.dat upraven, sestav: 1, ZNZ: 1, ZDD: 0
\par Soubor 233020.dat upraven, sestav: 1, ZNZ: 2, ZDD: 0
\par Soubor 233030.dat upraven, sestav: 1, ZNZ: 1, ZDD: 0
\par Soubor 233040.dat upraven, sestav: 1, ZNZ: 2, ZDD: 0
\par Soubor 233050.dat upraven, sestav: 1, ZNZ: 1, ZDD: 0
\par Soubor 233060.dat upraven, sestav: 1, ZNZ: 1, ZDD: 0
\par Soubor 233070.dat upraven, sestav: 1, ZNZ: 1, ZDD: 0
\par Soubor 233080.dat upraven, sestav: 1, ZNZ: 1, ZDD: 0
\par Soubor 233090.dat upraven, sestav: 1, ZNZ: 1, ZDD: 0
\par Soubor 233091.dat upraven, sestav: 1, ZNZ: 1, ZDD: 0
\par Soubor 233100.dat upraven, sestav: 1, ZNZ: 1, ZDD: 0
\par Soubor 233110.dat upraven, sestav: 1, ZNZ: 1, ZDD: 0
\par Soubor 233120.dat upraven, sestav: 1, ZNZ: 1, ZDD: 0
\par Soubor 233130.dat upraven, sestav: 1, ZNZ: 1, ZDD: 0
\par Soubor 233140.dat upraven, sestav: 1, ZNZ: 1, ZDD: 0
\par Soubor 233141.dat upraven, sestav: 1, ZNZ: 1, ZDD: 0
\par Soubor 233150.dat upraven, sestav: 1, ZNZ: 1, ZDD: 0
\par Soubor 233160.dat upraven, sestav: 1, ZNZ: 1, ZDD: 0
\par Soubor 233170.dat upraven, sestav: 1, ZNZ: 1, ZDD: 0
\par Soubor 233180.dat upraven, sestav: 1, ZNZ: 1, ZDD: 0
\par Soubor 233181.dat upraven, sestav: 1, ZNZ: 1, ZDD: 0
\par Soubor 233190.dat upraven, sestav: 1, ZNZ: 1, ZDD: 0
\par Soubor 233200.dat upraven, sestav: 1, ZNZ: 1, ZDD: 0
\par Soubor 233210.dat upraven, sestav: 1, ZNZ: 1, ZDD: 0
\par Soubor 233220.dat upraven, sestav: 1, ZNZ: 1, ZDD: 0
\par Soubor 233230.dat upraven, sestav: 1, ZNZ: 1, ZDD: 0
\par Soubor 233240.dat upraven, sestav: 1, ZNZ: 1, ZDD: 0
\par Soubor 233250.dat upraven, sestav: 1, ZNZ: 1, ZDD: 0
\par Soubor 233260.dat upraven, sestav: 1, ZNZ: 1, ZDD: 0
\par Soubor 233270.dat upraven, sestav: 1, ZNZ: 1, ZDD: 0
\par Soubor 233280.dat upraven, sestav: 1, ZNZ: 1, ZDD: 0
\par Soubor 233290.dat upraven, sestav: 1, ZNZ: 1, ZDD: 0
\par Soubor 233300.dat upraven, sestav: 1, ZNZ: 2, ZDD: 0
\par Soubor 233310.dat upraven, sestav: 1, ZNZ: 1, ZDD: 0
\par Soubor 233320.dat upraven, sestav: 1, ZNZ: 2, ZDD: 0
\par Soubor 233330.dat upraven, sestav: 1, ZNZ: 1, ZDD: 0
\par Soubor 233520.dat upraven, sestav: 1, ZNZ: 2, ZDD: 0
\par Soubor 233530.dat upraven, sestav: 1, ZNZ: 2, ZDD: 0
\par Soubor 233540.dat upraven, sestav: 1, ZNZ: 2, ZDD: 0
\par Soubor 233550.dat upraven, sestav: 1, ZNZ: 2, ZDD: 0
\par Soubor 233560.dat upraven, sestav: 1, ZNZ: 2, ZDD: 0
\par Soubor 233570.dat upraven, sestav: 1, ZNZ: 2, ZDD: 0
\par Soubor 233580.dat upraven, sestav: 1, ZNZ: 2, ZDD: 0
\par Soubor 233590.dat upraven, sestav: 1, ZNZ: 2, ZDD: 0
\par Soubor 233600.dat upraven, sestav: 1, ZNZ: 2, ZDD: 0
\par Soubor 233610.dat upraven, sestav: 1, ZNZ: 2, ZDD: 0
\par Soubor 233620.dat upraven, sestav: 1, ZNZ: 2, ZDD: 0
\par Soubor 233630.dat upraven, sestav: 1, ZNZ: 2, ZDD: 0
\par Soubor 233640.dat upraven, sestav: 1, ZNZ: 2, ZDD: 0
\par Soubor 233641.dat upraven, sestav: 1, ZNZ: 2, ZDD: 0
\par Soubor 233650.dat upraven, sestav: 1, ZNZ: 2, ZDD: 0
\par Soubor 233660.dat upraven, sestav: 1, ZNZ: 2, ZDD: 0
\par Soubor 233670.dat upraven, sestav: 1, ZNZ: 2, ZDD: 0
\par Soubor 233680.dat upraven, sestav: 1, ZNZ: 2, ZDD: 0
\par Soubor 233681.dat upraven, sestav: 1, ZNZ: 2, ZDD: 0
\par Soubor 233690.dat upraven, sestav: 1, ZNZ: 2, ZDD: 0
\par Soubor 233700.dat upraven, sestav: 1, ZNZ: 2, ZDD: 0
\par Soubor 233710.dat upraven, sestav: 1, ZNZ: 2, ZDD: 0
\par Soubor 233720.dat upraven, sestav: 1, ZNZ: 2, ZDD: 0
\par Soubor 233730.dat upraven, sestav: 1, ZNZ: 2, ZDD: 0
\par Soubor 233740.dat upraven, sestav: 1, ZNZ: 2, ZDD: 0
\par Soubor 233750.dat upraven, sestav: 1, ZNZ: 2, ZDD: 0
\par Soubor 233751.dat upraven, sestav: 1, ZNZ: 2, ZDD: 0
\par Soubor 233752.dat upraven, sestav: 1, ZNZ: 2, ZDD: 0
\par Soubor 39050.dat upraven, sestav: 1, ZNZ: 3, ZDD: 0
\par Soubor 108000.dat upraven, sestav: 1, ZNZ: 0, ZDD: 1
\par Soubor 108010.dat upraven, sestav: 1, ZNZ: 0, ZDD: 1
\par Soubor skupina.dat upraven.
\par Kop\f1\'edrov\'e1n\'ed soubor\f2\'f9 do c\'edlov\'e9ho adres\'e1\'f8e
\par \f0 Maz\f1\'e1n\'ed do\f2\'e8asn\'fdch soubor\'f9
\par \cf2\f0 
\par Generov\f1\'e1n\'ed dat dokon\f2\'e8eno. \'c8as: 20:00:07
\par \f0 
\par }
 