13.10.2023 19:03:04.814: Mažu nepoužitý kalendář 31-prosinec!
13.10.2023 19:03:04.817: Mažu nepoužitý kalendář prazdniny!
13.10.2023 19:03:04.818: Mažu nepoužitý kalendář 2023-06-11/2023-09-02!
13.10.2023 19:03:04.818: Mažu nepoužitý kalendář 2023-09-03/2023-12-09!
13.10.2023 19:03:04.818: Mažu nepoužitý kalendář 2023-06-11/2023-08-27!
13.10.2023 19:03:04.818: Mažu nepoužitý kalendář 2023-06-12/2023-09-02!
13.10.2023 19:03:04.818: Mažu nepoužitý kalendář 2023-09-03/2023-12-03!
13.10.2023 19:03:04.818: Mažu nepoužitý kalendář 2023-09-04/2023-12-09!
13.10.2023 19:03:04.818: Mažu nepoužitý kalendář 2023-06-17/2023-09-02!
13.10.2023 19:03:04.818: Mažu nepoužitý kalendář 2023-09-30/2023-09-30!
13.10.2023 19:03:04.819: Mažu nepoužitý kalendář 2023-06-16/2023-09-01!
13.10.2023 19:03:04.819: Mažu nepoužitý kalendář 2023-09-29/2023-09-29!
13.10.2023 19:03:04.819: Mažu nepoužitý kalendář 2023-06-12/2023-08-31!
13.10.2023 19:03:04.819: Mažu nepoužitý kalendář 2023-09-29/2023-09-30!
13.10.2023 19:03:04.819: Mažu nepoužitý kalendář 2023-07-08/2023-07-08!
13.10.2023 19:03:04.819: Mažu nepoužitý kalendář 2023-09-09/2023-12-09!
13.10.2023 19:03:04.819: Mažu nepoužitý kalendář 2023-07-07/2023-07-07!
13.10.2023 19:03:04.819: Mažu nepoužitý kalendář 2023-09-08/2023-12-08!
13.10.2023 19:03:04.819: Mažu nepoužitý kalendář 2023-09-04/2023-12-07!
13.10.2023 19:03:04.819: Mažu nepoužitý kalendář 2023-07-07/2023-07-08!
13.10.2023 19:03:04.819: Mažu nepoužitý kalendář 2023-06-11/2023-07-06!
13.10.2023 19:03:04.819: Mažu nepoužitý kalendář 2023-07-24/2023-07-28!
13.10.2023 19:03:04.819: Mažu nepoužitý kalendář 2023-08-19/2023-12-09!
13.10.2023 19:03:04.819: Mažu nepoužitý kalendář 2023-06-11/2023-08-20!
13.10.2023 19:03:04.819: Mažu nepoužitý kalendář 2023-06-11/2023-06-25!
13.10.2023 19:03:04.819: Mažu nepoužitý kalendář 2023-07-07/2023-12-09!
13.10.2023 19:03:04.819: Mažu nepoužitý kalendář 2023-06-20/2023-06-24!
13.10.2023 19:03:04.820: Mažu nepoužitý kalendář 2023-06-26/2023-12-09!
13.10.2023 19:03:04.820: Mažu nepoužitý kalendář 2023-08-19/2023-08-20!
13.10.2023 19:03:04.820: Mažu nepoužitý kalendář 2023-08-20/2023-12-03!
13.10.2023 19:03:04.820: Mažu nepoužitý kalendář 2023-07-14/2023-07-14!
13.10.2023 19:03:04.820: Mažu nepoužitý kalendář 2023-07-21/2023-07-21!
13.10.2023 19:03:04.820: Mažu nepoužitý kalendář 2023-08-04/2023-08-04!
13.10.2023 19:03:04.820: Mažu nepoužitý kalendář 2023-08-11/2023-08-11!
13.10.2023 19:03:04.820: Mažu nepoužitý kalendář 2023-08-18/2023-08-18!
13.10.2023 19:03:04.820: Mažu nepoužitý kalendář 2023-07-15/2023-07-15!
13.10.2023 19:03:04.820: Mažu nepoužitý kalendář 2023-07-22/2023-07-22!
13.10.2023 19:03:04.820: Mažu nepoužitý kalendář 2023-07-29/2023-07-29!
13.10.2023 19:03:04.821: Mažu nepoužitý kalendář 2023-08-05/2023-08-05!
13.10.2023 19:03:04.821: Mažu nepoužitý kalendář 2023-08-12/2023-08-12!
13.10.2023 19:03:04.821: Mažu nepoužitý kalendář 2023-06-12/2023-07-06!
13.10.2023 19:03:04.821: Mažu nepoužitý kalendář 2023-07-24/2023-07-27!
13.10.2023 19:03:04.821: Mažu nepoužitý kalendář 2023-08-21/2023-12-07!
13.10.2023 19:03:04.821: Mažu nepoužitý kalendář 2023-08-27/2023-08-27!
13.10.2023 19:03:04.821: Mažu nepoužitý kalendář 2023-08-25/2023-08-25!
13.10.2023 19:03:04.821: Mažu nepoužitý kalendář 2023-09-01/2023-09-01!
13.10.2023 19:03:04.821: Mažu nepoužitý kalendář 2023-08-26/2023-08-26!
13.10.2023 19:03:04.821: Mažu nepoužitý kalendář 2023-09-02/2023-09-02!
13.10.2023 19:03:04.821: Mažu nepoužitý kalendář 2023-06-12/2023-08-17!
13.10.2023 19:03:04.821: Mažu nepoužitý kalendář 2023-07-02/2023-07-02!
13.10.2023 19:03:04.821: Mažu nepoužitý kalendář 2023-06-30/2023-06-30!
13.10.2023 19:03:04.822: Mažu nepoužitý kalendář 2023-06-12/2023-06-22!
13.10.2023 19:03:04.822: Mažu nepoužitý kalendář 2023-07-10/2023-12-07!
13.10.2023 19:03:04.822: Mažu nepoužitý kalendář 2023-06-11/2023-06-11!
13.10.2023 19:03:04.822: Mažu nepoužitý kalendář 2023-06-18/2023-06-18!
13.10.2023 19:03:04.822: Mažu nepoužitý kalendář 2023-06-25/2023-06-25!
13.10.2023 19:03:04.822: Mažu nepoužitý kalendář 2023-06-16/2023-06-16!
13.10.2023 19:03:04.822: Mažu nepoužitý kalendář 2023-06-17/2023-06-17!
13.10.2023 19:03:04.822: Mažu nepoužitý kalendář 2023-06-12/2023-06-15!
13.10.2023 19:03:04.822: Mažu nepoužitý kalendář 2023-06-19/2023-06-19!
13.10.2023 19:03:04.822: Mažu nepoužitý kalendář 2023-06-23/2023-06-23!
13.10.2023 19:03:04.822: Mažu nepoužitý kalendář 2023-06-24/2023-06-24!
13.10.2023 19:03:04.822: Mažu nepoužitý kalendář 2023-06-20/2023-06-22!
13.10.2023 19:03:04.822: Mažu nepoužitý kalendář 2023-07-28/2023-07-28!
13.10.2023 19:03:04.823: Mažu nepoužitý kalendář 2023-08-20/2023-08-20!
13.10.2023 19:03:04.823: Mažu nepoužitý kalendář 2023-08-19/2023-08-19!
13.10.2023 19:03:04.823: Mažu nepoužitý kalendář 2023-07-10/2023-07-10!
13.10.2023 19:03:04.823: Mažu nepoužitý kalendář 2023-07-17/2023-07-31!
13.10.2023 19:03:04.823: Mažu nepoužitý kalendář 2023-08-21/2023-12-09!
13.10.2023 19:03:04.823: Mažu nepoužitý kalendář 2023-06-11/2023-07-09!
13.10.2023 19:03:04.823: Mažu nepoužitý kalendář 2023-07-15/2023-07-16!
13.10.2023 19:03:04.823: Mažu nepoužitý kalendář 2023-07-24/2023-07-24!
13.10.2023 19:03:04.823: Mažu nepoužitý kalendář 2023-08-05/2023-12-09!
13.10.2023 19:03:04.823: Mažu nepoužitý kalendář 2023-07-18/2023-07-21!
13.10.2023 19:03:04.823: Mažu nepoužitý kalendář 2023-06-27/2023-12-09!
13.10.2023 19:03:04.823: Mažu nepoužitý kalendář 2023-08-21/2023-08-21!
13.10.2023 19:03:04.824: Mažu nepoužitý kalendář 2023-08-28/2023-08-28!
13.10.2023 19:03:04.824: Mažu nepoužitý kalendář 2023-06-26/2023-06-26!
13.10.2023 19:03:04.824: Mažu nepoužitý kalendář 2023-07-03/2023-07-03!
13.10.2023 19:03:04.824: Mažu nepoužitý kalendář 2023-06-12/2023-06-12!
13.10.2023 19:03:04.824: Mažu nepoužitý kalendář 2023-06-12/2023-08-28!
13.10.2023 19:03:04.824: Mažu nepoužitý kalendář 2023-06-13/2023-09-02!
13.10.2023 19:03:04.824: Mažu nepoužitý kalendář 2023-08-07/2023-08-07!
13.10.2023 19:03:04.824: Mažu nepoužitý kalendář 2023-08-14/2023-08-14!
13.10.2023 19:03:04.824: Mažu nepoužitý kalendář 2023-07-09/2023-07-09!
13.10.2023 19:03:04.824: Mažu nepoužitý kalendář 2023-07-16/2023-07-16!
13.10.2023 19:03:04.824: Mažu nepoužitý kalendář 2023-08-06/2023-08-06!
13.10.2023 19:03:04.824: Mažu nepoužitý kalendář 2023-08-13/2023-08-13!
13.10.2023 19:03:04.824: Mažu nepoužitý kalendář 2023-06-13/2023-07-06!
13.10.2023 19:03:04.824: Mažu nepoužitý kalendář 2023-07-18/2023-07-29!
13.10.2023 19:03:04.825: Mažu nepoužitý kalendář 2023-08-22/2023-12-09!
13.10.2023 19:03:04.825: Mažu nepoužitý kalendář 2023-06-13/2023-08-19!
13.10.2023 19:03:04.825: Mažu nepoužitý kalendář 2023-09-05/2023-12-09!
13.10.2023 19:03:04.825: Mažu nepoužitý kalendář 2023-07-17/2023-07-17!
13.10.2023 19:03:04.825: Mažu nepoužitý kalendář 2023-07-31/2023-07-31!
13.10.2023 19:03:04.825: Mažu nepoužitý kalendář 2023-07-23/2023-07-23!
13.10.2023 19:03:04.825: Mažu nepoužitý kalendář 2023-07-30/2023-07-30!
13.10.2023 19:03:04.825: Mažu nepoužitý kalendář 2023-06-13/2023-07-15!
13.10.2023 19:03:04.825: Mažu nepoužitý kalendář 2023-07-25/2023-07-28!
13.10.2023 19:03:04.825: Mažu nepoužitý kalendář 2023-08-01/2023-12-09!
13.10.2023 19:03:04.825: Mažu nepoužitý kalendář 2023-06-13/2023-06-24!
13.10.2023 19:03:04.825: Mažu nepoužitý kalendář 2023-06-13/2023-06-17!
13.10.2023 19:03:04.826: Mažu nepoužitý kalendář 2023-08-28/2023-09-01!
13.10.2023 19:03:04.826: Mažu nepoužitý kalendář 2023-06-11/2023-07-23!
13.10.2023 19:03:04.826: Mažu nepoužitý kalendář 2023-08-11/2023-12-09!
13.10.2023 19:03:04.826: Mažu nepoužitý kalendář 2023-07-24/2023-12-09!
13.10.2023 19:03:04.826: Mažu nepoužitý kalendář 2023-06-11/2023-08-10!
13.10.2023 19:03:04.826: Mažu nepoužitý kalendář 2023-08-21/2023-08-25!
13.10.2023 19:03:04.826: Mažu nepoužitý kalendář 2023-08-26/2023-08-27!
13.10.2023 19:03:04.826: Mažu nepoužitý kalendář 2023-06-11/2023-08-31!
13.10.2023 19:03:04.826: Mažu nepoužitý kalendář 2023-10-31/2023-12-09!
13.10.2023 19:03:04.826: Mažu nepoužitý kalendář 2023-06-12/2023-10-30!
13.10.2023 19:03:04.826: Mažu nepoužitý kalendář 2023-06-12/2023-06-24!
13.10.2023 19:03:04.827: Mažu nepoužitý kalendář 2023-07-08/2023-12-09!
13.10.2023 19:03:04.827: Mažu nepoužitý kalendář 2023-06-12/2023-07-31!
13.10.2023 19:03:04.827: Mažu nepoužitý kalendář 2023-08-12/2023-12-09!
13.10.2023 19:03:04.827: Mažu nepoužitý kalendář 2023-07-11/2023-07-13!
13.10.2023 19:03:04.827: Mažu nepoužitý kalendář 2023-07-23/2023-12-08!
13.10.2023 19:03:04.827: Mažu nepoužitý kalendář 2023-07-18/2023-12-09!
13.10.2023 19:03:04.827: Mažu nepoužitý kalendář 2023-06-20/2023-12-09!
13.10.2023 19:03:04.827: Mažu nepoužitý kalendář 2023-07-31/2023-12-08!
13.10.2023 19:03:04.827: Mažu nepoužitý kalendář 2023-08-13/2023-08-15!
13.10.2023 19:03:04.827: Mažu nepoužitý kalendář 2023-08-21/2023-08-24!
13.10.2023 19:03:04.828: Mažu nepoužitý kalendář 2023-08-28/2023-08-31!
13.10.2023 19:03:04.828: Mažu nepoužitý kalendář 2023-08-16/2023-08-17!
13.10.2023 19:03:04.828: Mažu nepoužitý kalendář 2023-11-03/2023-12-09!
13.10.2023 19:03:04.828: Mažu nepoužitý kalendář 2023-10-31/2023-12-07!
13.10.2023 19:03:04.828: Mažu nepoužitý kalendář 2023-06-17/2023-10-28!
13.10.2023 19:03:04.828: Mažu nepoužitý kalendář 2023-10-31/2023-10-31!
13.10.2023 19:03:04.828: Mažu nepoužitý kalendář 2023-06-12/2023-11-01!
13.10.2023 19:03:04.828: Mažu nepoužitý kalendář 2023-08-14/2023-12-07!
13.10.2023 19:03:04.828: Mažu nepoužitý kalendář 2023-07-18/2023-07-20!
13.10.2023 19:03:04.828: Mažu nepoužitý kalendář 2023-07-10/2023-07-13!
13.10.2023 19:03:04.828: Mažu nepoužitý kalendář 2023-06-29/2023-12-09!
13.10.2023 19:03:04.828: Mažu nepoužitý kalendář 2023-06-11/2023-06-28!
13.10.2023 19:03:04.829: Mažu nepoužitý kalendář 2023-08-28/2023-12-09!
13.10.2023 19:03:04.829: Mažu nepoužitý kalendář 2023-11-04/2023-12-09!
13.10.2023 19:03:04.829: Mažu nepoužitý kalendář 2023-10-30/2023-12-09!
13.10.2023 19:03:04.829: Mažu nepoužitý kalendář 2023-11-05/2023-12-03!
13.10.2023 19:03:04.829: Mažu nepoužitý kalendář 2023-06-13/2023-08-31!
13.10.2023 19:03:04.829: Mažu nepoužitý kalendář 2023-10-31/2023-12-08!
13.10.2023 19:03:04.829: Mažu nepoužitý kalendář 2023-06-12/2023-07-03!
13.10.2023 19:03:04.829: Mažu nepoužitý kalendář 2023-08-16/2023-08-16!
13.10.2023 19:03:04.829: Mažu nepoužitý kalendář 2023-08-27/2023-12-03!
13.10.2023 19:03:04.829: Mažu nepoužitý kalendář 2023-08-14/2023-08-15!
13.10.2023 19:03:04.830: Mažu nepoužitý kalendář 2023-08-15/2023-08-16!
13.10.2023 19:03:04.830: Mažu nepoužitý kalendář 2023-08-22/2023-12-08!
13.10.2023 19:03:04.830: Mažu nepoužitý kalendář 2023-06-13/2023-10-27!
13.10.2023 19:03:04.830: Mažu nepoužitý kalendář 2023-06-29/2023-12-08!
13.10.2023 19:03:04.830: Mažu nepoužitý kalendář 2023-07-04/2023-07-06!
13.10.2023 19:03:04.830: Mažu nepoužitý kalendář 2023-08-22/2023-08-25!
13.10.2023 19:03:04.830: Mažu nepoužitý kalendář 2023-08-29/2023-08-31!
13.10.2023 19:03:04.830: Mažu nepoužitý kalendář 2023-06-16/2023-09-02!
13.10.2023 19:03:04.830: Mažu nepoužitý kalendář 2023-06-12/2023-07-20!
13.10.2023 19:03:04.830: Mažu nepoužitý kalendář 2023-06-16/2023-07-22!
13.10.2023 19:03:04.830: Mažu nepoužitý kalendář 2023-07-24/2023-12-07!
13.10.2023 19:03:04.830: Mažu nepoužitý kalendář 2023-06-16/2023-07-01!
13.10.2023 19:03:04.830: Mažu nepoužitý kalendář 2023-07-28/2023-12-09!
13.10.2023 19:03:04.831: Mažu nepoužitý kalendář 2023-07-03/2023-07-06!
13.10.2023 19:03:04.831: Mažu nepoužitý kalendář 2023-06-26/2023-06-29!
13.10.2023 19:03:04.831: Mažu nepoužitý kalendář 2023-06-30/2023-07-01!
13.10.2023 19:03:04.831: Mažu nepoužitý kalendář 2023-06-16/2023-06-17!
13.10.2023 19:03:04.831: Mažu nepoužitý kalendář 2023-08-25/2023-08-26!
13.10.2023 19:03:04.831: Mažu nepoužitý kalendář 2023-06-23/2023-06-24!
13.10.2023 19:03:04.831: Mažu nepoužitý kalendář 2023-06-11/2023-07-28!
13.10.2023 19:03:04.831: Mažu nepoužitý kalendář 2023-06-20/2023-12-08!
13.10.2023 19:03:04.831: Mažu nepoužitý kalendář 2023-06-17/2023-06-18!
13.10.2023 19:03:04.831: Mažu nepoužitý kalendář 2023-10-02/2023-10-02!
13.10.2023 19:03:04.831: Mažu nepoužitý kalendář 2023-06-13/2023-09-01!
13.10.2023 19:03:04.831: Mažu nepoužitý kalendář 2023-07-29/2023-12-09!
13.10.2023 19:03:04.832: Mažu nepoužitý kalendář 2023-06-13/2023-06-23!
13.10.2023 19:03:04.832: Mažu nepoužitý kalendář 2023-07-25/2023-12-08!
13.10.2023 19:03:04.832: Mažu nepoužitý kalendář 2023-08-26/2023-12-09!
13.10.2023 19:03:04.832: Mažu nepoužitý kalendář 2023-06-13/2023-07-28!
13.10.2023 19:03:04.832: Mažu nepoužitý kalendář 2023-06-13/2023-06-16!
13.10.2023 19:03:04.832: Mažu nepoužitý kalendář 2023-06-20/2023-06-23!
13.10.2023 19:03:04.832: Mažu nepoužitý kalendář 2023-08-29/2023-09-01!
13.10.2023 19:03:04.832: Mažu nepoužitý kalendář 2023-06-11/2023-08-09!
13.10.2023 19:03:04.832: Mažu nepoužitý kalendář 2023-08-10/2023-12-09!
13.10.2023 19:03:04.832: Mažu nepoužitý kalendář 2023-06-11/2023-06-30!
13.10.2023 19:03:04.832: Mažu nepoužitý kalendář 2023-06-30/2023-12-09!
13.10.2023 19:03:04.832: Mažu nepoužitý kalendář 2023-07-02/2023-12-07!
13.10.2023 19:03:04.832: Mažu nepoužitý kalendář 2023-08-10/2023-08-16!
13.10.2023 19:03:04.833: Mažu nepoužitý kalendář 2023-08-18/2023-09-01!
13.10.2023 19:03:04.833: Mažu nepoužitý kalendář 2023-08-17/2023-08-17!
13.10.2023 19:03:04.833: Mažu nepoužitý kalendář 2023-06-15/2023-08-31!
13.10.2023 19:03:04.833: Mažu nepoužitý kalendář 2023-09-28/2023-09-29!
13.10.2023 19:03:04.833: Mažu nepoužitý kalendář 2023-07-27/2023-07-27!
13.10.2023 19:03:04.833: Mažu nepoužitý kalendář 2023-08-03/2023-08-03!
13.10.2023 19:03:04.833: Mažu nepoužitý kalendář 2023-08-10/2023-08-10!
13.10.2023 19:03:04.833: Mažu nepoužitý kalendář 2023-07-13/2023-07-13!
13.10.2023 19:03:04.833: Mažu nepoužitý kalendář 2023-07-20/2023-07-20!
13.10.2023 19:03:04.833: Mažu nepoužitý kalendář 2023-06-11/2023-07-05!
13.10.2023 19:03:04.833: Mažu nepoužitý kalendář 2023-06-29/2023-06-29!
13.10.2023 19:03:04.833: Mažu nepoužitý kalendář 2023-06-15/2023-06-15!
13.10.2023 19:03:04.833: Mažu nepoužitý kalendář 2023-06-20/2023-06-21!
13.10.2023 19:03:04.834: Mažu nepoužitý kalendář 2023-08-24/2023-08-24!
13.10.2023 19:03:04.834: Mažu nepoužitý kalendář 2023-08-21/2023-08-23!
13.10.2023 19:03:04.834: Mažu nepoužitý kalendář 2023-08-31/2023-08-31!
13.10.2023 19:03:04.834: Mažu nepoužitý kalendář 2023-08-28/2023-08-30!
13.10.2023 19:03:04.834: Mažu nepoužitý kalendář 2023-06-22/2023-06-22!
13.10.2023 19:03:04.834: Mažu nepoužitý kalendář 2023-06-12/2023-09-01!
13.10.2023 19:03:04.834: Mažu nepoužitý kalendář 2023-06-12/2023-07-04!
13.10.2023 19:03:04.834: Mažu nepoužitý kalendář 2023-08-28/2023-12-08!
13.10.2023 19:03:04.834: Mažu nepoužitý kalendář 2023-07-01/2023-07-06!
13.10.2023 19:03:04.834: Mažu nepoužitý kalendář 2023-06-12/2023-06-16!
13.10.2023 19:03:04.834: Mažu nepoužitý kalendář 2023-07-03/2023-07-04!
13.10.2023 19:03:04.834: Mažu nepoužitý kalendář 2023-06-16/2023-07-07!
13.10.2023 19:03:04.835: Mažu nepoužitý kalendář 2023-09-01/2023-12-08!
13.10.2023 19:03:04.835: Mažu nepoužitý kalendář 2023-08-28/2023-12-07!
13.10.2023 19:03:04.835: Mažu nepoužitý kalendář 2023-07-02/2023-07-06!
13.10.2023 19:03:04.835: Mažu nepoužitý kalendář 2023-06-24/2023-07-01!
13.10.2023 19:03:04.835: Mažu nepoužitý kalendář 2023-06-11/2023-07-18!
13.10.2023 19:03:04.835: Mažu nepoužitý kalendář 2023-08-07/2023-08-13!
13.10.2023 19:03:04.835: Mažu nepoužitý kalendář 2023-08-18/2023-12-09!
13.10.2023 19:03:04.835: Mažu nepoužitý kalendář 2023-09-01/2023-12-09!
13.10.2023 19:03:04.835: Mažu nepoužitý kalendář 2023-07-01/2023-07-02!
13.10.2023 19:03:04.835: Mažu nepoužitý kalendář 2023-07-11/2023-12-09!
13.10.2023 19:03:04.835: Mažu nepoužitý kalendář 2023-06-11/2023-08-06!
13.10.2023 19:03:04.836: Mažu nepoužitý kalendář 2023-08-14/2023-12-09!
13.10.2023 19:03:04.836: Mažu nepoužitý kalendář 2023-06-11/2023-06-12!
13.10.2023 19:03:04.836: Mažu nepoužitý kalendář 2023-06-21/2023-12-09!
13.10.2023 19:03:04.836: Mažu nepoužitý kalendář 2023-06-11/2023-07-10!
13.10.2023 19:03:04.836: Mažu nepoužitý kalendář 2023-07-17/2023-12-09!
13.10.2023 19:03:04.836: Mažu nepoužitý kalendář 2023-06-21/2023-06-24!
13.10.2023 19:03:04.836: Mažu nepoužitý kalendář 2023-07-17/2023-07-18!
13.10.2023 19:03:04.836: Mažu nepoužitý kalendář 2023-06-12/2023-06-13!
13.10.2023 19:03:04.836: Mažu nepoužitý kalendář 2023-09-01/2023-09-02!
13.10.2023 19:03:04.836: Mažu nepoužitý kalendář 2023-06-20/2023-06-20!
13.10.2023 19:03:04.836: Mažu nepoužitý kalendář 2023-06-11/2023-07-02!
13.10.2023 19:03:04.836: Mažu nepoužitý kalendář 2023-06-11/2023-07-31!
13.10.2023 19:03:04.837: Mažu nepoužitý kalendář 2023-06-11/2023-08-24!
13.10.2023 19:03:04.837: Mažu nepoužitý kalendář 2023-06-11/2023-08-13!
13.10.2023 19:03:04.837: Mažu nepoužitý kalendář 2023-06-11/2023-07-17!
13.10.2023 19:03:04.837: Mažu nepoužitý kalendář 2023-06-17/2023-08-26!
13.10.2023 19:03:04.837: Mažu nepoužitý kalendář 2023-09-02/2023-12-09!
13.10.2023 19:03:04.837: Mažu nepoužitý kalendář 2023-10-01/2023-10-01!
13.10.2023 19:03:04.837: Mažu nepoužitý kalendář 2023-07-05/2023-07-09!
13.10.2023 19:03:04.837: Mažu nepoužitý kalendář 2023-06-11/2023-09-03!
13.10.2023 19:03:04.837: Mažu nepoužitý kalendář 2023-09-28/2023-10-01!
13.10.2023 19:03:04.837: Mažu nepoužitý kalendář 2023-09-03/2023-09-03!
13.10.2023 19:03:04.837: Mažu nepoužitý kalendář 2023-09-25/2023-09-25!
13.10.2023 19:03:04.837: Mažu nepoužitý kalendář 2023-06-16/2023-09-29!
13.10.2023 19:03:04.837: Mažu nepoužitý kalendář 2023-09-28/2023-12-07!
13.10.2023 19:03:04.838: Mažu nepoužitý kalendář 2023-06-15/2023-09-28!
13.10.2023 19:03:04.838: Mažu nepoužitý kalendář 2023-09-29/2023-12-08!
13.10.2023 19:03:04.838: Mažu nepoužitý kalendář 2023-10-01/2023-12-09!
13.10.2023 19:03:04.838: Mažu nepoužitý kalendář 2023-07-06/2023-07-07!
13.10.2023 19:03:04.838: Mažu nepoužitý kalendář 2023-06-11/2023-09-30!
13.10.2023 19:03:04.838: Mažu nepoužitý kalendář 2023-06-12/2023-09-25!
13.10.2023 19:03:04.838: Mažu nepoužitý kalendář 2023-10-02/2023-12-04!
13.10.2023 19:03:04.838: Mažu nepoužitý kalendář 2023-08-15/2023-08-15!
13.10.2023 19:03:04.838: Mažu nepoužitý kalendář 2023-07-05/2023-07-06!
13.10.2023 19:03:04.838: Mažu nepoužitý kalendář 2023-06-11/2023-07-22!
13.10.2023 19:03:04.838: Mažu nepoužitý kalendář 2023-08-25/2023-12-09!
13.10.2023 19:03:04.838: Mažu nepoužitý kalendář 2023-07-23/2023-08-31!
13.10.2023 19:03:04.838: Mažu nepoužitý kalendář 2023-06-25/2023-06-29!
13.10.2023 19:03:04.838: Mažu nepoužitý kalendář 2023-08-27/2023-08-31!
13.10.2023 19:03:04.839: Mažu nepoužitý kalendář 2023-07-10/2023-07-11!
13.10.2023 19:03:04.839: Mažu nepoužitý kalendář 2023-07-13/2023-07-14!
13.10.2023 19:03:04.839: Mažu nepoužitý kalendář 2023-07-24/2023-07-25!
13.10.2023 19:03:04.839: Mažu nepoužitý kalendář 2023-07-27/2023-07-28!
13.10.2023 19:03:04.839: Mažu nepoužitý kalendář 2023-08-28/2023-08-29!
13.10.2023 19:03:04.839: Mažu nepoužitý kalendář 2023-08-31/2023-09-01!
13.10.2023 19:03:04.839: Mažu nepoužitý kalendář 2023-07-19/2023-07-19!
13.10.2023 19:03:04.839: Mažu nepoužitý kalendář 2023-08-02/2023-08-02!
13.10.2023 19:03:04.839: Mažu nepoužitý kalendář 2023-08-23/2023-08-23!
13.10.2023 19:03:04.839: Mažu nepoužitý kalendář 2023-07-03/2023-07-07!
13.10.2023 19:03:04.839: Mažu nepoužitý kalendář 2023-07-10/2023-07-14!
13.10.2023 19:03:04.839: Mažu nepoužitý kalendář 2023-06-26/2023-06-28!
13.10.2023 19:03:04.840: Mažu nepoužitý kalendář 2023-06-24/2023-06-25!
13.10.2023 19:03:04.840: Mažu nepoužitý kalendář 2023-08-09/2023-08-09!
13.10.2023 19:03:04.840: Mažu nepoužitý kalendář 2023-07-02/2023-07-03!
13.10.2023 19:03:04.840: Mažu nepoužitý kalendář 2023-08-25/2023-08-31!
13.10.2023 19:03:04.840: Mažu nepoužitý kalendář 2023-08-31/2023-12-09!
13.10.2023 19:03:04.840: Mažu nepoužitý kalendář 2023-06-11/2023-07-25!
13.10.2023 19:03:04.840: Mažu nepoužitý kalendář 2023-08-25/2023-08-29!
13.10.2023 19:03:04.840: Mažu nepoužitý kalendář 2023-07-26/2023-12-09!
13.10.2023 19:03:04.840: Mažu nepoužitý kalendář 2023-06-23/2023-06-25!
13.10.2023 19:03:04.840: Mažu nepoužitý kalendář 2023-09-08/2023-09-08!
13.10.2023 19:03:04.840: Mažu nepoužitý kalendář 2023-09-15/2023-09-15!
13.10.2023 19:03:04.840: Mažu nepoužitý kalendář 2023-09-22/2023-09-22!
13.10.2023 19:03:04.840: Mažu nepoužitý kalendář 2023-10-06/2023-10-06!
13.10.2023 19:03:04.840: Mažu nepoužitý kalendář 2023-07-03/2023-12-07!
13.10.2023 19:03:04.841: Mažu nepoužitý kalendář 2023-09-08/2023-09-22!
13.10.2023 19:03:04.841: Mažu nepoužitý kalendář 2023-10-06/2023-12-08!
13.10.2023 19:03:04.841: Mažu nepoužitý kalendář 2023-06-12/2023-06-29!
13.10.2023 19:03:04.841: Mažu nepoužitý kalendář 2023-07-02/2023-12-09!
13.10.2023 19:03:04.841: Mažu nepoužitý kalendář 2023-06-19/2023-06-22!
13.10.2023 19:03:04.841: Mažu nepoužitý kalendář 2023-07-03/2023-12-08!
13.10.2023 19:03:04.841: Mažu nepoužitý kalendář 2023-06-11/2023-09-24!
13.10.2023 19:03:04.841: Mažu nepoužitý kalendář 2023-09-28/2023-12-03!
13.10.2023 19:03:04.841: Mažu nepoužitý kalendář 2023-10-07/2023-12-09!
13.10.2023 19:03:04.841: Mažu nepoužitý kalendář 2023-06-17/2023-09-30!
13.10.2023 19:03:04.841: Mažu nepoužitý kalendář 2023-10-03/2023-12-07!
13.10.2023 19:03:04.841: Mažu nepoužitý kalendář 2023-06-13/2023-09-28!
13.10.2023 19:03:04.842: Mažu nepoužitý kalendář 2023-09-30/2023-12-09!
13.10.2023 19:03:04.842: Mažu nepoužitý kalendář 2023-10-01/2023-12-03!
13.10.2023 19:03:04.842: Mažu nepoužitý kalendář 2023-10-02/2023-12-06!
13.10.2023 19:03:04.842: Mažu nepoužitý kalendář 2023-06-12/2023-09-27!
13.10.2023 19:03:04.842: Mažu nepoužitý kalendář 2023-09-26/2023-09-26!
13.10.2023 19:03:04.842: Mažu nepoužitý kalendář 2023-06-13/2023-06-13!
13.10.2023 19:03:04.842: Mažu nepoužitý kalendář 2023-09-26/2023-09-27!
13.10.2023 19:03:04.842: Mažu nepoužitý kalendář 2023-06-14/2023-06-14!
13.10.2023 19:03:04.842: Mažu nepoužitý kalendář 2023-06-11/2023-06-14!
13.10.2023 19:03:04.842: Mažu nepoužitý kalendář 2023-06-13/2023-06-14!
13.10.2023 19:03:04.842: Mažu nepoužitý kalendář 2023-06-12/2023-06-14!
13.10.2023 19:03:04.842: Mažu nepoužitý kalendář 2023-07-03/2023-07-05!
13.10.2023 19:03:04.842: Mažu nepoužitý kalendář 2023-08-09/2023-09-30!
13.10.2023 19:03:04.843: Mažu nepoužitý kalendář 2023-06-11/2023-08-08!
13.10.2023 19:03:04.843: Mažu nepoužitý kalendář 2023-10-11/2023-10-15!
13.10.2023 19:03:04.843: Mažu nepoužitý kalendář 2023-11-13/2023-12-08!
13.10.2023 19:03:04.843: Mažu nepoužitý kalendář 2023-11-04/2023-11-05!
13.10.2023 19:03:04.843: Mažu nepoužitý kalendář 2023-11-12/2023-11-12!
13.10.2023 19:03:04.843: Mažu nepoužitý kalendář 2023-11-26/2023-11-26!
13.10.2023 19:03:04.843: Mažu nepoužitý kalendář 2023-10-14/2023-10-21!
13.10.2023 19:03:04.843: Mažu nepoužitý kalendář 2023-10-15/2023-10-22!
13.10.2023 19:03:04.843: Mažu nepoužitý kalendář 2023-12-03/2023-12-08!
13.10.2023 19:03:04.843: Mažu nepoužitý kalendář 2023-12-01/2023-12-09!
13.10.2023 19:03:04.843: Mažu nepoužitý kalendář 2023-10-11/2023-11-30!
13.10.2023 19:03:04.922: Mažu nepoužitý announcement msv_get_off_left!
13.10.2023 19:03:04.922: Mažu nepoužitý announcement msv_get_off_right!
13.10.2023 19:03:04.922: Mažu nepoužitý announcement msv_shunting_warn!
13.10.2023 19:03:04.922: Mažu nepoužitý announcement msv_excpt_stop_track_condition!
13.10.2023 19:03:04.922: Mažu nepoužitý announcement msv_service_stop!
13.10.2023 19:03:04.922: Mažu nepoužitý announcement msv_clos_next_end_subst_bus!
13.10.2023 19:03:04.922: Mažu nepoužitý announcement msv_end_subus!
13.10.2023 19:03:04.923: Mažu nepoužitý announcement msv_clos_next_end!
13.10.2023 19:03:04.923: Mažu nepoužitý announcement msv_excpt_end!
13.10.2023 19:03:04.923: Mažu nepoužitý announcement msv_end_subst_train!
13.10.2023 19:03:04.923: Mažu nepoužitý announcement msv_route_diversion!
13.10.2023 19:03:04.923: Mažu nepoužitý announcement msv_delay_closure!
13.10.2023 19:03:04.923: Mažu nepoužitý announcement msv_delay_connection!
13.10.2023 19:03:04.923: Mažu nepoužitý announcement msv_delay_opposite_train!
13.10.2023 19:03:04.923: Mažu nepoužitý announcement msv_delay_car_malfunction!
13.10.2023 19:03:04.923: Mažu nepoužitý announcement msv_delay_faster_train!
13.10.2023 19:03:04.923: Mažu nepoužitý announcement msv_delay_track_obstacle!
13.10.2023 19:03:04.923: Mažu nepoužitý announcement msv_delay_bad_weather!
13.10.2023 19:03:04.923: Mažu nepoužitý announcement msv_delay_crossing_accident!
13.10.2023 19:03:04.923: Mažu nepoužitý announcement msv_welcome!
13.10.2023 19:03:04.923: Mažu nepoužitý announcement msv_thx!
13.10.2023 19:03:04.924: Mažu nepoužitý announcement msv_no_rear_door!
13.10.2023 19:03:04.924: Mažu nepoužitý announcement msv_sound_test!
13.10.2023 19:03:04.924: Mažu nepoužitý announcement msv_no_boarding!
13.10.2023 19:03:04.924: Mažu nepoužitý announcement msv_special_train!
13.10.2023 19:03:04.924: Mažu nepoužitý announcement msv_train_cleaning!
13.10.2023 19:03:04.924: Mažu nepoužitý announcement msv_train_shunting!
13.10.2023 19:03:04.924: Mažu nepoužitý announcement msv_subst_transport!
13.10.2023 19:03:04.924: Mažu nepoužitý announcement msv_reserved_car!
13.10.2023 19:03:04.924: Mažu nepoužitý announcement msv_test_run!
13.10.2023 19:03:04.924: Mažu nepoužitý announcement msv_exposition!
13.10.2023 19:03:04.924: Mažu nepoužitý announcement msv_railway_day!
13.10.2023 19:03:04.924: Mažu nepoužitý announcement msv_children_day!
13.10.2023 19:03:04.924: Mažu prázdný announcement group MSV_elektronika!
13.10.2023 19:03:04.924: Mažu nepoužitý announcement reg_shunting_warn!
13.10.2023 19:03:04.924: Mažu nepoužitý announcement reg_excpt_stop_track_condition!
13.10.2023 19:03:04.925: Mažu nepoužitý announcement reg_service_stop!
13.10.2023 19:03:04.925: Mažu nepoužitý announcement reg_clos_next_end_subst_bus!
13.10.2023 19:03:04.925: Mažu nepoužitý announcement reg_end_subus!
13.10.2023 19:03:04.925: Mažu nepoužitý announcement reg_clos_next_end!
13.10.2023 19:03:04.925: Mažu nepoužitý announcement reg_excpt_end!
13.10.2023 19:03:04.925: Mažu nepoužitý announcement reg_end_subst_train!
13.10.2023 19:03:04.925: Mažu nepoužitý announcement reg_extra_change_1!
13.10.2023 19:03:04.925: Mažu nepoužitý announcement reg_extra_change_2!
13.10.2023 19:03:04.925: Mažu nepoužitý announcement reg_route_diversion!
13.10.2023 19:03:04.925: Mažu nepoužitý announcement reg_except_pass_s0!
13.10.2023 19:03:04.925: Mažu nepoužitý announcement reg_except_pass_p0!
13.10.2023 19:03:04.925: Mažu nepoužitý announcement reg_delay_closure!
13.10.2023 19:03:04.925: Mažu nepoužitý announcement reg_delay_connection!
13.10.2023 19:03:04.925: Mažu nepoužitý announcement reg_delay_opposite_train!
13.10.2023 19:03:04.925: Mažu nepoužitý announcement reg_delay_car_malfunction!
13.10.2023 19:03:04.925: Mažu nepoužitý announcement reg_delay_faster_train!
13.10.2023 19:03:04.925: Mažu nepoužitý announcement reg_delay_track_obstacle!
13.10.2023 19:03:04.926: Mažu nepoužitý announcement reg_delay_bad_weather!
13.10.2023 19:03:04.926: Mažu nepoužitý announcement reg_delay_crossing_accident!
13.10.2023 19:03:04.926: Mažu nepoužitý announcement reg_welcome!
13.10.2023 19:03:04.926: Mažu nepoužitý announcement reg_thx!
13.10.2023 19:03:04.926: Mažu nepoužitý announcement reg_wifi_nefunkcni!
13.10.2023 19:03:04.926: Mažu nepoužitý announcement reg_no_boarding!
13.10.2023 19:03:04.926: Mažu nepoužitý announcement reg_special_train!
13.10.2023 19:03:04.926: Mažu nepoužitý announcement reg_train_cleaning!
13.10.2023 19:03:04.926: Mažu nepoužitý announcement reg_train_shunting!
13.10.2023 19:03:04.926: Mažu nepoužitý announcement reg_subst_transport!
13.10.2023 19:03:04.926: Mažu nepoužitý announcement reg_reserved_car!
13.10.2023 19:03:04.926: Mažu nepoužitý announcement reg_test_run!
13.10.2023 19:03:04.926: Mažu nepoužitý announcement reg_exposition!
13.10.2023 19:03:04.926: Mažu nepoužitý announcement reg_railway_day!
13.10.2023 19:03:04.926: Mažu nepoužitý announcement reg_children_day!
13.10.2023 19:03:04.926: Mažu prázdný announcement group Regional!
13.10.2023 19:03:04.926: Mažu nepoužitý announcement 810_shunting_warn!
13.10.2023 19:03:04.927: Mažu nepoužitý announcement 810_welcome!
13.10.2023 19:03:04.927: Mažu nepoužitý announcement 810_thx!
13.10.2023 19:03:04.927: Mažu nepoužitý announcement 810_excpt_stop_track_condition!
13.10.2023 19:03:04.927: Mažu nepoužitý announcement 810_clos_next_end_subst_bus!
13.10.2023 19:03:04.927: Mažu nepoužitý announcement 810_end_subus!
13.10.2023 19:03:04.927: Mažu nepoužitý announcement 810_clos_next_end!
13.10.2023 19:03:04.927: Mažu nepoužitý announcement 810_excpt_end!
13.10.2023 19:03:04.927: Mažu nepoužitý announcement 810_end_subst_train!
13.10.2023 19:03:04.927: Mažu nepoužitý announcement 810_route_diversion!
13.10.2023 19:03:04.927: Mažu nepoužitý announcement 810_delay_closure!
13.10.2023 19:03:04.927: Mažu nepoužitý announcement 810_delay_connection!
13.10.2023 19:03:04.927: Mažu nepoužitý announcement 810_delay_opposite_train!
13.10.2023 19:03:04.927: Mažu nepoužitý announcement 810_delay_car_malfunction!
13.10.2023 19:03:04.927: Mažu nepoužitý announcement 810_delay_faster_train!
13.10.2023 19:03:04.927: Mažu nepoužitý announcement 810_delay_track_obstacle!
13.10.2023 19:03:04.927: Mažu nepoužitý announcement 810_delay_bad_weather!
13.10.2023 19:03:04.928: Mažu nepoužitý announcement 810_delay_crossing_accident!
13.10.2023 19:03:04.928: Mažu nepoužitý announcement 810_wifi_nefunkcni!
13.10.2023 19:03:04.928: Mažu nepoužitý announcement 810_no_boarding!
13.10.2023 19:03:04.928: Mažu nepoužitý announcement 810_special_train!
13.10.2023 19:03:04.928: Mažu nepoužitý announcement 810_train_cleaning!
13.10.2023 19:03:04.928: Mažu nepoužitý announcement 810_train_shunting!
13.10.2023 19:03:04.928: Mažu nepoužitý announcement 810_subst_transport!
13.10.2023 19:03:04.928: Mažu nepoužitý announcement 810_reserved_car!
13.10.2023 19:03:04.928: Mažu nepoužitý announcement 810_test_run!
13.10.2023 19:03:04.928: Mažu nepoužitý announcement 810_exposition!
13.10.2023 19:03:04.928: Mažu nepoužitý announcement 810_railway_day!
13.10.2023 19:03:04.928: Mažu nepoužitý announcement 810_children_day!
13.10.2023 19:03:04.928: Mažu nepoužitý announcement 810_reg_boarding_end!
13.10.2023 19:03:04.928: Mažu nepoužitý announcement 810_self_service_novm!
13.10.2023 19:03:04.929: Mažu nepoužitý announcement 810_get_off_left!
13.10.2023 19:03:04.929: Mažu nepoužitý announcement 810_get_off_right!
13.10.2023 19:03:04.929: Mažu nepoužitý announcement 810_service_stop!
13.10.2023 19:03:04.929: Mažu prázdný announcement group Synergy_810!
13.10.2023 19:03:04.929: Mažu nepoužitý announcement 814_self_service!
13.10.2023 19:03:04.929: Mažu nepoužitý announcement 814_shunting_warn!
13.10.2023 19:03:04.929: Mažu nepoužitý announcement 814_service_stop!
13.10.2023 19:03:04.929: Mažu nepoužitý announcement 814_excpt_stop_track_condition!
13.10.2023 19:03:04.929: Mažu nepoužitý announcement 814_clos_next_end_subst_bus!
13.10.2023 19:03:04.929: Mažu nepoužitý announcement 814_end_subus!
13.10.2023 19:03:04.929: Mažu nepoužitý announcement 814_clos_next_end!
13.10.2023 19:03:04.929: Mažu nepoužitý announcement 814_excpt_end!
13.10.2023 19:03:04.929: Mažu nepoužitý announcement 814_route_diversion!
13.10.2023 19:03:04.929: Mažu nepoužitý announcement 814_end_subst_train!
13.10.2023 19:03:04.930: Mažu nepoužitý announcement 814_delay_closure!
13.10.2023 19:03:04.930: Mažu nepoužitý announcement 814_delay_connection!
13.10.2023 19:03:04.930: Mažu nepoužitý announcement 814_delay_opposite_train!
13.10.2023 19:03:04.930: Mažu nepoužitý announcement 814_delay_car_malfunction!
13.10.2023 19:03:04.930: Mažu nepoužitý announcement 814_delay_faster_train!
13.10.2023 19:03:04.930: Mažu nepoužitý announcement 814_delay_track_obstacle!
13.10.2023 19:03:04.930: Mažu nepoužitý announcement 814_delay_bad_weather!
13.10.2023 19:03:04.930: Mažu nepoužitý announcement 814_delay_crossing_accident!
13.10.2023 19:03:04.930: Mažu nepoužitý announcement 814_welcome!
13.10.2023 19:03:04.930: Mažu nepoužitý announcement 814_thx!
13.10.2023 19:03:04.930: Mažu nepoužitý announcement 814_no_rear_door!
13.10.2023 19:03:04.930: Mažu nepoužitý announcement 814_wifi_nefunkcni!
13.10.2023 19:03:04.930: Mažu nepoužitý announcement 814_no_boarding!
13.10.2023 19:03:04.930: Mažu nepoužitý announcement 814_special_train!
13.10.2023 19:03:04.930: Mažu nepoužitý announcement 814_train_cleaning!
13.10.2023 19:03:04.931: Mažu nepoužitý announcement 814_train_shunting!
13.10.2023 19:03:04.931: Mažu nepoužitý announcement 814_subst_transport!
13.10.2023 19:03:04.931: Mažu nepoužitý announcement 814_reserved_car!
13.10.2023 19:03:04.931: Mažu nepoužitý announcement 814_test_run!
13.10.2023 19:03:04.931: Mažu nepoužitý announcement 814_exposition!
13.10.2023 19:03:04.931: Mažu nepoužitý announcement 814_railway_day!
13.10.2023 19:03:04.931: Mažu nepoužitý announcement 814_children_day!
13.10.2023 19:03:04.931: Mažu prázdný announcement group 814,954,471!
13.10.2023 19:03:04.931: Mažu nepoužitý announcement vb_357_schwandorf!
13.10.2023 19:03:04.931: Mažu prázdný announcement group Jen_do_trasy!
13.10.2023 19:03:04.931: Mažu nepoužitý announcement Bohumin_odj_FrLazne!
13.10.2023 19:03:04.931: Mažu nepoužitý announcement Bohumin_odj_Praha!
13.10.2023 19:03:04.931: Mažu nepoužitý announcement FrLazne_odj_Bohumin!
13.10.2023 19:03:04.931: Mažu nepoužitý announcement Havirov_odj_Praha!
13.10.2023 19:03:04.931: Mažu nepoužitý announcement Havirov_odj_CTesin!
13.10.2023 19:03:04.931: Mažu nepoužitý announcement Havirov_odj_Zilina!
13.10.2023 19:03:04.931: Mažu nepoužitý announcement Cheb_odj_Bohumin!
13.10.2023 19:03:04.932: Mažu nepoužitý announcement MarLazne_odj_FrLazne!
13.10.2023 19:03:04.932: Mažu nepoužitý announcement MarLazne_odj_Bohumin!
13.10.2023 19:03:04.932: Mažu nepoužitý announcement Olomouc_odj_FrLazne!
13.10.2023 19:03:04.932: Mažu nepoužitý announcement Olomouc_odj_Praha!
13.10.2023 19:03:04.932: Mažu nepoužitý announcement Olomouc_odj_CTesin!
13.10.2023 19:03:04.932: Mažu nepoužitý announcement Olomouc_odj_Zilina!
13.10.2023 19:03:04.932: Mažu nepoužitý announcement Olomouc_odj_Ostrava!
13.10.2023 19:03:04.932: Mažu nepoužitý announcement Olomouc_odj_Bohumin!
13.10.2023 19:03:04.932: Mažu nepoužitý announcement Pardubice_odj_FrLazne!
13.10.2023 19:03:04.932: Mažu nepoužitý announcement Pardubice_odj_Praha!
13.10.2023 19:03:04.932: Mažu nepoužitý announcement Pardubice_odj_CTesin!
13.10.2023 19:03:04.932: Mažu nepoužitý announcement Pardubice_odj_Zilina!
13.10.2023 19:03:04.932: Mažu nepoužitý announcement Pardubice_odj_Ostrava!
13.10.2023 19:03:04.932: Mažu nepoužitý announcement Pardubice_odj_Bohumin!
13.10.2023 19:03:04.932: Mažu nepoužitý announcement Plzen_odj_FrLazne!
13.10.2023 19:03:04.932: Mažu nepoužitý announcement Plzen_odj_Bohumin!
13.10.2023 19:03:04.932: Mažu nepoužitý announcement Praha_odj_FrLazne!
13.10.2023 19:03:04.932: Mažu nepoužitý announcement Praha_odj_Bohumin_NACESTNA!
13.10.2023 19:03:04.933: Mažu nepoužitý announcement Praha_odj_Bohumin!
13.10.2023 19:03:04.933: Mažu nepoužitý announcement Praha_odj_CTesin!
13.10.2023 19:03:04.933: Mažu nepoužitý announcement Praha_odj_Ostrava!
13.10.2023 19:03:04.933: Mažu nepoužitý announcement Praha_odj_Zilina!
13.10.2023 19:03:04.933: Mažu nepoužitý announcement OStodolni_odj_CTesin!
13.10.2023 19:03:04.933: Mažu nepoužitý announcement OStodolni_odj_Zilina!
13.10.2023 19:03:04.933: Mažu nepoužitý announcement OSvinov_odj_Praha!
13.10.2023 19:03:04.933: Mažu nepoužitý announcement OSvinov_odj_Praha_NACESTNA!
13.10.2023 19:03:04.933: Mažu nepoužitý announcement OSvinov_odj_FrLazne!
13.10.2023 19:03:04.933: Mažu nepoužitý announcement CTesin_odj_Praha!
13.10.2023 19:03:04.933: Mažu nepoužitý announcement CTesin_odj_Praha_NACESTNA!
13.10.2023 19:03:04.933: Mažu nepoužitý announcement CTesin_odj_Zilina!
13.10.2023 19:03:04.933: Mažu nepoužitý announcement Trinec_odj_Praha!
13.10.2023 19:03:04.933: Mažu nepoužitý announcement Trinec_odj_Zilina!
13.10.2023 19:03:04.933: Mažu nepoužitý announcement Zilina_odj_Praha!
13.10.2023 19:03:04.933: Mažu nepoužitý announcement Bohumin_KONECNA!
13.10.2023 19:03:04.934: Mažu nepoužitý announcement CTesin_KONECNA!
13.10.2023 19:03:04.934: Mažu nepoužitý announcement CTesin_PRIJ!
13.10.2023 19:03:04.934: Mažu nepoužitý announcement FrLazne_KONECNA!
13.10.2023 19:03:04.934: Mažu nepoužitý announcement Havirov_PRIJ!
13.10.2023 19:03:04.934: Mažu nepoužitý announcement Cheb_PRIJ!
13.10.2023 19:03:04.934: Mažu nepoužitý announcement MarLazne_PRIJ!
13.10.2023 19:03:04.934: Mažu nepoužitý announcement Olomouc_PRIJ!
13.10.2023 19:03:04.934: Mažu nepoužitý announcement OStodolni_PRIJ!
13.10.2023 19:03:04.934: Mažu nepoužitý announcement OStodolni_PRIJ_od_Ziliny!
13.10.2023 19:03:04.934: Mažu nepoužitý announcement Ostrava_PRIJ!
13.10.2023 19:03:04.934: Mažu nepoužitý announcement Ostrava_KONECNA!
13.10.2023 19:03:04.934: Mažu nepoužitý announcement OSvinov_PRIJ!
13.10.2023 19:03:04.934: Mažu nepoužitý announcement OSvinov_PRIJ_od_Prahy!
13.10.2023 19:03:04.934: Mažu nepoužitý announcement Pardubice_PRIJ!
13.10.2023 19:03:04.934: Mažu nepoužitý announcement Plzen_PRIJ!
13.10.2023 19:03:04.934: Mažu nepoužitý announcement Praha_PRIJ!
13.10.2023 19:03:04.934: Mažu nepoužitý announcement Praha_KONECNA!
13.10.2023 19:03:04.934: Mažu nepoužitý announcement Trinec_PRIJ!
13.10.2023 19:03:04.935: Mažu nepoužitý announcement Zilina_KONECNA!
13.10.2023 19:03:04.935: Mažu nepoužitý announcement OSvinov_odj_Plzen!
13.10.2023 19:03:04.935: Mažu nepoužitý announcement Olomouc_odj_Plzen!
13.10.2023 19:03:04.935: Mažu nepoužitý announcement Pardubice_odj_Plzen!
13.10.2023 19:03:04.935: Mažu nepoužitý announcement Praha_odj_Ostrava_NACESTNA!
13.10.2023 19:03:04.935: Mažu nepoužitý announcement Plzen_odj_Ostrava!
13.10.2023 19:03:04.935: Mažu nepoužitý announcement Plzen_KONECNA!
13.10.2023 19:03:04.935: Mažu nepoužitý announcement Praha_odj_Plzen!
13.10.2023 19:03:04.935: Mažu nepoužitý announcement PSmichov_odj_Plzen!
13.10.2023 19:03:04.935: Mažu nepoužitý announcement PSmichov_odj_FrLazne!
13.10.2023 19:03:04.935: Mažu nepoužitý announcement Praha_PRIJ_od_Plzne!
13.10.2023 19:03:04.935: Mažu nepoužitý announcement PSmichov_PRIJ_od_Plzne!
13.10.2023 19:03:04.935: Mažu nepoužitý announcement PSmichov_PRIJ!
13.10.2023 19:03:04.935: Mažu nepoužitý announcement 680_snidane_1!
13.10.2023 19:03:04.935: Mažu nepoužitý announcement 680_obed_1!
13.10.2023 19:03:04.935: Mažu nepoužitý announcement 680_odpoledne_1!
13.10.2023 19:03:04.935: Mažu prázdný announcement group pendolino_dopravni!
13.10.2023 19:03:04.936: Mažu nepoužitý announcement 680_no_boarding!
13.10.2023 19:03:04.936: Mažu nepoužitý announcement 680_special_train!
13.10.2023 19:03:04.936: Mažu nepoužitý announcement 680_cleaning!
13.10.2023 19:03:04.936: Mažu nepoužitý announcement 680_shunting!
13.10.2023 19:03:04.936: Mažu nepoužitý announcement 680_test_run!
13.10.2023 19:03:04.936: Mažu nepoužitý announcement 680_excpt_stop_track_condition!
13.10.2023 19:03:04.936: Mažu nepoužitý announcement 680_clos_next_end_subst_bus!
13.10.2023 19:03:04.936: Mažu nepoužitý announcement 680_end_subus!
13.10.2023 19:03:04.936: Mažu nepoužitý announcement 680_clos_next_end!
13.10.2023 19:03:04.936: Mažu nepoužitý announcement 680_excpt_end!
13.10.2023 19:03:04.936: Mažu nepoužitý announcement 680_route_diversion!
13.10.2023 19:03:04.936: Mažu nepoužitý announcement 680_end_subst_train!
13.10.2023 19:03:04.936: Mažu nepoužitý announcement 680_delay_closure!
13.10.2023 19:03:04.936: Mažu nepoužitý announcement 680_delay_connection!
13.10.2023 19:03:04.936: Mažu nepoužitý announcement 680_delay_opposite_train!
13.10.2023 19:03:04.936: Mažu nepoužitý announcement 680_delay_car_malfunction!
13.10.2023 19:03:04.937: Mažu nepoužitý announcement 680_delay_track_obstacle!
13.10.2023 19:03:04.937: Mažu nepoužitý announcement 680_delay_bad_weather!
13.10.2023 19:03:04.937: Mažu nepoužitý announcement 680_delay_crossing_accident!
13.10.2023 19:03:04.937: Mažu nepoužitý announcement 680_shunting_warn!
13.10.2023 19:03:04.937: Mažu nepoužitý announcement 680_minibar!
13.10.2023 19:03:04.937: Mažu prázdný announcement group pendolino_mimoradna!
13.10.2023 19:03:04.937: Mažu nepoužitou msg Bohumin_odj_FrLazne!
13.10.2023 19:03:04.937: Mažu nepoužitou msg Bohumin_odj_Praha!
13.10.2023 19:03:04.937: Mažu nepoužitou msg FrLazne_odj_Bohumin!
13.10.2023 19:03:04.937: Mažu nepoužitou msg Havirov_odj_Praha!
13.10.2023 19:03:04.938: Mažu nepoužitou msg Havirov_odj_Zilina!
13.10.2023 19:03:04.938: Mažu nepoužitou msg Cheb_odj_Bohumin!
13.10.2023 19:03:04.938: Mažu nepoužitou msg MarLazne_odj_FrLazne!
13.10.2023 19:03:04.938: Mažu nepoužitou msg MarLazne_odj_Bohumin!
13.10.2023 19:03:04.938: Mažu nepoužitou msg Olomouc_odj_FrLazne!
13.10.2023 19:03:04.938: Mažu nepoužitou msg Olomouc_odj_Praha!
13.10.2023 19:03:04.938: Mažu nepoužitou msg Olomouc_odj_CTesin!
13.10.2023 19:03:04.938: Mažu nepoužitou msg Olomouc_odj_Zilina!
13.10.2023 19:03:04.938: Mažu nepoužitou msg Olomouc_odj_Ostrava!
13.10.2023 19:03:04.939: Mažu nepoužitou msg Olomouc_odj_Bohumin!
13.10.2023 19:03:04.939: Mažu nepoužitou msg Pardubice_odj_FrLazne!
13.10.2023 19:03:04.939: Mažu nepoužitou msg Pardubice_odj_Praha!
13.10.2023 19:03:04.939: Mažu nepoužitou msg Pardubice_odj_CTesin!
13.10.2023 19:03:04.939: Mažu nepoužitou msg Pardubice_odj_Zilina!
13.10.2023 19:03:04.939: Mažu nepoužitou msg Pardubice_odj_Ostrava!
13.10.2023 19:03:04.939: Mažu nepoužitou msg Pardubice_odj_Bohumin!
13.10.2023 19:03:04.939: Mažu nepoužitou msg Plzen_odj_FrLazne!
13.10.2023 19:03:04.939: Mažu nepoužitou msg Plzen_odj_Bohumin!
13.10.2023 19:03:04.939: Mažu nepoužitou msg Praha_odj_FrLazne!
13.10.2023 19:03:04.940: Mažu nepoužitou msg Praha_odj_Bohumin_NACESTNA!
13.10.2023 19:03:04.940: Mažu nepoužitou msg Praha_odj_Bohumin!
13.10.2023 19:03:04.940: Mažu nepoužitou msg Praha_odj_CTesin!
13.10.2023 19:03:04.940: Mažu nepoužitou msg Praha_odj_Ostrava!
13.10.2023 19:03:04.940: Mažu nepoužitou msg Praha_odj_Zilina!
13.10.2023 19:03:04.940: Mažu nepoužitou msg OStodolni_odj_CTesin!
13.10.2023 19:03:04.940: Mažu nepoužitou msg OStodolni_odj_Zilina!
13.10.2023 19:03:04.940: Mažu nepoužitou msg OSvinov_odj_Praha!
13.10.2023 19:03:04.940: Mažu nepoužitou msg OSvinov_odj_Praha_NACESTNA!
13.10.2023 19:03:04.940: Mažu nepoužitou msg OSvinov_odj_FrLazne!
13.10.2023 19:03:04.940: Mažu nepoužitou msg CTesin_odj_Praha!
13.10.2023 19:03:04.940: Mažu nepoužitou msg CTesin_odj_Praha_NACESTNA!
13.10.2023 19:03:04.941: Mažu nepoužitou msg CTesin_odj_Zilina!
13.10.2023 19:03:04.941: Mažu nepoužitou msg Trinec_odj_Praha!
13.10.2023 19:03:04.941: Mažu nepoužitou msg Trinec_odj_Zilina!
13.10.2023 19:03:04.941: Mažu nepoužitou msg Zilina_odj_Praha!
13.10.2023 19:03:04.941: Mažu nepoužitou msg Bohumin_KONECNA!
13.10.2023 19:03:04.941: Mažu nepoužitou msg CTesin_KONECNA!
13.10.2023 19:03:04.941: Mažu nepoužitou msg CTesin_PRIJ!
13.10.2023 19:03:04.941: Mažu nepoužitou msg FrLazne_KONECNA!
13.10.2023 19:03:04.941: Mažu nepoužitou msg Havirov_PRIJ!
13.10.2023 19:03:04.941: Mažu nepoužitou msg Cheb_PRIJ!
13.10.2023 19:03:04.941: Mažu nepoužitou msg MarLazne_PRIJ!
13.10.2023 19:03:04.942: Mažu nepoužitou msg Olomouc_PRIJ!
13.10.2023 19:03:04.942: Mažu nepoužitou msg OStodolni_PRIJ!
13.10.2023 19:03:04.942: Mažu nepoužitou msg OStodolni_PRIJ_od_Ziliny!
13.10.2023 19:03:04.942: Mažu nepoužitou msg Ostrava_PRIJ!
13.10.2023 19:03:04.942: Mažu nepoužitou msg Ostrava_KONECNA!
13.10.2023 19:03:04.942: Mažu nepoužitou msg OSvinov_PRIJ!
13.10.2023 19:03:04.942: Mažu nepoužitou msg OSvinov_PRIJ_od_Prahy!
13.10.2023 19:03:04.942: Mažu nepoužitou msg Pardubice_PRIJ!
13.10.2023 19:03:04.942: Mažu nepoužitou msg Plzen_PRIJ!
13.10.2023 19:03:04.942: Mažu nepoužitou msg Praha_PRIJ!
13.10.2023 19:03:04.942: Mažu nepoužitou msg Praha_KONECNA!
13.10.2023 19:03:04.942: Mažu nepoužitou msg Trinec_PRIJ!
13.10.2023 19:03:04.942: Mažu nepoužitou msg Zilina_KONECNA!
13.10.2023 19:03:04.943: Mažu nepoužitou msg OSvinov_odj_Plzen!
13.10.2023 19:03:04.943: Mažu nepoužitou msg Olomouc_odj_Plzen!
13.10.2023 19:03:04.943: Mažu nepoužitou msg Pardubice_odj_Plzen!
13.10.2023 19:03:04.943: Mažu nepoužitou msg Praha_odj_Ostrava_NACESTNA!
13.10.2023 19:03:04.943: Mažu nepoužitou msg Plzen_odj_Ostrava!
13.10.2023 19:03:04.943: Mažu nepoužitou msg PSmichov_odj_Plzen!
13.10.2023 19:03:04.943: Mažu nepoužitou msg PSmichov_odj_FrLazne!
13.10.2023 19:03:04.943: Mažu nepoužitou msg Plzen_KONECNA!
13.10.2023 19:03:04.943: Mažu nepoužitou msg Praha_PRIJ_od_Plzne!
13.10.2023 19:03:04.943: Mažu nepoužitou msg PSmichov_PRIJ_od_Plzne!
13.10.2023 19:03:04.943: Mažu nepoužitou msg PSmichov_PRIJ!
13.10.2023 19:03:04.943: Mažu nepoužitou msg wifi_nefunkcni!
13.10.2023 19:03:04.944: Mažu nepoužitou msg reg_service_purpose_stop!
13.10.2023 19:03:04.944: Mažu nepoužitou msg service_purpose_stop!
13.10.2023 19:03:04.945: Mažu nepoužitou msg ld_excp_stop!
13.10.2023 19:03:04.945: Mažu nepoužitou msg ld_delay_apology!
13.10.2023 19:03:04.945: Mažu nepoužitou msg excpt_route!
13.10.2023 19:03:04.945: Mažu nepoužitou msg replacement_bus!
13.10.2023 19:03:04.945: Mažu nepoužitou msg reg_broad_test!
13.10.2023 19:03:04.945: Mažu nepoužitou msg reg_children_day!
13.10.2023 19:03:04.945: Mažu nepoužitou msg reg_exposition!
13.10.2023 19:03:04.945: Mažu nepoužitou msg reg_railway_day!
13.10.2023 19:03:04.945: Mažu nepoužitou msg reg_subst_transport!
13.10.2023 19:03:04.945: Mažu nepoužitou msg reg_special_train!
13.10.2023 19:03:04.945: Mažu nepoužitou msg reg_reserved_car!
13.10.2023 19:03:04.946: Mažu nepoužitou msg reg_train_cleaning!
13.10.2023 19:03:04.946: Mažu nepoužitou msg reg_test_run!
13.10.2023 19:03:04.946: Mažu nepoužitou msg reg_train_shunting!
13.10.2023 19:03:04.946: Mažu nepoužitou msg reg_no_boarding!
13.10.2023 19:03:04.946: Mažu nepoužitou msg reg_end_subst_bus!
13.10.2023 19:03:04.946: Mažu nepoužitou msg reg_end_subus!
13.10.2023 19:03:04.946: Mažu nepoužitou msg reg_end_subst_train!
13.10.2023 19:03:04.946: Mažu nepoužitou msg except_bus!
13.10.2023 19:03:04.946: Mažu nepoužitou msg except_pass_s0_short!
13.10.2023 19:03:04.946: Mažu nepoužitou msg except_pass_p0_short!
13.10.2023 19:03:04.947: Mažu nepoužitou msg extra_change_1_short!
13.10.2023 19:03:04.947: Mažu nepoužitou msg extra_change_2_short!
13.10.2023 19:03:04.947: Mažu nepoužitou msg reg_self_service!
13.10.2023 19:03:04.947: Mažu nepoužitou msg reg_self_service_aut!
13.10.2023 19:03:04.947: Mažu nepoužitou msg reg_self_service_ozn!
13.10.2023 19:03:04.947: Mažu nepoužitou msg excpt-end!
13.10.2023 19:03:04.947: Mažu nepoužitou msg service_train!
13.10.2023 19:03:04.947: Mažu nepoužitou msg no_boarding!
13.10.2023 19:03:04.947: Mažu nepoužitou msg CD_welcome!
13.10.2023 19:03:04.947: Mažu nepoužitou msg shunting_warning!
13.10.2023 19:03:04.947: Mažu nepoužitou msg excpt_stop_track_condition!
13.10.2023 19:03:04.947: Mažu nepoužitou msg reg_excpt_stop_track_condition!
13.10.2023 19:03:04.948: Mažu nepoužitou msg get_off_left!
13.10.2023 19:03:04.948: Mažu nepoužitou msg get_off_right!
13.10.2023 19:03:04.948: Mažu nepoužitou msg reg_welcome!
13.10.2023 19:03:04.948: Mažu nepoužitou msg reg_thx!
13.10.2023 19:03:04.948: Mažu nepoužitou msg reg_no_rear_door!
13.10.2023 19:03:04.948: Mažu nepoužitou msg reg_get_off_left!
13.10.2023 19:03:04.948: Mažu nepoužitou msg reg_get_off_right!
13.10.2023 19:03:04.948: Mažu nepoužitou msg reg_boarding_end!
13.10.2023 19:03:04.948: Mažu nepoužitou msg reg_shunting_warn!
13.10.2023 19:03:04.948: Mažu nepoužitou msg reg_route_diversion!
13.10.2023 19:03:04.948: Mažu nepoužitou msg reg_clos_next_end_subst_bus!
13.10.2023 19:03:04.948: Mažu nepoužitou msg reg_excpt_end!
13.10.2023 19:03:04.948: Mažu nepoužitou msg reg_clos_next_end!
13.10.2023 19:03:04.949: Mažu nepoužitou msg reg_delay_closure!
13.10.2023 19:03:04.949: Mažu nepoužitou msg reg_delay_connection!
13.10.2023 19:03:04.949: Mažu nepoužitou msg reg_delay_car_malfunction!
13.10.2023 19:03:04.949: Mažu nepoužitou msg reg_delay_track_obstacle!
13.10.2023 19:03:04.949: Mažu nepoužitou msg reg_delay_crossing_accident!
13.10.2023 19:03:04.949: Mažu nepoužitou msg reg_delay_bad_weather!
13.10.2023 19:03:04.949: Mažu nepoužitou msg reg_delay_faster_train!
13.10.2023 19:03:04.949: Mažu nepoužitou msg reg_delay_opposite_train!
13.10.2023 19:03:04.949: Mažu nepoužitou msg planned_replacement_bus!
13.10.2023 19:03:04.949: Mažu nepoužitou msg planned_replacement_bus_short!
13.10.2023 19:03:04.949: Mažu nepoužitou msg except_route_s0!
13.10.2023 19:03:04.949: Mažu nepoužitou msg except_route_s0_short!
13.10.2023 19:03:04.949: Mažu nepoužitou msg except_route_p0!
13.10.2023 19:03:04.950: Mažu nepoužitou msg except_route_p0_short!
13.10.2023 19:03:04.950: Mažu nepoužitou msg except_route_ss!
13.10.2023 19:03:04.950: Mažu nepoužitou msg except_route_ss_short!
13.10.2023 19:03:04.950: Mažu nepoužitou msg except_route_sp!
13.10.2023 19:03:04.950: Mažu nepoužitou msg except_route_sp_short!
13.10.2023 19:03:04.950: Mažu nepoužitou msg except_route_ps!
13.10.2023 19:03:04.950: Mažu nepoužitou msg except_route_ps_short!
13.10.2023 19:03:04.950: Mažu nepoužitou msg except_route_pp!
13.10.2023 19:03:04.950: Mažu nepoužitou msg except_route_pp_short!
13.10.2023 19:03:04.950: Mažu nepoužitou msg except_end!
13.10.2023 19:03:04.950: Mažu nepoužitou msg except_end_short!
13.10.2023 19:03:04.950: Mažu nepoužitou msg except_end_station_bus!
13.10.2023 19:03:04.950: Mažu nepoužitou msg except_end_station_0!
13.10.2023 19:03:04.951: Mažu nepoužitou msg test_operation!
13.10.2023 19:03:04.953: Mažu nepoužitou msg vb_357_schwandorf!
13.10.2023 19:03:05.947: Ukládám vyčištěný soubor do "Out/Vozy/unipis.xml"...
13.10.2023 19:03:06.231: Soubor uložen úspěšně!
