23.10.2023 14:40:51.002: Mažu nepoužitý kalendář 31-prosinec!
23.10.2023 14:40:51.005: Mažu nepoužitý kalendář prazdniny!
23.10.2023 14:40:51.005: Mažu nepoužitý kalendář 2023-06-11/2023-09-02!
23.10.2023 14:40:51.005: Mažu nepoužitý kalendář 2023-09-03/2023-12-09!
23.10.2023 14:40:51.005: Mažu nepoužitý kalendář 2023-06-11/2023-08-27!
23.10.2023 14:40:51.005: Mažu nepoužitý kalendář 2023-06-12/2023-09-02!
23.10.2023 14:40:51.005: Mažu nepoužitý kalendář 2023-09-03/2023-12-03!
23.10.2023 14:40:51.005: Mažu nepoužitý kalendář 2023-09-04/2023-12-09!
23.10.2023 14:40:51.005: Mažu nepoužitý kalendář 2023-06-17/2023-09-02!
23.10.2023 14:40:51.005: Mažu nepoužitý kalendář 2023-09-30/2023-09-30!
23.10.2023 14:40:51.005: Mažu nepoužitý kalendář 2023-06-16/2023-09-01!
23.10.2023 14:40:51.005: Mažu nepoužitý kalendář 2023-09-29/2023-09-29!
23.10.2023 14:40:51.005: Mažu nepoužitý kalendář 2023-06-12/2023-08-31!
23.10.2023 14:40:51.005: Mažu nepoužitý kalendář 2023-09-29/2023-09-30!
23.10.2023 14:40:51.005: Mažu nepoužitý kalendář 2023-07-08/2023-07-08!
23.10.2023 14:40:51.005: Mažu nepoužitý kalendář 2023-09-09/2023-12-09!
23.10.2023 14:40:51.005: Mažu nepoužitý kalendář 2023-07-07/2023-07-07!
23.10.2023 14:40:51.005: Mažu nepoužitý kalendář 2023-09-08/2023-12-08!
23.10.2023 14:40:51.005: Mažu nepoužitý kalendář 2023-09-04/2023-12-07!
23.10.2023 14:40:51.006: Mažu nepoužitý kalendář 2023-07-07/2023-07-08!
23.10.2023 14:40:51.006: Mažu nepoužitý kalendář 2023-06-11/2023-07-06!
23.10.2023 14:40:51.006: Mažu nepoužitý kalendář 2023-07-24/2023-07-28!
23.10.2023 14:40:51.006: Mažu nepoužitý kalendář 2023-08-19/2023-12-09!
23.10.2023 14:40:51.006: Mažu nepoužitý kalendář 2023-06-11/2023-08-20!
23.10.2023 14:40:51.006: Mažu nepoužitý kalendář 2023-06-11/2023-06-25!
23.10.2023 14:40:51.006: Mažu nepoužitý kalendář 2023-07-07/2023-12-09!
23.10.2023 14:40:51.006: Mažu nepoužitý kalendář 2023-06-20/2023-06-24!
23.10.2023 14:40:51.006: Mažu nepoužitý kalendář 2023-06-26/2023-12-09!
23.10.2023 14:40:51.006: Mažu nepoužitý kalendář 2023-08-19/2023-08-20!
23.10.2023 14:40:51.006: Mažu nepoužitý kalendář 2023-08-20/2023-12-03!
23.10.2023 14:40:51.006: Mažu nepoužitý kalendář 2023-07-14/2023-07-14!
23.10.2023 14:40:51.006: Mažu nepoužitý kalendář 2023-07-21/2023-07-21!
23.10.2023 14:40:51.007: Mažu nepoužitý kalendář 2023-08-04/2023-08-04!
23.10.2023 14:40:51.007: Mažu nepoužitý kalendář 2023-08-11/2023-08-11!
23.10.2023 14:40:51.007: Mažu nepoužitý kalendář 2023-08-18/2023-08-18!
23.10.2023 14:40:51.007: Mažu nepoužitý kalendář 2023-07-15/2023-07-15!
23.10.2023 14:40:51.007: Mažu nepoužitý kalendář 2023-07-22/2023-07-22!
23.10.2023 14:40:51.008: Mažu nepoužitý kalendář 2023-07-29/2023-07-29!
23.10.2023 14:40:51.008: Mažu nepoužitý kalendář 2023-08-05/2023-08-05!
23.10.2023 14:40:51.008: Mažu nepoužitý kalendář 2023-08-12/2023-08-12!
23.10.2023 14:40:51.009: Mažu nepoužitý kalendář 2023-06-12/2023-07-06!
23.10.2023 14:40:51.009: Mažu nepoužitý kalendář 2023-07-24/2023-07-27!
23.10.2023 14:40:51.010: Mažu nepoužitý kalendář 2023-08-21/2023-12-07!
23.10.2023 14:40:51.010: Mažu nepoužitý kalendář 2023-08-27/2023-08-27!
23.10.2023 14:40:51.010: Mažu nepoužitý kalendář 2023-08-25/2023-08-25!
23.10.2023 14:40:51.011: Mažu nepoužitý kalendář 2023-09-01/2023-09-01!
23.10.2023 14:40:51.011: Mažu nepoužitý kalendář 2023-08-26/2023-08-26!
23.10.2023 14:40:51.011: Mažu nepoužitý kalendář 2023-09-02/2023-09-02!
23.10.2023 14:40:51.011: Mažu nepoužitý kalendář 2023-06-12/2023-08-17!
23.10.2023 14:40:51.011: Mažu nepoužitý kalendář 2023-07-02/2023-07-02!
23.10.2023 14:40:51.011: Mažu nepoužitý kalendář 2023-06-30/2023-06-30!
23.10.2023 14:40:51.012: Mažu nepoužitý kalendář 2023-06-12/2023-06-22!
23.10.2023 14:40:51.012: Mažu nepoužitý kalendář 2023-07-10/2023-12-07!
23.10.2023 14:40:51.012: Mažu nepoužitý kalendář 2023-06-11/2023-06-11!
23.10.2023 14:40:51.012: Mažu nepoužitý kalendář 2023-06-18/2023-06-18!
23.10.2023 14:40:51.012: Mažu nepoužitý kalendář 2023-06-25/2023-06-25!
23.10.2023 14:40:51.012: Mažu nepoužitý kalendář 2023-06-16/2023-06-16!
23.10.2023 14:40:51.013: Mažu nepoužitý kalendář 2023-06-17/2023-06-17!
23.10.2023 14:40:51.013: Mažu nepoužitý kalendář 2023-06-12/2023-06-15!
23.10.2023 14:40:51.013: Mažu nepoužitý kalendář 2023-06-19/2023-06-19!
23.10.2023 14:40:51.013: Mažu nepoužitý kalendář 2023-06-23/2023-06-23!
23.10.2023 14:40:51.013: Mažu nepoužitý kalendář 2023-06-24/2023-06-24!
23.10.2023 14:40:51.013: Mažu nepoužitý kalendář 2023-06-20/2023-06-22!
23.10.2023 14:40:51.014: Mažu nepoužitý kalendář 2023-07-28/2023-07-28!
23.10.2023 14:40:51.014: Mažu nepoužitý kalendář 2023-08-20/2023-08-20!
23.10.2023 14:40:51.014: Mažu nepoužitý kalendář 2023-08-19/2023-08-19!
23.10.2023 14:40:51.014: Mažu nepoužitý kalendář 2023-07-10/2023-07-10!
23.10.2023 14:40:51.014: Mažu nepoužitý kalendář 2023-07-17/2023-07-31!
23.10.2023 14:40:51.014: Mažu nepoužitý kalendář 2023-08-21/2023-12-09!
23.10.2023 14:40:51.014: Mažu nepoužitý kalendář 2023-06-11/2023-07-09!
23.10.2023 14:40:51.015: Mažu nepoužitý kalendář 2023-07-15/2023-07-16!
23.10.2023 14:40:51.015: Mažu nepoužitý kalendář 2023-07-24/2023-07-24!
23.10.2023 14:40:51.015: Mažu nepoužitý kalendář 2023-08-05/2023-12-09!
23.10.2023 14:40:51.015: Mažu nepoužitý kalendář 2023-07-18/2023-07-21!
23.10.2023 14:40:51.015: Mažu nepoužitý kalendář 2023-06-27/2023-12-09!
23.10.2023 14:40:51.015: Mažu nepoužitý kalendář 2023-08-21/2023-08-21!
23.10.2023 14:40:51.016: Mažu nepoužitý kalendář 2023-08-28/2023-08-28!
23.10.2023 14:40:51.016: Mažu nepoužitý kalendář 2023-06-26/2023-06-26!
23.10.2023 14:40:51.016: Mažu nepoužitý kalendář 2023-07-03/2023-07-03!
23.10.2023 14:40:51.016: Mažu nepoužitý kalendář 2023-06-12/2023-06-12!
23.10.2023 14:40:51.016: Mažu nepoužitý kalendář 2023-06-12/2023-08-28!
23.10.2023 14:40:51.016: Mažu nepoužitý kalendář 2023-06-13/2023-09-02!
23.10.2023 14:40:51.017: Mažu nepoužitý kalendář 2023-08-07/2023-08-07!
23.10.2023 14:40:51.017: Mažu nepoužitý kalendář 2023-08-14/2023-08-14!
23.10.2023 14:40:51.017: Mažu nepoužitý kalendář 2023-07-09/2023-07-09!
23.10.2023 14:40:51.017: Mažu nepoužitý kalendář 2023-07-16/2023-07-16!
23.10.2023 14:40:51.017: Mažu nepoužitý kalendář 2023-08-06/2023-08-06!
23.10.2023 14:40:51.017: Mažu nepoužitý kalendář 2023-08-13/2023-08-13!
23.10.2023 14:40:51.017: Mažu nepoužitý kalendář 2023-06-13/2023-07-06!
23.10.2023 14:40:51.018: Mažu nepoužitý kalendář 2023-07-18/2023-07-29!
23.10.2023 14:40:51.018: Mažu nepoužitý kalendář 2023-08-22/2023-12-09!
23.10.2023 14:40:51.018: Mažu nepoužitý kalendář 2023-06-13/2023-08-19!
23.10.2023 14:40:51.018: Mažu nepoužitý kalendář 2023-09-05/2023-12-09!
23.10.2023 14:40:51.018: Mažu nepoužitý kalendář 2023-07-17/2023-07-17!
23.10.2023 14:40:51.018: Mažu nepoužitý kalendář 2023-07-31/2023-07-31!
23.10.2023 14:40:51.019: Mažu nepoužitý kalendář 2023-07-23/2023-07-23!
23.10.2023 14:40:51.019: Mažu nepoužitý kalendář 2023-07-30/2023-07-30!
23.10.2023 14:40:51.019: Mažu nepoužitý kalendář 2023-06-13/2023-07-15!
23.10.2023 14:40:51.019: Mažu nepoužitý kalendář 2023-07-25/2023-07-28!
23.10.2023 14:40:51.019: Mažu nepoužitý kalendář 2023-08-01/2023-12-09!
23.10.2023 14:40:51.019: Mažu nepoužitý kalendář 2023-06-13/2023-06-24!
23.10.2023 14:40:51.020: Mažu nepoužitý kalendář 2023-06-13/2023-06-17!
23.10.2023 14:40:51.020: Mažu nepoužitý kalendář 2023-08-28/2023-09-01!
23.10.2023 14:40:51.020: Mažu nepoužitý kalendář 2023-06-11/2023-07-23!
23.10.2023 14:40:51.020: Mažu nepoužitý kalendář 2023-08-11/2023-12-09!
23.10.2023 14:40:51.020: Mažu nepoužitý kalendář 2023-07-24/2023-12-09!
23.10.2023 14:40:51.021: Mažu nepoužitý kalendář 2023-06-11/2023-08-10!
23.10.2023 14:40:51.021: Mažu nepoužitý kalendář 2023-08-21/2023-08-25!
23.10.2023 14:40:51.021: Mažu nepoužitý kalendář 2023-08-26/2023-08-27!
23.10.2023 14:40:51.021: Mažu nepoužitý kalendář 2023-06-11/2023-08-31!
23.10.2023 14:40:51.021: Mažu nepoužitý kalendář 2023-10-31/2023-12-09!
23.10.2023 14:40:51.021: Mažu nepoužitý kalendář 2023-06-12/2023-10-30!
23.10.2023 14:40:51.022: Mažu nepoužitý kalendář 2023-06-12/2023-06-24!
23.10.2023 14:40:51.022: Mažu nepoužitý kalendář 2023-07-08/2023-12-09!
23.10.2023 14:40:51.022: Mažu nepoužitý kalendář 2023-06-12/2023-07-31!
23.10.2023 14:40:51.022: Mažu nepoužitý kalendář 2023-08-12/2023-12-09!
23.10.2023 14:40:51.022: Mažu nepoužitý kalendář 2023-07-11/2023-07-13!
23.10.2023 14:40:51.022: Mažu nepoužitý kalendář 2023-07-23/2023-12-08!
23.10.2023 14:40:51.022: Mažu nepoužitý kalendář 2023-07-18/2023-12-09!
23.10.2023 14:40:51.023: Mažu nepoužitý kalendář 2023-06-20/2023-12-09!
23.10.2023 14:40:51.023: Mažu nepoužitý kalendář 2023-07-31/2023-12-08!
23.10.2023 14:40:51.023: Mažu nepoužitý kalendář 2023-08-13/2023-08-15!
23.10.2023 14:40:51.023: Mažu nepoužitý kalendář 2023-08-21/2023-08-24!
23.10.2023 14:40:51.023: Mažu nepoužitý kalendář 2023-08-28/2023-08-31!
23.10.2023 14:40:51.023: Mažu nepoužitý kalendář 2023-08-16/2023-08-17!
23.10.2023 14:40:51.024: Mažu nepoužitý kalendář 2023-11-03/2023-12-09!
23.10.2023 14:40:51.024: Mažu nepoužitý kalendář 2023-10-31/2023-12-07!
23.10.2023 14:40:51.024: Mažu nepoužitý kalendář 2023-06-17/2023-10-28!
23.10.2023 14:40:51.024: Mažu nepoužitý kalendář 2023-10-31/2023-10-31!
23.10.2023 14:40:51.025: Mažu nepoužitý kalendář 2023-06-12/2023-11-01!
23.10.2023 14:40:51.025: Mažu nepoužitý kalendář 2023-08-14/2023-12-07!
23.10.2023 14:40:51.026: Mažu nepoužitý kalendář 2023-07-18/2023-07-20!
23.10.2023 14:40:51.027: Mažu nepoužitý kalendář 2023-07-10/2023-07-13!
23.10.2023 14:40:51.030: Mažu nepoužitý kalendář 2023-06-29/2023-12-09!
23.10.2023 14:40:51.030: Mažu nepoužitý kalendář 2023-06-11/2023-06-28!
23.10.2023 14:40:51.031: Mažu nepoužitý kalendář 2023-08-28/2023-12-09!
23.10.2023 14:40:51.031: Mažu nepoužitý kalendář 2023-11-04/2023-12-09!
23.10.2023 14:40:51.031: Mažu nepoužitý kalendář 2023-10-30/2023-12-09!
23.10.2023 14:40:51.031: Mažu nepoužitý kalendář 2023-11-05/2023-12-03!
23.10.2023 14:40:51.031: Mažu nepoužitý kalendář 2023-06-13/2023-08-31!
23.10.2023 14:40:51.032: Mažu nepoužitý kalendář 2023-10-31/2023-12-08!
23.10.2023 14:40:51.032: Mažu nepoužitý kalendář 2023-06-12/2023-07-03!
23.10.2023 14:40:51.032: Mažu nepoužitý kalendář 2023-08-16/2023-08-16!
23.10.2023 14:40:51.032: Mažu nepoužitý kalendář 2023-08-27/2023-12-03!
23.10.2023 14:40:51.032: Mažu nepoužitý kalendář 2023-08-14/2023-08-15!
23.10.2023 14:40:51.032: Mažu nepoužitý kalendář 2023-08-15/2023-08-16!
23.10.2023 14:40:51.033: Mažu nepoužitý kalendář 2023-08-22/2023-12-08!
23.10.2023 14:40:51.033: Mažu nepoužitý kalendář 2023-06-13/2023-10-27!
23.10.2023 14:40:51.033: Mažu nepoužitý kalendář 2023-06-29/2023-12-08!
23.10.2023 14:40:51.033: Mažu nepoužitý kalendář 2023-07-04/2023-07-06!
23.10.2023 14:40:51.033: Mažu nepoužitý kalendář 2023-08-22/2023-08-25!
23.10.2023 14:40:51.033: Mažu nepoužitý kalendář 2023-08-29/2023-08-31!
23.10.2023 14:40:51.034: Mažu nepoužitý kalendář 2023-06-16/2023-09-02!
23.10.2023 14:40:51.034: Mažu nepoužitý kalendář 2023-06-12/2023-07-20!
23.10.2023 14:40:51.034: Mažu nepoužitý kalendář 2023-06-16/2023-07-22!
23.10.2023 14:40:51.034: Mažu nepoužitý kalendář 2023-07-24/2023-12-07!
23.10.2023 14:40:51.034: Mažu nepoužitý kalendář 2023-06-16/2023-07-01!
23.10.2023 14:40:51.034: Mažu nepoužitý kalendář 2023-07-28/2023-12-09!
23.10.2023 14:40:51.035: Mažu nepoužitý kalendář 2023-07-03/2023-07-06!
23.10.2023 14:40:51.035: Mažu nepoužitý kalendář 2023-06-26/2023-06-29!
23.10.2023 14:40:51.035: Mažu nepoužitý kalendář 2023-06-30/2023-07-01!
23.10.2023 14:40:51.035: Mažu nepoužitý kalendář 2023-06-16/2023-06-17!
23.10.2023 14:40:51.035: Mažu nepoužitý kalendář 2023-08-25/2023-08-26!
23.10.2023 14:40:51.035: Mažu nepoužitý kalendář 2023-06-23/2023-06-24!
23.10.2023 14:40:51.035: Mažu nepoužitý kalendář 2023-06-11/2023-07-28!
23.10.2023 14:40:51.036: Mažu nepoužitý kalendář 2023-06-20/2023-12-08!
23.10.2023 14:40:51.036: Mažu nepoužitý kalendář 2023-06-17/2023-06-18!
23.10.2023 14:40:51.036: Mažu nepoužitý kalendář 2023-10-02/2023-10-02!
23.10.2023 14:40:51.036: Mažu nepoužitý kalendář 2023-06-13/2023-09-01!
23.10.2023 14:40:51.036: Mažu nepoužitý kalendář 2023-07-29/2023-12-09!
23.10.2023 14:40:51.036: Mažu nepoužitý kalendář 2023-06-13/2023-06-23!
23.10.2023 14:40:51.037: Mažu nepoužitý kalendář 2023-07-25/2023-12-08!
23.10.2023 14:40:51.037: Mažu nepoužitý kalendář 2023-08-26/2023-12-09!
23.10.2023 14:40:51.037: Mažu nepoužitý kalendář 2023-06-13/2023-07-28!
23.10.2023 14:40:51.037: Mažu nepoužitý kalendář 2023-06-13/2023-06-16!
23.10.2023 14:40:51.037: Mažu nepoužitý kalendář 2023-06-20/2023-06-23!
23.10.2023 14:40:51.037: Mažu nepoužitý kalendář 2023-08-29/2023-09-01!
23.10.2023 14:40:51.038: Mažu nepoužitý kalendář 2023-06-11/2023-08-09!
23.10.2023 14:40:51.038: Mažu nepoužitý kalendář 2023-08-10/2023-12-09!
23.10.2023 14:40:51.038: Mažu nepoužitý kalendář 2023-06-11/2023-06-30!
23.10.2023 14:40:51.038: Mažu nepoužitý kalendář 2023-06-30/2023-12-09!
23.10.2023 14:40:51.038: Mažu nepoužitý kalendář 2023-07-02/2023-12-07!
23.10.2023 14:40:51.038: Mažu nepoužitý kalendář 2023-08-10/2023-08-16!
23.10.2023 14:40:51.039: Mažu nepoužitý kalendář 2023-08-18/2023-09-01!
23.10.2023 14:40:51.039: Mažu nepoužitý kalendář 2023-08-17/2023-08-17!
23.10.2023 14:40:51.039: Mažu nepoužitý kalendář 2023-06-15/2023-08-31!
23.10.2023 14:40:51.039: Mažu nepoužitý kalendář 2023-09-28/2023-09-29!
23.10.2023 14:40:51.039: Mažu nepoužitý kalendář 2023-07-27/2023-07-27!
23.10.2023 14:40:51.039: Mažu nepoužitý kalendář 2023-08-03/2023-08-03!
23.10.2023 14:40:51.040: Mažu nepoužitý kalendář 2023-08-10/2023-08-10!
23.10.2023 14:40:51.040: Mažu nepoužitý kalendář 2023-07-13/2023-07-13!
23.10.2023 14:40:51.040: Mažu nepoužitý kalendář 2023-07-20/2023-07-20!
23.10.2023 14:40:51.040: Mažu nepoužitý kalendář 2023-06-11/2023-07-05!
23.10.2023 14:40:51.040: Mažu nepoužitý kalendář 2023-06-29/2023-06-29!
23.10.2023 14:40:51.041: Mažu nepoužitý kalendář 2023-06-15/2023-06-15!
23.10.2023 14:40:51.041: Mažu nepoužitý kalendář 2023-06-20/2023-06-21!
23.10.2023 14:40:51.041: Mažu nepoužitý kalendář 2023-08-24/2023-08-24!
23.10.2023 14:40:51.047: Mažu nepoužitý kalendář 2023-08-21/2023-08-23!
23.10.2023 14:40:51.047: Mažu nepoužitý kalendář 2023-08-31/2023-08-31!
23.10.2023 14:40:51.047: Mažu nepoužitý kalendář 2023-08-28/2023-08-30!
23.10.2023 14:40:51.048: Mažu nepoužitý kalendář 2023-06-22/2023-06-22!
23.10.2023 14:40:51.048: Mažu nepoužitý kalendář 2023-06-12/2023-09-01!
23.10.2023 14:40:51.048: Mažu nepoužitý kalendář 2023-06-12/2023-07-04!
23.10.2023 14:40:51.048: Mažu nepoužitý kalendář 2023-08-28/2023-12-08!
23.10.2023 14:40:51.048: Mažu nepoužitý kalendář 2023-07-01/2023-07-06!
23.10.2023 14:40:51.049: Mažu nepoužitý kalendář 2023-06-12/2023-06-16!
23.10.2023 14:40:51.049: Mažu nepoužitý kalendář 2023-07-03/2023-07-04!
23.10.2023 14:40:51.049: Mažu nepoužitý kalendář 2023-06-16/2023-07-07!
23.10.2023 14:40:51.049: Mažu nepoužitý kalendář 2023-09-01/2023-12-08!
23.10.2023 14:40:51.049: Mažu nepoužitý kalendář 2023-08-28/2023-12-07!
23.10.2023 14:40:51.049: Mažu nepoužitý kalendář 2023-07-02/2023-07-06!
23.10.2023 14:40:51.050: Mažu nepoužitý kalendář 2023-06-24/2023-07-01!
23.10.2023 14:40:51.050: Mažu nepoužitý kalendář 2023-06-11/2023-07-18!
23.10.2023 14:40:51.050: Mažu nepoužitý kalendář 2023-08-07/2023-08-13!
23.10.2023 14:40:51.050: Mažu nepoužitý kalendář 2023-08-18/2023-12-09!
23.10.2023 14:40:51.050: Mažu nepoužitý kalendář 2023-09-01/2023-12-09!
23.10.2023 14:40:51.050: Mažu nepoužitý kalendář 2023-07-01/2023-07-02!
23.10.2023 14:40:51.050: Mažu nepoužitý kalendář 2023-07-11/2023-12-09!
23.10.2023 14:40:51.051: Mažu nepoužitý kalendář 2023-06-11/2023-08-06!
23.10.2023 14:40:51.051: Mažu nepoužitý kalendář 2023-08-14/2023-12-09!
23.10.2023 14:40:51.051: Mažu nepoužitý kalendář 2023-06-11/2023-06-12!
23.10.2023 14:40:51.051: Mažu nepoužitý kalendář 2023-06-21/2023-12-09!
23.10.2023 14:40:51.051: Mažu nepoužitý kalendář 2023-06-11/2023-07-10!
23.10.2023 14:40:51.051: Mažu nepoužitý kalendář 2023-07-17/2023-12-09!
23.10.2023 14:40:51.052: Mažu nepoužitý kalendář 2023-06-21/2023-06-24!
23.10.2023 14:40:51.052: Mažu nepoužitý kalendář 2023-07-17/2023-07-18!
23.10.2023 14:40:51.052: Mažu nepoužitý kalendář 2023-06-12/2023-06-13!
23.10.2023 14:40:51.052: Mažu nepoužitý kalendář 2023-09-01/2023-09-02!
23.10.2023 14:40:51.052: Mažu nepoužitý kalendář 2023-06-20/2023-06-20!
23.10.2023 14:40:51.052: Mažu nepoužitý kalendář 2023-06-11/2023-07-02!
23.10.2023 14:40:51.053: Mažu nepoužitý kalendář 2023-06-11/2023-07-31!
23.10.2023 14:40:51.053: Mažu nepoužitý kalendář 2023-06-11/2023-08-24!
23.10.2023 14:40:51.053: Mažu nepoužitý kalendář 2023-06-11/2023-08-13!
23.10.2023 14:40:51.053: Mažu nepoužitý kalendář 2023-06-11/2023-07-17!
23.10.2023 14:40:51.053: Mažu nepoužitý kalendář 2023-06-17/2023-08-26!
23.10.2023 14:40:51.053: Mažu nepoužitý kalendář 2023-09-02/2023-12-09!
23.10.2023 14:40:51.054: Mažu nepoužitý kalendář 2023-10-01/2023-10-01!
23.10.2023 14:40:51.054: Mažu nepoužitý kalendář 2023-07-05/2023-07-09!
23.10.2023 14:40:51.054: Mažu nepoužitý kalendář 2023-06-11/2023-09-03!
23.10.2023 14:40:51.054: Mažu nepoužitý kalendář 2023-09-28/2023-10-01!
23.10.2023 14:40:51.054: Mažu nepoužitý kalendář 2023-09-03/2023-09-03!
23.10.2023 14:40:51.054: Mažu nepoužitý kalendář 2023-09-25/2023-09-25!
23.10.2023 14:40:51.055: Mažu nepoužitý kalendář 2023-06-16/2023-09-29!
23.10.2023 14:40:51.055: Mažu nepoužitý kalendář 2023-09-28/2023-12-07!
23.10.2023 14:40:51.055: Mažu nepoužitý kalendář 2023-06-15/2023-09-28!
23.10.2023 14:40:51.055: Mažu nepoužitý kalendář 2023-09-29/2023-12-08!
23.10.2023 14:40:51.055: Mažu nepoužitý kalendář 2023-10-01/2023-12-09!
23.10.2023 14:40:51.055: Mažu nepoužitý kalendář 2023-07-06/2023-07-07!
23.10.2023 14:40:51.056: Mažu nepoužitý kalendář 2023-06-11/2023-09-30!
23.10.2023 14:40:51.056: Mažu nepoužitý kalendář 2023-06-12/2023-09-25!
23.10.2023 14:40:51.056: Mažu nepoužitý kalendář 2023-10-02/2023-12-04!
23.10.2023 14:40:51.056: Mažu nepoužitý kalendář 2023-08-15/2023-08-15!
23.10.2023 14:40:51.056: Mažu nepoužitý kalendář 2023-07-05/2023-07-06!
23.10.2023 14:40:51.056: Mažu nepoužitý kalendář 2023-06-11/2023-07-22!
23.10.2023 14:40:51.057: Mažu nepoužitý kalendář 2023-08-25/2023-12-09!
23.10.2023 14:40:51.057: Mažu nepoužitý kalendář 2023-07-23/2023-08-31!
23.10.2023 14:40:51.057: Mažu nepoužitý kalendář 2023-06-25/2023-06-29!
23.10.2023 14:40:51.057: Mažu nepoužitý kalendář 2023-08-27/2023-08-31!
23.10.2023 14:40:51.058: Mažu nepoužitý kalendář 2023-07-10/2023-07-11!
23.10.2023 14:40:51.064: Mažu nepoužitý kalendář 2023-07-13/2023-07-14!
23.10.2023 14:40:51.064: Mažu nepoužitý kalendář 2023-07-24/2023-07-25!
23.10.2023 14:40:51.064: Mažu nepoužitý kalendář 2023-07-27/2023-07-28!
23.10.2023 14:40:51.064: Mažu nepoužitý kalendář 2023-08-28/2023-08-29!
23.10.2023 14:40:51.064: Mažu nepoužitý kalendář 2023-08-31/2023-09-01!
23.10.2023 14:40:51.065: Mažu nepoužitý kalendář 2023-07-19/2023-07-19!
23.10.2023 14:40:51.065: Mažu nepoužitý kalendář 2023-08-02/2023-08-02!
23.10.2023 14:40:51.065: Mažu nepoužitý kalendář 2023-08-23/2023-08-23!
23.10.2023 14:40:51.065: Mažu nepoužitý kalendář 2023-07-03/2023-07-07!
23.10.2023 14:40:51.065: Mažu nepoužitý kalendář 2023-07-10/2023-07-14!
23.10.2023 14:40:51.065: Mažu nepoužitý kalendář 2023-06-26/2023-06-28!
23.10.2023 14:40:51.066: Mažu nepoužitý kalendář 2023-06-24/2023-06-25!
23.10.2023 14:40:51.066: Mažu nepoužitý kalendář 2023-08-09/2023-08-09!
23.10.2023 14:40:51.066: Mažu nepoužitý kalendář 2023-07-02/2023-07-03!
23.10.2023 14:40:51.066: Mažu nepoužitý kalendář 2023-08-25/2023-08-31!
23.10.2023 14:40:51.066: Mažu nepoužitý kalendář 2023-08-31/2023-12-09!
23.10.2023 14:40:51.066: Mažu nepoužitý kalendář 2023-06-11/2023-07-25!
23.10.2023 14:40:51.067: Mažu nepoužitý kalendář 2023-08-25/2023-08-29!
23.10.2023 14:40:51.067: Mažu nepoužitý kalendář 2023-07-26/2023-12-09!
23.10.2023 14:40:51.067: Mažu nepoužitý kalendář 2023-06-23/2023-06-25!
23.10.2023 14:40:51.067: Mažu nepoužitý kalendář 2023-09-08/2023-09-08!
23.10.2023 14:40:51.067: Mažu nepoužitý kalendář 2023-09-15/2023-09-15!
23.10.2023 14:40:51.067: Mažu nepoužitý kalendář 2023-09-22/2023-09-22!
23.10.2023 14:40:51.067: Mažu nepoužitý kalendář 2023-10-06/2023-10-06!
23.10.2023 14:40:51.068: Mažu nepoužitý kalendář 2023-07-03/2023-12-07!
23.10.2023 14:40:51.068: Mažu nepoužitý kalendář 2023-09-08/2023-09-22!
23.10.2023 14:40:51.068: Mažu nepoužitý kalendář 2023-10-06/2023-12-08!
23.10.2023 14:40:51.068: Mažu nepoužitý kalendář 2023-06-12/2023-06-29!
23.10.2023 14:40:51.068: Mažu nepoužitý kalendář 2023-07-02/2023-12-09!
23.10.2023 14:40:51.068: Mažu nepoužitý kalendář 2023-06-19/2023-06-22!
23.10.2023 14:40:51.069: Mažu nepoužitý kalendář 2023-07-03/2023-12-08!
23.10.2023 14:40:51.069: Mažu nepoužitý kalendář 2023-06-11/2023-09-24!
23.10.2023 14:40:51.069: Mažu nepoužitý kalendář 2023-09-28/2023-12-03!
23.10.2023 14:40:51.069: Mažu nepoužitý kalendář 2023-10-07/2023-12-09!
23.10.2023 14:40:51.069: Mažu nepoužitý kalendář 2023-06-17/2023-09-30!
23.10.2023 14:40:51.069: Mažu nepoužitý kalendář 2023-10-03/2023-12-07!
23.10.2023 14:40:51.070: Mažu nepoužitý kalendář 2023-06-13/2023-09-28!
23.10.2023 14:40:51.070: Mažu nepoužitý kalendář 2023-09-30/2023-12-09!
23.10.2023 14:40:51.070: Mažu nepoužitý kalendář 2023-10-01/2023-12-03!
23.10.2023 14:40:51.070: Mažu nepoužitý kalendář 2023-10-02/2023-12-06!
23.10.2023 14:40:51.070: Mažu nepoužitý kalendář 2023-06-12/2023-09-27!
23.10.2023 14:40:51.070: Mažu nepoužitý kalendář 2023-09-26/2023-09-26!
23.10.2023 14:40:51.070: Mažu nepoužitý kalendář 2023-06-13/2023-06-13!
23.10.2023 14:40:51.071: Mažu nepoužitý kalendář 2023-09-26/2023-09-27!
23.10.2023 14:40:51.071: Mažu nepoužitý kalendář 2023-06-14/2023-06-14!
23.10.2023 14:40:51.071: Mažu nepoužitý kalendář 2023-06-11/2023-06-14!
23.10.2023 14:40:51.071: Mažu nepoužitý kalendář 2023-06-13/2023-06-14!
23.10.2023 14:40:51.071: Mažu nepoužitý kalendář 2023-06-12/2023-06-14!
23.10.2023 14:40:51.071: Mažu nepoužitý kalendář 2023-07-03/2023-07-05!
23.10.2023 14:40:51.072: Mažu nepoužitý kalendář 2023-08-09/2023-09-30!
23.10.2023 14:40:51.072: Mažu nepoužitý kalendář 2023-06-11/2023-08-08!
23.10.2023 14:40:51.072: Mažu nepoužitý kalendář 2023-10-11/2023-10-15!
23.10.2023 14:40:51.072: Mažu nepoužitý kalendář 2023-11-13/2023-12-08!
23.10.2023 14:40:51.072: Mažu nepoužitý kalendář 2023-11-04/2023-11-05!
23.10.2023 14:40:51.072: Mažu nepoužitý kalendář 2023-11-12/2023-11-12!
23.10.2023 14:40:51.073: Mažu nepoužitý kalendář 2023-11-26/2023-11-26!
23.10.2023 14:40:51.073: Mažu nepoužitý kalendář 2023-10-14/2023-10-21!
23.10.2023 14:40:51.073: Mažu nepoužitý kalendář 2023-10-15/2023-10-22!
23.10.2023 14:40:51.073: Mažu nepoužitý kalendář 2023-12-03/2023-12-08!
23.10.2023 14:40:51.073: Mažu nepoužitý kalendář 2023-12-01/2023-12-09!
23.10.2023 14:40:51.073: Mažu nepoužitý kalendář 2023-10-11/2023-11-30!
23.10.2023 14:40:51.114: Mažu nepoužitý announcement msv_get_off_left!
23.10.2023 14:40:51.115: Mažu nepoužitý announcement msv_get_off_right!
23.10.2023 14:40:51.116: Mažu nepoužitý announcement msv_shunting_warn!
23.10.2023 14:40:51.116: Mažu nepoužitý announcement msv_excpt_stop_track_condition!
23.10.2023 14:40:51.116: Mažu nepoužitý announcement msv_service_stop!
23.10.2023 14:40:51.116: Mažu nepoužitý announcement msv_clos_next_end_subst_bus!
23.10.2023 14:40:51.116: Mažu nepoužitý announcement msv_end_subus!
23.10.2023 14:40:51.116: Mažu nepoužitý announcement msv_clos_next_end!
23.10.2023 14:40:51.117: Mažu nepoužitý announcement msv_excpt_end!
23.10.2023 14:40:51.117: Mažu nepoužitý announcement msv_end_subst_train!
23.10.2023 14:40:51.117: Mažu nepoužitý announcement msv_route_diversion!
23.10.2023 14:40:51.117: Mažu nepoužitý announcement msv_delay_closure!
23.10.2023 14:40:51.117: Mažu nepoužitý announcement msv_delay_connection!
23.10.2023 14:40:51.117: Mažu nepoužitý announcement msv_delay_opposite_train!
23.10.2023 14:40:51.118: Mažu nepoužitý announcement msv_delay_car_malfunction!
23.10.2023 14:40:51.118: Mažu nepoužitý announcement msv_delay_faster_train!
23.10.2023 14:40:51.118: Mažu nepoužitý announcement msv_delay_track_obstacle!
23.10.2023 14:40:51.118: Mažu nepoužitý announcement msv_delay_bad_weather!
23.10.2023 14:40:51.118: Mažu nepoužitý announcement msv_delay_crossing_accident!
23.10.2023 14:40:51.119: Mažu nepoužitý announcement msv_welcome!
23.10.2023 14:40:51.119: Mažu nepoužitý announcement msv_thx!
23.10.2023 14:40:51.119: Mažu nepoužitý announcement msv_no_rear_door!
23.10.2023 14:40:51.119: Mažu nepoužitý announcement msv_sound_test!
23.10.2023 14:40:51.119: Mažu nepoužitý announcement msv_no_boarding!
23.10.2023 14:40:51.119: Mažu nepoužitý announcement msv_special_train!
23.10.2023 14:40:51.120: Mažu nepoužitý announcement msv_train_cleaning!
23.10.2023 14:40:51.120: Mažu nepoužitý announcement msv_train_shunting!
23.10.2023 14:40:51.120: Mažu nepoužitý announcement msv_subst_transport!
23.10.2023 14:40:51.120: Mažu nepoužitý announcement msv_reserved_car!
23.10.2023 14:40:51.120: Mažu nepoužitý announcement msv_test_run!
23.10.2023 14:40:51.120: Mažu nepoužitý announcement msv_exposition!
23.10.2023 14:40:51.121: Mažu nepoužitý announcement msv_railway_day!
23.10.2023 14:40:51.121: Mažu nepoužitý announcement msv_children_day!
23.10.2023 14:40:51.121: Mažu prázdný announcement group MSV_elektronika!
23.10.2023 14:40:51.121: Mažu nepoužitý announcement reg_shunting_warn!
23.10.2023 14:40:51.121: Mažu nepoužitý announcement reg_excpt_stop_track_condition!
23.10.2023 14:40:51.121: Mažu nepoužitý announcement reg_service_stop!
23.10.2023 14:40:51.122: Mažu nepoužitý announcement reg_clos_next_end_subst_bus!
23.10.2023 14:40:51.122: Mažu nepoužitý announcement reg_end_subus!
23.10.2023 14:40:51.122: Mažu nepoužitý announcement reg_clos_next_end!
23.10.2023 14:40:51.122: Mažu nepoužitý announcement reg_excpt_end!
23.10.2023 14:40:51.122: Mažu nepoužitý announcement reg_end_subst_train!
23.10.2023 14:40:51.122: Mažu nepoužitý announcement reg_extra_change_1!
23.10.2023 14:40:51.123: Mažu nepoužitý announcement reg_extra_change_2!
23.10.2023 14:40:51.123: Mažu nepoužitý announcement reg_route_diversion!
23.10.2023 14:40:51.123: Mažu nepoužitý announcement reg_except_pass_s0!
23.10.2023 14:40:51.123: Mažu nepoužitý announcement reg_except_pass_p0!
23.10.2023 14:40:51.123: Mažu nepoužitý announcement reg_delay_closure!
23.10.2023 14:40:51.123: Mažu nepoužitý announcement reg_delay_connection!
23.10.2023 14:40:51.124: Mažu nepoužitý announcement reg_delay_opposite_train!
23.10.2023 14:40:51.124: Mažu nepoužitý announcement reg_delay_car_malfunction!
23.10.2023 14:40:51.124: Mažu nepoužitý announcement reg_delay_faster_train!
23.10.2023 14:40:51.125: Mažu nepoužitý announcement reg_delay_track_obstacle!
23.10.2023 14:40:51.125: Mažu nepoužitý announcement reg_delay_bad_weather!
23.10.2023 14:40:51.126: Mažu nepoužitý announcement reg_delay_crossing_accident!
23.10.2023 14:40:51.126: Mažu nepoužitý announcement reg_welcome!
23.10.2023 14:40:51.127: Mažu nepoužitý announcement reg_thx!
23.10.2023 14:40:51.128: Mažu nepoužitý announcement reg_wifi_nefunkcni!
23.10.2023 14:40:51.128: Mažu nepoužitý announcement reg_no_boarding!
23.10.2023 14:40:51.128: Mažu nepoužitý announcement reg_special_train!
23.10.2023 14:40:51.128: Mažu nepoužitý announcement reg_train_cleaning!
23.10.2023 14:40:51.129: Mažu nepoužitý announcement reg_train_shunting!
23.10.2023 14:40:51.129: Mažu nepoužitý announcement reg_subst_transport!
23.10.2023 14:40:51.129: Mažu nepoužitý announcement reg_reserved_car!
23.10.2023 14:40:51.130: Mažu nepoužitý announcement reg_test_run!
23.10.2023 14:40:51.130: Mažu nepoužitý announcement reg_exposition!
23.10.2023 14:40:51.130: Mažu nepoužitý announcement reg_railway_day!
23.10.2023 14:40:51.130: Mažu nepoužitý announcement reg_children_day!
23.10.2023 14:40:51.130: Mažu prázdný announcement group Regional!
23.10.2023 14:40:51.130: Mažu nepoužitý announcement 810_shunting_warn!
23.10.2023 14:40:51.130: Mažu nepoužitý announcement 810_welcome!
23.10.2023 14:40:51.131: Mažu nepoužitý announcement 810_thx!
23.10.2023 14:40:51.131: Mažu nepoužitý announcement 810_excpt_stop_track_condition!
23.10.2023 14:40:51.131: Mažu nepoužitý announcement 810_clos_next_end_subst_bus!
23.10.2023 14:40:51.131: Mažu nepoužitý announcement 810_end_subus!
23.10.2023 14:40:51.131: Mažu nepoužitý announcement 810_clos_next_end!
23.10.2023 14:40:51.131: Mažu nepoužitý announcement 810_excpt_end!
23.10.2023 14:40:51.132: Mažu nepoužitý announcement 810_end_subst_train!
23.10.2023 14:40:51.132: Mažu nepoužitý announcement 810_route_diversion!
23.10.2023 14:40:51.132: Mažu nepoužitý announcement 810_delay_closure!
23.10.2023 14:40:51.132: Mažu nepoužitý announcement 810_delay_connection!
23.10.2023 14:40:51.132: Mažu nepoužitý announcement 810_delay_opposite_train!
23.10.2023 14:40:51.132: Mažu nepoužitý announcement 810_delay_car_malfunction!
23.10.2023 14:40:51.133: Mažu nepoužitý announcement 810_delay_faster_train!
23.10.2023 14:40:51.133: Mažu nepoužitý announcement 810_delay_track_obstacle!
23.10.2023 14:40:51.133: Mažu nepoužitý announcement 810_delay_bad_weather!
23.10.2023 14:40:51.133: Mažu nepoužitý announcement 810_delay_crossing_accident!
23.10.2023 14:40:51.133: Mažu nepoužitý announcement 810_wifi_nefunkcni!
23.10.2023 14:40:51.133: Mažu nepoužitý announcement 810_no_boarding!
23.10.2023 14:40:51.133: Mažu nepoužitý announcement 810_special_train!
23.10.2023 14:40:51.134: Mažu nepoužitý announcement 810_train_cleaning!
23.10.2023 14:40:51.134: Mažu nepoužitý announcement 810_train_shunting!
23.10.2023 14:40:51.134: Mažu nepoužitý announcement 810_subst_transport!
23.10.2023 14:40:51.134: Mažu nepoužitý announcement 810_reserved_car!
23.10.2023 14:40:51.134: Mažu nepoužitý announcement 810_test_run!
23.10.2023 14:40:51.134: Mažu nepoužitý announcement 810_exposition!
23.10.2023 14:40:51.135: Mažu nepoužitý announcement 810_railway_day!
23.10.2023 14:40:51.135: Mažu nepoužitý announcement 810_children_day!
23.10.2023 14:40:51.135: Mažu nepoužitý announcement 810_reg_boarding_end!
23.10.2023 14:40:51.135: Mažu nepoužitý announcement 810_self_service_novm!
23.10.2023 14:40:51.135: Mažu nepoužitý announcement 810_get_off_left!
23.10.2023 14:40:51.136: Mažu nepoužitý announcement 810_get_off_right!
23.10.2023 14:40:51.136: Mažu nepoužitý announcement 810_service_stop!
23.10.2023 14:40:51.136: Mažu prázdný announcement group Synergy_810!
23.10.2023 14:40:51.136: Mažu nepoužitý announcement 814_self_service!
23.10.2023 14:40:51.136: Mažu nepoužitý announcement 814_shunting_warn!
23.10.2023 14:40:51.136: Mažu nepoužitý announcement 814_service_stop!
23.10.2023 14:40:51.137: Mažu nepoužitý announcement 814_excpt_stop_track_condition!
23.10.2023 14:40:51.137: Mažu nepoužitý announcement 814_clos_next_end_subst_bus!
23.10.2023 14:40:51.137: Mažu nepoužitý announcement 814_end_subus!
23.10.2023 14:40:51.137: Mažu nepoužitý announcement 814_clos_next_end!
23.10.2023 14:40:51.137: Mažu nepoužitý announcement 814_excpt_end!
23.10.2023 14:40:51.137: Mažu nepoužitý announcement 814_route_diversion!
23.10.2023 14:40:51.138: Mažu nepoužitý announcement 814_end_subst_train!
23.10.2023 14:40:51.138: Mažu nepoužitý announcement 814_delay_closure!
23.10.2023 14:40:51.138: Mažu nepoužitý announcement 814_delay_connection!
23.10.2023 14:40:51.138: Mažu nepoužitý announcement 814_delay_opposite_train!
23.10.2023 14:40:51.138: Mažu nepoužitý announcement 814_delay_car_malfunction!
23.10.2023 14:40:51.138: Mažu nepoužitý announcement 814_delay_faster_train!
23.10.2023 14:40:51.138: Mažu nepoužitý announcement 814_delay_track_obstacle!
23.10.2023 14:40:51.139: Mažu nepoužitý announcement 814_delay_bad_weather!
23.10.2023 14:40:51.139: Mažu nepoužitý announcement 814_delay_crossing_accident!
23.10.2023 14:40:51.139: Mažu nepoužitý announcement 814_welcome!
23.10.2023 14:40:51.139: Mažu nepoužitý announcement 814_thx!
23.10.2023 14:40:51.139: Mažu nepoužitý announcement 814_no_rear_door!
23.10.2023 14:40:51.139: Mažu nepoužitý announcement 814_wifi_nefunkcni!
23.10.2023 14:40:51.140: Mažu nepoužitý announcement 814_no_boarding!
23.10.2023 14:40:51.140: Mažu nepoužitý announcement 814_special_train!
23.10.2023 14:40:51.140: Mažu nepoužitý announcement 814_train_cleaning!
23.10.2023 14:40:51.140: Mažu nepoužitý announcement 814_train_shunting!
23.10.2023 14:40:51.140: Mažu nepoužitý announcement 814_subst_transport!
23.10.2023 14:40:51.140: Mažu nepoužitý announcement 814_reserved_car!
23.10.2023 14:40:51.143: Mažu nepoužitý announcement 814_test_run!
23.10.2023 14:40:51.147: Mažu nepoužitý announcement 814_exposition!
23.10.2023 14:40:51.147: Mažu nepoužitý announcement 814_railway_day!
23.10.2023 14:40:51.147: Mažu nepoužitý announcement 814_children_day!
23.10.2023 14:40:51.148: Mažu prázdný announcement group 814,954,471!
23.10.2023 14:40:51.148: Mažu nepoužitý announcement vb_357_schwandorf!
23.10.2023 14:40:51.148: Mažu prázdný announcement group Jen_do_trasy!
23.10.2023 14:40:51.148: Mažu nepoužitý announcement Bohumin_odj_FrLazne!
23.10.2023 14:40:51.149: Mažu nepoužitý announcement Bohumin_odj_Praha!
23.10.2023 14:40:51.149: Mažu nepoužitý announcement FrLazne_odj_Bohumin!
23.10.2023 14:40:51.149: Mažu nepoužitý announcement Havirov_odj_Praha!
23.10.2023 14:40:51.149: Mažu nepoužitý announcement Havirov_odj_CTesin!
23.10.2023 14:40:51.149: Mažu nepoužitý announcement Havirov_odj_Zilina!
23.10.2023 14:40:51.150: Mažu nepoužitý announcement Cheb_odj_Bohumin!
23.10.2023 14:40:51.150: Mažu nepoužitý announcement MarLazne_odj_FrLazne!
23.10.2023 14:40:51.150: Mažu nepoužitý announcement MarLazne_odj_Bohumin!
23.10.2023 14:40:51.150: Mažu nepoužitý announcement Olomouc_odj_FrLazne!
23.10.2023 14:40:51.151: Mažu nepoužitý announcement Olomouc_odj_Praha!
23.10.2023 14:40:51.151: Mažu nepoužitý announcement Olomouc_odj_CTesin!
23.10.2023 14:40:51.151: Mažu nepoužitý announcement Olomouc_odj_Zilina!
23.10.2023 14:40:51.151: Mažu nepoužitý announcement Olomouc_odj_Ostrava!
23.10.2023 14:40:51.151: Mažu nepoužitý announcement Olomouc_odj_Bohumin!
23.10.2023 14:40:51.152: Mažu nepoužitý announcement Pardubice_odj_FrLazne!
23.10.2023 14:40:51.152: Mažu nepoužitý announcement Pardubice_odj_Praha!
23.10.2023 14:40:51.152: Mažu nepoužitý announcement Pardubice_odj_CTesin!
23.10.2023 14:40:51.152: Mažu nepoužitý announcement Pardubice_odj_Zilina!
23.10.2023 14:40:51.152: Mažu nepoužitý announcement Pardubice_odj_Ostrava!
23.10.2023 14:40:51.153: Mažu nepoužitý announcement Pardubice_odj_Bohumin!
23.10.2023 14:40:51.153: Mažu nepoužitý announcement Plzen_odj_FrLazne!
23.10.2023 14:40:51.153: Mažu nepoužitý announcement Plzen_odj_Bohumin!
23.10.2023 14:40:51.153: Mažu nepoužitý announcement Praha_odj_FrLazne!
23.10.2023 14:40:51.153: Mažu nepoužitý announcement Praha_odj_Bohumin_NACESTNA!
23.10.2023 14:40:51.154: Mažu nepoužitý announcement Praha_odj_Bohumin!
23.10.2023 14:40:51.154: Mažu nepoužitý announcement Praha_odj_CTesin!
23.10.2023 14:40:51.154: Mažu nepoužitý announcement Praha_odj_Ostrava!
23.10.2023 14:40:51.154: Mažu nepoužitý announcement Praha_odj_Zilina!
23.10.2023 14:40:51.154: Mažu nepoužitý announcement OStodolni_odj_CTesin!
23.10.2023 14:40:51.155: Mažu nepoužitý announcement OStodolni_odj_Zilina!
23.10.2023 14:40:51.155: Mažu nepoužitý announcement OSvinov_odj_Praha!
23.10.2023 14:40:51.155: Mažu nepoužitý announcement OSvinov_odj_Praha_NACESTNA!
23.10.2023 14:40:51.155: Mažu nepoužitý announcement OSvinov_odj_FrLazne!
23.10.2023 14:40:51.155: Mažu nepoužitý announcement CTesin_odj_Praha!
23.10.2023 14:40:51.156: Mažu nepoužitý announcement CTesin_odj_Praha_NACESTNA!
23.10.2023 14:40:51.156: Mažu nepoužitý announcement CTesin_odj_Zilina!
23.10.2023 14:40:51.156: Mažu nepoužitý announcement Trinec_odj_Praha!
23.10.2023 14:40:51.156: Mažu nepoužitý announcement Trinec_odj_Zilina!
23.10.2023 14:40:51.156: Mažu nepoužitý announcement Zilina_odj_Praha!
23.10.2023 14:40:51.157: Mažu nepoužitý announcement Bohumin_KONECNA!
23.10.2023 14:40:51.157: Mažu nepoužitý announcement CTesin_KONECNA!
23.10.2023 14:40:51.157: Mažu nepoužitý announcement CTesin_PRIJ!
23.10.2023 14:40:51.163: Mažu nepoužitý announcement FrLazne_KONECNA!
23.10.2023 14:40:51.164: Mažu nepoužitý announcement Havirov_PRIJ!
23.10.2023 14:40:51.164: Mažu nepoužitý announcement Cheb_PRIJ!
23.10.2023 14:40:51.164: Mažu nepoužitý announcement MarLazne_PRIJ!
23.10.2023 14:40:51.164: Mažu nepoužitý announcement Olomouc_PRIJ!
23.10.2023 14:40:51.164: Mažu nepoužitý announcement OStodolni_PRIJ!
23.10.2023 14:40:51.164: Mažu nepoužitý announcement OStodolni_PRIJ_od_Ziliny!
23.10.2023 14:40:51.165: Mažu nepoužitý announcement Ostrava_PRIJ!
23.10.2023 14:40:51.165: Mažu nepoužitý announcement Ostrava_KONECNA!
23.10.2023 14:40:51.165: Mažu nepoužitý announcement OSvinov_PRIJ!
23.10.2023 14:40:51.165: Mažu nepoužitý announcement OSvinov_PRIJ_od_Prahy!
23.10.2023 14:40:51.165: Mažu nepoužitý announcement Pardubice_PRIJ!
23.10.2023 14:40:51.165: Mažu nepoužitý announcement Plzen_PRIJ!
23.10.2023 14:40:51.165: Mažu nepoužitý announcement Praha_PRIJ!
23.10.2023 14:40:51.166: Mažu nepoužitý announcement Praha_KONECNA!
23.10.2023 14:40:51.166: Mažu nepoužitý announcement Trinec_PRIJ!
23.10.2023 14:40:51.166: Mažu nepoužitý announcement Zilina_KONECNA!
23.10.2023 14:40:51.166: Mažu nepoužitý announcement OSvinov_odj_Plzen!
23.10.2023 14:40:51.166: Mažu nepoužitý announcement Olomouc_odj_Plzen!
23.10.2023 14:40:51.166: Mažu nepoužitý announcement Pardubice_odj_Plzen!
23.10.2023 14:40:51.166: Mažu nepoužitý announcement Praha_odj_Ostrava_NACESTNA!
23.10.2023 14:40:51.167: Mažu nepoužitý announcement Plzen_odj_Ostrava!
23.10.2023 14:40:51.167: Mažu nepoužitý announcement Plzen_KONECNA!
23.10.2023 14:40:51.167: Mažu nepoužitý announcement Praha_odj_Plzen!
23.10.2023 14:40:51.167: Mažu nepoužitý announcement PSmichov_odj_Plzen!
23.10.2023 14:40:51.167: Mažu nepoužitý announcement PSmichov_odj_FrLazne!
23.10.2023 14:40:51.167: Mažu nepoužitý announcement Praha_PRIJ_od_Plzne!
23.10.2023 14:40:51.168: Mažu nepoužitý announcement PSmichov_PRIJ_od_Plzne!
23.10.2023 14:40:51.168: Mažu nepoužitý announcement PSmichov_PRIJ!
23.10.2023 14:40:51.168: Mažu nepoužitý announcement 680_snidane_1!
23.10.2023 14:40:51.168: Mažu nepoužitý announcement 680_obed_1!
23.10.2023 14:40:51.168: Mažu nepoužitý announcement 680_odpoledne_1!
23.10.2023 14:40:51.168: Mažu prázdný announcement group pendolino_dopravni!
23.10.2023 14:40:51.168: Mažu nepoužitý announcement 680_no_boarding!
23.10.2023 14:40:51.169: Mažu nepoužitý announcement 680_special_train!
23.10.2023 14:40:51.169: Mažu nepoužitý announcement 680_cleaning!
23.10.2023 14:40:51.169: Mažu nepoužitý announcement 680_shunting!
23.10.2023 14:40:51.169: Mažu nepoužitý announcement 680_test_run!
23.10.2023 14:40:51.169: Mažu nepoužitý announcement 680_excpt_stop_track_condition!
23.10.2023 14:40:51.169: Mažu nepoužitý announcement 680_clos_next_end_subst_bus!
23.10.2023 14:40:51.170: Mažu nepoužitý announcement 680_end_subus!
23.10.2023 14:40:51.170: Mažu nepoužitý announcement 680_clos_next_end!
23.10.2023 14:40:51.170: Mažu nepoužitý announcement 680_excpt_end!
23.10.2023 14:40:51.170: Mažu nepoužitý announcement 680_route_diversion!
23.10.2023 14:40:51.170: Mažu nepoužitý announcement 680_end_subst_train!
23.10.2023 14:40:51.170: Mažu nepoužitý announcement 680_delay_closure!
23.10.2023 14:40:51.170: Mažu nepoužitý announcement 680_delay_connection!
23.10.2023 14:40:51.171: Mažu nepoužitý announcement 680_delay_opposite_train!
23.10.2023 14:40:51.171: Mažu nepoužitý announcement 680_delay_car_malfunction!
23.10.2023 14:40:51.171: Mažu nepoužitý announcement 680_delay_track_obstacle!
23.10.2023 14:40:51.171: Mažu nepoužitý announcement 680_delay_bad_weather!
23.10.2023 14:40:51.171: Mažu nepoužitý announcement 680_delay_crossing_accident!
23.10.2023 14:40:51.171: Mažu nepoužitý announcement 680_shunting_warn!
23.10.2023 14:40:51.171: Mažu nepoužitý announcement 680_minibar!
23.10.2023 14:40:51.172: Mažu prázdný announcement group pendolino_mimoradna!
23.10.2023 14:40:51.172: Mažu nepoužitou msg Bohumin_odj_FrLazne!
23.10.2023 14:40:51.172: Mažu nepoužitou msg Bohumin_odj_Praha!
23.10.2023 14:40:51.172: Mažu nepoužitou msg FrLazne_odj_Bohumin!
23.10.2023 14:40:51.172: Mažu nepoužitou msg Havirov_odj_Praha!
23.10.2023 14:40:51.172: Mažu nepoužitou msg Havirov_odj_Zilina!
23.10.2023 14:40:51.173: Mažu nepoužitou msg Cheb_odj_Bohumin!
23.10.2023 14:40:51.173: Mažu nepoužitou msg MarLazne_odj_FrLazne!
23.10.2023 14:40:51.173: Mažu nepoužitou msg MarLazne_odj_Bohumin!
23.10.2023 14:40:51.173: Mažu nepoužitou msg Olomouc_odj_FrLazne!
23.10.2023 14:40:51.173: Mažu nepoužitou msg Olomouc_odj_Praha!
23.10.2023 14:40:51.173: Mažu nepoužitou msg Olomouc_odj_CTesin!
23.10.2023 14:40:51.173: Mažu nepoužitou msg Olomouc_odj_Zilina!
23.10.2023 14:40:51.174: Mažu nepoužitou msg Olomouc_odj_Ostrava!
23.10.2023 14:40:51.174: Mažu nepoužitou msg Olomouc_odj_Bohumin!
23.10.2023 14:40:51.178: Mažu nepoužitou msg Pardubice_odj_FrLazne!
23.10.2023 14:40:51.181: Mažu nepoužitou msg Pardubice_odj_Praha!
23.10.2023 14:40:51.182: Mažu nepoužitou msg Pardubice_odj_CTesin!
23.10.2023 14:40:51.182: Mažu nepoužitou msg Pardubice_odj_Zilina!
23.10.2023 14:40:51.182: Mažu nepoužitou msg Pardubice_odj_Ostrava!
23.10.2023 14:40:51.182: Mažu nepoužitou msg Pardubice_odj_Bohumin!
23.10.2023 14:40:51.182: Mažu nepoužitou msg Plzen_odj_FrLazne!
23.10.2023 14:40:51.182: Mažu nepoužitou msg Plzen_odj_Bohumin!
23.10.2023 14:40:51.183: Mažu nepoužitou msg Praha_odj_FrLazne!
23.10.2023 14:40:51.183: Mažu nepoužitou msg Praha_odj_Bohumin_NACESTNA!
23.10.2023 14:40:51.183: Mažu nepoužitou msg Praha_odj_Bohumin!
23.10.2023 14:40:51.183: Mažu nepoužitou msg Praha_odj_CTesin!
23.10.2023 14:40:51.183: Mažu nepoužitou msg Praha_odj_Ostrava!
23.10.2023 14:40:51.184: Mažu nepoužitou msg Praha_odj_Zilina!
23.10.2023 14:40:51.184: Mažu nepoužitou msg OStodolni_odj_CTesin!
23.10.2023 14:40:51.184: Mažu nepoužitou msg OStodolni_odj_Zilina!
23.10.2023 14:40:51.184: Mažu nepoužitou msg OSvinov_odj_Praha!
23.10.2023 14:40:51.184: Mažu nepoužitou msg OSvinov_odj_Praha_NACESTNA!
23.10.2023 14:40:51.184: Mažu nepoužitou msg OSvinov_odj_FrLazne!
23.10.2023 14:40:51.185: Mažu nepoužitou msg CTesin_odj_Praha!
23.10.2023 14:40:51.185: Mažu nepoužitou msg CTesin_odj_Praha_NACESTNA!
23.10.2023 14:40:51.185: Mažu nepoužitou msg CTesin_odj_Zilina!
23.10.2023 14:40:51.185: Mažu nepoužitou msg Trinec_odj_Praha!
23.10.2023 14:40:51.185: Mažu nepoužitou msg Trinec_odj_Zilina!
23.10.2023 14:40:51.186: Mažu nepoužitou msg Zilina_odj_Praha!
23.10.2023 14:40:51.186: Mažu nepoužitou msg Bohumin_KONECNA!
23.10.2023 14:40:51.186: Mažu nepoužitou msg CTesin_KONECNA!
23.10.2023 14:40:51.186: Mažu nepoužitou msg CTesin_PRIJ!
23.10.2023 14:40:51.186: Mažu nepoužitou msg FrLazne_KONECNA!
23.10.2023 14:40:51.186: Mažu nepoužitou msg Havirov_PRIJ!
23.10.2023 14:40:51.187: Mažu nepoužitou msg Cheb_PRIJ!
23.10.2023 14:40:51.187: Mažu nepoužitou msg MarLazne_PRIJ!
23.10.2023 14:40:51.187: Mažu nepoužitou msg Olomouc_PRIJ!
23.10.2023 14:40:51.187: Mažu nepoužitou msg OStodolni_PRIJ!
23.10.2023 14:40:51.187: Mažu nepoužitou msg OStodolni_PRIJ_od_Ziliny!
23.10.2023 14:40:51.188: Mažu nepoužitou msg Ostrava_PRIJ!
23.10.2023 14:40:51.188: Mažu nepoužitou msg Ostrava_KONECNA!
23.10.2023 14:40:51.188: Mažu nepoužitou msg OSvinov_PRIJ!
23.10.2023 14:40:51.188: Mažu nepoužitou msg OSvinov_PRIJ_od_Prahy!
23.10.2023 14:40:51.188: Mažu nepoužitou msg Pardubice_PRIJ!
23.10.2023 14:40:51.188: Mažu nepoužitou msg Plzen_PRIJ!
23.10.2023 14:40:51.189: Mažu nepoužitou msg Praha_PRIJ!
23.10.2023 14:40:51.189: Mažu nepoužitou msg Praha_KONECNA!
23.10.2023 14:40:51.189: Mažu nepoužitou msg Trinec_PRIJ!
23.10.2023 14:40:51.189: Mažu nepoužitou msg Zilina_KONECNA!
23.10.2023 14:40:51.189: Mažu nepoužitou msg OSvinov_odj_Plzen!
23.10.2023 14:40:51.190: Mažu nepoužitou msg Olomouc_odj_Plzen!
23.10.2023 14:40:51.190: Mažu nepoužitou msg Pardubice_odj_Plzen!
23.10.2023 14:40:51.190: Mažu nepoužitou msg Praha_odj_Ostrava_NACESTNA!
23.10.2023 14:40:51.190: Mažu nepoužitou msg Plzen_odj_Ostrava!
23.10.2023 14:40:51.190: Mažu nepoužitou msg PSmichov_odj_Plzen!
23.10.2023 14:40:51.191: Mažu nepoužitou msg PSmichov_odj_FrLazne!
23.10.2023 14:40:51.197: Mažu nepoužitou msg Plzen_KONECNA!
23.10.2023 14:40:51.197: Mažu nepoužitou msg Praha_PRIJ_od_Plzne!
23.10.2023 14:40:51.197: Mažu nepoužitou msg PSmichov_PRIJ_od_Plzne!
23.10.2023 14:40:51.198: Mažu nepoužitou msg PSmichov_PRIJ!
23.10.2023 14:40:51.198: Mažu nepoužitou msg wifi_nefunkcni!
23.10.2023 14:40:51.198: Mažu nepoužitou msg reg_service_purpose_stop!
23.10.2023 14:40:51.198: Mažu nepoužitou msg service_purpose_stop!
23.10.2023 14:40:51.200: Mažu nepoužitou msg ld_excp_stop!
23.10.2023 14:40:51.200: Mažu nepoužitou msg ld_delay_apology!
23.10.2023 14:40:51.201: Mažu nepoužitou msg excpt_route!
23.10.2023 14:40:51.201: Mažu nepoužitou msg replacement_bus!
23.10.2023 14:40:51.201: Mažu nepoužitou msg reg_broad_test!
23.10.2023 14:40:51.201: Mažu nepoužitou msg reg_children_day!
23.10.2023 14:40:51.202: Mažu nepoužitou msg reg_exposition!
23.10.2023 14:40:51.202: Mažu nepoužitou msg reg_railway_day!
23.10.2023 14:40:51.202: Mažu nepoužitou msg reg_subst_transport!
23.10.2023 14:40:51.202: Mažu nepoužitou msg reg_special_train!
23.10.2023 14:40:51.203: Mažu nepoužitou msg reg_reserved_car!
23.10.2023 14:40:51.203: Mažu nepoužitou msg reg_train_cleaning!
23.10.2023 14:40:51.203: Mažu nepoužitou msg reg_test_run!
23.10.2023 14:40:51.203: Mažu nepoužitou msg reg_train_shunting!
23.10.2023 14:40:51.203: Mažu nepoužitou msg reg_no_boarding!
23.10.2023 14:40:51.204: Mažu nepoužitou msg reg_end_subst_bus!
23.10.2023 14:40:51.204: Mažu nepoužitou msg reg_end_subus!
23.10.2023 14:40:51.204: Mažu nepoužitou msg reg_end_subst_train!
23.10.2023 14:40:51.204: Mažu nepoužitou msg except_bus!
23.10.2023 14:40:51.204: Mažu nepoužitou msg except_pass_s0_short!
23.10.2023 14:40:51.205: Mažu nepoužitou msg except_pass_p0_short!
23.10.2023 14:40:51.205: Mažu nepoužitou msg extra_change_1_short!
23.10.2023 14:40:51.205: Mažu nepoužitou msg extra_change_2_short!
23.10.2023 14:40:51.205: Mažu nepoužitou msg reg_self_service!
23.10.2023 14:40:51.205: Mažu nepoužitou msg reg_self_service_aut!
23.10.2023 14:40:51.206: Mažu nepoužitou msg reg_self_service_ozn!
23.10.2023 14:40:51.206: Mažu nepoužitou msg excpt-end!
23.10.2023 14:40:51.206: Mažu nepoužitou msg service_train!
23.10.2023 14:40:51.206: Mažu nepoužitou msg no_boarding!
23.10.2023 14:40:51.206: Mažu nepoužitou msg CD_welcome!
23.10.2023 14:40:51.207: Mažu nepoužitou msg shunting_warning!
23.10.2023 14:40:51.207: Mažu nepoužitou msg excpt_stop_track_condition!
23.10.2023 14:40:51.207: Mažu nepoužitou msg reg_excpt_stop_track_condition!
23.10.2023 14:40:51.207: Mažu nepoužitou msg get_off_left!
23.10.2023 14:40:51.214: Mažu nepoužitou msg get_off_right!
23.10.2023 14:40:51.214: Mažu nepoužitou msg reg_welcome!
23.10.2023 14:40:51.214: Mažu nepoužitou msg reg_thx!
23.10.2023 14:40:51.214: Mažu nepoužitou msg reg_no_rear_door!
23.10.2023 14:40:51.214: Mažu nepoužitou msg reg_get_off_left!
23.10.2023 14:40:51.214: Mažu nepoužitou msg reg_get_off_right!
23.10.2023 14:40:51.215: Mažu nepoužitou msg reg_boarding_end!
23.10.2023 14:40:51.215: Mažu nepoužitou msg reg_shunting_warn!
23.10.2023 14:40:51.215: Mažu nepoužitou msg reg_route_diversion!
23.10.2023 14:40:51.215: Mažu nepoužitou msg reg_clos_next_end_subst_bus!
23.10.2023 14:40:51.215: Mažu nepoužitou msg reg_excpt_end!
23.10.2023 14:40:51.215: Mažu nepoužitou msg reg_clos_next_end!
23.10.2023 14:40:51.216: Mažu nepoužitou msg reg_delay_closure!
23.10.2023 14:40:51.216: Mažu nepoužitou msg reg_delay_connection!
23.10.2023 14:40:51.216: Mažu nepoužitou msg reg_delay_car_malfunction!
23.10.2023 14:40:51.216: Mažu nepoužitou msg reg_delay_track_obstacle!
23.10.2023 14:40:51.216: Mažu nepoužitou msg reg_delay_crossing_accident!
23.10.2023 14:40:51.216: Mažu nepoužitou msg reg_delay_bad_weather!
23.10.2023 14:40:51.217: Mažu nepoužitou msg reg_delay_faster_train!
23.10.2023 14:40:51.217: Mažu nepoužitou msg reg_delay_opposite_train!
23.10.2023 14:40:51.217: Mažu nepoužitou msg planned_replacement_bus!
23.10.2023 14:40:51.217: Mažu nepoužitou msg planned_replacement_bus_short!
23.10.2023 14:40:51.217: Mažu nepoužitou msg except_route_s0!
23.10.2023 14:40:51.217: Mažu nepoužitou msg except_route_s0_short!
23.10.2023 14:40:51.218: Mažu nepoužitou msg except_route_p0!
23.10.2023 14:40:51.218: Mažu nepoužitou msg except_route_p0_short!
23.10.2023 14:40:51.218: Mažu nepoužitou msg except_route_ss!
23.10.2023 14:40:51.218: Mažu nepoužitou msg except_route_ss_short!
23.10.2023 14:40:51.218: Mažu nepoužitou msg except_route_sp!
23.10.2023 14:40:51.218: Mažu nepoužitou msg except_route_sp_short!
23.10.2023 14:40:51.219: Mažu nepoužitou msg except_route_ps!
23.10.2023 14:40:51.219: Mažu nepoužitou msg except_route_ps_short!
23.10.2023 14:40:51.219: Mažu nepoužitou msg except_route_pp!
23.10.2023 14:40:51.219: Mažu nepoužitou msg except_route_pp_short!
23.10.2023 14:40:51.219: Mažu nepoužitou msg except_end!
23.10.2023 14:40:51.219: Mažu nepoužitou msg except_end_short!
23.10.2023 14:40:51.220: Mažu nepoužitou msg except_end_station_bus!
23.10.2023 14:40:51.220: Mažu nepoužitou msg except_end_station_0!
23.10.2023 14:40:51.220: Mažu nepoužitou msg test_operation!
23.10.2023 14:40:51.223: Mažu nepoužitou msg vb_357_schwandorf!
23.10.2023 14:40:51.918: Ukládám vyčištěný soubor do "Out/Vozy/unipis.xml"...
23.10.2023 14:40:52.208: Soubor uložen úspěšně!
