02.09.2023 1:47:13.522: Mažu nepoužitý kalendář 31-prosinec!
02.09.2023 1:47:13.524: Mažu nepoužitý kalendář prazdniny!
02.09.2023 1:47:13.525: Mažu nepoužitý kalendář 2023-07-17/2023-07-31!
02.09.2023 1:47:13.525: Mažu nepoužitý kalendář 2023-06-11/2023-07-09!
02.09.2023 1:47:13.525: Mažu nepoužitý kalendář 2023-07-15/2023-07-16!
02.09.2023 1:47:13.525: Mažu nepoužitý kalendář 2023-08-05/2023-12-09!
02.09.2023 1:47:13.525: Mažu nepoužitý kalendář 2023-07-18/2023-07-21!
02.09.2023 1:47:13.525: Mažu nepoužitý kalendář 2023-06-27/2023-12-09!
02.09.2023 1:47:13.525: Mažu nepoužitý kalendář 2023-06-11/2023-08-31!
02.09.2023 1:47:13.525: Mažu nepoužitý kalendář 2023-10-31/2023-12-09!
02.09.2023 1:47:13.525: Mažu nepoužitý kalendář 2023-08-12/2023-12-09!
02.09.2023 1:47:13.525: Mažu nepoužitý kalendář 2023-07-11/2023-07-13!
02.09.2023 1:47:13.525: Mažu nepoužitý kalendář 2023-07-23/2023-12-08!
02.09.2023 1:47:13.525: Mažu nepoužitý kalendář 2023-07-31/2023-12-08!
02.09.2023 1:47:13.525: Mažu nepoužitý kalendář 2023-06-11/2023-10-30!
02.09.2023 1:47:13.525: Mažu nepoužitý kalendář 2023-06-29/2023-12-09!
02.09.2023 1:47:13.525: Mažu nepoužitý kalendář 2023-06-11/2023-06-28!
02.09.2023 1:47:13.525: Mažu nepoužitý kalendář 2023-10-30/2023-12-09!
02.09.2023 1:47:13.526: Mažu nepoužitý kalendář 2023-06-20/2023-12-08!
02.09.2023 1:47:13.526: Mažu nepoužitý kalendář 2023-06-30/2023-12-09!
02.09.2023 1:47:13.526: Mažu nepoužitý kalendář 2023-07-02/2023-12-07!
02.09.2023 1:47:13.526: Mažu nepoužitý kalendář 2023-08-10/2023-08-16!
02.09.2023 1:47:13.526: Mažu nepoužitý kalendář 2023-08-18/2023-09-01!
02.09.2023 1:47:13.526: Mažu nepoužitý kalendář 2023-06-12/2023-09-01!
02.09.2023 1:47:13.526: Mažu nepoužitý kalendář 2023-06-12/2023-07-04!
02.09.2023 1:47:13.526: Mažu nepoužitý kalendář 2023-08-28/2023-12-08!
02.09.2023 1:47:13.526: Mažu nepoužitý kalendář 2023-07-01/2023-07-06!
02.09.2023 1:47:13.526: Mažu nepoužitý kalendář 2023-06-12/2023-06-16!
02.09.2023 1:47:13.526: Mažu nepoužitý kalendář 2023-12-03/2023-12-03!
02.09.2023 1:47:13.526: Mažu nepoužitý kalendář 2023-06-11/2023-07-02!
02.09.2023 1:47:13.526: Mažu nepoužitý kalendář 2023-06-17/2023-08-26!
02.09.2023 1:47:13.526: Mažu nepoužitý kalendář 2023-07-03/2023-12-07!
02.09.2023 1:47:13.526: Mažu nepoužitý kalendář 2023-09-08/2023-09-22!
02.09.2023 1:47:13.526: Mažu nepoužitý kalendář 2023-10-06/2023-12-08!
02.09.2023 1:47:13.526: Mažu nepoužitý kalendář 2023-06-12/2023-06-29!
02.09.2023 1:47:13.526: Mažu nepoužitý kalendář 2023-06-19/2023-06-22!
02.09.2023 1:47:13.526: Mažu nepoužitý kalendář 2023-09-30/2023-12-09!
02.09.2023 1:47:13.526: Mažu nepoužitý kalendář 2023-06-11/2023-06-14!
02.09.2023 1:47:13.526: Mažu nepoužitý kalendář 2023-07-03/2023-07-05!
02.09.2023 1:47:13.547: Mažu nepoužitý announcement msv_get_off_left!
02.09.2023 1:47:13.548: Mažu nepoužitý announcement msv_get_off_right!
02.09.2023 1:47:13.548: Mažu nepoužitý announcement msv_shunting_warn!
02.09.2023 1:47:13.548: Mažu nepoužitý announcement msv_excpt_stop_track_condition!
02.09.2023 1:47:13.548: Mažu nepoužitý announcement msv_service_stop!
02.09.2023 1:47:13.548: Mažu nepoužitý announcement msv_clos_next_end_subst_bus!
02.09.2023 1:47:13.548: Mažu nepoužitý announcement msv_end_subus!
02.09.2023 1:47:13.548: Mažu nepoužitý announcement msv_clos_next_end!
02.09.2023 1:47:13.548: Mažu nepoužitý announcement msv_excpt_end!
02.09.2023 1:47:13.548: Mažu nepoužitý announcement msv_end_subst_train!
02.09.2023 1:47:13.549: Mažu nepoužitý announcement msv_route_diversion!
02.09.2023 1:47:13.549: Mažu nepoužitý announcement msv_delay_closure!
02.09.2023 1:47:13.549: Mažu nepoužitý announcement msv_delay_connection!
02.09.2023 1:47:13.549: Mažu nepoužitý announcement msv_delay_opposite_train!
02.09.2023 1:47:13.549: Mažu nepoužitý announcement msv_delay_car_malfunction!
02.09.2023 1:47:13.549: Mažu nepoužitý announcement msv_delay_faster_train!
02.09.2023 1:47:13.549: Mažu nepoužitý announcement msv_delay_track_obstacle!
02.09.2023 1:47:13.549: Mažu nepoužitý announcement msv_delay_bad_weather!
02.09.2023 1:47:13.549: Mažu nepoužitý announcement msv_delay_crossing_accident!
02.09.2023 1:47:13.549: Mažu nepoužitý announcement msv_welcome!
02.09.2023 1:47:13.549: Mažu nepoužitý announcement msv_thx!
02.09.2023 1:47:13.549: Mažu nepoužitý announcement msv_no_rear_door!
02.09.2023 1:47:13.549: Mažu nepoužitý announcement msv_sound_test!
02.09.2023 1:47:13.549: Mažu nepoužitý announcement msv_no_boarding!
02.09.2023 1:47:13.549: Mažu nepoužitý announcement msv_special_train!
02.09.2023 1:47:13.550: Mažu nepoužitý announcement msv_train_cleaning!
02.09.2023 1:47:13.550: Mažu nepoužitý announcement msv_train_shunting!
02.09.2023 1:47:13.550: Mažu nepoužitý announcement msv_subst_transport!
02.09.2023 1:47:13.550: Mažu nepoužitý announcement msv_reserved_car!
02.09.2023 1:47:13.550: Mažu nepoužitý announcement msv_test_run!
02.09.2023 1:47:13.550: Mažu nepoužitý announcement msv_exposition!
02.09.2023 1:47:13.550: Mažu nepoužitý announcement msv_railway_day!
02.09.2023 1:47:13.550: Mažu nepoužitý announcement msv_children_day!
02.09.2023 1:47:13.550: Mažu prázdný announcement group MSV_elektronika!
02.09.2023 1:47:13.550: Mažu nepoužitý announcement reg_shunting_warn!
02.09.2023 1:47:13.550: Mažu nepoužitý announcement reg_excpt_stop_track_condition!
02.09.2023 1:47:13.550: Mažu nepoužitý announcement reg_service_stop!
02.09.2023 1:47:13.550: Mažu nepoužitý announcement reg_clos_next_end_subst_bus!
02.09.2023 1:47:13.550: Mažu nepoužitý announcement reg_end_subus!
02.09.2023 1:47:13.550: Mažu nepoužitý announcement reg_clos_next_end!
02.09.2023 1:47:13.550: Mažu nepoužitý announcement reg_excpt_end!
02.09.2023 1:47:13.550: Mažu nepoužitý announcement reg_end_subst_train!
02.09.2023 1:47:13.550: Mažu nepoužitý announcement reg_extra_change_1!
02.09.2023 1:47:13.550: Mažu nepoužitý announcement reg_extra_change_2!
02.09.2023 1:47:13.551: Mažu nepoužitý announcement reg_route_diversion!
02.09.2023 1:47:13.551: Mažu nepoužitý announcement reg_except_pass_s0!
02.09.2023 1:47:13.551: Mažu nepoužitý announcement reg_except_pass_p0!
02.09.2023 1:47:13.551: Mažu nepoužitý announcement reg_delay_closure!
02.09.2023 1:47:13.551: Mažu nepoužitý announcement reg_delay_connection!
02.09.2023 1:47:13.551: Mažu nepoužitý announcement reg_delay_opposite_train!
02.09.2023 1:47:13.551: Mažu nepoužitý announcement reg_delay_car_malfunction!
02.09.2023 1:47:13.551: Mažu nepoužitý announcement reg_delay_faster_train!
02.09.2023 1:47:13.551: Mažu nepoužitý announcement reg_delay_track_obstacle!
02.09.2023 1:47:13.551: Mažu nepoužitý announcement reg_delay_bad_weather!
02.09.2023 1:47:13.551: Mažu nepoužitý announcement reg_delay_crossing_accident!
02.09.2023 1:47:13.551: Mažu nepoužitý announcement reg_welcome!
02.09.2023 1:47:13.551: Mažu nepoužitý announcement reg_thx!
02.09.2023 1:47:13.551: Mažu nepoužitý announcement reg_wifi_nefunkcni!
02.09.2023 1:47:13.551: Mažu nepoužitý announcement reg_no_boarding!
02.09.2023 1:47:13.551: Mažu nepoužitý announcement reg_special_train!
02.09.2023 1:47:13.551: Mažu nepoužitý announcement reg_train_cleaning!
02.09.2023 1:47:13.551: Mažu nepoužitý announcement reg_train_shunting!
02.09.2023 1:47:13.551: Mažu nepoužitý announcement reg_subst_transport!
02.09.2023 1:47:13.551: Mažu nepoužitý announcement reg_reserved_car!
02.09.2023 1:47:13.551: Mažu nepoužitý announcement reg_test_run!
02.09.2023 1:47:13.551: Mažu nepoužitý announcement reg_exposition!
02.09.2023 1:47:13.551: Mažu nepoužitý announcement reg_railway_day!
02.09.2023 1:47:13.551: Mažu nepoužitý announcement reg_children_day!
02.09.2023 1:47:13.551: Mažu prázdný announcement group Regional!
02.09.2023 1:47:13.552: Mažu nepoužitý announcement 810_shunting_warn!
02.09.2023 1:47:13.552: Mažu nepoužitý announcement 810_welcome!
02.09.2023 1:47:13.552: Mažu nepoužitý announcement 810_thx!
02.09.2023 1:47:13.552: Mažu nepoužitý announcement 810_excpt_stop_track_condition!
02.09.2023 1:47:13.552: Mažu nepoužitý announcement 810_clos_next_end_subst_bus!
02.09.2023 1:47:13.552: Mažu nepoužitý announcement 810_end_subus!
02.09.2023 1:47:13.552: Mažu nepoužitý announcement 810_clos_next_end!
02.09.2023 1:47:13.552: Mažu nepoužitý announcement 810_excpt_end!
02.09.2023 1:47:13.552: Mažu nepoužitý announcement 810_end_subst_train!
02.09.2023 1:47:13.552: Mažu nepoužitý announcement 810_route_diversion!
02.09.2023 1:47:13.552: Mažu nepoužitý announcement 810_delay_closure!
02.09.2023 1:47:13.552: Mažu nepoužitý announcement 810_delay_connection!
02.09.2023 1:47:13.552: Mažu nepoužitý announcement 810_delay_opposite_train!
02.09.2023 1:47:13.552: Mažu nepoužitý announcement 810_delay_car_malfunction!
02.09.2023 1:47:13.552: Mažu nepoužitý announcement 810_delay_faster_train!
02.09.2023 1:47:13.552: Mažu nepoužitý announcement 810_delay_track_obstacle!
02.09.2023 1:47:13.552: Mažu nepoužitý announcement 810_delay_bad_weather!
02.09.2023 1:47:13.552: Mažu nepoužitý announcement 810_delay_crossing_accident!
02.09.2023 1:47:13.553: Mažu nepoužitý announcement 810_wifi_nefunkcni!
02.09.2023 1:47:13.553: Mažu nepoužitý announcement 810_no_boarding!
02.09.2023 1:47:13.553: Mažu nepoužitý announcement 810_special_train!
02.09.2023 1:47:13.553: Mažu nepoužitý announcement 810_train_cleaning!
02.09.2023 1:47:13.553: Mažu nepoužitý announcement 810_train_shunting!
02.09.2023 1:47:13.553: Mažu nepoužitý announcement 810_subst_transport!
02.09.2023 1:47:13.553: Mažu nepoužitý announcement 810_reserved_car!
02.09.2023 1:47:13.553: Mažu nepoužitý announcement 810_test_run!
02.09.2023 1:47:13.553: Mažu nepoužitý announcement 810_exposition!
02.09.2023 1:47:13.553: Mažu nepoužitý announcement 810_railway_day!
02.09.2023 1:47:13.553: Mažu nepoužitý announcement 810_children_day!
02.09.2023 1:47:13.553: Mažu nepoužitý announcement 810_reg_boarding_end!
02.09.2023 1:47:13.553: Mažu nepoužitý announcement 810_self_service_novm!
02.09.2023 1:47:13.553: Mažu nepoužitý announcement 810_get_off_left!
02.09.2023 1:47:13.553: Mažu nepoužitý announcement 810_get_off_right!
02.09.2023 1:47:13.553: Mažu nepoužitý announcement 810_service_stop!
02.09.2023 1:47:13.553: Mažu prázdný announcement group Synergy_810!
02.09.2023 1:47:13.553: Mažu nepoužitý announcement 814_self_service!
02.09.2023 1:47:13.553: Mažu nepoužitý announcement 814_shunting_warn!
02.09.2023 1:47:13.553: Mažu nepoužitý announcement 814_service_stop!
02.09.2023 1:47:13.553: Mažu nepoužitý announcement 814_excpt_stop_track_condition!
02.09.2023 1:47:13.553: Mažu nepoužitý announcement 814_clos_next_end_subst_bus!
02.09.2023 1:47:13.554: Mažu nepoužitý announcement 814_end_subus!
02.09.2023 1:47:13.554: Mažu nepoužitý announcement 814_clos_next_end!
02.09.2023 1:47:13.554: Mažu nepoužitý announcement 814_excpt_end!
02.09.2023 1:47:13.554: Mažu nepoužitý announcement 814_route_diversion!
02.09.2023 1:47:13.554: Mažu nepoužitý announcement 814_end_subst_train!
02.09.2023 1:47:13.554: Mažu nepoužitý announcement 814_delay_closure!
02.09.2023 1:47:13.554: Mažu nepoužitý announcement 814_delay_connection!
02.09.2023 1:47:13.554: Mažu nepoužitý announcement 814_delay_opposite_train!
02.09.2023 1:47:13.554: Mažu nepoužitý announcement 814_delay_car_malfunction!
02.09.2023 1:47:13.554: Mažu nepoužitý announcement 814_delay_faster_train!
02.09.2023 1:47:13.554: Mažu nepoužitý announcement 814_delay_track_obstacle!
02.09.2023 1:47:13.554: Mažu nepoužitý announcement 814_delay_bad_weather!
02.09.2023 1:47:13.554: Mažu nepoužitý announcement 814_delay_crossing_accident!
02.09.2023 1:47:13.554: Mažu nepoužitý announcement 814_welcome!
02.09.2023 1:47:13.554: Mažu nepoužitý announcement 814_thx!
02.09.2023 1:47:13.554: Mažu nepoužitý announcement 814_no_rear_door!
02.09.2023 1:47:13.554: Mažu nepoužitý announcement 814_wifi_nefunkcni!
02.09.2023 1:47:13.554: Mažu nepoužitý announcement 814_no_boarding!
02.09.2023 1:47:13.554: Mažu nepoužitý announcement 814_special_train!
02.09.2023 1:47:13.554: Mažu nepoužitý announcement 814_train_cleaning!
02.09.2023 1:47:13.555: Mažu nepoužitý announcement 814_train_shunting!
02.09.2023 1:47:13.555: Mažu nepoužitý announcement 814_subst_transport!
02.09.2023 1:47:13.555: Mažu nepoužitý announcement 814_reserved_car!
02.09.2023 1:47:13.555: Mažu nepoužitý announcement 814_test_run!
02.09.2023 1:47:13.555: Mažu nepoužitý announcement 814_exposition!
02.09.2023 1:47:13.555: Mažu nepoužitý announcement 814_railway_day!
02.09.2023 1:47:13.555: Mažu nepoužitý announcement 814_children_day!
02.09.2023 1:47:13.555: Mažu prázdný announcement group 814,954,471!
02.09.2023 1:47:13.555: Mažu nepoužitý announcement vb_357_schwandorf!
02.09.2023 1:47:13.555: Mažu prázdný announcement group Jen_do_trasy!
02.09.2023 1:47:13.555: Mažu nepoužitý announcement Bohumin_odj_FrLazne!
02.09.2023 1:47:13.555: Mažu nepoužitý announcement Bohumin_odj_Praha!
02.09.2023 1:47:13.555: Mažu nepoužitý announcement FrLazne_odj_Bohumin!
02.09.2023 1:47:13.555: Mažu nepoužitý announcement Havirov_odj_Praha!
02.09.2023 1:47:13.555: Mažu nepoužitý announcement Havirov_odj_CTesin!
02.09.2023 1:47:13.555: Mažu nepoužitý announcement Havirov_odj_Zilina!
02.09.2023 1:47:13.555: Mažu nepoužitý announcement Cheb_odj_Bohumin!
02.09.2023 1:47:13.555: Mažu nepoužitý announcement MarLazne_odj_FrLazne!
02.09.2023 1:47:13.555: Mažu nepoužitý announcement MarLazne_odj_Bohumin!
02.09.2023 1:47:13.555: Mažu nepoužitý announcement Olomouc_odj_FrLazne!
02.09.2023 1:47:13.555: Mažu nepoužitý announcement Olomouc_odj_Praha!
02.09.2023 1:47:13.555: Mažu nepoužitý announcement Olomouc_odj_CTesin!
02.09.2023 1:47:13.555: Mažu nepoužitý announcement Olomouc_odj_Zilina!
02.09.2023 1:47:13.555: Mažu nepoužitý announcement Olomouc_odj_Ostrava!
02.09.2023 1:47:13.556: Mažu nepoužitý announcement Olomouc_odj_Bohumin!
02.09.2023 1:47:13.556: Mažu nepoužitý announcement Pardubice_odj_FrLazne!
02.09.2023 1:47:13.556: Mažu nepoužitý announcement Pardubice_odj_Praha!
02.09.2023 1:47:13.556: Mažu nepoužitý announcement Pardubice_odj_CTesin!
02.09.2023 1:47:13.556: Mažu nepoužitý announcement Pardubice_odj_Zilina!
02.09.2023 1:47:13.556: Mažu nepoužitý announcement Pardubice_odj_Ostrava!
02.09.2023 1:47:13.556: Mažu nepoužitý announcement Pardubice_odj_Bohumin!
02.09.2023 1:47:13.556: Mažu nepoužitý announcement Plzen_odj_FrLazne!
02.09.2023 1:47:13.556: Mažu nepoužitý announcement Plzen_odj_Bohumin!
02.09.2023 1:47:13.556: Mažu nepoužitý announcement Praha_odj_FrLazne!
02.09.2023 1:47:13.556: Mažu nepoužitý announcement Praha_odj_Bohumin_NACESTNA!
02.09.2023 1:47:13.556: Mažu nepoužitý announcement Praha_odj_Bohumin!
02.09.2023 1:47:13.556: Mažu nepoužitý announcement Praha_odj_CTesin!
02.09.2023 1:47:13.556: Mažu nepoužitý announcement Praha_odj_Ostrava!
02.09.2023 1:47:13.556: Mažu nepoužitý announcement Praha_odj_Zilina!
02.09.2023 1:47:13.556: Mažu nepoužitý announcement OStodolni_odj_CTesin!
02.09.2023 1:47:13.556: Mažu nepoužitý announcement OStodolni_odj_Zilina!
02.09.2023 1:47:13.556: Mažu nepoužitý announcement OSvinov_odj_Praha!
02.09.2023 1:47:13.556: Mažu nepoužitý announcement OSvinov_odj_Praha_NACESTNA!
02.09.2023 1:47:13.556: Mažu nepoužitý announcement OSvinov_odj_FrLazne!
02.09.2023 1:47:13.556: Mažu nepoužitý announcement CTesin_odj_Praha!
02.09.2023 1:47:13.556: Mažu nepoužitý announcement CTesin_odj_Praha_NACESTNA!
02.09.2023 1:47:13.556: Mažu nepoužitý announcement CTesin_odj_Zilina!
02.09.2023 1:47:13.556: Mažu nepoužitý announcement Trinec_odj_Praha!
02.09.2023 1:47:13.556: Mažu nepoužitý announcement Trinec_odj_Zilina!
02.09.2023 1:47:13.557: Mažu nepoužitý announcement Zilina_odj_Praha!
02.09.2023 1:47:13.557: Mažu nepoužitý announcement Bohumin_KONECNA!
02.09.2023 1:47:13.557: Mažu nepoužitý announcement CTesin_KONECNA!
02.09.2023 1:47:13.557: Mažu nepoužitý announcement CTesin_PRIJ!
02.09.2023 1:47:13.557: Mažu nepoužitý announcement FrLazne_KONECNA!
02.09.2023 1:47:13.557: Mažu nepoužitý announcement Havirov_PRIJ!
02.09.2023 1:47:13.557: Mažu nepoužitý announcement Cheb_PRIJ!
02.09.2023 1:47:13.557: Mažu nepoužitý announcement MarLazne_PRIJ!
02.09.2023 1:47:13.557: Mažu nepoužitý announcement Olomouc_PRIJ!
02.09.2023 1:47:13.557: Mažu nepoužitý announcement OStodolni_PRIJ!
02.09.2023 1:47:13.557: Mažu nepoužitý announcement OStodolni_PRIJ_od_Ziliny!
02.09.2023 1:47:13.557: Mažu nepoužitý announcement Ostrava_PRIJ!
02.09.2023 1:47:13.557: Mažu nepoužitý announcement Ostrava_KONECNA!
02.09.2023 1:47:13.557: Mažu nepoužitý announcement OSvinov_PRIJ!
02.09.2023 1:47:13.557: Mažu nepoužitý announcement OSvinov_PRIJ_od_Prahy!
02.09.2023 1:47:13.557: Mažu nepoužitý announcement Pardubice_PRIJ!
02.09.2023 1:47:13.557: Mažu nepoužitý announcement Plzen_PRIJ!
02.09.2023 1:47:13.557: Mažu nepoužitý announcement Praha_PRIJ!
02.09.2023 1:47:13.557: Mažu nepoužitý announcement Praha_KONECNA!
02.09.2023 1:47:13.557: Mažu nepoužitý announcement Trinec_PRIJ!
02.09.2023 1:47:13.557: Mažu nepoužitý announcement Zilina_KONECNA!
02.09.2023 1:47:13.558: Mažu nepoužitý announcement OSvinov_odj_Plzen!
02.09.2023 1:47:13.558: Mažu nepoužitý announcement Olomouc_odj_Plzen!
02.09.2023 1:47:13.558: Mažu nepoužitý announcement Pardubice_odj_Plzen!
02.09.2023 1:47:13.558: Mažu nepoužitý announcement Praha_odj_Ostrava_NACESTNA!
02.09.2023 1:47:13.558: Mažu nepoužitý announcement Plzen_odj_Ostrava!
02.09.2023 1:47:13.558: Mažu nepoužitý announcement Plzen_KONECNA!
02.09.2023 1:47:13.558: Mažu nepoužitý announcement Praha_odj_Plzen!
02.09.2023 1:47:13.558: Mažu nepoužitý announcement PSmichov_odj_Plzen!
02.09.2023 1:47:13.558: Mažu nepoužitý announcement PSmichov_odj_FrLazne!
02.09.2023 1:47:13.558: Mažu nepoužitý announcement Praha_PRIJ_od_Plzne!
02.09.2023 1:47:13.558: Mažu nepoužitý announcement PSmichov_PRIJ_od_Plzne!
02.09.2023 1:47:13.558: Mažu nepoužitý announcement PSmichov_PRIJ!
02.09.2023 1:47:13.558: Mažu nepoužitý announcement 680_snidane_1!
02.09.2023 1:47:13.558: Mažu nepoužitý announcement 680_obed_1!
02.09.2023 1:47:13.558: Mažu nepoužitý announcement 680_odpoledne_1!
02.09.2023 1:47:13.558: Mažu prázdný announcement group pendolino_dopravni!
02.09.2023 1:47:13.558: Mažu nepoužitý announcement 680_no_boarding!
02.09.2023 1:47:13.558: Mažu nepoužitý announcement 680_special_train!
02.09.2023 1:47:13.558: Mažu nepoužitý announcement 680_cleaning!
02.09.2023 1:47:13.558: Mažu nepoužitý announcement 680_shunting!
02.09.2023 1:47:13.558: Mažu nepoužitý announcement 680_test_run!
02.09.2023 1:47:13.558: Mažu nepoužitý announcement 680_excpt_stop_track_condition!
02.09.2023 1:47:13.558: Mažu nepoužitý announcement 680_clos_next_end_subst_bus!
02.09.2023 1:47:13.558: Mažu nepoužitý announcement 680_end_subus!
02.09.2023 1:47:13.559: Mažu nepoužitý announcement 680_clos_next_end!
02.09.2023 1:47:13.559: Mažu nepoužitý announcement 680_excpt_end!
02.09.2023 1:47:13.559: Mažu nepoužitý announcement 680_route_diversion!
02.09.2023 1:47:13.559: Mažu nepoužitý announcement 680_end_subst_train!
02.09.2023 1:47:13.559: Mažu nepoužitý announcement 680_delay_closure!
02.09.2023 1:47:13.559: Mažu nepoužitý announcement 680_delay_connection!
02.09.2023 1:47:13.559: Mažu nepoužitý announcement 680_delay_opposite_train!
02.09.2023 1:47:13.559: Mažu nepoužitý announcement 680_delay_car_malfunction!
02.09.2023 1:47:13.559: Mažu nepoužitý announcement 680_delay_track_obstacle!
02.09.2023 1:47:13.559: Mažu nepoužitý announcement 680_delay_bad_weather!
02.09.2023 1:47:13.559: Mažu nepoužitý announcement 680_delay_crossing_accident!
02.09.2023 1:47:13.559: Mažu nepoužitý announcement 680_shunting_warn!
02.09.2023 1:47:13.559: Mažu nepoužitý announcement 680_minibar!
02.09.2023 1:47:13.559: Mažu prázdný announcement group pendolino_mimoradna!
02.09.2023 1:47:13.559: Mažu nepoužitou msg Bohumin_odj_FrLazne!
02.09.2023 1:47:13.559: Mažu nepoužitou msg Bohumin_odj_Praha!
02.09.2023 1:47:13.560: Mažu nepoužitou msg FrLazne_odj_Bohumin!
02.09.2023 1:47:13.560: Mažu nepoužitou msg Havirov_odj_Praha!
02.09.2023 1:47:13.560: Mažu nepoužitou msg Havirov_odj_Zilina!
02.09.2023 1:47:13.560: Mažu nepoužitou msg Cheb_odj_Bohumin!
02.09.2023 1:47:13.560: Mažu nepoužitou msg MarLazne_odj_FrLazne!
02.09.2023 1:47:13.560: Mažu nepoužitou msg MarLazne_odj_Bohumin!
02.09.2023 1:47:13.560: Mažu nepoužitou msg Olomouc_odj_FrLazne!
02.09.2023 1:47:13.560: Mažu nepoužitou msg Olomouc_odj_Praha!
02.09.2023 1:47:13.560: Mažu nepoužitou msg Olomouc_odj_CTesin!
02.09.2023 1:47:13.560: Mažu nepoužitou msg Olomouc_odj_Zilina!
02.09.2023 1:47:13.560: Mažu nepoužitou msg Olomouc_odj_Ostrava!
02.09.2023 1:47:13.560: Mažu nepoužitou msg Olomouc_odj_Bohumin!
02.09.2023 1:47:13.560: Mažu nepoužitou msg Pardubice_odj_FrLazne!
02.09.2023 1:47:13.560: Mažu nepoužitou msg Pardubice_odj_Praha!
02.09.2023 1:47:13.560: Mažu nepoužitou msg Pardubice_odj_CTesin!
02.09.2023 1:47:13.560: Mažu nepoužitou msg Pardubice_odj_Zilina!
02.09.2023 1:47:13.560: Mažu nepoužitou msg Pardubice_odj_Ostrava!
02.09.2023 1:47:13.561: Mažu nepoužitou msg Pardubice_odj_Bohumin!
02.09.2023 1:47:13.561: Mažu nepoužitou msg Plzen_odj_FrLazne!
02.09.2023 1:47:13.561: Mažu nepoužitou msg Plzen_odj_Bohumin!
02.09.2023 1:47:13.561: Mažu nepoužitou msg Praha_odj_FrLazne!
02.09.2023 1:47:13.561: Mažu nepoužitou msg Praha_odj_Bohumin_NACESTNA!
02.09.2023 1:47:13.561: Mažu nepoužitou msg Praha_odj_Bohumin!
02.09.2023 1:47:13.561: Mažu nepoužitou msg Praha_odj_CTesin!
02.09.2023 1:47:13.561: Mažu nepoužitou msg Praha_odj_Ostrava!
02.09.2023 1:47:13.561: Mažu nepoužitou msg Praha_odj_Zilina!
02.09.2023 1:47:13.561: Mažu nepoužitou msg OStodolni_odj_CTesin!
02.09.2023 1:47:13.561: Mažu nepoužitou msg OStodolni_odj_Zilina!
02.09.2023 1:47:13.561: Mažu nepoužitou msg OSvinov_odj_Praha!
02.09.2023 1:47:13.561: Mažu nepoužitou msg OSvinov_odj_Praha_NACESTNA!
02.09.2023 1:47:13.561: Mažu nepoužitou msg OSvinov_odj_FrLazne!
02.09.2023 1:47:13.561: Mažu nepoužitou msg CTesin_odj_Praha!
02.09.2023 1:47:13.561: Mažu nepoužitou msg CTesin_odj_Praha_NACESTNA!
02.09.2023 1:47:13.562: Mažu nepoužitou msg CTesin_odj_Zilina!
02.09.2023 1:47:13.562: Mažu nepoužitou msg Trinec_odj_Praha!
02.09.2023 1:47:13.562: Mažu nepoužitou msg Trinec_odj_Zilina!
02.09.2023 1:47:13.562: Mažu nepoužitou msg Zilina_odj_Praha!
02.09.2023 1:47:13.562: Mažu nepoužitou msg Bohumin_KONECNA!
02.09.2023 1:47:13.562: Mažu nepoužitou msg CTesin_KONECNA!
02.09.2023 1:47:13.562: Mažu nepoužitou msg CTesin_PRIJ!
02.09.2023 1:47:13.562: Mažu nepoužitou msg FrLazne_KONECNA!
02.09.2023 1:47:13.562: Mažu nepoužitou msg Havirov_PRIJ!
02.09.2023 1:47:13.562: Mažu nepoužitou msg Cheb_PRIJ!
02.09.2023 1:47:13.563: Mažu nepoužitou msg MarLazne_PRIJ!
02.09.2023 1:47:13.563: Mažu nepoužitou msg Olomouc_PRIJ!
02.09.2023 1:47:13.563: Mažu nepoužitou msg OStodolni_PRIJ!
02.09.2023 1:47:13.563: Mažu nepoužitou msg OStodolni_PRIJ_od_Ziliny!
02.09.2023 1:47:13.563: Mažu nepoužitou msg Ostrava_PRIJ!
02.09.2023 1:47:13.563: Mažu nepoužitou msg Ostrava_KONECNA!
02.09.2023 1:47:13.563: Mažu nepoužitou msg OSvinov_PRIJ!
02.09.2023 1:47:13.563: Mažu nepoužitou msg OSvinov_PRIJ_od_Prahy!
02.09.2023 1:47:13.563: Mažu nepoužitou msg Pardubice_PRIJ!
02.09.2023 1:47:13.563: Mažu nepoužitou msg Plzen_PRIJ!
02.09.2023 1:47:13.563: Mažu nepoužitou msg Praha_PRIJ!
02.09.2023 1:47:13.563: Mažu nepoužitou msg Praha_KONECNA!
02.09.2023 1:47:13.563: Mažu nepoužitou msg Trinec_PRIJ!
02.09.2023 1:47:13.563: Mažu nepoužitou msg Zilina_KONECNA!
02.09.2023 1:47:13.564: Mažu nepoužitou msg OSvinov_odj_Plzen!
02.09.2023 1:47:13.564: Mažu nepoužitou msg Olomouc_odj_Plzen!
02.09.2023 1:47:13.564: Mažu nepoužitou msg Pardubice_odj_Plzen!
02.09.2023 1:47:13.564: Mažu nepoužitou msg Praha_odj_Ostrava_NACESTNA!
02.09.2023 1:47:13.564: Mažu nepoužitou msg Plzen_odj_Ostrava!
02.09.2023 1:47:13.564: Mažu nepoužitou msg PSmichov_odj_Plzen!
02.09.2023 1:47:13.564: Mažu nepoužitou msg PSmichov_odj_FrLazne!
02.09.2023 1:47:13.564: Mažu nepoužitou msg Plzen_KONECNA!
02.09.2023 1:47:13.564: Mažu nepoužitou msg Praha_PRIJ_od_Plzne!
02.09.2023 1:47:13.564: Mažu nepoužitou msg PSmichov_PRIJ_od_Plzne!
02.09.2023 1:47:13.564: Mažu nepoužitou msg PSmichov_PRIJ!
02.09.2023 1:47:13.564: Mažu nepoužitou msg wifi_nefunkcni!
02.09.2023 1:47:13.564: Mažu nepoužitou msg reg_service_purpose_stop!
02.09.2023 1:47:13.564: Mažu nepoužitou msg service_purpose_stop!
02.09.2023 1:47:13.565: Mažu nepoužitou msg ld_excp_stop!
02.09.2023 1:47:13.565: Mažu nepoužitou msg ld_delay_apology!
02.09.2023 1:47:13.565: Mažu nepoužitou msg excpt_route!
02.09.2023 1:47:13.565: Mažu nepoužitou msg replacement_bus!
02.09.2023 1:47:13.565: Mažu nepoužitou msg reg_broad_test!
02.09.2023 1:47:13.566: Mažu nepoužitou msg reg_children_day!
02.09.2023 1:47:13.566: Mažu nepoužitou msg reg_exposition!
02.09.2023 1:47:13.566: Mažu nepoužitou msg reg_railway_day!
02.09.2023 1:47:13.566: Mažu nepoužitou msg reg_subst_transport!
02.09.2023 1:47:13.566: Mažu nepoužitou msg reg_special_train!
02.09.2023 1:47:13.566: Mažu nepoužitou msg reg_reserved_car!
02.09.2023 1:47:13.566: Mažu nepoužitou msg reg_train_cleaning!
02.09.2023 1:47:13.566: Mažu nepoužitou msg reg_test_run!
02.09.2023 1:47:13.566: Mažu nepoužitou msg reg_train_shunting!
02.09.2023 1:47:13.566: Mažu nepoužitou msg reg_no_boarding!
02.09.2023 1:47:13.566: Mažu nepoužitou msg reg_end_subst_bus!
02.09.2023 1:47:13.566: Mažu nepoužitou msg reg_end_subus!
02.09.2023 1:47:13.566: Mažu nepoužitou msg reg_end_subst_train!
02.09.2023 1:47:13.566: Mažu nepoužitou msg except_bus!
02.09.2023 1:47:13.566: Mažu nepoužitou msg except_pass_s0_short!
02.09.2023 1:47:13.566: Mažu nepoužitou msg except_pass_p0_short!
02.09.2023 1:47:13.566: Mažu nepoužitou msg extra_change_1_short!
02.09.2023 1:47:13.567: Mažu nepoužitou msg reg_self_service!
02.09.2023 1:47:13.567: Mažu nepoužitou msg reg_self_service_aut!
02.09.2023 1:47:13.567: Mažu nepoužitou msg reg_self_service_ozn!
02.09.2023 1:47:13.567: Mažu nepoužitou msg excpt-end!
02.09.2023 1:47:13.567: Mažu nepoužitou msg service_train!
02.09.2023 1:47:13.567: Mažu nepoužitou msg no_boarding!
02.09.2023 1:47:13.567: Mažu nepoužitou msg CD_welcome!
02.09.2023 1:47:13.567: Mažu nepoužitou msg shunting_warning!
02.09.2023 1:47:13.567: Mažu nepoužitou msg excpt_stop_track_condition!
02.09.2023 1:47:13.567: Mažu nepoužitou msg reg_excpt_stop_track_condition!
02.09.2023 1:47:13.567: Mažu nepoužitou msg get_off_left!
02.09.2023 1:47:13.567: Mažu nepoužitou msg get_off_right!
02.09.2023 1:47:13.567: Mažu nepoužitou msg reg_welcome!
02.09.2023 1:47:13.567: Mažu nepoužitou msg reg_thx!
02.09.2023 1:47:13.567: Mažu nepoužitou msg reg_no_rear_door!
02.09.2023 1:47:13.567: Mažu nepoužitou msg reg_get_off_left!
02.09.2023 1:47:13.567: Mažu nepoužitou msg reg_get_off_right!
02.09.2023 1:47:13.568: Mažu nepoužitou msg reg_boarding_end!
02.09.2023 1:47:13.568: Mažu nepoužitou msg reg_shunting_warn!
02.09.2023 1:47:13.568: Mažu nepoužitou msg reg_route_diversion!
02.09.2023 1:47:13.568: Mažu nepoužitou msg reg_clos_next_end_subst_bus!
02.09.2023 1:47:13.568: Mažu nepoužitou msg reg_excpt_end!
02.09.2023 1:47:13.568: Mažu nepoužitou msg reg_clos_next_end!
02.09.2023 1:47:13.568: Mažu nepoužitou msg reg_delay_closure!
02.09.2023 1:47:13.568: Mažu nepoužitou msg reg_delay_connection!
02.09.2023 1:47:13.568: Mažu nepoužitou msg reg_delay_car_malfunction!
02.09.2023 1:47:13.568: Mažu nepoužitou msg reg_delay_track_obstacle!
02.09.2023 1:47:13.568: Mažu nepoužitou msg reg_delay_crossing_accident!
02.09.2023 1:47:13.568: Mažu nepoužitou msg reg_delay_bad_weather!
02.09.2023 1:47:13.568: Mažu nepoužitou msg reg_delay_faster_train!
02.09.2023 1:47:13.568: Mažu nepoužitou msg reg_delay_opposite_train!
02.09.2023 1:47:13.568: Mažu nepoužitou msg except_route_s0!
02.09.2023 1:47:13.568: Mažu nepoužitou msg except_route_s0_short!
02.09.2023 1:47:13.568: Mažu nepoužitou msg except_route_p0!
02.09.2023 1:47:13.568: Mažu nepoužitou msg except_route_p0_short!
02.09.2023 1:47:13.568: Mažu nepoužitou msg except_route_ss!
02.09.2023 1:47:13.569: Mažu nepoužitou msg except_route_ss_short!
02.09.2023 1:47:13.569: Mažu nepoužitou msg except_route_sp!
02.09.2023 1:47:13.569: Mažu nepoužitou msg except_route_sp_short!
02.09.2023 1:47:13.569: Mažu nepoužitou msg except_route_ps!
02.09.2023 1:47:13.569: Mažu nepoužitou msg except_route_ps_short!
02.09.2023 1:47:13.569: Mažu nepoužitou msg except_route_pp!
02.09.2023 1:47:13.569: Mažu nepoužitou msg except_route_pp_short!
02.09.2023 1:47:13.569: Mažu nepoužitou msg except_end!
02.09.2023 1:47:13.569: Mažu nepoužitou msg except_end_short!
02.09.2023 1:47:13.569: Mažu nepoužitou msg except_end_station_bus!
02.09.2023 1:47:13.569: Mažu nepoužitou msg except_end_station_0!
02.09.2023 1:47:13.569: Mažu nepoužitou msg test_operation!
02.09.2023 1:47:13.572: Mažu nepoužitou msg vb_357_schwandorf!
02.09.2023 1:47:14.296: Ukládám vyčištěný soubor do "Out/Vozy/unipis.xml"...
02.09.2023 1:47:14.730: Soubor uložen úspěšně!
