01.11.2023 16:04:54.317: Mažu nepoužitý kalendář 31-prosinec!
01.11.2023 16:04:54.320: Mažu nepoužitý kalendář prazdniny!
01.11.2023 16:04:54.320: Mažu nepoužitý kalendář 2023-06-11/2023-09-02!
01.11.2023 16:04:54.320: Mažu nepoužitý kalendář 2023-09-03/2023-12-09!
01.11.2023 16:04:54.320: Mažu nepoužitý kalendář 2023-06-11/2023-08-27!
01.11.2023 16:04:54.320: Mažu nepoužitý kalendář 2023-06-12/2023-09-02!
01.11.2023 16:04:54.321: Mažu nepoužitý kalendář 2023-09-03/2023-12-03!
01.11.2023 16:04:54.321: Mažu nepoužitý kalendář 2023-09-04/2023-12-09!
01.11.2023 16:04:54.321: Mažu nepoužitý kalendář 2023-06-17/2023-09-02!
01.11.2023 16:04:54.321: Mažu nepoužitý kalendář 2023-09-30/2023-09-30!
01.11.2023 16:04:54.321: Mažu nepoužitý kalendář 2023-06-16/2023-09-01!
01.11.2023 16:04:54.321: Mažu nepoužitý kalendář 2023-09-29/2023-09-29!
01.11.2023 16:04:54.321: Mažu nepoužitý kalendář 2023-06-12/2023-08-31!
01.11.2023 16:04:54.322: Mažu nepoužitý kalendář 2023-09-29/2023-09-30!
01.11.2023 16:04:54.322: Mažu nepoužitý kalendář 2023-07-08/2023-07-08!
01.11.2023 16:04:54.322: Mažu nepoužitý kalendář 2023-09-09/2023-12-09!
01.11.2023 16:04:54.322: Mažu nepoužitý kalendář 2023-07-07/2023-07-07!
01.11.2023 16:04:54.322: Mažu nepoužitý kalendář 2023-09-08/2023-12-08!
01.11.2023 16:04:54.322: Mažu nepoužitý kalendář 2023-09-04/2023-12-07!
01.11.2023 16:04:54.322: Mažu nepoužitý kalendář 2023-07-07/2023-07-08!
01.11.2023 16:04:54.322: Mažu nepoužitý kalendář 2023-06-11/2023-07-06!
01.11.2023 16:04:54.322: Mažu nepoužitý kalendář 2023-07-24/2023-07-28!
01.11.2023 16:04:54.322: Mažu nepoužitý kalendář 2023-08-19/2023-12-09!
01.11.2023 16:04:54.322: Mažu nepoužitý kalendář 2023-06-11/2023-08-20!
01.11.2023 16:04:54.322: Mažu nepoužitý kalendář 2023-06-11/2023-06-25!
01.11.2023 16:04:54.322: Mažu nepoužitý kalendář 2023-07-07/2023-12-09!
01.11.2023 16:04:54.322: Mažu nepoužitý kalendář 2023-06-20/2023-06-24!
01.11.2023 16:04:54.322: Mažu nepoužitý kalendář 2023-06-26/2023-12-09!
01.11.2023 16:04:54.322: Mažu nepoužitý kalendář 2023-08-19/2023-08-20!
01.11.2023 16:04:54.322: Mažu nepoužitý kalendář 2023-08-20/2023-12-03!
01.11.2023 16:04:54.322: Mažu nepoužitý kalendář 2023-07-14/2023-07-14!
01.11.2023 16:04:54.322: Mažu nepoužitý kalendář 2023-07-21/2023-07-21!
01.11.2023 16:04:54.322: Mažu nepoužitý kalendář 2023-08-04/2023-08-04!
01.11.2023 16:04:54.322: Mažu nepoužitý kalendář 2023-08-11/2023-08-11!
01.11.2023 16:04:54.322: Mažu nepoužitý kalendář 2023-08-18/2023-08-18!
01.11.2023 16:04:54.322: Mažu nepoužitý kalendář 2023-07-15/2023-07-15!
01.11.2023 16:04:54.323: Mažu nepoužitý kalendář 2023-07-22/2023-07-22!
01.11.2023 16:04:54.323: Mažu nepoužitý kalendář 2023-07-29/2023-07-29!
01.11.2023 16:04:54.323: Mažu nepoužitý kalendář 2023-08-05/2023-08-05!
01.11.2023 16:04:54.323: Mažu nepoužitý kalendář 2023-08-12/2023-08-12!
01.11.2023 16:04:54.323: Mažu nepoužitý kalendář 2023-06-12/2023-07-06!
01.11.2023 16:04:54.323: Mažu nepoužitý kalendář 2023-07-24/2023-07-27!
01.11.2023 16:04:54.323: Mažu nepoužitý kalendář 2023-08-21/2023-12-07!
01.11.2023 16:04:54.323: Mažu nepoužitý kalendář 2023-08-27/2023-08-27!
01.11.2023 16:04:54.323: Mažu nepoužitý kalendář 2023-08-25/2023-08-25!
01.11.2023 16:04:54.323: Mažu nepoužitý kalendář 2023-09-01/2023-09-01!
01.11.2023 16:04:54.323: Mažu nepoužitý kalendář 2023-08-26/2023-08-26!
01.11.2023 16:04:54.323: Mažu nepoužitý kalendář 2023-09-02/2023-09-02!
01.11.2023 16:04:54.323: Mažu nepoužitý kalendář 2023-06-12/2023-08-17!
01.11.2023 16:04:54.323: Mažu nepoužitý kalendář 2023-07-02/2023-07-02!
01.11.2023 16:04:54.323: Mažu nepoužitý kalendář 2023-06-30/2023-06-30!
01.11.2023 16:04:54.323: Mažu nepoužitý kalendář 2023-07-01/2023-07-01!
01.11.2023 16:04:54.323: Mažu nepoužitý kalendář 2023-06-12/2023-06-22!
01.11.2023 16:04:54.323: Mažu nepoužitý kalendář 2023-07-10/2023-12-07!
01.11.2023 16:04:54.323: Mažu nepoužitý kalendář 2023-06-11/2023-06-11!
01.11.2023 16:04:54.323: Mažu nepoužitý kalendář 2023-06-18/2023-06-18!
01.11.2023 16:04:54.324: Mažu nepoužitý kalendář 2023-06-25/2023-06-25!
01.11.2023 16:04:54.324: Mažu nepoužitý kalendář 2023-06-16/2023-06-16!
01.11.2023 16:04:54.324: Mažu nepoužitý kalendář 2023-06-17/2023-06-17!
01.11.2023 16:04:54.324: Mažu nepoužitý kalendář 2023-06-12/2023-06-15!
01.11.2023 16:04:54.324: Mažu nepoužitý kalendář 2023-06-19/2023-06-19!
01.11.2023 16:04:54.324: Mažu nepoužitý kalendář 2023-06-23/2023-06-23!
01.11.2023 16:04:54.324: Mažu nepoužitý kalendář 2023-06-24/2023-06-24!
01.11.2023 16:04:54.324: Mažu nepoužitý kalendář 2023-06-20/2023-06-22!
01.11.2023 16:04:54.324: Mažu nepoužitý kalendář 2023-07-28/2023-07-28!
01.11.2023 16:04:54.324: Mažu nepoužitý kalendář 2023-08-20/2023-08-20!
01.11.2023 16:04:54.324: Mažu nepoužitý kalendář 2023-08-19/2023-08-19!
01.11.2023 16:04:54.324: Mažu nepoužitý kalendář 2023-07-10/2023-07-10!
01.11.2023 16:04:54.324: Mažu nepoužitý kalendář 2023-07-17/2023-07-31!
01.11.2023 16:04:54.324: Mažu nepoužitý kalendář 2023-08-21/2023-12-09!
01.11.2023 16:04:54.324: Mažu nepoužitý kalendář 2023-06-11/2023-07-09!
01.11.2023 16:04:54.324: Mažu nepoužitý kalendář 2023-07-15/2023-07-16!
01.11.2023 16:04:54.324: Mažu nepoužitý kalendář 2023-07-24/2023-07-24!
01.11.2023 16:04:54.324: Mažu nepoužitý kalendář 2023-08-05/2023-12-09!
01.11.2023 16:04:54.324: Mažu nepoužitý kalendář 2023-07-18/2023-07-21!
01.11.2023 16:04:54.324: Mažu nepoužitý kalendář 2023-06-27/2023-12-09!
01.11.2023 16:04:54.324: Mažu nepoužitý kalendář 2023-08-21/2023-08-21!
01.11.2023 16:04:54.324: Mažu nepoužitý kalendář 2023-08-28/2023-08-28!
01.11.2023 16:04:54.324: Mažu nepoužitý kalendář 2023-06-26/2023-06-26!
01.11.2023 16:04:54.324: Mažu nepoužitý kalendář 2023-07-03/2023-07-03!
01.11.2023 16:04:54.324: Mažu nepoužitý kalendář 2023-06-12/2023-06-12!
01.11.2023 16:04:54.325: Mažu nepoužitý kalendář 2023-06-12/2023-08-28!
01.11.2023 16:04:54.325: Mažu nepoužitý kalendář 2023-06-13/2023-09-02!
01.11.2023 16:04:54.325: Mažu nepoužitý kalendář 2023-08-07/2023-08-07!
01.11.2023 16:04:54.325: Mažu nepoužitý kalendář 2023-08-14/2023-08-14!
01.11.2023 16:04:54.325: Mažu nepoužitý kalendář 2023-07-09/2023-07-09!
01.11.2023 16:04:54.325: Mažu nepoužitý kalendář 2023-07-16/2023-07-16!
01.11.2023 16:04:54.325: Mažu nepoužitý kalendář 2023-08-06/2023-08-06!
01.11.2023 16:04:54.325: Mažu nepoužitý kalendář 2023-08-13/2023-08-13!
01.11.2023 16:04:54.325: Mažu nepoužitý kalendář 2023-06-13/2023-07-06!
01.11.2023 16:04:54.325: Mažu nepoužitý kalendář 2023-07-18/2023-07-29!
01.11.2023 16:04:54.325: Mažu nepoužitý kalendář 2023-08-22/2023-12-09!
01.11.2023 16:04:54.325: Mažu nepoužitý kalendář 2023-06-13/2023-08-19!
01.11.2023 16:04:54.325: Mažu nepoužitý kalendář 2023-09-05/2023-12-09!
01.11.2023 16:04:54.325: Mažu nepoužitý kalendář 2023-07-17/2023-07-17!
01.11.2023 16:04:54.325: Mažu nepoužitý kalendář 2023-07-31/2023-07-31!
01.11.2023 16:04:54.325: Mažu nepoužitý kalendář 2023-07-23/2023-07-23!
01.11.2023 16:04:54.325: Mažu nepoužitý kalendář 2023-07-30/2023-07-30!
01.11.2023 16:04:54.325: Mažu nepoužitý kalendář 2023-06-13/2023-07-15!
01.11.2023 16:04:54.325: Mažu nepoužitý kalendář 2023-07-25/2023-07-28!
01.11.2023 16:04:54.325: Mažu nepoužitý kalendář 2023-08-01/2023-12-09!
01.11.2023 16:04:54.325: Mažu nepoužitý kalendář 2023-06-13/2023-06-24!
01.11.2023 16:04:54.325: Mažu nepoužitý kalendář 2023-06-13/2023-06-17!
01.11.2023 16:04:54.325: Mažu nepoužitý kalendář 2023-08-28/2023-09-01!
01.11.2023 16:04:54.325: Mažu nepoužitý kalendář 2023-06-11/2023-07-23!
01.11.2023 16:04:54.326: Mažu nepoužitý kalendář 2023-08-11/2023-12-09!
01.11.2023 16:04:54.326: Mažu nepoužitý kalendář 2023-07-24/2023-12-09!
01.11.2023 16:04:54.326: Mažu nepoužitý kalendář 2023-06-11/2023-08-10!
01.11.2023 16:04:54.326: Mažu nepoužitý kalendář 2023-08-21/2023-08-25!
01.11.2023 16:04:54.326: Mažu nepoužitý kalendář 2023-08-26/2023-08-27!
01.11.2023 16:04:54.326: Mažu nepoužitý kalendář 2023-06-11/2023-08-31!
01.11.2023 16:04:54.326: Mažu nepoužitý kalendář 2023-10-31/2023-12-09!
01.11.2023 16:04:54.326: Mažu nepoužitý kalendář 2023-06-12/2023-10-30!
01.11.2023 16:04:54.326: Mažu nepoužitý kalendář 2023-06-12/2023-06-24!
01.11.2023 16:04:54.326: Mažu nepoužitý kalendář 2023-07-08/2023-12-09!
01.11.2023 16:04:54.326: Mažu nepoužitý kalendář 2023-06-12/2023-07-31!
01.11.2023 16:04:54.326: Mažu nepoužitý kalendář 2023-08-12/2023-12-09!
01.11.2023 16:04:54.326: Mažu nepoužitý kalendář 2023-07-11/2023-07-13!
01.11.2023 16:04:54.326: Mažu nepoužitý kalendář 2023-07-23/2023-12-08!
01.11.2023 16:04:54.326: Mažu nepoužitý kalendář 2023-07-18/2023-12-09!
01.11.2023 16:04:54.326: Mažu nepoužitý kalendář 2023-06-20/2023-12-09!
01.11.2023 16:04:54.326: Mažu nepoužitý kalendář 2023-07-31/2023-12-08!
01.11.2023 16:04:54.326: Mažu nepoužitý kalendář 2023-08-13/2023-08-15!
01.11.2023 16:04:54.326: Mažu nepoužitý kalendář 2023-08-21/2023-08-24!
01.11.2023 16:04:54.326: Mažu nepoužitý kalendář 2023-08-28/2023-08-31!
01.11.2023 16:04:54.326: Mažu nepoužitý kalendář 2023-08-16/2023-08-17!
01.11.2023 16:04:54.326: Mažu nepoužitý kalendář 2023-11-03/2023-12-09!
01.11.2023 16:04:54.326: Mažu nepoužitý kalendář 2023-10-31/2023-12-07!
01.11.2023 16:04:54.327: Mažu nepoužitý kalendář 2023-06-17/2023-10-28!
01.11.2023 16:04:54.327: Mažu nepoužitý kalendář 2023-10-31/2023-10-31!
01.11.2023 16:04:54.327: Mažu nepoužitý kalendář 2023-06-12/2023-11-01!
01.11.2023 16:04:54.327: Mažu nepoužitý kalendář 2023-08-14/2023-12-07!
01.11.2023 16:04:54.327: Mažu nepoužitý kalendář 2023-07-18/2023-07-20!
01.11.2023 16:04:54.327: Mažu nepoužitý kalendář 2023-07-10/2023-07-13!
01.11.2023 16:04:54.327: Mažu nepoužitý kalendář 2023-06-29/2023-12-09!
01.11.2023 16:04:54.327: Mažu nepoužitý kalendář 2023-06-11/2023-06-28!
01.11.2023 16:04:54.327: Mažu nepoužitý kalendář 2023-08-28/2023-12-09!
01.11.2023 16:04:54.327: Mažu nepoužitý kalendář 2023-11-04/2023-12-09!
01.11.2023 16:04:54.327: Mažu nepoužitý kalendář 2023-10-30/2023-12-09!
01.11.2023 16:04:54.327: Mažu nepoužitý kalendář 2023-06-13/2023-08-31!
01.11.2023 16:04:54.327: Mažu nepoužitý kalendář 2023-10-31/2023-12-08!
01.11.2023 16:04:54.327: Mažu nepoužitý kalendář 2023-06-12/2023-07-03!
01.11.2023 16:04:54.327: Mažu nepoužitý kalendář 2023-08-16/2023-08-16!
01.11.2023 16:04:54.327: Mažu nepoužitý kalendář 2023-08-27/2023-12-03!
01.11.2023 16:04:54.327: Mažu nepoužitý kalendář 2023-08-14/2023-08-15!
01.11.2023 16:04:54.327: Mažu nepoužitý kalendář 2023-08-15/2023-08-16!
01.11.2023 16:04:54.327: Mažu nepoužitý kalendář 2023-08-22/2023-12-08!
01.11.2023 16:04:54.327: Mažu nepoužitý kalendář 2023-06-13/2023-10-27!
01.11.2023 16:04:54.327: Mažu nepoužitý kalendář 2023-06-29/2023-12-08!
01.11.2023 16:04:54.328: Mažu nepoužitý kalendář 2023-07-04/2023-07-06!
01.11.2023 16:04:54.328: Mažu nepoužitý kalendář 2023-08-22/2023-08-25!
01.11.2023 16:04:54.328: Mažu nepoužitý kalendář 2023-08-29/2023-08-31!
01.11.2023 16:04:54.328: Mažu nepoužitý kalendář 2023-06-16/2023-09-02!
01.11.2023 16:04:54.328: Mažu nepoužitý kalendář 2023-06-12/2023-07-20!
01.11.2023 16:04:54.328: Mažu nepoužitý kalendář 2023-06-16/2023-07-22!
01.11.2023 16:04:54.328: Mažu nepoužitý kalendář 2023-07-24/2023-12-07!
01.11.2023 16:04:54.328: Mažu nepoužitý kalendář 2023-06-16/2023-07-01!
01.11.2023 16:04:54.328: Mažu nepoužitý kalendář 2023-07-28/2023-12-09!
01.11.2023 16:04:54.328: Mažu nepoužitý kalendář 2023-07-03/2023-07-06!
01.11.2023 16:04:54.328: Mažu nepoužitý kalendář 2023-06-26/2023-06-29!
01.11.2023 16:04:54.328: Mažu nepoužitý kalendář 2023-06-30/2023-07-01!
01.11.2023 16:04:54.328: Mažu nepoužitý kalendář 2023-06-16/2023-06-17!
01.11.2023 16:04:54.328: Mažu nepoužitý kalendář 2023-08-25/2023-08-26!
01.11.2023 16:04:54.328: Mažu nepoužitý kalendář 2023-06-23/2023-06-24!
01.11.2023 16:04:54.328: Mažu nepoužitý kalendář 2023-06-11/2023-07-28!
01.11.2023 16:04:54.328: Mažu nepoužitý kalendář 2023-06-20/2023-12-08!
01.11.2023 16:04:54.328: Mažu nepoužitý kalendář 2023-06-17/2023-06-18!
01.11.2023 16:04:54.328: Mažu nepoužitý kalendář 2023-10-02/2023-10-02!
01.11.2023 16:04:54.328: Mažu nepoužitý kalendář 2023-06-13/2023-09-01!
01.11.2023 16:04:54.328: Mažu nepoužitý kalendář 2023-07-29/2023-12-09!
01.11.2023 16:04:54.328: Mažu nepoužitý kalendář 2023-06-13/2023-06-23!
01.11.2023 16:04:54.328: Mažu nepoužitý kalendář 2023-07-25/2023-12-08!
01.11.2023 16:04:54.329: Mažu nepoužitý kalendář 2023-08-26/2023-12-09!
01.11.2023 16:04:54.329: Mažu nepoužitý kalendář 2023-06-13/2023-07-28!
01.11.2023 16:04:54.329: Mažu nepoužitý kalendář 2023-06-13/2023-06-16!
01.11.2023 16:04:54.329: Mažu nepoužitý kalendář 2023-06-20/2023-06-23!
01.11.2023 16:04:54.329: Mažu nepoužitý kalendář 2023-08-29/2023-09-01!
01.11.2023 16:04:54.329: Mažu nepoužitý kalendář 2023-06-11/2023-08-09!
01.11.2023 16:04:54.329: Mažu nepoužitý kalendář 2023-08-10/2023-12-09!
01.11.2023 16:04:54.329: Mažu nepoužitý kalendář 2023-06-11/2023-06-30!
01.11.2023 16:04:54.329: Mažu nepoužitý kalendář 2023-06-30/2023-12-09!
01.11.2023 16:04:54.329: Mažu nepoužitý kalendář 2023-07-02/2023-12-07!
01.11.2023 16:04:54.329: Mažu nepoužitý kalendář 2023-08-10/2023-08-16!
01.11.2023 16:04:54.329: Mažu nepoužitý kalendář 2023-08-18/2023-09-01!
01.11.2023 16:04:54.329: Mažu nepoužitý kalendář 2023-08-17/2023-08-17!
01.11.2023 16:04:54.329: Mažu nepoužitý kalendář 2023-06-15/2023-08-31!
01.11.2023 16:04:54.329: Mažu nepoužitý kalendář 2023-09-28/2023-09-29!
01.11.2023 16:04:54.329: Mažu nepoužitý kalendář 2023-07-27/2023-07-27!
01.11.2023 16:04:54.329: Mažu nepoužitý kalendář 2023-08-03/2023-08-03!
01.11.2023 16:04:54.329: Mažu nepoužitý kalendář 2023-08-10/2023-08-10!
01.11.2023 16:04:54.329: Mažu nepoužitý kalendář 2023-07-13/2023-07-13!
01.11.2023 16:04:54.329: Mažu nepoužitý kalendář 2023-07-20/2023-07-20!
01.11.2023 16:04:54.329: Mažu nepoužitý kalendář 2023-06-11/2023-07-05!
01.11.2023 16:04:54.329: Mažu nepoužitý kalendář 2023-06-29/2023-06-29!
01.11.2023 16:04:54.330: Mažu nepoužitý kalendář 2023-06-15/2023-06-15!
01.11.2023 16:04:54.330: Mažu nepoužitý kalendář 2023-06-20/2023-06-21!
01.11.2023 16:04:54.330: Mažu nepoužitý kalendář 2023-08-24/2023-08-24!
01.11.2023 16:04:54.330: Mažu nepoužitý kalendář 2023-08-21/2023-08-23!
01.11.2023 16:04:54.330: Mažu nepoužitý kalendář 2023-08-31/2023-08-31!
01.11.2023 16:04:54.330: Mažu nepoužitý kalendář 2023-08-28/2023-08-30!
01.11.2023 16:04:54.330: Mažu nepoužitý kalendář 2023-06-22/2023-06-22!
01.11.2023 16:04:54.330: Mažu nepoužitý kalendář 2023-06-12/2023-09-01!
01.11.2023 16:04:54.330: Mažu nepoužitý kalendář 2023-06-12/2023-07-04!
01.11.2023 16:04:54.330: Mažu nepoužitý kalendář 2023-08-28/2023-12-08!
01.11.2023 16:04:54.330: Mažu nepoužitý kalendář 2023-07-01/2023-07-06!
01.11.2023 16:04:54.330: Mažu nepoužitý kalendář 2023-06-12/2023-06-16!
01.11.2023 16:04:54.330: Mažu nepoužitý kalendář 2023-07-03/2023-07-04!
01.11.2023 16:04:54.330: Mažu nepoužitý kalendář 2023-06-16/2023-07-07!
01.11.2023 16:04:54.330: Mažu nepoužitý kalendář 2023-09-01/2023-12-08!
01.11.2023 16:04:54.330: Mažu nepoužitý kalendář 2023-08-28/2023-12-07!
01.11.2023 16:04:54.330: Mažu nepoužitý kalendář 2023-07-02/2023-07-06!
01.11.2023 16:04:54.330: Mažu nepoužitý kalendář 2023-06-24/2023-07-01!
01.11.2023 16:04:54.330: Mažu nepoužitý kalendář 2023-06-11/2023-07-18!
01.11.2023 16:04:54.330: Mažu nepoužitý kalendář 2023-08-07/2023-08-13!
01.11.2023 16:04:54.330: Mažu nepoužitý kalendář 2023-08-18/2023-12-09!
01.11.2023 16:04:54.330: Mažu nepoužitý kalendář 2023-09-01/2023-12-09!
01.11.2023 16:04:54.330: Mažu nepoužitý kalendář 2023-07-01/2023-07-02!
01.11.2023 16:04:54.331: Mažu nepoužitý kalendář 2023-07-11/2023-12-09!
01.11.2023 16:04:54.331: Mažu nepoužitý kalendář 2023-06-11/2023-08-06!
01.11.2023 16:04:54.331: Mažu nepoužitý kalendář 2023-08-14/2023-12-09!
01.11.2023 16:04:54.331: Mažu nepoužitý kalendář 2023-06-11/2023-06-12!
01.11.2023 16:04:54.331: Mažu nepoužitý kalendář 2023-06-21/2023-12-09!
01.11.2023 16:04:54.331: Mažu nepoužitý kalendář 2023-06-11/2023-07-10!
01.11.2023 16:04:54.331: Mažu nepoužitý kalendář 2023-07-17/2023-12-09!
01.11.2023 16:04:54.331: Mažu nepoužitý kalendář 2023-06-21/2023-06-24!
01.11.2023 16:04:54.331: Mažu nepoužitý kalendář 2023-07-17/2023-07-18!
01.11.2023 16:04:54.331: Mažu nepoužitý kalendář 2023-06-12/2023-06-13!
01.11.2023 16:04:54.331: Mažu nepoužitý kalendář 2023-09-01/2023-09-02!
01.11.2023 16:04:54.331: Mažu nepoužitý kalendář 2023-06-20/2023-06-20!
01.11.2023 16:04:54.331: Mažu nepoužitý kalendář 2023-06-11/2023-07-02!
01.11.2023 16:04:54.331: Mažu nepoužitý kalendář 2023-06-11/2023-07-31!
01.11.2023 16:04:54.331: Mažu nepoužitý kalendář 2023-06-11/2023-08-24!
01.11.2023 16:04:54.331: Mažu nepoužitý kalendář 2023-06-11/2023-08-13!
01.11.2023 16:04:54.331: Mažu nepoužitý kalendář 2023-07-03/2023-12-09!
01.11.2023 16:04:54.331: Mažu nepoužitý kalendář 2023-06-11/2023-07-17!
01.11.2023 16:04:54.331: Mažu nepoužitý kalendář 2023-06-17/2023-08-26!
01.11.2023 16:04:54.331: Mažu nepoužitý kalendář 2023-09-02/2023-12-09!
01.11.2023 16:04:54.331: Mažu nepoužitý kalendář 2023-10-01/2023-10-01!
01.11.2023 16:04:54.331: Mažu nepoužitý kalendář 2023-07-05/2023-07-09!
01.11.2023 16:04:54.331: Mažu nepoužitý kalendář 2023-06-11/2023-09-03!
01.11.2023 16:04:54.331: Mažu nepoužitý kalendář 2023-09-28/2023-10-01!
01.11.2023 16:04:54.331: Mažu nepoužitý kalendář 2023-09-03/2023-09-03!
01.11.2023 16:04:54.332: Mažu nepoužitý kalendář 2023-09-25/2023-09-25!
01.11.2023 16:04:54.332: Mažu nepoužitý kalendář 2023-06-16/2023-09-29!
01.11.2023 16:04:54.332: Mažu nepoužitý kalendář 2023-09-28/2023-12-07!
01.11.2023 16:04:54.332: Mažu nepoužitý kalendář 2023-06-15/2023-09-28!
01.11.2023 16:04:54.332: Mažu nepoužitý kalendář 2023-09-29/2023-12-08!
01.11.2023 16:04:54.332: Mažu nepoužitý kalendář 2023-10-01/2023-12-09!
01.11.2023 16:04:54.332: Mažu nepoužitý kalendář 2023-07-06/2023-07-07!
01.11.2023 16:04:54.332: Mažu nepoužitý kalendář 2023-06-11/2023-09-30!
01.11.2023 16:04:54.332: Mažu nepoužitý kalendář 2023-06-12/2023-09-25!
01.11.2023 16:04:54.332: Mažu nepoužitý kalendář 2023-10-02/2023-12-04!
01.11.2023 16:04:54.332: Mažu nepoužitý kalendář 2023-08-15/2023-08-15!
01.11.2023 16:04:54.332: Mažu nepoužitý kalendář 2023-07-05/2023-07-06!
01.11.2023 16:04:54.332: Mažu nepoužitý kalendář 2023-06-11/2023-07-22!
01.11.2023 16:04:54.332: Mažu nepoužitý kalendář 2023-08-25/2023-12-09!
01.11.2023 16:04:54.332: Mažu nepoužitý kalendář 2023-07-23/2023-08-31!
01.11.2023 16:04:54.332: Mažu nepoužitý kalendář 2023-06-25/2023-06-29!
01.11.2023 16:04:54.332: Mažu nepoužitý kalendář 2023-08-27/2023-08-31!
01.11.2023 16:04:54.333: Mažu nepoužitý kalendář 2023-07-10/2023-07-11!
01.11.2023 16:04:54.333: Mažu nepoužitý kalendář 2023-07-13/2023-07-14!
01.11.2023 16:04:54.333: Mažu nepoužitý kalendář 2023-07-24/2023-07-25!
01.11.2023 16:04:54.333: Mažu nepoužitý kalendář 2023-07-27/2023-07-28!
01.11.2023 16:04:54.333: Mažu nepoužitý kalendář 2023-08-28/2023-08-29!
01.11.2023 16:04:54.333: Mažu nepoužitý kalendář 2023-08-31/2023-09-01!
01.11.2023 16:04:54.333: Mažu nepoužitý kalendář 2023-07-19/2023-07-19!
01.11.2023 16:04:54.333: Mažu nepoužitý kalendář 2023-08-02/2023-08-02!
01.11.2023 16:04:54.333: Mažu nepoužitý kalendář 2023-08-23/2023-08-23!
01.11.2023 16:04:54.333: Mažu nepoužitý kalendář 2023-07-03/2023-07-07!
01.11.2023 16:04:54.333: Mažu nepoužitý kalendář 2023-07-10/2023-07-14!
01.11.2023 16:04:54.333: Mažu nepoužitý kalendář 2023-06-26/2023-06-28!
01.11.2023 16:04:54.333: Mažu nepoužitý kalendář 2023-06-24/2023-06-25!
01.11.2023 16:04:54.333: Mažu nepoužitý kalendář 2023-08-09/2023-08-09!
01.11.2023 16:04:54.333: Mažu nepoužitý kalendář 2023-07-02/2023-07-03!
01.11.2023 16:04:54.333: Mažu nepoužitý kalendář 2023-08-25/2023-08-31!
01.11.2023 16:04:54.334: Mažu nepoužitý kalendář 2023-08-31/2023-12-09!
01.11.2023 16:04:54.334: Mažu nepoužitý kalendář 2023-06-11/2023-07-25!
01.11.2023 16:04:54.334: Mažu nepoužitý kalendář 2023-08-25/2023-08-29!
01.11.2023 16:04:54.334: Mažu nepoužitý kalendář 2023-07-26/2023-12-09!
01.11.2023 16:04:54.334: Mažu nepoužitý kalendář 2023-06-23/2023-06-25!
01.11.2023 16:04:54.334: Mažu nepoužitý kalendář 2023-09-08/2023-09-08!
01.11.2023 16:04:54.334: Mažu nepoužitý kalendář 2023-09-15/2023-09-15!
01.11.2023 16:04:54.334: Mažu nepoužitý kalendář 2023-09-22/2023-09-22!
01.11.2023 16:04:54.334: Mažu nepoužitý kalendář 2023-10-06/2023-10-06!
01.11.2023 16:04:54.334: Mažu nepoužitý kalendář 2023-07-03/2023-12-07!
01.11.2023 16:04:54.334: Mažu nepoužitý kalendář 2023-09-08/2023-09-22!
01.11.2023 16:04:54.334: Mažu nepoužitý kalendář 2023-10-06/2023-12-08!
01.11.2023 16:04:54.334: Mažu nepoužitý kalendář 2023-06-12/2023-06-29!
01.11.2023 16:04:54.334: Mažu nepoužitý kalendář 2023-07-02/2023-12-09!
01.11.2023 16:04:54.334: Mažu nepoužitý kalendář 2023-06-19/2023-06-22!
01.11.2023 16:04:54.334: Mažu nepoužitý kalendář 2023-07-03/2023-12-08!
01.11.2023 16:04:54.334: Mažu nepoužitý kalendář 2023-06-11/2023-09-24!
01.11.2023 16:04:54.334: Mažu nepoužitý kalendář 2023-09-28/2023-12-03!
01.11.2023 16:04:54.334: Mažu nepoužitý kalendář 2023-10-07/2023-12-09!
01.11.2023 16:04:54.334: Mažu nepoužitý kalendář 2023-06-17/2023-09-30!
01.11.2023 16:04:54.334: Mažu nepoužitý kalendář 2023-10-03/2023-12-07!
01.11.2023 16:04:54.334: Mažu nepoužitý kalendář 2023-06-13/2023-09-28!
01.11.2023 16:04:54.334: Mažu nepoužitý kalendář 2023-09-30/2023-12-09!
01.11.2023 16:04:54.335: Mažu nepoužitý kalendář 2023-10-01/2023-12-03!
01.11.2023 16:04:54.335: Mažu nepoužitý kalendář 2023-10-02/2023-12-06!
01.11.2023 16:04:54.335: Mažu nepoužitý kalendář 2023-06-12/2023-09-27!
01.11.2023 16:04:54.335: Mažu nepoužitý kalendář 2023-09-26/2023-09-26!
01.11.2023 16:04:54.335: Mažu nepoužitý kalendář 2023-06-13/2023-06-13!
01.11.2023 16:04:54.335: Mažu nepoužitý kalendář 2023-09-26/2023-09-27!
01.11.2023 16:04:54.335: Mažu nepoužitý kalendář 2023-06-14/2023-06-14!
01.11.2023 16:04:54.335: Mažu nepoužitý kalendář 2023-06-11/2023-06-14!
01.11.2023 16:04:54.335: Mažu nepoužitý kalendář 2023-06-13/2023-06-14!
01.11.2023 16:04:54.335: Mažu nepoužitý kalendář 2023-06-12/2023-06-14!
01.11.2023 16:04:54.335: Mažu nepoužitý kalendář 2023-07-03/2023-07-05!
01.11.2023 16:04:54.335: Mažu nepoužitý kalendář 2023-08-09/2023-09-30!
01.11.2023 16:04:54.335: Mažu nepoužitý kalendář 2023-06-11/2023-08-08!
01.11.2023 16:04:54.335: Mažu nepoužitý kalendář 2023-10-11/2023-10-15!
01.11.2023 16:04:54.335: Mažu nepoužitý kalendář 2023-11-13/2023-12-08!
01.11.2023 16:04:54.335: Mažu nepoužitý kalendář 2023-11-04/2023-11-05!
01.11.2023 16:04:54.335: Mažu nepoužitý kalendář 2023-11-12/2023-11-12!
01.11.2023 16:04:54.335: Mažu nepoužitý kalendář 2023-11-26/2023-11-26!
01.11.2023 16:04:54.336: Mažu nepoužitý kalendář 2023-10-14/2023-10-21!
01.11.2023 16:04:54.336: Mažu nepoužitý kalendář 2023-10-15/2023-10-22!
01.11.2023 16:04:54.336: Mažu nepoužitý kalendář 2023-12-03/2023-12-08!
01.11.2023 16:04:54.336: Mažu nepoužitý kalendář 2023-12-01/2023-12-09!
01.11.2023 16:04:54.336: Mažu nepoužitý kalendář 2023-10-11/2023-11-30!
01.11.2023 16:04:54.402: Mažu nepoužitý announcement msv_get_off_left!
01.11.2023 16:04:54.402: Mažu nepoužitý announcement msv_get_off_right!
01.11.2023 16:04:54.402: Mažu nepoužitý announcement msv_shunting_warn!
01.11.2023 16:04:54.403: Mažu nepoužitý announcement msv_excpt_stop_track_condition!
01.11.2023 16:04:54.403: Mažu nepoužitý announcement msv_service_stop!
01.11.2023 16:04:54.403: Mažu nepoužitý announcement msv_clos_next_end_subst_bus!
01.11.2023 16:04:54.403: Mažu nepoužitý announcement msv_end_subus!
01.11.2023 16:04:54.403: Mažu nepoužitý announcement msv_clos_next_end!
01.11.2023 16:04:54.403: Mažu nepoužitý announcement msv_excpt_end!
01.11.2023 16:04:54.403: Mažu nepoužitý announcement msv_end_subst_train!
01.11.2023 16:04:54.403: Mažu nepoužitý announcement msv_route_diversion!
01.11.2023 16:04:54.403: Mažu nepoužitý announcement msv_delay_closure!
01.11.2023 16:04:54.403: Mažu nepoužitý announcement msv_delay_connection!
01.11.2023 16:04:54.403: Mažu nepoužitý announcement msv_delay_opposite_train!
01.11.2023 16:04:54.403: Mažu nepoužitý announcement msv_delay_car_malfunction!
01.11.2023 16:04:54.403: Mažu nepoužitý announcement msv_delay_faster_train!
01.11.2023 16:04:54.403: Mažu nepoužitý announcement msv_delay_track_obstacle!
01.11.2023 16:04:54.403: Mažu nepoužitý announcement msv_delay_bad_weather!
01.11.2023 16:04:54.403: Mažu nepoužitý announcement msv_delay_crossing_accident!
01.11.2023 16:04:54.403: Mažu nepoužitý announcement msv_welcome!
01.11.2023 16:04:54.403: Mažu nepoužitý announcement msv_thx!
01.11.2023 16:04:54.404: Mažu nepoužitý announcement msv_no_rear_door!
01.11.2023 16:04:54.404: Mažu nepoužitý announcement msv_sound_test!
01.11.2023 16:04:54.404: Mažu nepoužitý announcement msv_no_boarding!
01.11.2023 16:04:54.404: Mažu nepoužitý announcement msv_special_train!
01.11.2023 16:04:54.404: Mažu nepoužitý announcement msv_train_cleaning!
01.11.2023 16:04:54.404: Mažu nepoužitý announcement msv_train_shunting!
01.11.2023 16:04:54.404: Mažu nepoužitý announcement msv_subst_transport!
01.11.2023 16:04:54.404: Mažu nepoužitý announcement msv_reserved_car!
01.11.2023 16:04:54.404: Mažu nepoužitý announcement msv_test_run!
01.11.2023 16:04:54.404: Mažu nepoužitý announcement msv_exposition!
01.11.2023 16:04:54.404: Mažu nepoužitý announcement msv_railway_day!
01.11.2023 16:04:54.404: Mažu nepoužitý announcement msv_children_day!
01.11.2023 16:04:54.404: Mažu prázdný announcement group MSV_elektronika!
01.11.2023 16:04:54.404: Mažu nepoužitý announcement reg_shunting_warn!
01.11.2023 16:04:54.404: Mažu nepoužitý announcement reg_excpt_stop_track_condition!
01.11.2023 16:04:54.404: Mažu nepoužitý announcement reg_service_stop!
01.11.2023 16:04:54.404: Mažu nepoužitý announcement reg_clos_next_end_subst_bus!
01.11.2023 16:04:54.405: Mažu nepoužitý announcement reg_clos_next_end!
01.11.2023 16:04:54.405: Mažu nepoužitý announcement reg_excpt_end!
01.11.2023 16:04:54.405: Mažu nepoužitý announcement reg_end_subst_train!
01.11.2023 16:04:54.405: Mažu nepoužitý announcement reg_extra_change_1!
01.11.2023 16:04:54.405: Mažu nepoužitý announcement reg_extra_change_2!
01.11.2023 16:04:54.405: Mažu nepoužitý announcement reg_route_diversion!
01.11.2023 16:04:54.405: Mažu nepoužitý announcement reg_except_pass_s0!
01.11.2023 16:04:54.405: Mažu nepoužitý announcement reg_except_pass_p0!
01.11.2023 16:04:54.405: Mažu nepoužitý announcement reg_delay_closure!
01.11.2023 16:04:54.405: Mažu nepoužitý announcement reg_delay_connection!
01.11.2023 16:04:54.405: Mažu nepoužitý announcement reg_delay_opposite_train!
01.11.2023 16:04:54.405: Mažu nepoužitý announcement reg_delay_car_malfunction!
01.11.2023 16:04:54.405: Mažu nepoužitý announcement reg_delay_faster_train!
01.11.2023 16:04:54.405: Mažu nepoužitý announcement reg_delay_track_obstacle!
01.11.2023 16:04:54.405: Mažu nepoužitý announcement reg_delay_bad_weather!
01.11.2023 16:04:54.405: Mažu nepoužitý announcement reg_delay_crossing_accident!
01.11.2023 16:04:54.405: Mažu nepoužitý announcement reg_welcome!
01.11.2023 16:04:54.405: Mažu nepoužitý announcement reg_thx!
01.11.2023 16:04:54.406: Mažu nepoužitý announcement reg_wifi_nefunkcni!
01.11.2023 16:04:54.406: Mažu nepoužitý announcement reg_no_boarding!
01.11.2023 16:04:54.406: Mažu nepoužitý announcement reg_special_train!
01.11.2023 16:04:54.406: Mažu nepoužitý announcement reg_train_cleaning!
01.11.2023 16:04:54.406: Mažu nepoužitý announcement reg_train_shunting!
01.11.2023 16:04:54.406: Mažu nepoužitý announcement reg_subst_transport!
01.11.2023 16:04:54.406: Mažu nepoužitý announcement reg_reserved_car!
01.11.2023 16:04:54.406: Mažu nepoužitý announcement reg_test_run!
01.11.2023 16:04:54.406: Mažu nepoužitý announcement reg_exposition!
01.11.2023 16:04:54.406: Mažu nepoužitý announcement reg_railway_day!
01.11.2023 16:04:54.406: Mažu nepoužitý announcement reg_children_day!
01.11.2023 16:04:54.406: Mažu nepoužitý announcement 810_shunting_warn!
01.11.2023 16:04:54.406: Mažu nepoužitý announcement 810_welcome!
01.11.2023 16:04:54.406: Mažu nepoužitý announcement 810_thx!
01.11.2023 16:04:54.406: Mažu nepoužitý announcement 810_excpt_stop_track_condition!
01.11.2023 16:04:54.407: Mažu nepoužitý announcement 810_clos_next_end_subst_bus!
01.11.2023 16:04:54.407: Mažu nepoužitý announcement 810_end_subus!
01.11.2023 16:04:54.407: Mažu nepoužitý announcement 810_clos_next_end!
01.11.2023 16:04:54.407: Mažu nepoužitý announcement 810_excpt_end!
01.11.2023 16:04:54.407: Mažu nepoužitý announcement 810_end_subst_train!
01.11.2023 16:04:54.407: Mažu nepoužitý announcement 810_route_diversion!
01.11.2023 16:04:54.407: Mažu nepoužitý announcement 810_delay_closure!
01.11.2023 16:04:54.407: Mažu nepoužitý announcement 810_delay_connection!
01.11.2023 16:04:54.407: Mažu nepoužitý announcement 810_delay_opposite_train!
01.11.2023 16:04:54.407: Mažu nepoužitý announcement 810_delay_car_malfunction!
01.11.2023 16:04:54.407: Mažu nepoužitý announcement 810_delay_faster_train!
01.11.2023 16:04:54.407: Mažu nepoužitý announcement 810_delay_track_obstacle!
01.11.2023 16:04:54.407: Mažu nepoužitý announcement 810_delay_bad_weather!
01.11.2023 16:04:54.407: Mažu nepoužitý announcement 810_delay_crossing_accident!
01.11.2023 16:04:54.407: Mažu nepoužitý announcement 810_wifi_nefunkcni!
01.11.2023 16:04:54.407: Mažu nepoužitý announcement 810_no_boarding!
01.11.2023 16:04:54.407: Mažu nepoužitý announcement 810_special_train!
01.11.2023 16:04:54.407: Mažu nepoužitý announcement 810_train_cleaning!
01.11.2023 16:04:54.407: Mažu nepoužitý announcement 810_train_shunting!
01.11.2023 16:04:54.407: Mažu nepoužitý announcement 810_subst_transport!
01.11.2023 16:04:54.408: Mažu nepoužitý announcement 810_reserved_car!
01.11.2023 16:04:54.408: Mažu nepoužitý announcement 810_test_run!
01.11.2023 16:04:54.408: Mažu nepoužitý announcement 810_exposition!
01.11.2023 16:04:54.408: Mažu nepoužitý announcement 810_railway_day!
01.11.2023 16:04:54.408: Mažu nepoužitý announcement 810_children_day!
01.11.2023 16:04:54.408: Mažu nepoužitý announcement 810_reg_boarding_end!
01.11.2023 16:04:54.408: Mažu nepoužitý announcement 810_self_service_novm!
01.11.2023 16:04:54.408: Mažu nepoužitý announcement 810_get_off_left!
01.11.2023 16:04:54.408: Mažu nepoužitý announcement 810_get_off_right!
01.11.2023 16:04:54.408: Mažu nepoužitý announcement 810_service_stop!
01.11.2023 16:04:54.408: Mažu prázdný announcement group Synergy_810!
01.11.2023 16:04:54.408: Mažu nepoužitý announcement 814_self_service!
01.11.2023 16:04:54.408: Mažu nepoužitý announcement 814_shunting_warn!
01.11.2023 16:04:54.408: Mažu nepoužitý announcement 814_service_stop!
01.11.2023 16:04:54.408: Mažu nepoužitý announcement 814_excpt_stop_track_condition!
01.11.2023 16:04:54.408: Mažu nepoužitý announcement 814_clos_next_end_subst_bus!
01.11.2023 16:04:54.408: Mažu nepoužitý announcement 814_end_subus!
01.11.2023 16:04:54.408: Mažu nepoužitý announcement 814_clos_next_end!
01.11.2023 16:04:54.408: Mažu nepoužitý announcement 814_excpt_end!
01.11.2023 16:04:54.408: Mažu nepoužitý announcement 814_route_diversion!
01.11.2023 16:04:54.409: Mažu nepoužitý announcement 814_end_subst_train!
01.11.2023 16:04:54.409: Mažu nepoužitý announcement 814_delay_closure!
01.11.2023 16:04:54.409: Mažu nepoužitý announcement 814_delay_connection!
01.11.2023 16:04:54.409: Mažu nepoužitý announcement 814_delay_opposite_train!
01.11.2023 16:04:54.409: Mažu nepoužitý announcement 814_delay_car_malfunction!
01.11.2023 16:04:54.409: Mažu nepoužitý announcement 814_delay_faster_train!
01.11.2023 16:04:54.409: Mažu nepoužitý announcement 814_delay_track_obstacle!
01.11.2023 16:04:54.409: Mažu nepoužitý announcement 814_delay_bad_weather!
01.11.2023 16:04:54.409: Mažu nepoužitý announcement 814_delay_crossing_accident!
01.11.2023 16:04:54.409: Mažu nepoužitý announcement 814_welcome!
01.11.2023 16:04:54.409: Mažu nepoužitý announcement 814_thx!
01.11.2023 16:04:54.409: Mažu nepoužitý announcement 814_no_rear_door!
01.11.2023 16:04:54.409: Mažu nepoužitý announcement 814_wifi_nefunkcni!
01.11.2023 16:04:54.409: Mažu nepoužitý announcement 814_no_boarding!
01.11.2023 16:04:54.409: Mažu nepoužitý announcement 814_special_train!
01.11.2023 16:04:54.409: Mažu nepoužitý announcement 814_train_cleaning!
01.11.2023 16:04:54.409: Mažu nepoužitý announcement 814_train_shunting!
01.11.2023 16:04:54.409: Mažu nepoužitý announcement 814_subst_transport!
01.11.2023 16:04:54.409: Mažu nepoužitý announcement 814_reserved_car!
01.11.2023 16:04:54.409: Mažu nepoužitý announcement 814_test_run!
01.11.2023 16:04:54.409: Mažu nepoužitý announcement 814_exposition!
01.11.2023 16:04:54.409: Mažu nepoužitý announcement 814_railway_day!
01.11.2023 16:04:54.410: Mažu nepoužitý announcement 814_children_day!
01.11.2023 16:04:54.410: Mažu prázdný announcement group 814,954,471!
01.11.2023 16:04:54.410: Mažu nepoužitý announcement vb_357_schwandorf!
01.11.2023 16:04:54.410: Mažu prázdný announcement group Jen_do_trasy!
01.11.2023 16:04:54.410: Mažu nepoužitý announcement Bohumin_odj_FrLazne!
01.11.2023 16:04:54.410: Mažu nepoužitý announcement Bohumin_odj_Praha!
01.11.2023 16:04:54.410: Mažu nepoužitý announcement FrLazne_odj_Bohumin!
01.11.2023 16:04:54.410: Mažu nepoužitý announcement Havirov_odj_Praha!
01.11.2023 16:04:54.410: Mažu nepoužitý announcement Havirov_odj_CTesin!
01.11.2023 16:04:54.410: Mažu nepoužitý announcement Havirov_odj_Zilina!
01.11.2023 16:04:54.410: Mažu nepoužitý announcement Cheb_odj_Bohumin!
01.11.2023 16:04:54.410: Mažu nepoužitý announcement MarLazne_odj_FrLazne!
01.11.2023 16:04:54.410: Mažu nepoužitý announcement MarLazne_odj_Bohumin!
01.11.2023 16:04:54.410: Mažu nepoužitý announcement Olomouc_odj_FrLazne!
01.11.2023 16:04:54.410: Mažu nepoužitý announcement Olomouc_odj_Praha!
01.11.2023 16:04:54.410: Mažu nepoužitý announcement Olomouc_odj_CTesin!
01.11.2023 16:04:54.410: Mažu nepoužitý announcement Olomouc_odj_Zilina!
01.11.2023 16:04:54.410: Mažu nepoužitý announcement Olomouc_odj_Ostrava!
01.11.2023 16:04:54.410: Mažu nepoužitý announcement Olomouc_odj_Bohumin!
01.11.2023 16:04:54.410: Mažu nepoužitý announcement Pardubice_odj_FrLazne!
01.11.2023 16:04:54.410: Mažu nepoužitý announcement Pardubice_odj_Praha!
01.11.2023 16:04:54.411: Mažu nepoužitý announcement Pardubice_odj_CTesin!
01.11.2023 16:04:54.411: Mažu nepoužitý announcement Pardubice_odj_Zilina!
01.11.2023 16:04:54.411: Mažu nepoužitý announcement Pardubice_odj_Ostrava!
01.11.2023 16:04:54.411: Mažu nepoužitý announcement Pardubice_odj_Bohumin!
01.11.2023 16:04:54.411: Mažu nepoužitý announcement Plzen_odj_FrLazne!
01.11.2023 16:04:54.411: Mažu nepoužitý announcement Plzen_odj_Bohumin!
01.11.2023 16:04:54.411: Mažu nepoužitý announcement Praha_odj_FrLazne!
01.11.2023 16:04:54.411: Mažu nepoužitý announcement Praha_odj_Bohumin_NACESTNA!
01.11.2023 16:04:54.411: Mažu nepoužitý announcement Praha_odj_Bohumin!
01.11.2023 16:04:54.411: Mažu nepoužitý announcement Praha_odj_CTesin!
01.11.2023 16:04:54.411: Mažu nepoužitý announcement Praha_odj_Ostrava!
01.11.2023 16:04:54.411: Mažu nepoužitý announcement Praha_odj_Zilina!
01.11.2023 16:04:54.411: Mažu nepoužitý announcement OStodolni_odj_CTesin!
01.11.2023 16:04:54.411: Mažu nepoužitý announcement OStodolni_odj_Zilina!
01.11.2023 16:04:54.411: Mažu nepoužitý announcement OSvinov_odj_Praha!
01.11.2023 16:04:54.411: Mažu nepoužitý announcement OSvinov_odj_Praha_NACESTNA!
01.11.2023 16:04:54.411: Mažu nepoužitý announcement OSvinov_odj_FrLazne!
01.11.2023 16:04:54.411: Mažu nepoužitý announcement CTesin_odj_Praha!
01.11.2023 16:04:54.411: Mažu nepoužitý announcement CTesin_odj_Praha_NACESTNA!
01.11.2023 16:04:54.411: Mažu nepoužitý announcement CTesin_odj_Zilina!
01.11.2023 16:04:54.411: Mažu nepoužitý announcement Trinec_odj_Praha!
01.11.2023 16:04:54.412: Mažu nepoužitý announcement Trinec_odj_Zilina!
01.11.2023 16:04:54.412: Mažu nepoužitý announcement Zilina_odj_Praha!
01.11.2023 16:04:54.412: Mažu nepoužitý announcement Bohumin_KONECNA!
01.11.2023 16:04:54.412: Mažu nepoužitý announcement CTesin_KONECNA!
01.11.2023 16:04:54.412: Mažu nepoužitý announcement CTesin_PRIJ!
01.11.2023 16:04:54.412: Mažu nepoužitý announcement FrLazne_KONECNA!
01.11.2023 16:04:54.412: Mažu nepoužitý announcement Havirov_PRIJ!
01.11.2023 16:04:54.412: Mažu nepoužitý announcement Cheb_PRIJ!
01.11.2023 16:04:54.412: Mažu nepoužitý announcement MarLazne_PRIJ!
01.11.2023 16:04:54.412: Mažu nepoužitý announcement Olomouc_PRIJ!
01.11.2023 16:04:54.412: Mažu nepoužitý announcement OStodolni_PRIJ!
01.11.2023 16:04:54.412: Mažu nepoužitý announcement OStodolni_PRIJ_od_Ziliny!
01.11.2023 16:04:54.412: Mažu nepoužitý announcement Ostrava_PRIJ!
01.11.2023 16:04:54.412: Mažu nepoužitý announcement Ostrava_KONECNA!
01.11.2023 16:04:54.412: Mažu nepoužitý announcement OSvinov_PRIJ!
01.11.2023 16:04:54.412: Mažu nepoužitý announcement OSvinov_PRIJ_od_Prahy!
01.11.2023 16:04:54.412: Mažu nepoužitý announcement Pardubice_PRIJ!
01.11.2023 16:04:54.412: Mažu nepoužitý announcement Plzen_PRIJ!
01.11.2023 16:04:54.412: Mažu nepoužitý announcement Praha_PRIJ!
01.11.2023 16:04:54.412: Mažu nepoužitý announcement Praha_KONECNA!
01.11.2023 16:04:54.412: Mažu nepoužitý announcement Trinec_PRIJ!
01.11.2023 16:04:54.412: Mažu nepoužitý announcement Zilina_KONECNA!
01.11.2023 16:04:54.413: Mažu nepoužitý announcement OSvinov_odj_Plzen!
01.11.2023 16:04:54.413: Mažu nepoužitý announcement Olomouc_odj_Plzen!
01.11.2023 16:04:54.413: Mažu nepoužitý announcement Pardubice_odj_Plzen!
01.11.2023 16:04:54.413: Mažu nepoužitý announcement Praha_odj_Ostrava_NACESTNA!
01.11.2023 16:04:54.413: Mažu nepoužitý announcement Plzen_odj_Ostrava!
01.11.2023 16:04:54.413: Mažu nepoužitý announcement Plzen_KONECNA!
01.11.2023 16:04:54.413: Mažu nepoužitý announcement Praha_odj_Plzen!
01.11.2023 16:04:54.413: Mažu nepoužitý announcement PSmichov_odj_Plzen!
01.11.2023 16:04:54.413: Mažu nepoužitý announcement PSmichov_odj_FrLazne!
01.11.2023 16:04:54.413: Mažu nepoužitý announcement Praha_PRIJ_od_Plzne!
01.11.2023 16:04:54.413: Mažu nepoužitý announcement PSmichov_PRIJ_od_Plzne!
01.11.2023 16:04:54.413: Mažu nepoužitý announcement PSmichov_PRIJ!
01.11.2023 16:04:54.413: Mažu nepoužitý announcement 680_snidane_1!
01.11.2023 16:04:54.413: Mažu nepoužitý announcement 680_obed_1!
01.11.2023 16:04:54.413: Mažu nepoužitý announcement 680_odpoledne_1!
01.11.2023 16:04:54.413: Mažu prázdný announcement group pendolino_dopravni!
01.11.2023 16:04:54.413: Mažu nepoužitý announcement 680_no_boarding!
01.11.2023 16:04:54.413: Mažu nepoužitý announcement 680_special_train!
01.11.2023 16:04:54.413: Mažu nepoužitý announcement 680_cleaning!
01.11.2023 16:04:54.413: Mažu nepoužitý announcement 680_shunting!
01.11.2023 16:04:54.413: Mažu nepoužitý announcement 680_test_run!
01.11.2023 16:04:54.413: Mažu nepoužitý announcement 680_excpt_stop_track_condition!
01.11.2023 16:04:54.413: Mažu nepoužitý announcement 680_clos_next_end_subst_bus!
01.11.2023 16:04:54.413: Mažu nepoužitý announcement 680_end_subus!
01.11.2023 16:04:54.413: Mažu nepoužitý announcement 680_clos_next_end!
01.11.2023 16:04:54.413: Mažu nepoužitý announcement 680_excpt_end!
01.11.2023 16:04:54.413: Mažu nepoužitý announcement 680_route_diversion!
01.11.2023 16:04:54.414: Mažu nepoužitý announcement 680_end_subst_train!
01.11.2023 16:04:54.414: Mažu nepoužitý announcement 680_delay_closure!
01.11.2023 16:04:54.414: Mažu nepoužitý announcement 680_delay_connection!
01.11.2023 16:04:54.414: Mažu nepoužitý announcement 680_delay_opposite_train!
01.11.2023 16:04:54.414: Mažu nepoužitý announcement 680_delay_car_malfunction!
01.11.2023 16:04:54.414: Mažu nepoužitý announcement 680_delay_track_obstacle!
01.11.2023 16:04:54.414: Mažu nepoužitý announcement 680_delay_bad_weather!
01.11.2023 16:04:54.414: Mažu nepoužitý announcement 680_delay_crossing_accident!
01.11.2023 16:04:54.414: Mažu nepoužitý announcement 680_shunting_warn!
01.11.2023 16:04:54.414: Mažu nepoužitý announcement 680_minibar!
01.11.2023 16:04:54.414: Mažu prázdný announcement group pendolino_mimoradna!
01.11.2023 16:04:54.414: Mažu nepoužitý announcement _wiz3!
01.11.2023 16:04:54.414: Mažu nepoužitý announcement _wiz4!
01.11.2023 16:04:54.414: Mažu nepoužitou msg Bohumin_odj_FrLazne!
01.11.2023 16:04:54.414: Mažu nepoužitou msg Bohumin_odj_Praha!
01.11.2023 16:04:54.414: Mažu nepoužitou msg FrLazne_odj_Bohumin!
01.11.2023 16:04:54.414: Mažu nepoužitou msg Havirov_odj_Praha!
01.11.2023 16:04:54.414: Mažu nepoužitou msg Havirov_odj_Zilina!
01.11.2023 16:04:54.414: Mažu nepoužitou msg Cheb_odj_Bohumin!
01.11.2023 16:04:54.414: Mažu nepoužitou msg MarLazne_odj_FrLazne!
01.11.2023 16:04:54.414: Mažu nepoužitou msg MarLazne_odj_Bohumin!
01.11.2023 16:04:54.415: Mažu nepoužitou msg Olomouc_odj_FrLazne!
01.11.2023 16:04:54.415: Mažu nepoužitou msg Olomouc_odj_Praha!
01.11.2023 16:04:54.415: Mažu nepoužitou msg Olomouc_odj_CTesin!
01.11.2023 16:04:54.415: Mažu nepoužitou msg Olomouc_odj_Zilina!
01.11.2023 16:04:54.415: Mažu nepoužitou msg Olomouc_odj_Ostrava!
01.11.2023 16:04:54.415: Mažu nepoužitou msg Olomouc_odj_Bohumin!
01.11.2023 16:04:54.415: Mažu nepoužitou msg Pardubice_odj_FrLazne!
01.11.2023 16:04:54.415: Mažu nepoužitou msg Pardubice_odj_Praha!
01.11.2023 16:04:54.415: Mažu nepoužitou msg Pardubice_odj_CTesin!
01.11.2023 16:04:54.416: Mažu nepoužitou msg Pardubice_odj_Zilina!
01.11.2023 16:04:54.416: Mažu nepoužitou msg Pardubice_odj_Ostrava!
01.11.2023 16:04:54.416: Mažu nepoužitou msg Pardubice_odj_Bohumin!
01.11.2023 16:04:54.416: Mažu nepoužitou msg Plzen_odj_FrLazne!
01.11.2023 16:04:54.416: Mažu nepoužitou msg Plzen_odj_Bohumin!
01.11.2023 16:04:54.416: Mažu nepoužitou msg Praha_odj_FrLazne!
01.11.2023 16:04:54.416: Mažu nepoužitou msg Praha_odj_Bohumin_NACESTNA!
01.11.2023 16:04:54.416: Mažu nepoužitou msg Praha_odj_Bohumin!
01.11.2023 16:04:54.416: Mažu nepoužitou msg Praha_odj_CTesin!
01.11.2023 16:04:54.416: Mažu nepoužitou msg Praha_odj_Ostrava!
01.11.2023 16:04:54.416: Mažu nepoužitou msg Praha_odj_Zilina!
01.11.2023 16:04:54.416: Mažu nepoužitou msg OStodolni_odj_CTesin!
01.11.2023 16:04:54.417: Mažu nepoužitou msg OStodolni_odj_Zilina!
01.11.2023 16:04:54.417: Mažu nepoužitou msg OSvinov_odj_Praha!
01.11.2023 16:04:54.417: Mažu nepoužitou msg OSvinov_odj_Praha_NACESTNA!
01.11.2023 16:04:54.417: Mažu nepoužitou msg OSvinov_odj_FrLazne!
01.11.2023 16:04:54.417: Mažu nepoužitou msg CTesin_odj_Praha!
01.11.2023 16:04:54.417: Mažu nepoužitou msg CTesin_odj_Praha_NACESTNA!
01.11.2023 16:04:54.417: Mažu nepoužitou msg CTesin_odj_Zilina!
01.11.2023 16:04:54.417: Mažu nepoužitou msg Trinec_odj_Praha!
01.11.2023 16:04:54.417: Mažu nepoužitou msg Trinec_odj_Zilina!
01.11.2023 16:04:54.417: Mažu nepoužitou msg Zilina_odj_Praha!
01.11.2023 16:04:54.417: Mažu nepoužitou msg Bohumin_KONECNA!
01.11.2023 16:04:54.417: Mažu nepoužitou msg CTesin_KONECNA!
01.11.2023 16:04:54.417: Mažu nepoužitou msg CTesin_PRIJ!
01.11.2023 16:04:54.417: Mažu nepoužitou msg FrLazne_KONECNA!
01.11.2023 16:04:54.418: Mažu nepoužitou msg Havirov_PRIJ!
01.11.2023 16:04:54.418: Mažu nepoužitou msg Cheb_PRIJ!
01.11.2023 16:04:54.418: Mažu nepoužitou msg MarLazne_PRIJ!
01.11.2023 16:04:54.418: Mažu nepoužitou msg Olomouc_PRIJ!
01.11.2023 16:04:54.418: Mažu nepoužitou msg OStodolni_PRIJ!
01.11.2023 16:04:54.418: Mažu nepoužitou msg OStodolni_PRIJ_od_Ziliny!
01.11.2023 16:04:54.418: Mažu nepoužitou msg Ostrava_PRIJ!
01.11.2023 16:04:54.418: Mažu nepoužitou msg Ostrava_KONECNA!
01.11.2023 16:04:54.418: Mažu nepoužitou msg OSvinov_PRIJ!
01.11.2023 16:04:54.418: Mažu nepoužitou msg OSvinov_PRIJ_od_Prahy!
01.11.2023 16:04:54.418: Mažu nepoužitou msg Pardubice_PRIJ!
01.11.2023 16:04:54.418: Mažu nepoužitou msg Plzen_PRIJ!
01.11.2023 16:04:54.418: Mažu nepoužitou msg Praha_PRIJ!
01.11.2023 16:04:54.418: Mažu nepoužitou msg Praha_KONECNA!
01.11.2023 16:04:54.419: Mažu nepoužitou msg Trinec_PRIJ!
01.11.2023 16:04:54.419: Mažu nepoužitou msg Zilina_KONECNA!
01.11.2023 16:04:54.419: Mažu nepoužitou msg OSvinov_odj_Plzen!
01.11.2023 16:04:54.419: Mažu nepoužitou msg Olomouc_odj_Plzen!
01.11.2023 16:04:54.419: Mažu nepoužitou msg Pardubice_odj_Plzen!
01.11.2023 16:04:54.419: Mažu nepoužitou msg Praha_odj_Ostrava_NACESTNA!
01.11.2023 16:04:54.419: Mažu nepoužitou msg Plzen_odj_Ostrava!
01.11.2023 16:04:54.419: Mažu nepoužitou msg PSmichov_odj_Plzen!
01.11.2023 16:04:54.419: Mažu nepoužitou msg PSmichov_odj_FrLazne!
01.11.2023 16:04:54.419: Mažu nepoužitou msg Plzen_KONECNA!
01.11.2023 16:04:54.419: Mažu nepoužitou msg Praha_PRIJ_od_Plzne!
01.11.2023 16:04:54.419: Mažu nepoužitou msg PSmichov_PRIJ_od_Plzne!
01.11.2023 16:04:54.419: Mažu nepoužitou msg PSmichov_PRIJ!
01.11.2023 16:04:54.419: Mažu nepoužitou msg wifi_nefunkcni!
01.11.2023 16:04:54.420: Mažu nepoužitou msg reg_service_purpose_stop!
01.11.2023 16:04:54.420: Mažu nepoužitou msg service_purpose_stop!
01.11.2023 16:04:54.420: Mažu nepoužitou msg ld_excp_stop!
01.11.2023 16:04:54.421: Mažu nepoužitou msg ld_delay_apology!
01.11.2023 16:04:54.421: Mažu nepoužitou msg excpt_route!
01.11.2023 16:04:54.421: Mažu nepoužitou msg replacement_bus!
01.11.2023 16:04:54.421: Mažu nepoužitou msg reg_broad_test!
01.11.2023 16:04:54.421: Mažu nepoužitou msg reg_children_day!
01.11.2023 16:04:54.421: Mažu nepoužitou msg reg_exposition!
01.11.2023 16:04:54.421: Mažu nepoužitou msg reg_railway_day!
01.11.2023 16:04:54.421: Mažu nepoužitou msg reg_subst_transport!
01.11.2023 16:04:54.421: Mažu nepoužitou msg reg_special_train!
01.11.2023 16:04:54.421: Mažu nepoužitou msg reg_reserved_car!
01.11.2023 16:04:54.421: Mažu nepoužitou msg reg_train_cleaning!
01.11.2023 16:04:54.421: Mažu nepoužitou msg reg_test_run!
01.11.2023 16:04:54.421: Mažu nepoužitou msg reg_train_shunting!
01.11.2023 16:04:54.421: Mažu nepoužitou msg reg_no_boarding!
01.11.2023 16:04:54.421: Mažu nepoužitou msg reg_end_subst_bus!
01.11.2023 16:04:54.421: Mažu nepoužitou msg reg_end_subst_train!
01.11.2023 16:04:54.422: Mažu nepoužitou msg except_bus!
01.11.2023 16:04:54.422: Mažu nepoužitou msg except_pass_s0_short!
01.11.2023 16:04:54.422: Mažu nepoužitou msg except_pass_p0_short!
01.11.2023 16:04:54.422: Mažu nepoužitou msg extra_change_1_short!
01.11.2023 16:04:54.422: Mažu nepoužitou msg extra_change_2_short!
01.11.2023 16:04:54.422: Mažu nepoužitou msg reg_self_service!
01.11.2023 16:04:54.422: Mažu nepoužitou msg reg_self_service_aut!
01.11.2023 16:04:54.422: Mažu nepoužitou msg reg_self_service_ozn!
01.11.2023 16:04:54.422: Mažu nepoužitou msg excpt-end!
01.11.2023 16:04:54.422: Mažu nepoužitou msg service_train!
01.11.2023 16:04:54.422: Mažu nepoužitou msg no_boarding!
01.11.2023 16:04:54.422: Mažu nepoužitou msg CD_welcome!
01.11.2023 16:04:54.422: Mažu nepoužitou msg shunting_warning!
01.11.2023 16:04:54.422: Mažu nepoužitou msg excpt_stop_track_condition!
01.11.2023 16:04:54.422: Mažu nepoužitou msg reg_excpt_stop_track_condition!
01.11.2023 16:04:54.422: Mažu nepoužitou msg get_off_left!
01.11.2023 16:04:54.422: Mažu nepoužitou msg get_off_right!
01.11.2023 16:04:54.422: Mažu nepoužitou msg reg_welcome!
01.11.2023 16:04:54.423: Mažu nepoužitou msg reg_thx!
01.11.2023 16:04:54.423: Mažu nepoužitou msg reg_no_rear_door!
01.11.2023 16:04:54.423: Mažu nepoužitou msg reg_get_off_left!
01.11.2023 16:04:54.423: Mažu nepoužitou msg reg_get_off_right!
01.11.2023 16:04:54.423: Mažu nepoužitou msg reg_boarding_end!
01.11.2023 16:04:54.423: Mažu nepoužitou msg reg_shunting_warn!
01.11.2023 16:04:54.423: Mažu nepoužitou msg reg_route_diversion!
01.11.2023 16:04:54.423: Mažu nepoužitou msg reg_clos_next_end_subst_bus!
01.11.2023 16:04:54.423: Mažu nepoužitou msg reg_excpt_end!
01.11.2023 16:04:54.423: Mažu nepoužitou msg reg_clos_next_end!
01.11.2023 16:04:54.423: Mažu nepoužitou msg reg_delay_closure!
01.11.2023 16:04:54.423: Mažu nepoužitou msg reg_delay_connection!
01.11.2023 16:04:54.423: Mažu nepoužitou msg reg_delay_car_malfunction!
01.11.2023 16:04:54.423: Mažu nepoužitou msg reg_delay_track_obstacle!
01.11.2023 16:04:54.423: Mažu nepoužitou msg reg_delay_crossing_accident!
01.11.2023 16:04:54.423: Mažu nepoužitou msg reg_delay_bad_weather!
01.11.2023 16:04:54.423: Mažu nepoužitou msg reg_delay_faster_train!
01.11.2023 16:04:54.423: Mažu nepoužitou msg reg_delay_opposite_train!
01.11.2023 16:04:54.423: Mažu nepoužitou msg except_route_s0!
01.11.2023 16:04:54.424: Mažu nepoužitou msg except_route_s0_short!
01.11.2023 16:04:54.424: Mažu nepoužitou msg except_route_p0!
01.11.2023 16:04:54.424: Mažu nepoužitou msg except_route_p0_short!
01.11.2023 16:04:54.424: Mažu nepoužitou msg except_route_ss!
01.11.2023 16:04:54.424: Mažu nepoužitou msg except_route_ss_short!
01.11.2023 16:04:54.424: Mažu nepoužitou msg except_route_sp!
01.11.2023 16:04:54.424: Mažu nepoužitou msg except_route_sp_short!
01.11.2023 16:04:54.424: Mažu nepoužitou msg except_route_ps!
01.11.2023 16:04:54.424: Mažu nepoužitou msg except_route_ps_short!
01.11.2023 16:04:54.424: Mažu nepoužitou msg except_route_pp!
01.11.2023 16:04:54.424: Mažu nepoužitou msg except_route_pp_short!
01.11.2023 16:04:54.424: Mažu nepoužitou msg except_end!
01.11.2023 16:04:54.424: Mažu nepoužitou msg except_end_short!
01.11.2023 16:04:54.424: Mažu nepoužitou msg except_end_station_bus!
01.11.2023 16:04:54.424: Mažu nepoužitou msg except_end_station_0!
01.11.2023 16:04:54.424: Mažu nepoužitou msg test_operation!
01.11.2023 16:04:54.427: Mažu nepoužitou msg vb_357_schwandorf!
01.11.2023 16:04:55.190: Ukládám vyčištěný soubor do "Out/Vozy/unipis.xml"...
01.11.2023 16:04:55.533: Soubor uložen úspěšně!
