25.04.2024 15:03:09: Zadejte výchozí stanici NAD:
25.04.2024 15:03:23: 5433985
25.04.2024 15:03:23: Vybrána stanice "Hulín". Pokračovat? [A/n]
25.04.2024 15:03:24: Zadejte cílovou stanici NAD:
25.04.2024 15:03:31: 5434475
25.04.2024 15:03:31: Vybrána stanice "Kroměříž". Pokračovat? [A/n]
25.04.2024 15:03:32: Zadejte datum počátku výluky:
25.04.2024 15:03:39: 27.4.2024
25.04.2024 15:03:39: Zadejte datum konce výluky:
25.04.2024 15:03:49: 2.5.2024
25.04.2024 15:03:49: Zadejte offset generovaných variant [30]:
25.04.2024 15:03:50: 
25.04.2024 15:03:50: Zadejde počet stanic s akustickým hlášením o výluce [5]:
25.04.2024 15:03:52: 
25.04.2024 15:03:52: Zadejte čísla vlaků dotčených výlukou [pro nickolejný provoz ponechte nevyplněno]:
25.04.2024 15:05:29: 3942,3944,13907,13909,13911,3948,13915,13917,3954,3966,3968,3943,3961,13906,13908,13910,13912,13914,13916,13918,3967
25.04.2024 15:05:29: Nebyl nalezen vhodný kalendář pro období před výlukou. Vytvářím!
25.04.2024 15:05:29: Nebyl nalezen vhodný kalendář pro období výluky. Vytvářím!
25.04.2024 15:05:29: Nebyl nalezen vhodný kalendář pro období po výluce. Vytvářím!
25.04.2024 15:05:29: Nebyly nalezeny vhodné announcementy pro směr Hulín -> Kroměříž. Vytvářím _wiz3 a _wiz4!
25.04.2024 15:05:29: Nebyly nalezeny vhodné announcementy pro směr Kroměříž -> Hulín. Vytvářím _wiz5 a _wiz6!
25.04.2024 15:05:29: Zahajuji generování výluky do vlaků...
25.04.2024 15:05:29: Generuji výluku do vlaku 3942:0...
25.04.2024 15:05:29: Vlak 3943:0 je výchozí ze stanice Kroměříž. Přeskakuji!
25.04.2024 15:05:29: Generuji výluku do vlaku 3944:0...
25.04.2024 15:05:29: Generuji výluku do vlaku 3944:1...
25.04.2024 15:05:29: Generuji výluku do vlaku 3948:1...
25.04.2024 15:05:29: Generuji výluku do vlaku 3948:2...
25.04.2024 15:05:29: Vlak 3954:0 je výchozí ze stanice Hulín. Přeskakuji!
25.04.2024 15:05:29: Generuji výluku do vlaku 3954:1...
25.04.2024 15:05:29: Vlak 3961:0 je výchozí ze stanice Kroměříž. Přeskakuji!
25.04.2024 15:05:29: Vlak 3966:0 je výchozí ze stanice Hulín. Přeskakuji!
25.04.2024 15:05:29: Vlak 3967:0 je výchozí ze stanice Kroměříž. Přeskakuji!
25.04.2024 15:05:29: Vlak 3968:0 je výchozí ze stanice Hulín. Přeskakuji!
25.04.2024 15:05:29: Vlak 3968:1 je výchozí ze stanice Hulín. Přeskakuji!
25.04.2024 15:05:29: Vlak 3968:2 je výchozí ze stanice Hulín. Přeskakuji!
25.04.2024 15:05:29: Vlak 3968:3 je výchozí ze stanice Hulín. Přeskakuji!
25.04.2024 15:05:29: Generuji výluku do vlaku 13906:0...
25.04.2024 15:05:29: Generuji výluku do vlaku 13906:1...
25.04.2024 15:05:29: Generuji výluku do vlaku 13908:0...
25.04.2024 15:05:29: Vlak 13909:0 je výchozí ze stanice Hulín. Přeskakuji!
25.04.2024 15:05:29: Generuji výluku do vlaku 13910:0...
25.04.2024 15:05:29: Vlak 13911:0 je výchozí ze stanice Hulín. Přeskakuji!
25.04.2024 15:05:29: Generuji výluku do vlaku 13912:1...
25.04.2024 15:05:29: Generuji výluku do vlaku 13912:2...
25.04.2024 15:05:29: Generuji výluku do vlaku 13914:0...
25.04.2024 15:05:29: Generuji výluku do vlaku 13914:1...
25.04.2024 15:05:29: Generuji výluku do vlaku 13915:0...
25.04.2024 15:05:29: Generuji výluku do vlaku 13916:0...
25.04.2024 15:05:29: Generuji výluku do vlaku 13916:1...
25.04.2024 15:05:29: Generuji výluku do vlaku 13917:0...
25.04.2024 15:05:29: Generuji výluku do vlaku 13918:0...
25.04.2024 15:05:29: -#-#-#-#-#-#-SEZNAM VLAKŮ DO KTERÝCH BYLA VÝLYKA ÚSPĚŠNĚ VYGENEROVÁNA:-#-#-#-#-#-#-
25.04.2024 15:05:29: 3942:0, 3944:0, 3944:1, 3948:1, 3948:2, 3954:1, 13906:0, 13906:1, 13908:0, 13910:0, 13912:1, 13912:2, 13914:0, 13914:1, 13915:0, 13916:0, 13916:1, 13917:0, 13918:0
25.04.2024 15:05:29: -#-#-#-#-#-#-SEZNAM VLAKŮ BEZEZMĚN:-#-#-#-#-#-#-
25.04.2024 15:05:29: 3943:0, 3944:30, 3944:31, 3948:0, 3948:31, 3948:32, 3954:0, 3961:0, 3966:0, 3967:0, 3968:0, 3968:1, 3968:2, 3968:3, 13906:30, 13906:31, 13909:0, 13911:0, 13912:0, 13912:31, 13912:32, 13914:30, 13914:31, 13916:30, 13916:31
25.04.2024 15:05:29: Hotovo!
