25.04.2024 18:22:51: Zadejte výchozí stanici NAD:
25.04.2024 18:23:12: 5434475
25.04.2024 18:23:12: Vybrána stanice "Kroměříž". Pokračovat? [A/n]
25.04.2024 18:23:13: Zadejte cílovou stanici NAD:
25.04.2024 18:23:21: 5436945
25.04.2024 18:23:21: Vybrána stanice "Zborovice". Pokračovat? [A/n]
25.04.2024 18:23:22: Zadejte datum počátku výluky:
25.04.2024 18:23:30: 6.5.2024
25.04.2024 18:23:30: Zadejte datum konce výluky:
25.04.2024 18:23:34: 10.5.2024
25.04.2024 18:23:34: Zadejte offset generovaných variant [30]:
25.04.2024 18:23:38: 20
25.04.2024 18:23:38: Zadejde počet stanic s akustickým hlášením o výluce [5]:
25.04.2024 18:23:42: 
25.04.2024 18:23:42: Zadejte čísla vlaků dotčených výlukou [pro nickolejný provoz ponechte nevyplněno]:
25.04.2024 18:23:43: 
25.04.2024 18:23:43: Nebyl nalezen vhodný kalendář pro období před výlukou. Vytvářím!
25.04.2024 18:23:43: Nebyl nalezen vhodný kalendář pro období výluky. Vytvářím!
25.04.2024 18:23:43: Nebyl nalezen vhodný kalendář pro období po výluce. Vytvářím!
25.04.2024 18:23:43: Nebyly nalezeny vhodné announcementy pro směr Kroměříž -> Zborovice. Vytvářím _wiz11 a _wiz12!
25.04.2024 18:23:43: Nebyly nalezeny vhodné announcementy pro směr Zborovice -> Kroměříž. Vytvářím _wiz13 a _wiz14!
25.04.2024 18:23:43: Zahajuji generování výluky do vlaků...
25.04.2024 18:23:43: Vlak 3901:0 je výchozí ze stanice Kroměříž. Přeskakuji!
25.04.2024 18:23:43: Vlak 3905:0 je výchozí ze stanice Kroměříž. Přeskakuji!
25.04.2024 18:23:43: Vlak 3905:1 je výchozí ze stanice Kroměříž. Přeskakuji!
25.04.2024 18:23:43: Vlak 3935:0 je výchozí ze stanice Kroměříž. Přeskakuji!
25.04.2024 18:23:43: Vlak 3935:1 je výchozí ze stanice Kroměříž. Přeskakuji!
25.04.2024 18:23:43: Vlak 3935:2 je výchozí ze stanice Kroměříž. Přeskakuji!
25.04.2024 18:23:43: Vlak 3941:0 je výchozí ze stanice Kroměříž. Přeskakuji!
25.04.2024 18:23:43: Vlak 3943:0 je výchozí ze stanice Kroměříž. Přeskakuji!
25.04.2024 18:23:43: Vlak 3947:0 je výchozí ze stanice Kroměříž. Přeskakuji!
25.04.2024 18:23:43: Vlak 3949:0 je výchozí ze stanice Kroměříž. Přeskakuji!
25.04.2024 18:23:43: Vlak 3951:0 je výchozí ze stanice Kroměříž. Přeskakuji!
25.04.2024 18:23:43: Vlak 3961:0 je výchozí ze stanice Kroměříž. Přeskakuji!
25.04.2024 18:23:43: Vlak 3963:0 je výchozí ze stanice Kroměříž. Přeskakuji!
25.04.2024 18:23:43: Vlak 3967:0 je výchozí ze stanice Kroměříž. Přeskakuji!
25.04.2024 18:23:43: Vlak 3980:0 je výchozí ze stanice Kroměříž. Přeskakuji!
25.04.2024 18:23:43: Vlak 3982:0 je výchozí ze stanice Kroměříž. Přeskakuji!
25.04.2024 18:23:43: Vlak 4246:0 je výchozí ze stanice Kroměříž. Přeskakuji!
25.04.2024 18:23:43: Vlak 13901:0 je výchozí ze stanice Kroměříž. Přeskakuji!
25.04.2024 18:23:43: Vlak 13902:0 je výchozí ze stanice Zborovice. Přeskakuji!
25.04.2024 18:23:43: Vlak 13903:0 je výchozí ze stanice Kroměříž. Přeskakuji!
25.04.2024 18:23:43: Vlak 13904:0 je výchozí ze stanice Zborovice. Přeskakuji!
25.04.2024 18:23:43: Vlak 13905:0 je výchozí ze stanice Kroměříž. Přeskakuji!
25.04.2024 18:23:43: Vlak 13906:0 je výchozí ze stanice Zborovice. Přeskakuji!
25.04.2024 18:23:43: Vlak 13906:1 je výchozí ze stanice Zborovice. Přeskakuji!
25.04.2024 18:23:43: Vlak 13906:30 je výchozí ze stanice Zborovice. Přeskakuji!
25.04.2024 18:23:43: Vlak 13906:31 je výchozí ze stanice Zborovice. Přeskakuji!
25.04.2024 18:23:43: Vlak 13908:0 je výchozí ze stanice Zborovice. Přeskakuji!
25.04.2024 18:23:43: Vlak 13908:30 je výchozí ze stanice Zborovice. Přeskakuji!
25.04.2024 18:23:43: Generuji výluku do vlaku 13909:0...
25.04.2024 18:23:43: Vlak 13910:0 je výchozí ze stanice Zborovice. Přeskakuji!
25.04.2024 18:23:43: Vlak 13910:30 je výchozí ze stanice Zborovice. Přeskakuji!
25.04.2024 18:23:43: Generuji výluku do vlaku 13911:0...
25.04.2024 18:23:43: Vlak 13912:0 je výchozí ze stanice Zborovice. Přeskakuji!
25.04.2024 18:23:43: Vlak 13912:1 je výchozí ze stanice Zborovice. Přeskakuji!
25.04.2024 18:23:43: Vlak 13912:2 je výchozí ze stanice Zborovice. Přeskakuji!
25.04.2024 18:23:43: Vlak 13912:31 je výchozí ze stanice Zborovice. Přeskakuji!
25.04.2024 18:23:43: Vlak 13912:32 je výchozí ze stanice Zborovice. Přeskakuji!
25.04.2024 18:23:43: Vlak 13912:30 je výchozí ze stanice Zborovice. Přeskakuji!
25.04.2024 18:23:43: Vlak 13913:0 je výchozí ze stanice Kroměříž. Přeskakuji!
25.04.2024 18:23:43: Vlak 13914:0 je výchozí ze stanice Zborovice. Přeskakuji!
25.04.2024 18:23:43: Vlak 13914:1 je výchozí ze stanice Zborovice. Přeskakuji!
25.04.2024 18:23:43: Vlak 13914:30 je výchozí ze stanice Zborovice. Přeskakuji!
25.04.2024 18:23:43: Vlak 13914:31 je výchozí ze stanice Zborovice. Přeskakuji!
25.04.2024 18:23:43: Generuji výluku do vlaku 13915:0...
25.04.2024 18:23:43: Vlak 13916:0 je výchozí ze stanice Zborovice. Přeskakuji!
25.04.2024 18:23:43: Vlak 13916:1 je výchozí ze stanice Zborovice. Přeskakuji!
25.04.2024 18:23:43: Vlak 13916:30 je výchozí ze stanice Zborovice. Přeskakuji!
25.04.2024 18:23:43: Vlak 13916:31 je výchozí ze stanice Zborovice. Přeskakuji!
25.04.2024 18:23:43: Generuji výluku do vlaku 13917:0...
25.04.2024 18:23:43: Vlak 13918:0 je výchozí ze stanice Zborovice. Přeskakuji!
25.04.2024 18:23:43: Vlak 13918:30 je výchozí ze stanice Zborovice. Přeskakuji!
25.04.2024 18:23:43: Generuji výluku do vlaku 13927:0...
25.04.2024 18:23:43: Vlak 14229:1 je výchozí ze stanice Kroměříž. Přeskakuji!
25.04.2024 18:23:43: Vlak 14237:1 je výchozí ze stanice Kroměříž. Přeskakuji!
25.04.2024 18:23:43: Vlak 14265:1 je výchozí ze stanice Kroměříž. Přeskakuji!
25.04.2024 18:23:43: Vlak 14267:1 je výchozí ze stanice Kroměříž. Přeskakuji!
25.04.2024 18:23:43: -#-#-#-#-#-#-SEZNAM VLAKŮ DO KTERÝCH BYLA VÝLYKA ÚSPĚŠNĚ VYGENEROVÁNA:-#-#-#-#-#-#-
25.04.2024 18:23:43: 13909:0, 13911:0, 13915:0, 13917:0, 13927:0
25.04.2024 18:23:43: -#-#-#-#-#-#-SEZNAM VLAKŮ BEZEZMĚN:-#-#-#-#-#-#-
25.04.2024 18:23:43: 100:0, 101:0, 102:0, 103:0, 104:0, 105:0, 106:0, 106:1, 107:0, 107:1, 107:2, 108:0, 109:0, 110:0, 111:0, 112:0, 113:0, 114:0, 116:0, 117:0, 120:0, 121:0, 122:0, 123:0, 124:0, 125:0, 126:0, 127:0, 128:0, 129:0, 130:0, 131:0, 140:0, 141:0, 142:0, 143:0, 144:0, 145:0, 220:0, 221:0, 222:0, 240:0, 241:0, 340:0, 341:0, 342:0, 343:0, 344:0, 345:0, 346:0, 347:0, 348:0, 349:0, 406:0, 406:1, 406:2, 407:0, 407:1, 407:2, 441:0, 442:0, 442:1, 442:2, 443:0, 443:1, 443:2, 443:3, 443:4, 500:0, 501:0, 502:0, 503:0, 504:0, 505:0, 506:0, 507:0, 508:0, 509:0, 510:0, 511:0, 512:0, 513:0, 514:0, 515:0, 516:0, 517:0, 518:0, 519:0, 520:0, 521:0, 546:0, 547:0, 549:0, 642:0, 643:0, 1425:0, 1426:0, 1426:1, 1427:0, 1427:1, 1600:0, 1600:100, 1601:0, 1601:100, 1602:0, 1603:0, 1603:100, 1604:0, 1604:1, 1605:0, 1605:100, 1606:0, 1607:0, 1607:100, 1608:0, 1608:1, 1609:0, 1609:1, 1609:100, 1610:0, 1610:1, 1611:0, 1611:100, 1612:0, 1613:0, 1613:100, 1614:0, 1615:0, 1615:100, 1616:0, 1617:0, 1617:100, 1618:0, 1618:1, 1619:0, 1619:1, 1619:100, 1620:0, 1621:0, 1621:100, 1622:0, 1623:0, 1623:100, 1624:0, 1624:1, 1625:0, 1625:1, 1625:2, 1625:100, 1626:0, 1627:0, 1627:100, 1628:0, 1629:0, 1629:1, 1629:2, 1629:100, 1630:0, 1630:100, 1631:0, 1631:1, 1631:100, 1632:0, 1633:0, 1633:100, 1634:0, 1634:1, 1634:100, 1638:0, 1638:100, 1639:0, 1639:100, 1640:0, 1640:100, 1641:0, 1642:0, 1642:100, 1643:0, 1644:0, 1644:1, 1644:100, 1645:0, 1645:1, 1646:0, 1646:1, 1646:100, 1647:0, 1648:0, 1648:1, 1648:2, 1648:100, 1649:0, 1649:1, 1649:2, 1649:3, 1649:100, 1650:0, 1651:0, 1652:0, 1653:0, 1654:0, 1655:0, 1657:0, 1658:0, 1658:1, 1658:2, 1658:100, 1659:0, 1659:1, 1659:2, 1659:100, 1783:0, 1783:1, 1783:2, 1784:0, 1784:1, 2020:0, 2021:0, 2022:0, 2024:0, 2037:0, 2040:0, 2041:0, 2042:0, 2043:0, 2043:1, 2044:0, 2045:0, 2045:1, 2046:0, 2047:0, 2049:0, 2800:0, 2801:0, 2801:1, 2801:2, 2802:0, 2803:0, 2803:1, 2803:2, 2803:3, 2804:0, 2804:1, 2804:2, 2805:0, 2805:1, 2806:0, 2807:0, 2807:1, 2808:0, 2808:1, 2809:0, 2809:1, 2810:0, 2810:1, 2811:0, 2811:1, 2812:0, 2812:1, 2813:0, 2813:1, 2814:0, 2814:1, 2815:0, 2815:1, 2816:0, 2816:1, 2817:0, 2817:1, 2818:0, 2818:1, 2819:0, 2819:1, 2819:2, 2820:0, 2820:1, 2821:0, 2821:1, 2822:0, 2823:0, 2823:1, 2824:0, 2824:1, 2825:0, 2825:1, 2826:0, 2826:1, 2827:0, 2827:1, 2828:0, 2828:1, 2829:0, 2829:1, 2830:0, 2830:1, 2831:0, 2831:1, 2832:0, 2832:1, 2834:0, 2834:1, 2834:2, 2835:0, 2835:1, 2837:0, 2837:1, 2838:0, 2838:1, 2838:2, 2838:3, 2840:0, 2850:0, 2850:1, 2850:2, 2851:0, 2851:1, 2851:2, 2860:0, 2861:0, 2862:0, 2863:0, 2863:1, 2864:0, 2865:0, 2866:0, 2867:0, 2868:0, 2869:0, 2871:0, 2872:0, 2874:0, 2875:0, 2876:0, 2876:1, 2877:0, 2878:0, 2878:1, 2878:2, 2878:3, 2898:0, 2898:100, 2899:0, 2900:0, 2915:0, 2915:1, 2915:2, 2921:0, 2922:0, 2923:0, 2924:0, 2925:0, 2926:0, 2927:0, 2927:1, 2928:0, 2929:0, 2929:1, 2930:0, 2930:1, 2931:0, 2932:0, 2933:0, 2934:0, 2935:0, 2935:1, 2936:0, 2936:1, 2937:0, 2938:0, 2939:0, 2940:0, 2940:1, 2941:0, 2941:1, 2942:0, 2943:0, 2944:0, 2944:1, 2945:0, 2945:1, 2946:0, 2946:1, 2947:0, 2948:0, 2949:0, 2950:0, 2950:1, 2951:0, 2952:0, 2953:0, 2954:0, 2955:0, 2955:1, 2956:0, 2956:1, 2957:0, 2957:1, 2957:2, 2991:0, 2991:100, 2992:0, 2992:1, 2992:100, 2993:0, 2993:100, 2994:0, 2994:100, 2995:0, 2995:1, 2995:100, 2996:0, 2996:1, 2996:2, 2996:100, 2997:0, 2997:100, 3000:0, 3050:0, 3050:1, 3050:40, 3050:41, 3051:0, 3051:1, 3051:40, 3051:41, 3052:0, 3052:1, 3052:50, 3052:40, 3053:0, 3053:40, 3054:0, 3054:50, 3054:40, 3055:0, 3055:1, 3055:40, 3055:41, 3056:0, 3056:1, 3056:40, 3056:41, 3057:0, 3057:100, 3057:40, 3058:0, 3058:40, 3059:0, 3059:1, 3059:2, 3059:40, 3059:41, 3060:0, 3061:0, 3061:100, 3070:0, 3071:0, 3071:100, 3072:0, 3072:100, 3073:0, 3073:1, 3074:0, 3075:0, 3075:100, 3076:0, 3077:0, 3077:1, 3078:0, 3079:0, 3079:100, 3080:0, 3081:0, 3081:100, 3082:0, 3083:0, 3084:0, 3085:0, 3085:1, 3085:100, 3090:0, 3090:100, 3091:0, 3091:100, 3092:0, 3092:100, 3093:0, 3093:100, 3094:0, 3094:100, 3095:0, 3095:100, 3096:0, 3096:100, 3097:0, 3097:100, 3098:0, 3098:1, 3098:100, 3099:0, 3099:100, 3100:0, 3100:1, 3101:0, 3102:0, 3102:1, 3103:0, 3104:0, 3104:1, 3105:0, 3105:1, 3106:0, 3106:1, 3107:0, 3107:1, 3107:2, 3108:0, 3108:1, 3109:0, 3109:1, 3110:0, 3110:1, 3111:0, 3111:1, 3112:0, 3112:1, 3113:0, 3113:1, 3114:0, 3114:1, 3115:0, 3115:1, 3116:0, 3116:1, 3117:0, 3117:1, 3118:0, 3118:1, 3119:0, 3119:1, 3120:0, 3120:1, 3121:0, 3121:1, 3122:0, 3122:1, 3123:0, 3123:1, 3124:0, 3124:1, 3125:0, 3125:1, 3126:0, 3127:0, 3127:1, 3128:0, 3128:1, 3129:0, 3129:1, 3129:2, 3130:0, 3131:0, 3131:1, 3132:0, 3132:1, 3133:0, 3135:0, 3137:0, 3137:1, 3137:2, 3137:3, 3137:4, 3139:0, 3140:0, 3140:1, 3141:0, 3141:1, 3142:0, 3143:0, 3144:0, 3145:0, 3146:0, 3146:1, 3147:0, 3148:0, 3149:0, 3150:0, 3151:0, 3152:0, 3153:0, 3154:0, 3155:0, 3156:0, 3157:0, 3158:0, 3159:0, 3160:0, 3165:0, 3165:100, 3166:0, 3166:100, 3167:0, 3167:100, 3168:0, 3168:1, 3168:2, 3168:100, 3169:0, 3169:100, 3170:0, 3170:1, 3170:2, 3171:0, 3171:1, 3171:2, 3172:0, 3172:1, 3172:2, 3172:3, 3172:4, 3172:5, 3172:6, 3172:7, 3173:0, 3173:1, 3174:0, 3174:1, 3174:2, 3174:3, 3174:4, 3174:5, 3174:6, 3174:7, 3178:0, 3178:1, 3178:2, 3178:100, 3180:0, 3181:0, 3182:0, 3182:1, 3182:100, 3183:0, 3183:1, 3183:2, 3184:0, 3185:0, 3185:100, 3186:0, 3186:100, 3187:0, 3187:1, 3187:100, 3188:0, 3188:1, 3188:100, 3189:0, 3189:100, 3190:0, 3190:100, 3191:0, 3191:100, 3192:0, 3192:100, 3193:0, 3193:100, 3194:0, 3194:1, 3194:100, 3195:0, 3195:1, 3195:2, 3195:100, 3196:0, 3196:1, 3196:2, 3196:3, 3196:100, 3198:0, 3198:1, 3198:2, 3198:100, 3199:0, 3199:100, 3200:0, 3200:1, 3201:0, 3202:0, 3203:0, 3203:1, 3204:0, 3205:0, 3206:0, 3207:0, 3208:0, 3209:0, 3212:0, 3212:1, 3213:0, 3213:1, 3214:0, 3214:1, 3215:0, 3216:0, 3216:1, 3217:0, 3218:0, 3219:0, 3220:0, 3220:1, 3221:0, 3221:1, 3221:2, 3222:0, 3223:0, 3223:1, 3224:0, 3225:0, 3225:1, 3227:0, 3228:0, 3230:0, 3231:0, 3231:1, 3233:0, 3235:0, 3300:0, 3300:1, 3301:0, 3301:1, 3301:40, 3301:41, 3302:0, 3302:1, 3302:2, 3303:0, 3303:40, 3304:0, 3304:40, 3305:0, 3305:1, 3305:40, 3305:41, 3306:0, 3306:1, 3306:40, 3306:41, 3307:0, 3307:1, 3307:40, 3307:41, 3308:0, 3308:1, 3308:41, 3308:40, 3309:0, 3309:40, 3310:0, 3311:0, 3312:0, 3312:1, 3312:40, 3312:41, 3313:0, 3313:1, 3313:40, 3313:41, 3314:0, 3315:0, 3315:1, 3315:40, 3315:41, 3316:0, 3316:40, 3317:0, 3317:40, 3318:0, 3318:1, 3318:40, 3318:41, 3319:0, 3319:40, 3320:0, 3320:40, 3321:0, 3321:40, 3322:0, 3322:40, 3323:0, 3324:0, 3324:40, 3325:0, 3325:40, 3326:0, 3327:0, 3327:1, 3329:0, 3329:40, 3330:0, 3330:1, 3330:40, 3332:0, 3338:0, 3338:1, 3338:2, 3338:3, 3338:4, 3390:0, 3390:1, 3390:100, 3392:0, 3392:1, 3392:100, 3400:0, 3400:1, 3400:2, 3401:0, 3401:1, 3402:0, 3403:0, 3403:1, 3404:0, 3404:1, 3405:0, 3405:1, 3406:0, 3406:1, 3407:0, 3407:1, 3408:0, 3409:0, 3409:1, 3410:0, 3410:1, 3411:0, 3411:1, 3412:0, 3412:1, 3413:0, 3413:1, 3414:0, 3414:1, 3415:0, 3415:1, 3416:0, 3416:1, 3417:0, 3417:1, 3418:0, 3418:1, 3419:0, 3419:1, 3420:0, 3420:1, 3421:0, 3421:1, 3422:0, 3422:1, 3423:0, 3423:1, 3424:0, 3424:1, 3425:0, 3425:1, 3426:0, 3426:1, 3427:0, 3427:1, 3428:0, 3428:1, 3429:0, 3429:1, 3430:0, 3430:1, 3431:0, 3432:0, 3432:1, 3433:0, 3433:1, 3434:0, 3435:0, 3436:0, 3436:1, 3437:0, 3437:1, 3437:2, 3437:3, 3438:0, 3438:1, 3438:2, 3440:0, 3441:0, 3497:0, 3497:100, 3498:0, 3810:0, 3811:0, 3811:1, 3811:2, 3812:0, 3812:1, 3813:0, 3813:1, 3813:2, 3813:3, 3814:0, 3815:0, 3815:1, 3815:2, 3816:0, 3816:1, 3816:2, 3817:0, 3818:0, 3821:0, 3821:1, 3822:0, 3822:1, 3823:0, 3823:1, 3824:0, 3825:0, 3825:1, 3826:0, 3826:1, 3827:0, 3828:0, 3828:1, 3829:0, 3829:1, 3830:0, 3830:1, 3832:0, 3832:1, 3832:2, 3833:0, 3833:1, 3834:0, 3834:1, 3834:2, 3835:0, 3835:1, 3835:2, 3836:0, 3837:0, 3837:1, 3839:0, 3839:1, 3839:2, 3840:0, 3842:0, 3842:1, 3843:0, 3843:1, 3844:0, 3844:1, 3845:0, 3846:0, 3847:0, 3850:0, 3850:1, 3851:0, 3851:1, 3853:0, 3853:1, 3855:0, 3857:0, 3860:0, 3862:0, 3862:1, 3867:0, 3867:1, 3868:0, 3869:0, 3871:0, 3872:0, 3873:0, 3875:0, 3900:0, 3901:0, 3902:0, 3902:1, 3903:0, 3903:1, 3904:0, 3905:0, 3905:1, 3906:0, 3906:1, 3907:0, 3908:0, 3909:0, 3910:0, 3911:0, 3912:0, 3912:1, 3913:0, 3913:1, 3914:0, 3914:1, 3915:0, 3916:0, 3917:0, 3918:0, 3919:0, 3920:0, 3921:0, 3922:0, 3923:0, 3924:0, 3925:0, 3926:0, 3927:0, 3928:0, 3929:0, 3930:0, 3930:1, 3931:0, 3932:0, 3932:1, 3933:0, 3933:1, 3933:2, 3935:0, 3935:1, 3935:2, 3935:3, 3935:4, 3937:0, 3937:1, 3939:0, 3940:0, 3940:1, 3941:0, 3941:1, 3942:0, 3942:30, 3943:0, 3944:0, 3944:1, 3944:30, 3944:31, 3945:0, 3946:0, 3947:0, 3948:0, 3948:1, 3948:2, 3948:31, 3948:32, 3948:30, 3949:0, 3950:0, 3951:0, 3952:0, 3954:0, 3954:1, 3954:31, 3956:0, 3956:1, 3956:2, 3960:0, 3960:1, 3961:0, 3962:0, 3962:1, 3963:0, 3964:0, 3964:1, 3964:31, 3965:0, 3966:0, 3967:0, 3968:0, 3968:1, 3968:2, 3968:3, 3980:0, 3982:0, 3983:0, 3983:1, 3991:0, 4131:0, 4132:0, 4133:0, 4134:0, 4135:0, 4136:0, 4137:0, 4200:0, 4200:1, 4201:0, 4201:1, 4202:0, 4202:1, 4203:0, 4203:1, 4204:0, 4205:0, 4206:0, 4207:0, 4208:0, 4209:0, 4210:0, 4211:0, 4212:0, 4213:0, 4214:0, 4215:0, 4216:0, 4217:0, 4218:0, 4219:0, 4220:0, 4221:0, 4222:0, 4223:0, 4230:0, 4231:0, 4232:0, 4233:0, 4235:0, 4236:0, 4238:0, 4238:1, 4238:2, 4238:3, 4240:0, 4240:1, 4241:0, 4241:1, 4242:0, 4244:0, 4245:0, 4245:1, 4245:2, 4246:0, 4247:0, 4247:1, 4250:0, 4251:0, 4252:0, 4253:0, 4254:0, 4255:0, 4256:0, 4257:0, 4258:0, 4259:0, 4260:0, 4261:0, 4262:0, 4263:0, 4264:0, 4265:0, 4266:0, 4267:0, 4268:0, 12800:0, 12800:1, 12801:0, 12802:0, 12803:0, 12804:0, 12805:0, 12805:1, 12806:0, 12807:0, 12808:0, 12808:1, 12809:0, 12809:1, 12810:0, 12811:0, 12812:0, 12812:1, 12813:0, 12814:0, 12815:0, 12816:0, 12817:0, 12818:0, 12819:0, 12820:0, 12820:1, 12821:0, 12821:1, 12822:0, 12823:0, 12824:0, 12824:1, 12825:0, 12825:1, 12826:0, 12827:0, 12828:0, 12828:1, 12829:0, 12829:1, 12830:0, 12831:0, 12832:0, 12832:1, 12832:2, 12832:3, 12833:0, 12833:1, 12834:0, 12835:0, 12836:0, 12836:1, 12836:2, 12837:0, 12838:0, 12839:0, 12840:0, 12841:0, 12842:0, 12843:0, 12844:0, 12844:1, 12845:0, 12846:0, 12846:1, 12847:0, 12848:0, 12849:0, 12850:0, 12851:0, 12852:0, 12852:1, 12853:0, 12853:1, 12853:2, 12860:0, 12860:1, 12861:0, 12861:1, 12900:0, 12901:0, 12902:0, 12903:0, 12904:0, 12905:0, 12905:1, 12906:0, 12907:0, 12908:0, 12909:0, 12910:0, 12910:1, 12911:0, 12911:1, 12912:0, 12912:1, 12913:0, 12913:1, 12914:0, 12914:1, 12915:0, 12915:1, 12916:0, 12916:1, 12917:0, 12918:0, 12918:1, 12919:0, 12919:1, 12920:0, 12920:1, 12921:0, 12921:1, 12922:0, 12922:1, 12923:0, 12923:1, 12924:0, 12925:0, 12925:1, 12926:0, 12926:1, 12927:0, 12927:1, 12928:0, 12928:1, 12929:0, 12929:1, 12930:0, 12930:1, 12931:0, 12931:1, 12932:0, 12932:1, 12933:0, 12933:1, 12933:2, 12934:0, 12935:0, 12936:0, 12937:0, 12938:0, 12939:0, 12939:1, 12939:2, 13100:0, 13101:0, 13101:1, 13101:2, 13101:3, 13101:4, 13101:5, 13102:0, 13103:0, 13104:0, 13105:0, 13105:1, 13106:0, 13106:1, 13106:2, 13107:0, 13108:0, 13109:0, 13109:1, 13109:2, 13109:3, 13109:4, 13110:0, 13110:1, 13111:0, 13112:0, 13113:0, 13114:0, 13115:0, 13116:0, 13117:0, 13118:0, 13118:1, 13119:0, 13120:0, 13121:0, 13122:0, 13123:0, 13123:1, 13124:0, 13124:1, 13125:0, 13126:0, 13127:0, 13128:0, 13128:1, 13129:0, 13129:1, 13130:0, 13131:0, 13132:0, 13133:0, 13134:0, 13134:1, 13135:0, 13135:1, 13136:0, 13137:0, 13138:0, 13139:0, 13139:1, 13140:0, 13140:1, 13141:0, 13141:1, 13141:2, 13142:0, 13144:0, 13146:0, 13146:1, 13146:2, 13171:0, 13171:100, 13173:0, 13173:100, 13174:0, 13174:100, 13175:0, 13175:100, 13176:0, 13176:1, 13176:100, 13177:0, 13177:1, 13177:100, 13178:0, 13178:100, 13179:0, 13179:100, 13180:0, 13180:100, 13181:0, 13181:1, 13181:100, 13182:0, 13182:100, 13183:0, 13183:100, 13184:0, 13184:100, 13185:0, 13185:100, 13186:0, 13186:100, 13187:0, 13187:100, 13188:0, 13188:100, 13189:0, 13189:100, 13190:0, 13190:100, 13191:0, 13191:100, 13193:0, 13193:100, 13194:0, 13194:100, 13195:0, 13195:1, 13195:100, 13196:0, 13196:100, 13198:0, 13198:1, 13198:100, 13199:0, 13199:1, 13199:2, 13199:100, 13201:0, 13202:0, 13202:1, 13203:0, 13203:1, 13204:0, 13205:0, 13206:0, 13206:1, 13208:0, 13209:0, 13209:1, 13210:0, 13211:0, 13212:0, 13212:1, 13213:0, 13214:0, 13214:1, 13214:2, 13215:0, 13216:0, 13216:1, 13217:0, 13218:0, 13219:0, 13220:0, 13221:0, 13222:0, 13222:1, 13222:2, 13223:0, 13300:0, 13301:0, 13301:1, 13301:2, 13302:0, 13303:0, 13303:1, 13303:2, 13303:3, 13304:0, 13304:1, 13304:2, 13305:0, 13305:1, 13305:3, 13306:0, 13307:0, 13307:1, 13307:2, 13307:3, 13307:4, 13308:0, 13309:0, 13309:1, 13309:2, 13309:3, 13310:0, 13311:0, 13311:1, 13312:0, 13312:1, 13313:0, 13314:0, 13314:1, 13314:2, 13315:0, 13315:1, 13315:2, 13315:3, 13315:4, 13316:0, 13320:0, 13321:0, 13321:1, 13322:0, 13323:0, 13324:0, 13325:0, 13326:0, 13327:0, 13327:1, 13328:0, 13328:1, 13330:0, 13334:0, 13340:0, 13341:0, 13341:1, 13342:0, 13343:0, 13344:0, 13345:0, 13346:0, 13351:0, 13354:0, 13355:0, 13356:0, 13357:0, 13358:0, 13359:0, 13360:0, 13361:0, 13362:0, 13363:0, 13364:0, 13365:0, 13366:0, 13367:0, 13368:0, 13369:0, 13370:0, 13371:0, 13372:0, 13373:0, 13374:0, 13375:0, 13376:0, 13377:0, 13378:0, 13379:0, 13380:0, 13381:0, 13382:0, 13383:0, 13384:0, 13385:0, 13386:0, 13390:0, 13390:100, 13391:0, 13391:1, 13391:2, 13391:100, 13392:0, 13392:100, 13393:0, 13393:1, 13393:2, 13393:100, 13394:0, 13394:100, 13395:0, 13395:1, 13395:2, 13395:100, 13901:0, 13902:0, 13903:0, 13904:0, 13905:0, 13906:0, 13906:1, 13906:30, 13906:31, 13908:0, 13908:30, 13910:0, 13910:30, 13912:0, 13912:1, 13912:2, 13912:31, 13912:32, 13912:30, 13913:0, 13914:0, 13914:1, 13914:30, 13914:31, 13915:30, 13915:20, 13916:0, 13916:1, 13916:30, 13916:31, 13917:30, 13917:20, 13918:0, 13918:30, 13927:1, 13927:20, 14200:0, 14201:0, 14202:0, 14202:1, 14203:0, 14204:0, 14206:0, 14206:1, 14207:0, 14208:0, 14209:0, 14210:0, 14212:0, 14213:0, 14213:1, 14214:0, 14214:1, 14215:0, 14216:0, 14217:0, 14218:0, 14219:0, 14220:0, 14221:0, 14222:0, 14223:0, 14224:0, 14224:1, 14225:0, 14226:0, 14227:0, 14228:0, 14229:0, 14229:1, 14230:0, 14230:1, 14231:0, 14232:0, 14233:0, 14234:0, 14235:0, 14236:0, 14237:0, 14237:1, 14238:0, 14238:1, 14239:0, 14240:0, 14241:0, 14242:0, 14242:1, 14242:2, 14243:0, 14244:0, 14245:0, 14246:0, 14247:0, 14248:0, 14249:0, 14250:0, 14251:0, 14251:1, 14251:2, 14252:0, 14252:1, 14252:2, 14252:3, 14261:0, 14262:0, 14263:0, 14264:0, 14265:0, 14265:1, 14266:0, 14266:1, 14267:0, 14267:1, 14268:0, 14269:0, 14270:0, 14271:0, 14281:0, 14281:1, 21960:0, 21960:100, 21961:0, 21961:100, 21962:0, 21962:100, 21963:0, 21963:100, 21964:0, 21964:100, 21965:0, 21965:1, 21965:100, 21966:0, 21966:100, 21969:0, 21969:1, 21969:2, 21969:100, 21971:0, 21971:1, 21971:2, 21971:3, 21971:4, 21971:100, 21974:0, 21974:1, 21974:2, 21974:3, 21974:4, 21974:100, 21976:0, 21976:1, 21976:2, 21976:100, 23100:0, 23101:0, 23101:1, 23102:0, 23102:1, 23103:0, 23103:1, 23104:0, 23105:0, 23105:1, 23106:0, 23107:0, 23107:1, 23108:0, 23109:0, 23109:1, 23110:0, 23110:1, 23111:0, 23112:0, 23113:0, 23114:0, 23114:1, 23115:0, 23116:0, 23117:0, 23118:0, 23118:1, 23119:0, 23119:1, 23120:0, 23121:0, 23122:0, 23122:1, 23123:0, 23123:1, 23124:0, 23125:0, 23126:0, 23126:1, 23127:0, 23128:0, 23130:0, 23141:0, 23141:1, 23143:0, 23143:1, 23143:2, 23146:0, 23146:1, 23148:0, 23148:1, 23151:0, 23152:0, 23153:0, 23155:0, 23155:1, 23157:0, 23190:0, 23190:100, 23191:0, 23191:100, 23300:0, 23301:0, 23302:0, 23303:0, 23304:0, 23305:0, 23306:0, 23307:0, 23308:0, 23309:0, 23309:1, 23310:0, 23311:0, 23312:0, 23313:0, 23314:0, 23314:1, 23315:0, 23316:0, 23317:0, 23318:0, 23318:1, 23319:0, 23320:0, 23321:0, 23322:0, 23323:0, 23324:0, 23325:0, 23326:0, 23327:0, 23328:0, 23329:0, 23330:0, 23331:0, 23332:0, 23333:0, 23352:0, 23353:0, 23354:0, 23355:0, 23356:0, 23357:0, 23358:0, 23359:0, 23360:0, 23361:0, 23362:0, 23363:0, 23364:0, 23364:1, 23365:0, 23366:0, 23367:0, 23368:0, 23368:1, 23369:0, 23370:0, 23371:0, 23372:0, 23373:0, 23374:0, 23375:0, 23375:1, 23375:2, 23375:3, 24178:0, 28900:0, 28900:100, 28901:0, 28901:1, 28901:2, 28901:3, 28901:4, 28901:100, 28902:0, 28902:100, 28903:0, 28903:1, 28903:2, 28903:100, 28904:0, 28904:100, 28905:0, 28905:1, 28905:2, 28905:100, 28906:0, 28906:100, 28908:0, 28908:100, 28910:0, 28910:100, 28911:0, 28911:1, 28911:2, 28911:3, 28911:4, 28911:5, 28911:6, 28911:100, 28912:0, 28912:100, 28930:0, 28930:100, 28931:0, 28931:100, 28932:0, 28932:100, 28933:0, 28933:1, 28933:2, 28933:100, 28934:0, 28934:100, 28935:0, 28935:1, 28935:100, 28937:0, 28937:1, 28937:100, 28938:0, 28938:100, 28939:0, 28939:100, 28943:0, 28943:1, 28943:2, 28943:100, 28944:0, 28944:100, 28946:0, 28946:100, 28948:0, 28948:100, 28949:0, 28949:1, 28949:100, 28950:0, 28950:1, 28950:100, 28951:0, 28951:1, 28951:100, 29842:0, 29842:100, 29844:0, 29844:100, 1:0, 2:0, 3:0, 4:0, 5:0, 100000:0
25.04.2024 18:23:43: Hotovo!
