10.08.2023 8:51:02.653: Mažu nepoužitý kalendář 31-prosinec!
10.08.2023 8:51:02.671: Mažu nepoužitý kalendář prazdniny!
10.08.2023 8:51:02.675: Mažu nepoužitý kalendář 2023-07-17/2023-07-31!
10.08.2023 8:51:02.675: Mažu nepoužitý kalendář 2023-06-11/2023-07-09!
10.08.2023 8:51:02.676: Mažu nepoužitý kalendář 2023-07-15/2023-07-16!
10.08.2023 8:51:02.676: Mažu nepoužitý kalendář 2023-08-05/2023-12-09!
10.08.2023 8:51:02.677: Mažu nepoužitý kalendář 2023-07-18/2023-07-21!
10.08.2023 8:51:02.677: Mažu nepoužitý kalendář 2023-06-27/2023-12-09!
10.08.2023 8:51:02.678: Mažu nepoužitý kalendář 2023-06-11/2023-08-31!
10.08.2023 8:51:02.679: Mažu nepoužitý kalendář 2023-10-31/2023-12-09!
10.08.2023 8:51:02.679: Mažu nepoužitý kalendář 2023-08-12/2023-12-09!
10.08.2023 8:51:02.679: Mažu nepoužitý kalendář 2023-07-11/2023-07-13!
10.08.2023 8:51:02.680: Mažu nepoužitý kalendář 2023-07-23/2023-12-08!
10.08.2023 8:51:02.680: Mažu nepoužitý kalendář 2023-07-31/2023-12-08!
10.08.2023 8:51:02.681: Mažu nepoužitý kalendář 2023-06-11/2023-10-30!
10.08.2023 8:51:02.681: Mažu nepoužitý kalendář 2023-06-29/2023-12-09!
10.08.2023 8:51:02.682: Mažu nepoužitý kalendář 2023-06-11/2023-06-28!
10.08.2023 8:51:02.683: Mažu nepoužitý kalendář 2023-10-30/2023-12-09!
10.08.2023 8:51:02.683: Mažu nepoužitý kalendář 2023-06-20/2023-12-08!
10.08.2023 8:51:02.684: Mažu nepoužitý kalendář 2023-06-30/2023-12-09!
10.08.2023 8:51:02.684: Mažu nepoužitý kalendář 2023-07-02/2023-12-07!
10.08.2023 8:51:02.684: Mažu nepoužitý kalendář 2023-08-10/2023-08-16!
10.08.2023 8:51:02.685: Mažu nepoužitý kalendář 2023-08-18/2023-09-01!
10.08.2023 8:51:02.685: Mažu nepoužitý kalendář 2023-06-12/2023-09-01!
10.08.2023 8:51:02.686: Mažu nepoužitý kalendář 2023-06-12/2023-07-04!
10.08.2023 8:51:02.686: Mažu nepoužitý kalendář 2023-08-28/2023-12-08!
10.08.2023 8:51:02.686: Mažu nepoužitý kalendář 2023-07-01/2023-07-06!
10.08.2023 8:51:02.687: Mažu nepoužitý kalendář 2023-06-12/2023-06-16!
10.08.2023 8:51:02.687: Mažu nepoužitý kalendář 2023-12-03/2023-12-03!
10.08.2023 8:51:02.688: Mažu nepoužitý kalendář 2023-06-11/2023-07-02!
10.08.2023 8:51:02.689: Mažu nepoužitý kalendář 2023-06-17/2023-08-26!
10.08.2023 8:51:02.692: Mažu nepoužitý kalendář 2023-07-03/2023-12-07!
10.08.2023 8:51:02.705: Mažu nepoužitý kalendář 2023-09-08/2023-09-22!
10.08.2023 8:51:02.707: Mažu nepoužitý kalendář 2023-10-06/2023-12-08!
10.08.2023 8:51:02.715: Mažu nepoužitý kalendář 2023-06-12/2023-06-29!
10.08.2023 8:51:02.716: Mažu nepoužitý kalendář 2023-06-19/2023-06-22!
10.08.2023 8:51:02.718: Mažu nepoužitý kalendář 2023-09-30/2023-12-09!
10.08.2023 8:51:02.730: Mažu nepoužitý kalendář 2023-06-11/2023-06-14!
10.08.2023 8:51:02.737: Mažu nepoužitý kalendář 2023-07-03/2023-07-05!
10.08.2023 8:51:02.869: Mažu nepoužitý announcement msv_get_off_left!
10.08.2023 8:51:02.870: Mažu nepoužitý announcement msv_get_off_right!
10.08.2023 8:51:02.874: Mažu nepoužitý announcement msv_shunting_warn!
10.08.2023 8:51:02.880: Mažu nepoužitý announcement msv_excpt_stop_track_condition!
10.08.2023 8:51:02.880: Mažu nepoužitý announcement msv_service_stop!
10.08.2023 8:51:02.883: Mažu nepoužitý announcement msv_clos_next_end_subst_bus!
10.08.2023 8:51:02.884: Mažu nepoužitý announcement msv_end_subus!
10.08.2023 8:51:02.886: Mažu nepoužitý announcement msv_clos_next_end!
10.08.2023 8:51:02.891: Mažu nepoužitý announcement msv_excpt_end!
10.08.2023 8:51:02.892: Mažu nepoužitý announcement msv_end_subst_train!
10.08.2023 8:51:02.894: Mažu nepoužitý announcement msv_route_diversion!
10.08.2023 8:51:02.904: Mažu nepoužitý announcement msv_delay_closure!
10.08.2023 8:51:02.905: Mažu nepoužitý announcement msv_delay_connection!
10.08.2023 8:51:02.909: Mažu nepoužitý announcement msv_delay_opposite_train!
10.08.2023 8:51:02.912: Mažu nepoužitý announcement msv_delay_car_malfunction!
10.08.2023 8:51:02.913: Mažu nepoužitý announcement msv_delay_faster_train!
10.08.2023 8:51:02.920: Mažu nepoužitý announcement msv_delay_track_obstacle!
10.08.2023 8:51:02.922: Mažu nepoužitý announcement msv_delay_bad_weather!
10.08.2023 8:51:02.926: Mažu nepoužitý announcement msv_delay_crossing_accident!
10.08.2023 8:51:02.930: Mažu nepoužitý announcement msv_welcome!
10.08.2023 8:51:02.937: Mažu nepoužitý announcement msv_thx!
10.08.2023 8:51:02.939: Mažu nepoužitý announcement msv_no_rear_door!
10.08.2023 8:51:02.943: Mažu nepoužitý announcement msv_sound_test!
10.08.2023 8:51:02.946: Mažu nepoužitý announcement msv_no_boarding!
10.08.2023 8:51:02.947: Mažu nepoužitý announcement msv_special_train!
10.08.2023 8:51:02.954: Mažu nepoužitý announcement msv_train_cleaning!
10.08.2023 8:51:02.956: Mažu nepoužitý announcement msv_train_shunting!
10.08.2023 8:51:02.959: Mažu nepoužitý announcement msv_subst_transport!
10.08.2023 8:51:02.963: Mažu nepoužitý announcement msv_reserved_car!
10.08.2023 8:51:02.964: Mažu nepoužitý announcement msv_test_run!
10.08.2023 8:51:02.970: Mažu nepoužitý announcement msv_exposition!
10.08.2023 8:51:02.972: Mažu nepoužitý announcement msv_railway_day!
10.08.2023 8:51:02.976: Mažu nepoužitý announcement msv_children_day!
10.08.2023 8:51:02.980: Mažu prázdný announcement group MSV_elektronika!
10.08.2023 8:51:02.981: Mažu nepoužitý announcement reg_shunting_warn!
10.08.2023 8:51:02.987: Mažu nepoužitý announcement reg_excpt_stop_track_condition!
10.08.2023 8:51:02.989: Mažu nepoužitý announcement reg_service_stop!
10.08.2023 8:51:02.996: Mažu nepoužitý announcement reg_clos_next_end_subst_bus!
10.08.2023 8:51:02.997: Mažu nepoužitý announcement reg_end_subus!
10.08.2023 8:51:03.004: Mažu nepoužitý announcement reg_clos_next_end!
10.08.2023 8:51:03.005: Mažu nepoužitý announcement reg_excpt_end!
10.08.2023 8:51:03.010: Mažu nepoužitý announcement reg_end_subst_train!
10.08.2023 8:51:03.016: Mažu nepoužitý announcement reg_extra_change_1!
10.08.2023 8:51:03.019: Mažu nepoužitý announcement reg_extra_change_2!
10.08.2023 8:51:03.021: Mažu nepoužitý announcement reg_route_diversion!
10.08.2023 8:51:03.026: Mažu nepoužitý announcement reg_except_pass_s0!
10.08.2023 8:51:03.031: Mažu nepoužitý announcement reg_except_pass_p0!
10.08.2023 8:51:03.032: Mažu nepoužitý announcement reg_delay_closure!
10.08.2023 8:51:03.035: Mažu nepoužitý announcement reg_delay_connection!
10.08.2023 8:51:03.036: Mažu nepoužitý announcement reg_delay_opposite_train!
10.08.2023 8:51:03.037: Mažu nepoužitý announcement reg_delay_car_malfunction!
10.08.2023 8:51:03.043: Mažu nepoužitý announcement reg_delay_faster_train!
10.08.2023 8:51:03.048: Mažu nepoužitý announcement reg_delay_track_obstacle!
10.08.2023 8:51:03.050: Mažu nepoužitý announcement reg_delay_bad_weather!
10.08.2023 8:51:03.053: Mažu nepoužitý announcement reg_delay_crossing_accident!
10.08.2023 8:51:03.060: Mažu nepoužitý announcement reg_welcome!
10.08.2023 8:51:03.061: Mažu nepoužitý announcement reg_thx!
10.08.2023 8:51:03.068: Mažu nepoužitý announcement reg_wifi_nefunkcni!
10.08.2023 8:51:03.069: Mažu nepoužitý announcement reg_no_boarding!
10.08.2023 8:51:03.077: Mažu nepoužitý announcement reg_special_train!
10.08.2023 8:51:03.078: Mažu nepoužitý announcement reg_train_cleaning!
10.08.2023 8:51:03.084: Mažu nepoužitý announcement reg_train_shunting!
10.08.2023 8:51:03.089: Mažu nepoužitý announcement reg_subst_transport!
10.08.2023 8:51:03.091: Mažu nepoužitý announcement reg_reserved_car!
10.08.2023 8:51:03.097: Mažu nepoužitý announcement reg_test_run!
10.08.2023 8:51:03.097: Mažu nepoužitý announcement reg_exposition!
10.08.2023 8:51:03.099: Mažu nepoužitý announcement reg_railway_day!
10.08.2023 8:51:03.106: Mažu nepoužitý announcement reg_children_day!
10.08.2023 8:51:03.108: Mažu prázdný announcement group Regional!
10.08.2023 8:51:03.114: Mažu nepoužitý announcement 810_shunting_warn!
10.08.2023 8:51:03.116: Mažu nepoužitý announcement 810_welcome!
10.08.2023 8:51:03.119: Mažu nepoužitý announcement 810_thx!
10.08.2023 8:51:03.124: Mažu nepoužitý announcement 810_excpt_stop_track_condition!
10.08.2023 8:51:03.130: Mažu nepoužitý announcement 810_clos_next_end_subst_bus!
10.08.2023 8:51:03.132: Mažu nepoužitý announcement 810_end_subus!
10.08.2023 8:51:03.135: Mažu nepoužitý announcement 810_clos_next_end!
10.08.2023 8:51:03.140: Mažu nepoužitý announcement 810_excpt_end!
10.08.2023 8:51:03.146: Mažu nepoužitý announcement 810_end_subst_train!
10.08.2023 8:51:03.148: Mažu nepoužitý announcement 810_route_diversion!
10.08.2023 8:51:03.150: Mažu nepoužitý announcement 810_delay_closure!
10.08.2023 8:51:03.155: Mažu nepoužitý announcement 810_delay_connection!
10.08.2023 8:51:03.161: Mažu nepoužitý announcement 810_delay_opposite_train!
10.08.2023 8:51:03.163: Mažu nepoužitý announcement 810_delay_car_malfunction!
10.08.2023 8:51:03.164: Mažu nepoužitý announcement 810_delay_faster_train!
10.08.2023 8:51:03.167: Mažu nepoužitý announcement 810_delay_track_obstacle!
10.08.2023 8:51:03.172: Mažu nepoužitý announcement 810_delay_bad_weather!
10.08.2023 8:51:03.174: Mažu nepoužitý announcement 810_delay_crossing_accident!
10.08.2023 8:51:03.179: Mažu nepoužitý announcement 810_wifi_nefunkcni!
10.08.2023 8:51:03.181: Mažu nepoužitý announcement 810_no_boarding!
10.08.2023 8:51:03.188: Mažu nepoužitý announcement 810_special_train!
10.08.2023 8:51:03.189: Mažu nepoužitý announcement 810_train_cleaning!
10.08.2023 8:51:03.196: Mažu nepoužitý announcement 810_train_shunting!
10.08.2023 8:51:03.199: Mažu nepoužitý announcement 810_subst_transport!
10.08.2023 8:51:03.203: Mažu nepoužitý announcement 810_reserved_car!
10.08.2023 8:51:03.205: Mažu nepoužitý announcement 810_test_run!
10.08.2023 8:51:03.211: Mažu nepoužitý announcement 810_exposition!
10.08.2023 8:51:03.212: Mažu nepoužitý announcement 810_railway_day!
10.08.2023 8:51:03.214: Mažu nepoužitý announcement 810_children_day!
10.08.2023 8:51:03.216: Mažu nepoužitý announcement 810_reg_boarding_end!
10.08.2023 8:51:03.222: Mažu nepoužitý announcement 810_self_service_novm!
10.08.2023 8:51:03.228: Mažu nepoužitý announcement 810_get_off_left!
10.08.2023 8:51:03.229: Mažu nepoužitý announcement 810_get_off_right!
10.08.2023 8:51:03.231: Mažu nepoužitý announcement 810_service_stop!
10.08.2023 8:51:03.233: Mažu prázdný announcement group Synergy_810!
10.08.2023 8:51:03.235: Mažu nepoužitý announcement 814_self_service!
10.08.2023 8:51:03.237: Mažu nepoužitý announcement 814_shunting_warn!
10.08.2023 8:51:03.241: Mažu nepoužitý announcement 814_service_stop!
10.08.2023 8:51:03.246: Mažu nepoužitý announcement 814_excpt_stop_track_condition!
10.08.2023 8:51:03.247: Mažu nepoužitý announcement 814_clos_next_end_subst_bus!
10.08.2023 8:51:03.252: Mažu nepoužitý announcement 814_end_subus!
10.08.2023 8:51:03.254: Mažu nepoužitý announcement 814_clos_next_end!
10.08.2023 8:51:03.257: Mažu nepoužitý announcement 814_excpt_end!
10.08.2023 8:51:03.261: Mažu nepoužitý announcement 814_route_diversion!
10.08.2023 8:51:03.263: Mažu nepoužitý announcement 814_end_subst_train!
10.08.2023 8:51:03.268: Mažu nepoužitý announcement 814_delay_closure!
10.08.2023 8:51:03.270: Mažu nepoužitý announcement 814_delay_connection!
10.08.2023 8:51:03.273: Mažu nepoužitý announcement 814_delay_opposite_train!
10.08.2023 8:51:03.275: Mažu nepoužitý announcement 814_delay_car_malfunction!
10.08.2023 8:51:03.276: Mažu nepoužitý announcement 814_delay_faster_train!
10.08.2023 8:51:03.278: Mažu nepoužitý announcement 814_delay_track_obstacle!
10.08.2023 8:51:03.279: Mažu nepoužitý announcement 814_delay_bad_weather!
10.08.2023 8:51:03.287: Mažu nepoužitý announcement 814_delay_crossing_accident!
10.08.2023 8:51:03.290: Mažu nepoužitý announcement 814_welcome!
10.08.2023 8:51:03.292: Mažu nepoužitý announcement 814_thx!
10.08.2023 8:51:03.294: Mažu nepoužitý announcement 814_no_rear_door!
10.08.2023 8:51:03.295: Mažu nepoužitý announcement 814_wifi_nefunkcni!
10.08.2023 8:51:03.307: Mažu nepoužitý announcement 814_no_boarding!
10.08.2023 8:51:03.309: Mažu nepoužitý announcement 814_special_train!
10.08.2023 8:51:03.310: Mažu nepoužitý announcement 814_train_cleaning!
10.08.2023 8:51:03.312: Mažu nepoužitý announcement 814_train_shunting!
10.08.2023 8:51:03.317: Mažu nepoužitý announcement 814_subst_transport!
10.08.2023 8:51:03.324: Mažu nepoužitý announcement 814_reserved_car!
10.08.2023 8:51:03.325: Mažu nepoužitý announcement 814_test_run!
10.08.2023 8:51:03.326: Mažu nepoužitý announcement 814_exposition!
10.08.2023 8:51:03.331: Mažu nepoužitý announcement 814_railway_day!
10.08.2023 8:51:03.337: Mažu nepoužitý announcement 814_children_day!
10.08.2023 8:51:03.338: Mažu prázdný announcement group 814,954,471!
10.08.2023 8:51:03.341: Mažu nepoužitý announcement vb_357_schwandorf!
10.08.2023 8:51:03.342: Mažu prázdný announcement group Jen_do_trasy!
10.08.2023 8:51:03.347: Mažu nepoužitý announcement Bohumin_odj_FrLazne!
10.08.2023 8:51:03.354: Mažu nepoužitý announcement Bohumin_odj_Praha!
10.08.2023 8:51:03.355: Mažu nepoužitý announcement FrLazne_odj_Bohumin!
10.08.2023 8:51:03.357: Mažu nepoužitý announcement Havirov_odj_Praha!
10.08.2023 8:51:03.359: Mažu nepoužitý announcement Havirov_odj_CTesin!
10.08.2023 8:51:03.365: Mažu nepoužitý announcement Havirov_odj_Zilina!
10.08.2023 8:51:03.371: Mažu nepoužitý announcement Cheb_odj_Bohumin!
10.08.2023 8:51:03.373: Mažu nepoužitý announcement MarLazne_odj_FrLazne!
10.08.2023 8:51:03.374: Mažu nepoužitý announcement MarLazne_odj_Bohumin!
10.08.2023 8:51:03.377: Mažu nepoužitý announcement Olomouc_odj_FrLazne!
10.08.2023 8:51:03.383: Mažu nepoužitý announcement Olomouc_odj_Praha!
10.08.2023 8:51:03.391: Mažu nepoužitý announcement Olomouc_odj_CTesin!
10.08.2023 8:51:03.395: Mažu nepoužitý announcement Olomouc_odj_Zilina!
10.08.2023 8:51:03.401: Mažu nepoužitý announcement Olomouc_odj_Ostrava!
10.08.2023 8:51:03.402: Mažu nepoužitý announcement Olomouc_odj_Bohumin!
10.08.2023 8:51:03.404: Mažu nepoužitý announcement Pardubice_odj_FrLazne!
10.08.2023 8:51:03.407: Mažu nepoužitý announcement Pardubice_odj_Praha!
10.08.2023 8:51:03.412: Mažu nepoužitý announcement Pardubice_odj_CTesin!
10.08.2023 8:51:03.413: Mažu nepoužitý announcement Pardubice_odj_Zilina!
10.08.2023 8:51:03.419: Mažu nepoužitý announcement Pardubice_odj_Ostrava!
10.08.2023 8:51:03.421: Mažu nepoužitý announcement Pardubice_odj_Bohumin!
10.08.2023 8:51:03.424: Mažu nepoužitý announcement Plzen_odj_FrLazne!
10.08.2023 8:51:03.425: Mažu nepoužitý announcement Plzen_odj_Bohumin!
10.08.2023 8:51:03.427: Mažu nepoužitý announcement Praha_odj_FrLazne!
10.08.2023 8:51:03.429: Mažu nepoužitý announcement Praha_odj_Bohumin_NACESTNA!
10.08.2023 8:51:03.430: Mažu nepoužitý announcement Praha_odj_Bohumin!
10.08.2023 8:51:03.439: Mažu nepoužitý announcement Praha_odj_CTesin!
10.08.2023 8:51:03.441: Mažu nepoužitý announcement Praha_odj_Ostrava!
10.08.2023 8:51:03.446: Mažu nepoužitý announcement Praha_odj_Zilina!
10.08.2023 8:51:03.447: Mažu nepoužitý announcement OStodolni_odj_CTesin!
10.08.2023 8:51:03.451: Mažu nepoužitý announcement OStodolni_odj_Zilina!
10.08.2023 8:51:03.452: Mažu nepoužitý announcement OSvinov_odj_Praha!
10.08.2023 8:51:03.454: Mažu nepoužitý announcement OSvinov_odj_Praha_NACESTNA!
10.08.2023 8:51:03.458: Mažu nepoužitý announcement OSvinov_odj_FrLazne!
10.08.2023 8:51:03.463: Mažu nepoužitý announcement CTesin_odj_Praha!
10.08.2023 8:51:03.471: Mažu nepoužitý announcement CTesin_odj_Praha_NACESTNA!
10.08.2023 8:51:03.477: Mažu nepoužitý announcement CTesin_odj_Zilina!
10.08.2023 8:51:03.479: Mažu nepoužitý announcement Trinec_odj_Praha!
10.08.2023 8:51:03.485: Mažu nepoužitý announcement Trinec_odj_Zilina!
10.08.2023 8:51:03.487: Mažu nepoužitý announcement Zilina_odj_Praha!
10.08.2023 8:51:03.493: Mažu nepoužitý announcement Bohumin_KONECNA!
10.08.2023 8:51:03.495: Mažu nepoužitý announcement CTesin_KONECNA!
10.08.2023 8:51:03.502: Mažu nepoužitý announcement CTesin_PRIJ!
10.08.2023 8:51:03.508: Mažu nepoužitý announcement FrLazne_KONECNA!
10.08.2023 8:51:03.509: Mažu nepoužitý announcement Havirov_PRIJ!
10.08.2023 8:51:03.519: Mažu nepoužitý announcement Cheb_PRIJ!
10.08.2023 8:51:03.524: Mažu nepoužitý announcement MarLazne_PRIJ!
10.08.2023 8:51:03.530: Mažu nepoužitý announcement Olomouc_PRIJ!
10.08.2023 8:51:03.532: Mažu nepoužitý announcement OStodolni_PRIJ!
10.08.2023 8:51:03.534: Mažu nepoužitý announcement OStodolni_PRIJ_od_Ziliny!
10.08.2023 8:51:03.536: Mažu nepoužitý announcement Ostrava_PRIJ!
10.08.2023 8:51:03.540: Mažu nepoužitý announcement Ostrava_KONECNA!
10.08.2023 8:51:03.546: Mažu nepoužitý announcement OSvinov_PRIJ!
10.08.2023 8:51:03.548: Mažu nepoužitý announcement OSvinov_PRIJ_od_Prahy!
10.08.2023 8:51:03.550: Mažu nepoužitý announcement Pardubice_PRIJ!
10.08.2023 8:51:03.554: Mažu nepoužitý announcement Plzen_PRIJ!
10.08.2023 8:51:03.560: Mažu nepoužitý announcement Praha_PRIJ!
10.08.2023 8:51:03.561: Mažu nepoužitý announcement Praha_KONECNA!
10.08.2023 8:51:03.563: Mažu nepoužitý announcement Trinec_PRIJ!
10.08.2023 8:51:03.564: Mažu nepoužitý announcement Zilina_KONECNA!
10.08.2023 8:51:03.570: Mažu nepoužitý announcement OSvinov_odj_Plzen!
10.08.2023 8:51:03.571: Mažu nepoužitý announcement Olomouc_odj_Plzen!
10.08.2023 8:51:03.577: Mažu nepoužitý announcement Pardubice_odj_Plzen!
10.08.2023 8:51:03.578: Mažu nepoužitý announcement Praha_odj_Ostrava_NACESTNA!
10.08.2023 8:51:03.580: Mažu nepoužitý announcement Plzen_odj_Ostrava!
10.08.2023 8:51:03.586: Mažu nepoužitý announcement Plzen_KONECNA!
10.08.2023 8:51:03.587: Mažu nepoužitý announcement Praha_odj_Plzen!
10.08.2023 8:51:03.593: Mažu nepoužitý announcement PSmichov_odj_Plzen!
10.08.2023 8:51:03.594: Mažu nepoužitý announcement PSmichov_odj_FrLazne!
10.08.2023 8:51:03.596: Mažu nepoužitý announcement Praha_PRIJ_od_Plzne!
10.08.2023 8:51:03.605: Mažu nepoužitý announcement PSmichov_PRIJ_od_Plzne!
10.08.2023 8:51:03.606: Mažu nepoužitý announcement PSmichov_PRIJ!
10.08.2023 8:51:03.608: Mažu nepoužitý announcement 680_snidane_1!
10.08.2023 8:51:03.610: Mažu nepoužitý announcement 680_obed_1!
10.08.2023 8:51:03.612: Mažu nepoužitý announcement 680_odpoledne_1!
10.08.2023 8:51:03.622: Mažu prázdný announcement group pendolino_dopravni!
10.08.2023 8:51:03.624: Mažu nepoužitý announcement 680_no_boarding!
10.08.2023 8:51:03.625: Mažu nepoužitý announcement 680_special_train!
10.08.2023 8:51:03.627: Mažu nepoužitý announcement 680_cleaning!
10.08.2023 8:51:03.639: Mažu nepoužitý announcement 680_shunting!
10.08.2023 8:51:03.640: Mažu nepoužitý announcement 680_test_run!
10.08.2023 8:51:03.642: Mažu nepoužitý announcement 680_excpt_stop_track_condition!
10.08.2023 8:51:03.646: Mažu nepoužitý announcement 680_clos_next_end_subst_bus!
10.08.2023 8:51:03.648: Mažu nepoužitý announcement 680_end_subus!
10.08.2023 8:51:03.655: Mažu nepoužitý announcement 680_clos_next_end!
10.08.2023 8:51:03.657: Mažu nepoužitý announcement 680_excpt_end!
10.08.2023 8:51:03.660: Mažu nepoužitý announcement 680_route_diversion!
10.08.2023 8:51:03.664: Mažu nepoužitý announcement 680_end_subst_train!
10.08.2023 8:51:03.671: Mažu nepoužitý announcement 680_delay_closure!
10.08.2023 8:51:03.673: Mažu nepoužitý announcement 680_delay_connection!
10.08.2023 8:51:03.675: Mažu nepoužitý announcement 680_delay_opposite_train!
10.08.2023 8:51:03.679: Mažu nepoužitý announcement 680_delay_car_malfunction!
10.08.2023 8:51:03.685: Mažu nepoužitý announcement 680_delay_track_obstacle!
10.08.2023 8:51:03.687: Mažu nepoužitý announcement 680_delay_bad_weather!
10.08.2023 8:51:03.689: Mažu nepoužitý announcement 680_delay_crossing_accident!
10.08.2023 8:51:03.694: Mažu nepoužitý announcement 680_shunting_warn!
10.08.2023 8:51:03.704: Mažu nepoužitý announcement 680_minibar!
10.08.2023 8:51:03.705: Mažu prázdný announcement group pendolino_mimoradna!
10.08.2023 8:51:03.711: Mažu nepoužitou msg Bohumin_odj_FrLazne!
10.08.2023 8:51:03.713: Mažu nepoužitou msg Bohumin_odj_Praha!
10.08.2023 8:51:03.719: Mažu nepoužitou msg FrLazne_odj_Bohumin!
10.08.2023 8:51:03.721: Mažu nepoužitou msg Havirov_odj_Praha!
10.08.2023 8:51:03.727: Mažu nepoužitou msg Havirov_odj_Zilina!
10.08.2023 8:51:03.728: Mažu nepoužitou msg Cheb_odj_Bohumin!
10.08.2023 8:51:03.735: Mažu nepoužitou msg MarLazne_odj_FrLazne!
10.08.2023 8:51:03.736: Mažu nepoužitou msg MarLazne_odj_Bohumin!
10.08.2023 8:51:03.741: Mažu nepoužitou msg Olomouc_odj_FrLazne!
10.08.2023 8:51:03.742: Mažu nepoužitou msg Olomouc_odj_Praha!
10.08.2023 8:51:03.748: Mažu nepoužitou msg Olomouc_odj_CTesin!
10.08.2023 8:51:03.750: Mažu nepoužitou msg Olomouc_odj_Zilina!
10.08.2023 8:51:03.752: Mažu nepoužitou msg Olomouc_odj_Ostrava!
10.08.2023 8:51:03.759: Mažu nepoužitou msg Olomouc_odj_Bohumin!
10.08.2023 8:51:03.760: Mažu nepoužitou msg Pardubice_odj_FrLazne!
10.08.2023 8:51:03.767: Mažu nepoužitou msg Pardubice_odj_Praha!
10.08.2023 8:51:03.769: Mažu nepoužitou msg Pardubice_odj_CTesin!
10.08.2023 8:51:03.773: Mažu nepoužitou msg Pardubice_odj_Zilina!
10.08.2023 8:51:03.779: Mažu nepoužitou msg Pardubice_odj_Ostrava!
10.08.2023 8:51:03.781: Mažu nepoužitou msg Pardubice_odj_Bohumin!
10.08.2023 8:51:03.783: Mažu nepoužitou msg Plzen_odj_FrLazne!
10.08.2023 8:51:03.791: Mažu nepoužitou msg Plzen_odj_Bohumin!
10.08.2023 8:51:03.792: Mažu nepoužitou msg Praha_odj_FrLazne!
10.08.2023 8:51:03.798: Mažu nepoužitou msg Praha_odj_Bohumin_NACESTNA!
10.08.2023 8:51:03.802: Mažu nepoužitou msg Praha_odj_Bohumin!
10.08.2023 8:51:03.806: Mažu nepoužitou msg Praha_odj_CTesin!
10.08.2023 8:51:03.808: Mažu nepoužitou msg Praha_odj_Ostrava!
10.08.2023 8:51:03.814: Mažu nepoužitou msg Praha_odj_Zilina!
10.08.2023 8:51:03.818: Mažu nepoužitou msg OStodolni_odj_CTesin!
10.08.2023 8:51:03.822: Mažu nepoužitou msg OStodolni_odj_Zilina!
10.08.2023 8:51:03.828: Mažu nepoužitou msg OSvinov_odj_Praha!
10.08.2023 8:51:03.830: Mažu nepoužitou msg OSvinov_odj_Praha_NACESTNA!
10.08.2023 8:51:03.836: Mažu nepoužitou msg OSvinov_odj_FrLazne!
10.08.2023 8:51:03.838: Mažu nepoužitou msg CTesin_odj_Praha!
10.08.2023 8:51:03.844: Mažu nepoužitou msg CTesin_odj_Praha_NACESTNA!
10.08.2023 8:51:03.846: Mažu nepoužitou msg CTesin_odj_Zilina!
10.08.2023 8:51:03.850: Mažu nepoužitou msg Trinec_odj_Praha!
10.08.2023 8:51:03.852: Mažu nepoužitou msg Trinec_odj_Zilina!
10.08.2023 8:51:03.858: Mažu nepoužitou msg Zilina_odj_Praha!
10.08.2023 8:51:03.859: Mažu nepoužitou msg Bohumin_KONECNA!
10.08.2023 8:51:03.861: Mažu nepoužitou msg CTesin_KONECNA!
10.08.2023 8:51:03.866: Mažu nepoužitou msg CTesin_PRIJ!
10.08.2023 8:51:03.872: Mažu nepoužitou msg FrLazne_KONECNA!
10.08.2023 8:51:03.873: Mažu nepoužitou msg Havirov_PRIJ!
10.08.2023 8:51:03.875: Mažu nepoužitou msg Cheb_PRIJ!
10.08.2023 8:51:03.876: Mažu nepoužitou msg MarLazne_PRIJ!
10.08.2023 8:51:03.879: Mažu nepoužitou msg Olomouc_PRIJ!
10.08.2023 8:51:03.888: Mažu nepoužitou msg OStodolni_PRIJ!
10.08.2023 8:51:03.890: Mažu nepoužitou msg OStodolni_PRIJ_od_Ziliny!
10.08.2023 8:51:03.892: Mažu nepoužitou msg Ostrava_PRIJ!
10.08.2023 8:51:03.894: Mažu nepoužitou msg Ostrava_KONECNA!
10.08.2023 8:51:03.904: Mažu nepoužitou msg OSvinov_PRIJ!
10.08.2023 8:51:03.906: Mažu nepoužitou msg OSvinov_PRIJ_od_Prahy!
10.08.2023 8:51:03.908: Mažu nepoužitou msg Pardubice_PRIJ!
10.08.2023 8:51:03.909: Mažu nepoužitou msg Plzen_PRIJ!
10.08.2023 8:51:03.914: Mažu nepoužitou msg Praha_PRIJ!
10.08.2023 8:51:03.920: Mažu nepoužitou msg Praha_KONECNA!
10.08.2023 8:51:03.921: Mažu nepoužitou msg Trinec_PRIJ!
10.08.2023 8:51:03.923: Mažu nepoužitou msg Zilina_KONECNA!
10.08.2023 8:51:03.926: Mažu nepoužitou msg OSvinov_odj_Plzen!
10.08.2023 8:51:03.930: Mažu nepoužitou msg Olomouc_odj_Plzen!
10.08.2023 8:51:03.937: Mažu nepoužitou msg Pardubice_odj_Plzen!
10.08.2023 8:51:03.939: Mažu nepoužitou msg Praha_odj_Ostrava_NACESTNA!
10.08.2023 8:51:03.940: Mažu nepoužitou msg Plzen_odj_Ostrava!
10.08.2023 8:51:03.942: Mažu nepoužitou msg PSmichov_odj_Plzen!
10.08.2023 8:51:03.943: Mažu nepoužitou msg PSmichov_odj_FrLazne!
10.08.2023 8:51:03.945: Mažu nepoužitou msg Plzen_KONECNA!
10.08.2023 8:51:03.946: Mažu nepoužitou msg Praha_PRIJ_od_Plzne!
10.08.2023 8:51:03.948: Mažu nepoužitou msg PSmichov_PRIJ_od_Plzne!
10.08.2023 8:51:03.950: Mažu nepoužitou msg PSmichov_PRIJ!
10.08.2023 8:51:03.953: Mažu nepoužitou msg wifi_nefunkcni!
10.08.2023 8:51:03.961: Mažu nepoužitou msg reg_service_purpose_stop!
10.08.2023 8:51:03.962: Mažu nepoužitou msg service_purpose_stop!
10.08.2023 8:51:03.974: Mažu nepoužitou msg ld_excp_stop!
10.08.2023 8:51:03.975: Mažu nepoužitou msg ld_delay_apology!
10.08.2023 8:51:03.977: Mažu nepoužitou msg excpt_route!
10.08.2023 8:51:03.983: Mažu nepoužitou msg replacement_bus!
10.08.2023 8:51:03.985: Mažu nepoužitou msg reg_broad_test!
10.08.2023 8:51:03.989: Mažu nepoužitou msg reg_children_day!
10.08.2023 8:51:03.991: Mažu nepoužitou msg reg_exposition!
10.08.2023 8:51:03.996: Mažu nepoužitou msg reg_railway_day!
10.08.2023 8:51:03.998: Mažu nepoužitou msg reg_subst_transport!
10.08.2023 8:51:04.000: Mažu nepoužitou msg reg_special_train!
10.08.2023 8:51:04.004: Mažu nepoužitou msg reg_reserved_car!
10.08.2023 8:51:04.010: Mažu nepoužitou msg reg_train_cleaning!
10.08.2023 8:51:04.011: Mažu nepoužitou msg reg_test_run!
10.08.2023 8:51:04.012: Mažu nepoužitou msg reg_train_shunting!
10.08.2023 8:51:04.014: Mažu nepoužitou msg reg_no_boarding!
10.08.2023 8:51:04.016: Mažu nepoužitou msg reg_end_subst_bus!
10.08.2023 8:51:04.021: Mažu nepoužitou msg reg_end_subus!
10.08.2023 8:51:04.023: Mažu nepoužitou msg reg_end_subst_train!
10.08.2023 8:51:04.028: Mažu nepoužitou msg except_bus!
10.08.2023 8:51:04.029: Mažu nepoužitou msg except_pass_s0_short!
10.08.2023 8:51:04.031: Mažu nepoužitou msg except_pass_p0_short!
10.08.2023 8:51:04.036: Mažu nepoužitou msg extra_change_1_short!
10.08.2023 8:51:04.038: Mažu nepoužitou msg reg_self_service!
10.08.2023 8:51:04.044: Mažu nepoužitou msg reg_self_service_aut!
10.08.2023 8:51:04.045: Mažu nepoužitou msg reg_self_service_ozn!
10.08.2023 8:51:04.048: Mažu nepoužitou msg excpt-end!
10.08.2023 8:51:04.054: Mažu nepoužitou msg service_train!
10.08.2023 8:51:04.060: Mažu nepoužitou msg no_boarding!
10.08.2023 8:51:04.062: Mažu nepoužitou msg CD_welcome!
10.08.2023 8:51:04.071: Mažu nepoužitou msg shunting_warning!
10.08.2023 8:51:04.072: Mažu nepoužitou msg excpt_stop_track_condition!
10.08.2023 8:51:04.074: Mažu nepoužitou msg reg_excpt_stop_track_condition!
10.08.2023 8:51:04.075: Mažu nepoužitou msg get_off_left!
10.08.2023 8:51:04.077: Mažu nepoužitou msg get_off_right!
10.08.2023 8:51:04.084: Mažu nepoužitou msg reg_welcome!
10.08.2023 8:51:04.088: Mažu nepoužitou msg reg_thx!
10.08.2023 8:51:04.090: Mažu nepoužitou msg reg_no_rear_door!
10.08.2023 8:51:04.091: Mažu nepoužitou msg reg_get_off_left!
10.08.2023 8:51:04.096: Mažu nepoužitou msg reg_get_off_right!
10.08.2023 8:51:04.098: Mažu nepoužitou msg reg_boarding_end!
10.08.2023 8:51:04.105: Mažu nepoužitou msg reg_shunting_warn!
10.08.2023 8:51:04.107: Mažu nepoužitou msg reg_route_diversion!
10.08.2023 8:51:04.108: Mažu nepoužitou msg reg_clos_next_end_subst_bus!
10.08.2023 8:51:04.113: Mažu nepoužitou msg reg_excpt_end!
10.08.2023 8:51:04.114: Mažu nepoužitou msg reg_clos_next_end!
10.08.2023 8:51:04.120: Mažu nepoužitou msg reg_delay_closure!
10.08.2023 8:51:04.122: Mažu nepoužitou msg reg_delay_connection!
10.08.2023 8:51:04.124: Mažu nepoužitou msg reg_delay_car_malfunction!
10.08.2023 8:51:04.128: Mažu nepoužitou msg reg_delay_track_obstacle!
10.08.2023 8:51:04.130: Mažu nepoužitou msg reg_delay_crossing_accident!
10.08.2023 8:51:04.136: Mažu nepoužitou msg reg_delay_bad_weather!
10.08.2023 8:51:04.138: Mažu nepoužitou msg reg_delay_faster_train!
10.08.2023 8:51:04.140: Mažu nepoužitou msg reg_delay_opposite_train!
10.08.2023 8:51:04.146: Mažu nepoužitou msg except_route_s0!
10.08.2023 8:51:04.148: Mažu nepoužitou msg except_route_s0_short!
10.08.2023 8:51:04.153: Mažu nepoužitou msg except_route_p0!
10.08.2023 8:51:04.155: Mažu nepoužitou msg except_route_p0_short!
10.08.2023 8:51:04.160: Mažu nepoužitou msg except_route_ss!
10.08.2023 8:51:04.162: Mažu nepoužitou msg except_route_ss_short!
10.08.2023 8:51:04.168: Mažu nepoužitou msg except_route_sp!
10.08.2023 8:51:04.170: Mažu nepoužitou msg except_route_sp_short!
10.08.2023 8:51:04.174: Mažu nepoužitou msg except_route_ps!
10.08.2023 8:51:04.176: Mažu nepoužitou msg except_route_ps_short!
10.08.2023 8:51:04.182: Mažu nepoužitou msg except_route_pp!
10.08.2023 8:51:04.184: Mažu nepoužitou msg except_route_pp_short!
10.08.2023 8:51:04.185: Mažu nepoužitou msg except_end!
10.08.2023 8:51:04.188: Mažu nepoužitou msg except_end_short!
10.08.2023 8:51:04.192: Mažu nepoužitou msg except_end_station_bus!
10.08.2023 8:51:04.198: Mažu nepoužitou msg except_end_station_0!
10.08.2023 8:51:04.200: Mažu nepoužitou msg test_operation!
10.08.2023 8:51:04.213: Mažu nepoužitou msg vb_357_schwandorf!
10.08.2023 8:51:04.214: Ukládám vyčištěný soubor do "ExportVozy.xml"...
10.08.2023 8:51:04.622: Soubor uložen úspěšně!
