09.12.2023 20:00:15.151: Mažu odkaz z vlaku 130:2 na nezahrnutý vlak 115:2!
09.12.2023 20:00:15.153: Mažu odkaz z vlaku 130:3 na nezahrnutý vlak 115:2!
09.12.2023 20:00:15.200: Mažu nepoužitý kalendář prazdniny!
09.12.2023 20:00:15.201: Mažu nepoužitý kalendář 2024-03-10/2024-03-10!
09.12.2023 20:00:15.201: Mažu nepoužitý kalendář 2024-03-17/2024-03-17!
09.12.2023 20:00:15.201: Mažu nepoužitý kalendář 2024-05-19/2024-05-19!
09.12.2023 20:00:15.201: Mažu nepoužitý kalendář 2024-01-21/2024-01-21!
09.12.2023 20:00:15.201: Mažu nepoužitý kalendář 2024-02-04/2024-02-04!
09.12.2023 20:00:15.201: Mažu nepoužitý kalendář 2024-03-11/2024-03-11!
09.12.2023 20:00:15.201: Mažu nepoužitý kalendář 2024-03-18/2024-03-18!
09.12.2023 20:00:15.201: Mažu nepoužitý kalendář 2024-05-20/2024-05-20!
09.12.2023 20:00:15.201: Mažu nepoužitý kalendář 2024-01-15/2024-01-15!
09.12.2023 20:00:15.201: Mažu nepoužitý kalendář 2024-01-22/2024-01-22!
09.12.2023 20:00:15.201: Mažu nepoužitý kalendář 2024-01-29/2024-01-29!
09.12.2023 20:00:15.201: Mažu nepoužitý kalendář 2024-02-05/2024-02-05!
09.12.2023 20:00:15.201: Mažu nepoužitý kalendář 2024-02-24/2024-02-24!
09.12.2023 20:00:15.201: Mažu nepoužitý kalendář 2023-12-27/2023-12-29!
09.12.2023 20:00:15.202: Mažu nepoužitý kalendář 2024-02-29/2024-03-03!
09.12.2023 20:00:15.202: Mažu nepoužitý kalendář 2023-12-10/2024-05-31!
09.12.2023 20:00:15.202: Mažu nepoužitý kalendář 2024-08-17/2024-12-14!
09.12.2023 20:00:15.202: Mažu nepoužitý kalendář 2024-06-01/2024-12-14!
09.12.2023 20:00:15.202: Mažu nepoužitý kalendář 2024-03-25/2024-05-28!
09.12.2023 20:00:15.202: Mažu nepoužitý kalendář 2023-12-10/2024-08-16!
09.12.2023 20:00:15.202: Mažu nepoužitý kalendář 2023-12-26/2024-01-02!
09.12.2023 20:00:15.202: Mažu nepoužitý kalendář 2024-03-26/2024-12-10!
09.12.2023 20:00:15.202: Mažu nepoužitý kalendář 2024-08-18/2024-12-13!
09.12.2023 20:00:15.202: Mažu nepoužitý kalendář 2024-01-03/2024-06-28!
09.12.2023 20:00:15.202: Mažu nepoužitý kalendář 2024-09-02/2024-12-13!
09.12.2023 20:00:15.202: Mažu nepoužitý kalendář 2023-12-27/2024-01-02!
09.12.2023 20:00:15.202: Mažu nepoužitý kalendář 2024-07-01/2024-08-30!
09.12.2023 20:00:15.218: Mažu nepoužitý announcement vb_357_schwandorf!
09.12.2023 20:00:15.218: Mažu prázdný announcement group Jen_do_trasy!
09.12.2023 20:00:15.218: Mažu nepoužitý announcement Bohumin_odj_FrLazne!
09.12.2023 20:00:15.218: Mažu nepoužitý announcement Bohumin_odj_Praha!
09.12.2023 20:00:15.218: Mažu nepoužitý announcement FrLazne_odj_Bohumin!
09.12.2023 20:00:15.218: Mažu nepoužitý announcement Havirov_odj_Praha!
09.12.2023 20:00:15.218: Mažu nepoužitý announcement Havirov_odj_CTesin!
09.12.2023 20:00:15.219: Mažu nepoužitý announcement Havirov_odj_Zilina!
09.12.2023 20:00:15.219: Mažu nepoužitý announcement Cheb_odj_Bohumin!
09.12.2023 20:00:15.219: Mažu nepoužitý announcement MarLazne_odj_FrLazne!
09.12.2023 20:00:15.219: Mažu nepoužitý announcement MarLazne_odj_Bohumin!
09.12.2023 20:00:15.219: Mažu nepoužitý announcement Olomouc_odj_FrLazne!
09.12.2023 20:00:15.219: Mažu nepoužitý announcement Olomouc_odj_Praha!
09.12.2023 20:00:15.219: Mažu nepoužitý announcement Olomouc_odj_CTesin!
09.12.2023 20:00:15.219: Mažu nepoužitý announcement Olomouc_odj_Zilina!
09.12.2023 20:00:15.219: Mažu nepoužitý announcement Olomouc_odj_Ostrava!
09.12.2023 20:00:15.219: Mažu nepoužitý announcement Olomouc_odj_Bohumin!
09.12.2023 20:00:15.219: Mažu nepoužitý announcement Pardubice_odj_FrLazne!
09.12.2023 20:00:15.219: Mažu nepoužitý announcement Pardubice_odj_Praha!
09.12.2023 20:00:15.219: Mažu nepoužitý announcement Pardubice_odj_CTesin!
09.12.2023 20:00:15.219: Mažu nepoužitý announcement Pardubice_odj_Zilina!
09.12.2023 20:00:15.219: Mažu nepoužitý announcement Pardubice_odj_Ostrava!
09.12.2023 20:00:15.219: Mažu nepoužitý announcement Pardubice_odj_Bohumin!
09.12.2023 20:00:15.220: Mažu nepoužitý announcement Plzen_odj_FrLazne!
09.12.2023 20:00:15.220: Mažu nepoužitý announcement Plzen_odj_Bohumin!
09.12.2023 20:00:15.220: Mažu nepoužitý announcement Praha_odj_FrLazne!
09.12.2023 20:00:15.220: Mažu nepoužitý announcement Praha_odj_Bohumin_NACESTNA!
09.12.2023 20:00:15.220: Mažu nepoužitý announcement Praha_odj_Bohumin!
09.12.2023 20:00:15.220: Mažu nepoužitý announcement Praha_odj_CTesin!
09.12.2023 20:00:15.220: Mažu nepoužitý announcement Praha_odj_Ostrava!
09.12.2023 20:00:15.220: Mažu nepoužitý announcement Praha_odj_Zilina!
09.12.2023 20:00:15.220: Mažu nepoužitý announcement OStodolni_odj_CTesin!
09.12.2023 20:00:15.220: Mažu nepoužitý announcement OStodolni_odj_Zilina!
09.12.2023 20:00:15.220: Mažu nepoužitý announcement OSvinov_odj_Praha!
09.12.2023 20:00:15.220: Mažu nepoužitý announcement OSvinov_odj_Praha_NACESTNA!
09.12.2023 20:00:15.220: Mažu nepoužitý announcement OSvinov_odj_FrLazne!
09.12.2023 20:00:15.220: Mažu nepoužitý announcement CTesin_odj_Praha!
09.12.2023 20:00:15.220: Mažu nepoužitý announcement CTesin_odj_Praha_NACESTNA!
09.12.2023 20:00:15.220: Mažu nepoužitý announcement CTesin_odj_Zilina!
09.12.2023 20:00:15.220: Mažu nepoužitý announcement Trinec_odj_Praha!
09.12.2023 20:00:15.220: Mažu nepoužitý announcement Trinec_odj_Zilina!
09.12.2023 20:00:15.220: Mažu nepoužitý announcement Zilina_odj_Praha!
09.12.2023 20:00:15.220: Mažu nepoužitý announcement Bohumin_KONECNA!
09.12.2023 20:00:15.220: Mažu nepoužitý announcement CTesin_KONECNA!
09.12.2023 20:00:15.220: Mažu nepoužitý announcement CTesin_PRIJ!
09.12.2023 20:00:15.220: Mažu nepoužitý announcement FrLazne_KONECNA!
09.12.2023 20:00:15.220: Mažu nepoužitý announcement Havirov_PRIJ!
09.12.2023 20:00:15.220: Mažu nepoužitý announcement Cheb_PRIJ!
09.12.2023 20:00:15.220: Mažu nepoužitý announcement MarLazne_PRIJ!
09.12.2023 20:00:15.221: Mažu nepoužitý announcement Olomouc_PRIJ!
09.12.2023 20:00:15.221: Mažu nepoužitý announcement OStodolni_PRIJ!
09.12.2023 20:00:15.221: Mažu nepoužitý announcement OStodolni_PRIJ_od_Ziliny!
09.12.2023 20:00:15.221: Mažu nepoužitý announcement Ostrava_PRIJ!
09.12.2023 20:00:15.221: Mažu nepoužitý announcement Ostrava_KONECNA!
09.12.2023 20:00:15.221: Mažu nepoužitý announcement OSvinov_PRIJ!
09.12.2023 20:00:15.221: Mažu nepoužitý announcement OSvinov_PRIJ_od_Prahy!
09.12.2023 20:00:15.221: Mažu nepoužitý announcement Pardubice_PRIJ!
09.12.2023 20:00:15.221: Mažu nepoužitý announcement Plzen_PRIJ!
09.12.2023 20:00:15.221: Mažu nepoužitý announcement Praha_PRIJ!
09.12.2023 20:00:15.221: Mažu nepoužitý announcement Praha_KONECNA!
09.12.2023 20:00:15.221: Mažu nepoužitý announcement Trinec_PRIJ!
09.12.2023 20:00:15.221: Mažu nepoužitý announcement Zilina_KONECNA!
09.12.2023 20:00:15.221: Mažu nepoužitý announcement OSvinov_odj_Plzen!
09.12.2023 20:00:15.221: Mažu nepoužitý announcement Olomouc_odj_Plzen!
09.12.2023 20:00:15.221: Mažu nepoužitý announcement Pardubice_odj_Plzen!
09.12.2023 20:00:15.221: Mažu nepoužitý announcement Praha_odj_Ostrava_NACESTNA!
09.12.2023 20:00:15.221: Mažu nepoužitý announcement Plzen_odj_Ostrava!
09.12.2023 20:00:15.221: Mažu nepoužitý announcement Plzen_KONECNA!
09.12.2023 20:00:15.221: Mažu nepoužitý announcement Praha_odj_Plzen!
09.12.2023 20:00:15.221: Mažu nepoužitý announcement PSmichov_odj_Plzen!
09.12.2023 20:00:15.221: Mažu nepoužitý announcement PSmichov_odj_FrLazne!
09.12.2023 20:00:15.221: Mažu nepoužitý announcement Praha_PRIJ_od_Plzne!
09.12.2023 20:00:15.221: Mažu nepoužitý announcement PSmichov_PRIJ_od_Plzne!
09.12.2023 20:00:15.221: Mažu nepoužitý announcement PSmichov_PRIJ!
09.12.2023 20:00:15.222: Mažu nepoužitý announcement 680_snidane_1!
09.12.2023 20:00:15.222: Mažu nepoužitý announcement 680_obed_1!
09.12.2023 20:00:15.222: Mažu nepoužitý announcement 680_odpoledne_1!
09.12.2023 20:00:15.222: Mažu prázdný announcement group pendolino_dopravni!
09.12.2023 20:00:15.222: Mažu nepoužitý announcement 680_no_boarding!
09.12.2023 20:00:15.222: Mažu nepoužitý announcement 680_special_train!
09.12.2023 20:00:15.222: Mažu nepoužitý announcement 680_cleaning!
09.12.2023 20:00:15.222: Mažu nepoužitý announcement 680_shunting!
09.12.2023 20:00:15.222: Mažu nepoužitý announcement 680_test_run!
09.12.2023 20:00:15.222: Mažu nepoužitý announcement 680_excpt_stop_track_condition!
09.12.2023 20:00:15.222: Mažu nepoužitý announcement 680_clos_next_end_subst_bus!
09.12.2023 20:00:15.222: Mažu nepoužitý announcement 680_end_subus!
09.12.2023 20:00:15.222: Mažu nepoužitý announcement 680_clos_next_end!
09.12.2023 20:00:15.222: Mažu nepoužitý announcement 680_excpt_end!
09.12.2023 20:00:15.222: Mažu nepoužitý announcement 680_route_diversion!
09.12.2023 20:00:15.222: Mažu nepoužitý announcement 680_end_subst_train!
09.12.2023 20:00:15.222: Mažu nepoužitý announcement 680_delay_closure!
09.12.2023 20:00:15.222: Mažu nepoužitý announcement 680_delay_connection!
09.12.2023 20:00:15.223: Mažu nepoužitý announcement 680_delay_opposite_train!
09.12.2023 20:00:15.223: Mažu nepoužitý announcement 680_delay_car_malfunction!
09.12.2023 20:00:15.223: Mažu nepoužitý announcement 680_delay_track_obstacle!
09.12.2023 20:00:15.223: Mažu nepoužitý announcement 680_delay_bad_weather!
09.12.2023 20:00:15.223: Mažu nepoužitý announcement 680_delay_crossing_accident!
09.12.2023 20:00:15.223: Mažu nepoužitý announcement 680_shunting_warn!
09.12.2023 20:00:15.223: Mažu nepoužitý announcement 680_minibar!
09.12.2023 20:00:15.223: Mažu prázdný announcement group pendolino_mimoradna!
09.12.2023 20:00:15.223: Mažu nepoužitou msg Bohumin_odj_FrLazne!
09.12.2023 20:00:15.223: Mažu nepoužitou msg Bohumin_odj_Praha!
09.12.2023 20:00:15.224: Mažu nepoužitou msg FrLazne_odj_Bohumin!
09.12.2023 20:00:15.224: Mažu nepoužitou msg Havirov_odj_Praha!
09.12.2023 20:00:15.224: Mažu nepoužitou msg Havirov_odj_Zilina!
09.12.2023 20:00:15.224: Mažu nepoužitou msg Cheb_odj_Bohumin!
09.12.2023 20:00:15.224: Mažu nepoužitou msg MarLazne_odj_FrLazne!
09.12.2023 20:00:15.224: Mažu nepoužitou msg MarLazne_odj_Bohumin!
09.12.2023 20:00:15.224: Mažu nepoužitou msg Olomouc_odj_FrLazne!
09.12.2023 20:00:15.224: Mažu nepoužitou msg Olomouc_odj_Praha!
09.12.2023 20:00:15.224: Mažu nepoužitou msg Olomouc_odj_CTesin!
09.12.2023 20:00:15.224: Mažu nepoužitou msg Olomouc_odj_Zilina!
09.12.2023 20:00:15.224: Mažu nepoužitou msg Olomouc_odj_Ostrava!
09.12.2023 20:00:15.224: Mažu nepoužitou msg Olomouc_odj_Bohumin!
09.12.2023 20:00:15.224: Mažu nepoužitou msg Pardubice_odj_FrLazne!
09.12.2023 20:00:15.224: Mažu nepoužitou msg Pardubice_odj_Praha!
09.12.2023 20:00:15.224: Mažu nepoužitou msg Pardubice_odj_CTesin!
09.12.2023 20:00:15.224: Mažu nepoužitou msg Pardubice_odj_Zilina!
09.12.2023 20:00:15.224: Mažu nepoužitou msg Pardubice_odj_Ostrava!
09.12.2023 20:00:15.224: Mažu nepoužitou msg Pardubice_odj_Bohumin!
09.12.2023 20:00:15.225: Mažu nepoužitou msg Plzen_odj_FrLazne!
09.12.2023 20:00:15.225: Mažu nepoužitou msg Plzen_odj_Bohumin!
09.12.2023 20:00:15.225: Mažu nepoužitou msg Praha_odj_FrLazne!
09.12.2023 20:00:15.225: Mažu nepoužitou msg Praha_odj_Bohumin_NACESTNA!
09.12.2023 20:00:15.225: Mažu nepoužitou msg Praha_odj_Bohumin!
09.12.2023 20:00:15.225: Mažu nepoužitou msg Praha_odj_CTesin!
09.12.2023 20:00:15.225: Mažu nepoužitou msg Praha_odj_Ostrava!
09.12.2023 20:00:15.225: Mažu nepoužitou msg Praha_odj_Zilina!
09.12.2023 20:00:15.225: Mažu nepoužitou msg OStodolni_odj_CTesin!
09.12.2023 20:00:15.225: Mažu nepoužitou msg OStodolni_odj_Zilina!
09.12.2023 20:00:15.225: Mažu nepoužitou msg OSvinov_odj_Praha!
09.12.2023 20:00:15.225: Mažu nepoužitou msg OSvinov_odj_Praha_NACESTNA!
09.12.2023 20:00:15.225: Mažu nepoužitou msg OSvinov_odj_FrLazne!
09.12.2023 20:00:15.225: Mažu nepoužitou msg CTesin_odj_Praha!
09.12.2023 20:00:15.225: Mažu nepoužitou msg CTesin_odj_Praha_NACESTNA!
09.12.2023 20:00:15.225: Mažu nepoužitou msg CTesin_odj_Zilina!
09.12.2023 20:00:15.225: Mažu nepoužitou msg Trinec_odj_Praha!
09.12.2023 20:00:15.226: Mažu nepoužitou msg Trinec_odj_Zilina!
09.12.2023 20:00:15.226: Mažu nepoužitou msg Zilina_odj_Praha!
09.12.2023 20:00:15.226: Mažu nepoužitou msg Bohumin_KONECNA!
09.12.2023 20:00:15.226: Mažu nepoužitou msg CTesin_KONECNA!
09.12.2023 20:00:15.226: Mažu nepoužitou msg CTesin_PRIJ!
09.12.2023 20:00:15.226: Mažu nepoužitou msg FrLazne_KONECNA!
09.12.2023 20:00:15.226: Mažu nepoužitou msg Havirov_PRIJ!
09.12.2023 20:00:15.226: Mažu nepoužitou msg Cheb_PRIJ!
09.12.2023 20:00:15.226: Mažu nepoužitou msg MarLazne_PRIJ!
09.12.2023 20:00:15.226: Mažu nepoužitou msg Olomouc_PRIJ!
09.12.2023 20:00:15.226: Mažu nepoužitou msg OStodolni_PRIJ!
09.12.2023 20:00:15.226: Mažu nepoužitou msg OStodolni_PRIJ_od_Ziliny!
09.12.2023 20:00:15.227: Mažu nepoužitou msg Ostrava_PRIJ!
09.12.2023 20:00:15.227: Mažu nepoužitou msg Ostrava_KONECNA!
09.12.2023 20:00:15.227: Mažu nepoužitou msg OSvinov_PRIJ!
09.12.2023 20:00:15.227: Mažu nepoužitou msg OSvinov_PRIJ_od_Prahy!
09.12.2023 20:00:15.227: Mažu nepoužitou msg Pardubice_PRIJ!
09.12.2023 20:00:15.227: Mažu nepoužitou msg Plzen_PRIJ!
09.12.2023 20:00:15.227: Mažu nepoužitou msg Praha_PRIJ!
09.12.2023 20:00:15.227: Mažu nepoužitou msg Praha_KONECNA!
09.12.2023 20:00:15.227: Mažu nepoužitou msg Trinec_PRIJ!
09.12.2023 20:00:15.227: Mažu nepoužitou msg Zilina_KONECNA!
09.12.2023 20:00:15.227: Mažu nepoužitou msg OSvinov_odj_Plzen!
09.12.2023 20:00:15.227: Mažu nepoužitou msg Olomouc_odj_Plzen!
09.12.2023 20:00:15.227: Mažu nepoužitou msg Pardubice_odj_Plzen!
09.12.2023 20:00:15.227: Mažu nepoužitou msg Praha_odj_Ostrava_NACESTNA!
09.12.2023 20:00:15.227: Mažu nepoužitou msg Plzen_odj_Ostrava!
09.12.2023 20:00:15.227: Mažu nepoužitou msg PSmichov_odj_Plzen!
09.12.2023 20:00:15.227: Mažu nepoužitou msg PSmichov_odj_FrLazne!
09.12.2023 20:00:15.227: Mažu nepoužitou msg Plzen_KONECNA!
09.12.2023 20:00:15.227: Mažu nepoužitou msg Praha_PRIJ_od_Plzne!
09.12.2023 20:00:15.228: Mažu nepoužitou msg PSmichov_PRIJ_od_Plzne!
09.12.2023 20:00:15.228: Mažu nepoužitou msg PSmichov_PRIJ!
09.12.2023 20:00:15.228: Mažu nepoužitou msg wifi_nefunkcni!
09.12.2023 20:00:15.228: Mažu nepoužitou msg reg_service_purpose_stop!
09.12.2023 20:00:15.228: Mažu nepoužitou msg service_purpose_stop!
09.12.2023 20:00:15.228: Mažu nepoužitou msg ld_excp_stop!
09.12.2023 20:00:15.229: Mažu nepoužitou msg ld_delay_apology!
09.12.2023 20:00:15.229: Mažu nepoužitou msg excpt_route!
09.12.2023 20:00:15.229: Mažu nepoužitou msg replacement_bus!
09.12.2023 20:00:15.229: Mažu nepoužitou msg reg_broad_test!
09.12.2023 20:00:15.229: Mažu nepoužitou msg reg_children_day!
09.12.2023 20:00:15.229: Mažu nepoužitou msg reg_exposition!
09.12.2023 20:00:15.229: Mažu nepoužitou msg reg_railway_day!
09.12.2023 20:00:15.229: Mažu nepoužitou msg reg_subst_transport!
09.12.2023 20:00:15.229: Mažu nepoužitou msg reg_special_train!
09.12.2023 20:00:15.229: Mažu nepoužitou msg reg_reserved_car!
09.12.2023 20:00:15.229: Mažu nepoužitou msg reg_train_cleaning!
09.12.2023 20:00:15.229: Mažu nepoužitou msg reg_test_run!
09.12.2023 20:00:15.229: Mažu nepoužitou msg reg_train_shunting!
09.12.2023 20:00:15.229: Mažu nepoužitou msg reg_no_boarding!
09.12.2023 20:00:15.229: Mažu nepoužitou msg reg_end_subst_bus!
09.12.2023 20:00:15.229: Mažu nepoužitou msg reg_end_subus!
09.12.2023 20:00:15.229: Mažu nepoužitou msg reg_end_subst_train!
09.12.2023 20:00:15.229: Mažu nepoužitou msg except_bus!
09.12.2023 20:00:15.230: Mažu nepoužitou msg except_pass_s0_short!
09.12.2023 20:00:15.230: Mažu nepoužitou msg except_pass_p0_short!
09.12.2023 20:00:15.230: Mažu nepoužitou msg extra_change_1_short!
09.12.2023 20:00:15.230: Mažu nepoužitou msg extra_change_2_short!
09.12.2023 20:00:15.230: Mažu nepoužitou msg reg_self_service!
09.12.2023 20:00:15.230: Mažu nepoužitou msg reg_self_service_aut!
09.12.2023 20:00:15.230: Mažu nepoužitou msg reg_self_service_ozn!
09.12.2023 20:00:15.230: Mažu nepoužitou msg excpt-end!
09.12.2023 20:00:15.230: Mažu nepoužitou msg service_train!
09.12.2023 20:00:15.230: Mažu nepoužitou msg no_boarding!
09.12.2023 20:00:15.230: Mažu nepoužitou msg CD_welcome!
09.12.2023 20:00:15.230: Mažu nepoužitou msg shunting_warning!
09.12.2023 20:00:15.230: Mažu nepoužitou msg excpt_stop_track_condition!
09.12.2023 20:00:15.230: Mažu nepoužitou msg reg_excpt_stop_track_condition!
09.12.2023 20:00:15.230: Mažu nepoužitou msg get_off_left!
09.12.2023 20:00:15.231: Mažu nepoužitou msg get_off_right!
09.12.2023 20:00:15.231: Mažu nepoužitou msg reg_welcome!
09.12.2023 20:00:15.231: Mažu nepoužitou msg reg_thx!
09.12.2023 20:00:15.231: Mažu nepoužitou msg reg_no_rear_door!
09.12.2023 20:00:15.231: Mažu nepoužitou msg reg_get_off_left!
09.12.2023 20:00:15.231: Mažu nepoužitou msg reg_get_off_right!
09.12.2023 20:00:15.231: Mažu nepoužitou msg reg_boarding_end!
09.12.2023 20:00:15.231: Mažu nepoužitou msg reg_shunting_warn!
09.12.2023 20:00:15.231: Mažu nepoužitou msg reg_route_diversion!
09.12.2023 20:00:15.231: Mažu nepoužitou msg reg_clos_next_end_subst_bus!
09.12.2023 20:00:15.231: Mažu nepoužitou msg reg_excpt_end!
09.12.2023 20:00:15.231: Mažu nepoužitou msg reg_clos_next_end!
09.12.2023 20:00:15.231: Mažu nepoužitou msg reg_delay_closure!
09.12.2023 20:00:15.231: Mažu nepoužitou msg reg_delay_connection!
09.12.2023 20:00:15.231: Mažu nepoužitou msg reg_delay_car_malfunction!
09.12.2023 20:00:15.232: Mažu nepoužitou msg reg_delay_track_obstacle!
09.12.2023 20:00:15.232: Mažu nepoužitou msg reg_delay_crossing_accident!
09.12.2023 20:00:15.232: Mažu nepoužitou msg reg_delay_bad_weather!
09.12.2023 20:00:15.232: Mažu nepoužitou msg reg_delay_faster_train!
09.12.2023 20:00:15.232: Mažu nepoužitou msg reg_delay_opposite_train!
09.12.2023 20:00:15.232: Mažu nepoužitou msg planned_replacement_bus!
09.12.2023 20:00:15.232: Mažu nepoužitou msg planned_replacement_bus_short!
09.12.2023 20:00:15.232: Mažu nepoužitou msg except_route_s0!
09.12.2023 20:00:15.232: Mažu nepoužitou msg except_route_s0_short!
09.12.2023 20:00:15.232: Mažu nepoužitou msg except_route_p0!
09.12.2023 20:00:15.233: Mažu nepoužitou msg except_route_p0_short!
09.12.2023 20:00:15.233: Mažu nepoužitou msg except_route_ss!
09.12.2023 20:00:15.233: Mažu nepoužitou msg except_route_ss_short!
09.12.2023 20:00:15.233: Mažu nepoužitou msg except_route_sp!
09.12.2023 20:00:15.233: Mažu nepoužitou msg except_route_sp_short!
09.12.2023 20:00:15.233: Mažu nepoužitou msg except_route_ps!
09.12.2023 20:00:15.233: Mažu nepoužitou msg except_route_ps_short!
09.12.2023 20:00:15.233: Mažu nepoužitou msg except_route_pp!
09.12.2023 20:00:15.233: Mažu nepoužitou msg except_route_pp_short!
09.12.2023 20:00:15.233: Mažu nepoužitou msg except_end!
09.12.2023 20:00:15.233: Mažu nepoužitou msg except_end_short!
09.12.2023 20:00:15.233: Mažu nepoužitou msg except_end_station_bus!
09.12.2023 20:00:15.234: Mažu nepoužitou msg except_end_station_0!
09.12.2023 20:00:15.234: Mažu nepoužitou msg test_operation!
09.12.2023 20:00:15.236: Mažu nepoužitou msg vb_357_schwandorf!
09.12.2023 20:00:16.068: Ukládám vyčištěný soubor do "Out/Vozy/unipis.xml"...
09.12.2023 20:00:16.439: Soubor uložen úspěšně!
