30.04.2024 12:11:11.702: Mažu nepoužitý kalendář prazdniny!
30.04.2024 12:11:11.707: Mažu nepoužitý kalendář 2024-03-10/2024-03-10!
30.04.2024 12:11:11.708: Mažu nepoužitý kalendář 2024-03-17/2024-03-17!
30.04.2024 12:11:11.708: Mažu nepoužitý kalendář 2024-05-19/2024-05-19!
30.04.2024 12:11:11.708: Mažu nepoužitý kalendář 2024-01-21/2024-01-21!
30.04.2024 12:11:11.708: Mažu nepoužitý kalendář 2024-02-04/2024-02-04!
30.04.2024 12:11:11.708: Mažu nepoužitý kalendář 2024-03-11/2024-03-11!
30.04.2024 12:11:11.708: Mažu nepoužitý kalendář 2024-03-18/2024-03-18!
30.04.2024 12:11:11.709: Mažu nepoužitý kalendář 2024-05-20/2024-05-20!
30.04.2024 12:11:11.709: Mažu nepoužitý kalendář 2024-01-15/2024-01-15!
30.04.2024 12:11:11.709: Mažu nepoužitý kalendář 2024-01-22/2024-01-22!
30.04.2024 12:11:11.709: Mažu nepoužitý kalendář 2024-01-29/2024-01-29!
30.04.2024 12:11:11.709: Mažu nepoužitý kalendář 2024-02-05/2024-02-05!
30.04.2024 12:11:11.709: Mažu nepoužitý kalendář 2024-02-24/2024-02-24!
30.04.2024 12:11:11.709: Mažu nepoužitý kalendář 2023-12-27/2023-12-29!
30.04.2024 12:11:11.710: Mažu nepoužitý kalendář 2024-02-29/2024-03-03!
30.04.2024 12:11:11.710: Mažu nepoužitý kalendář 2023-12-10/2024-05-31!
30.04.2024 12:11:11.710: Mažu nepoužitý kalendář 2024-08-17/2024-12-14!
30.04.2024 12:11:11.710: Mažu nepoužitý kalendář 2024-06-01/2024-12-14!
30.04.2024 12:11:11.710: Mažu nepoužitý kalendář 2024-03-25/2024-05-28!
30.04.2024 12:11:11.710: Mažu nepoužitý kalendář 2023-12-10/2024-08-16!
30.04.2024 12:11:11.710: Mažu nepoužitý kalendář 2023-12-26/2024-01-02!
30.04.2024 12:11:11.710: Mažu nepoužitý kalendář 2024-03-26/2024-12-10!
30.04.2024 12:11:11.710: Mažu nepoužitý kalendář 2024-08-18/2024-12-13!
30.04.2024 12:11:11.710: Mažu nepoužitý kalendář 2024-01-03/2024-06-28!
30.04.2024 12:11:11.710: Mažu nepoužitý kalendář 2024-09-02/2024-12-13!
30.04.2024 12:11:11.711: Mažu nepoužitý kalendář 2023-12-27/2024-01-02!
30.04.2024 12:11:11.711: Mažu nepoužitý kalendář 2024-07-01/2024-08-30!
30.04.2024 12:11:11.737: Mažu nepoužitý announcement vb_357_schwandorf!
30.04.2024 12:11:11.737: Mažu prázdný announcement group Jen_do_trasy!
30.04.2024 12:11:11.737: Mažu nepoužitý announcement Bohumin_odj_FrLazne!
30.04.2024 12:11:11.737: Mažu nepoužitý announcement Bohumin_odj_Praha!
30.04.2024 12:11:11.738: Mažu nepoužitý announcement FrLazne_odj_Bohumin!
30.04.2024 12:11:11.738: Mažu nepoužitý announcement Havirov_odj_Praha!
30.04.2024 12:11:11.738: Mažu nepoužitý announcement Havirov_odj_CTesin!
30.04.2024 12:11:11.739: Mažu nepoužitý announcement Havirov_odj_Zilina!
30.04.2024 12:11:11.739: Mažu nepoužitý announcement Cheb_odj_Bohumin!
30.04.2024 12:11:11.739: Mažu nepoužitý announcement MarLazne_odj_FrLazne!
30.04.2024 12:11:11.739: Mažu nepoužitý announcement MarLazne_odj_Bohumin!
30.04.2024 12:11:11.740: Mažu nepoužitý announcement Olomouc_odj_FrLazne!
30.04.2024 12:11:11.740: Mažu nepoužitý announcement Olomouc_odj_Praha!
30.04.2024 12:11:11.740: Mažu nepoužitý announcement Olomouc_odj_CTesin!
30.04.2024 12:11:11.740: Mažu nepoužitý announcement Olomouc_odj_Zilina!
30.04.2024 12:11:11.741: Mažu nepoužitý announcement Olomouc_odj_Ostrava!
30.04.2024 12:11:11.741: Mažu nepoužitý announcement Olomouc_odj_Bohumin!
30.04.2024 12:11:11.741: Mažu nepoužitý announcement Pardubice_odj_FrLazne!
30.04.2024 12:11:11.741: Mažu nepoužitý announcement Pardubice_odj_Praha!
30.04.2024 12:11:11.741: Mažu nepoužitý announcement Pardubice_odj_CTesin!
30.04.2024 12:11:11.741: Mažu nepoužitý announcement Pardubice_odj_Zilina!
30.04.2024 12:11:11.741: Mažu nepoužitý announcement Pardubice_odj_Ostrava!
30.04.2024 12:11:11.742: Mažu nepoužitý announcement Pardubice_odj_Bohumin!
30.04.2024 12:11:11.742: Mažu nepoužitý announcement Plzen_odj_FrLazne!
30.04.2024 12:11:11.742: Mažu nepoužitý announcement Plzen_odj_Bohumin!
30.04.2024 12:11:11.742: Mažu nepoužitý announcement Praha_odj_FrLazne!
30.04.2024 12:11:11.742: Mažu nepoužitý announcement Praha_odj_Bohumin_NACESTNA!
30.04.2024 12:11:11.742: Mažu nepoužitý announcement Praha_odj_Bohumin!
30.04.2024 12:11:11.742: Mažu nepoužitý announcement Praha_odj_CTesin!
30.04.2024 12:11:11.742: Mažu nepoužitý announcement Praha_odj_Ostrava!
30.04.2024 12:11:11.743: Mažu nepoužitý announcement Praha_odj_Zilina!
30.04.2024 12:11:11.743: Mažu nepoužitý announcement OStodolni_odj_CTesin!
30.04.2024 12:11:11.743: Mažu nepoužitý announcement OStodolni_odj_Zilina!
30.04.2024 12:11:11.743: Mažu nepoužitý announcement OSvinov_odj_Praha!
30.04.2024 12:11:11.743: Mažu nepoužitý announcement OSvinov_odj_Praha_NACESTNA!
30.04.2024 12:11:11.743: Mažu nepoužitý announcement OSvinov_odj_FrLazne!
30.04.2024 12:11:11.744: Mažu nepoužitý announcement CTesin_odj_Praha!
30.04.2024 12:11:11.744: Mažu nepoužitý announcement CTesin_odj_Praha_NACESTNA!
30.04.2024 12:11:11.744: Mažu nepoužitý announcement CTesin_odj_Zilina!
30.04.2024 12:11:11.744: Mažu nepoužitý announcement Trinec_odj_Praha!
30.04.2024 12:11:11.744: Mažu nepoužitý announcement Trinec_odj_Zilina!
30.04.2024 12:11:11.744: Mažu nepoužitý announcement Zilina_odj_Praha!
30.04.2024 12:11:11.744: Mažu nepoužitý announcement Bohumin_KONECNA!
30.04.2024 12:11:11.744: Mažu nepoužitý announcement CTesin_KONECNA!
30.04.2024 12:11:11.744: Mažu nepoužitý announcement CTesin_PRIJ!
30.04.2024 12:11:11.745: Mažu nepoužitý announcement FrLazne_KONECNA!
30.04.2024 12:11:11.745: Mažu nepoužitý announcement Havirov_PRIJ!
30.04.2024 12:11:11.745: Mažu nepoužitý announcement Cheb_PRIJ!
30.04.2024 12:11:11.745: Mažu nepoužitý announcement MarLazne_PRIJ!
30.04.2024 12:11:11.745: Mažu nepoužitý announcement Olomouc_PRIJ!
30.04.2024 12:11:11.745: Mažu nepoužitý announcement OStodolni_PRIJ!
30.04.2024 12:11:11.746: Mažu nepoužitý announcement OStodolni_PRIJ_od_Ziliny!
30.04.2024 12:11:11.746: Mažu nepoužitý announcement Ostrava_PRIJ!
30.04.2024 12:11:11.746: Mažu nepoužitý announcement Ostrava_KONECNA!
30.04.2024 12:11:11.746: Mažu nepoužitý announcement OSvinov_PRIJ!
30.04.2024 12:11:11.746: Mažu nepoužitý announcement OSvinov_PRIJ_od_Prahy!
30.04.2024 12:11:11.747: Mažu nepoužitý announcement Pardubice_PRIJ!
30.04.2024 12:11:11.747: Mažu nepoužitý announcement Plzen_PRIJ!
30.04.2024 12:11:11.747: Mažu nepoužitý announcement Praha_PRIJ!
30.04.2024 12:11:11.747: Mažu nepoužitý announcement Praha_KONECNA!
30.04.2024 12:11:11.747: Mažu nepoužitý announcement Trinec_PRIJ!
30.04.2024 12:11:11.747: Mažu nepoužitý announcement Zilina_KONECNA!
30.04.2024 12:11:11.747: Mažu nepoužitý announcement OSvinov_odj_Plzen!
30.04.2024 12:11:11.748: Mažu nepoužitý announcement Olomouc_odj_Plzen!
30.04.2024 12:11:11.748: Mažu nepoužitý announcement Pardubice_odj_Plzen!
30.04.2024 12:11:11.748: Mažu nepoužitý announcement Praha_odj_Ostrava_NACESTNA!
30.04.2024 12:11:11.748: Mažu nepoužitý announcement Plzen_odj_Ostrava!
30.04.2024 12:11:11.748: Mažu nepoužitý announcement Plzen_KONECNA!
30.04.2024 12:11:11.748: Mažu nepoužitý announcement Praha_odj_Plzen!
30.04.2024 12:11:11.748: Mažu nepoužitý announcement PSmichov_odj_Plzen!
30.04.2024 12:11:11.748: Mažu nepoužitý announcement PSmichov_odj_FrLazne!
30.04.2024 12:11:11.748: Mažu nepoužitý announcement Praha_PRIJ_od_Plzne!
30.04.2024 12:11:11.748: Mažu nepoužitý announcement PSmichov_PRIJ_od_Plzne!
30.04.2024 12:11:11.748: Mažu nepoužitý announcement PSmichov_PRIJ!
30.04.2024 12:11:11.749: Mažu nepoužitý announcement 680_snidane_1!
30.04.2024 12:11:11.749: Mažu nepoužitý announcement 680_obed_1!
30.04.2024 12:11:11.749: Mažu nepoužitý announcement 680_odpoledne_1!
30.04.2024 12:11:11.749: Mažu prázdný announcement group pendolino_dopravni!
30.04.2024 12:11:11.749: Mažu nepoužitý announcement 680_no_boarding!
30.04.2024 12:11:11.749: Mažu nepoužitý announcement 680_special_train!
30.04.2024 12:11:11.749: Mažu nepoužitý announcement 680_cleaning!
30.04.2024 12:11:11.749: Mažu nepoužitý announcement 680_shunting!
30.04.2024 12:11:11.749: Mažu nepoužitý announcement 680_test_run!
30.04.2024 12:11:11.750: Mažu nepoužitý announcement 680_excpt_stop_track_condition!
30.04.2024 12:11:11.750: Mažu nepoužitý announcement 680_clos_next_end_subst_bus!
30.04.2024 12:11:11.750: Mažu nepoužitý announcement 680_end_subus!
30.04.2024 12:11:11.750: Mažu nepoužitý announcement 680_clos_next_end!
30.04.2024 12:11:11.750: Mažu nepoužitý announcement 680_excpt_end!
30.04.2024 12:11:11.750: Mažu nepoužitý announcement 680_route_diversion!
30.04.2024 12:11:11.750: Mažu nepoužitý announcement 680_end_subst_train!
30.04.2024 12:11:11.750: Mažu nepoužitý announcement 680_delay_closure!
30.04.2024 12:11:11.750: Mažu nepoužitý announcement 680_delay_connection!
30.04.2024 12:11:11.751: Mažu nepoužitý announcement 680_delay_opposite_train!
30.04.2024 12:11:11.751: Mažu nepoužitý announcement 680_delay_car_malfunction!
30.04.2024 12:11:11.751: Mažu nepoužitý announcement 680_delay_track_obstacle!
30.04.2024 12:11:11.751: Mažu nepoužitý announcement 680_delay_bad_weather!
30.04.2024 12:11:11.751: Mažu nepoužitý announcement 680_delay_crossing_accident!
30.04.2024 12:11:11.751: Mažu nepoužitý announcement 680_shunting_warn!
30.04.2024 12:11:11.751: Mažu nepoužitý announcement 680_minibar!
30.04.2024 12:11:11.751: Mažu prázdný announcement group pendolino_mimoradna!
30.04.2024 12:11:11.751: Mažu nepoužitou msg Bohumin_odj_FrLazne!
30.04.2024 12:11:11.751: Mažu nepoužitou msg Bohumin_odj_Praha!
30.04.2024 12:11:11.752: Mažu nepoužitou msg FrLazne_odj_Bohumin!
30.04.2024 12:11:11.752: Mažu nepoužitou msg Havirov_odj_Praha!
30.04.2024 12:11:11.752: Mažu nepoužitou msg Havirov_odj_Zilina!
30.04.2024 12:11:11.752: Mažu nepoužitou msg Cheb_odj_Bohumin!
30.04.2024 12:11:11.752: Mažu nepoužitou msg MarLazne_odj_FrLazne!
30.04.2024 12:11:11.753: Mažu nepoužitou msg MarLazne_odj_Bohumin!
30.04.2024 12:11:11.753: Mažu nepoužitou msg Olomouc_odj_FrLazne!
30.04.2024 12:11:11.753: Mažu nepoužitou msg Olomouc_odj_Praha!
30.04.2024 12:11:11.753: Mažu nepoužitou msg Olomouc_odj_CTesin!
30.04.2024 12:11:11.753: Mažu nepoužitou msg Olomouc_odj_Zilina!
30.04.2024 12:11:11.754: Mažu nepoužitou msg Olomouc_odj_Ostrava!
30.04.2024 12:11:11.754: Mažu nepoužitou msg Olomouc_odj_Bohumin!
30.04.2024 12:11:11.754: Mažu nepoužitou msg Pardubice_odj_FrLazne!
30.04.2024 12:11:11.754: Mažu nepoužitou msg Pardubice_odj_Praha!
30.04.2024 12:11:11.754: Mažu nepoužitou msg Pardubice_odj_CTesin!
30.04.2024 12:11:11.755: Mažu nepoužitou msg Pardubice_odj_Zilina!
30.04.2024 12:11:11.755: Mažu nepoužitou msg Pardubice_odj_Ostrava!
30.04.2024 12:11:11.755: Mažu nepoužitou msg Pardubice_odj_Bohumin!
30.04.2024 12:11:11.755: Mažu nepoužitou msg Plzen_odj_FrLazne!
30.04.2024 12:11:11.756: Mažu nepoužitou msg Plzen_odj_Bohumin!
30.04.2024 12:11:11.756: Mažu nepoužitou msg Praha_odj_FrLazne!
30.04.2024 12:11:11.756: Mažu nepoužitou msg Praha_odj_Bohumin_NACESTNA!
30.04.2024 12:11:11.756: Mažu nepoužitou msg Praha_odj_Bohumin!
30.04.2024 12:11:11.757: Mažu nepoužitou msg Praha_odj_CTesin!
30.04.2024 12:11:11.757: Mažu nepoužitou msg Praha_odj_Ostrava!
30.04.2024 12:11:11.757: Mažu nepoužitou msg Praha_odj_Zilina!
30.04.2024 12:11:11.757: Mažu nepoužitou msg OStodolni_odj_CTesin!
30.04.2024 12:11:11.757: Mažu nepoužitou msg OStodolni_odj_Zilina!
30.04.2024 12:11:11.758: Mažu nepoužitou msg OSvinov_odj_Praha!
30.04.2024 12:11:11.758: Mažu nepoužitou msg OSvinov_odj_Praha_NACESTNA!
30.04.2024 12:11:11.758: Mažu nepoužitou msg OSvinov_odj_FrLazne!
30.04.2024 12:11:11.758: Mažu nepoužitou msg CTesin_odj_Praha!
30.04.2024 12:11:11.758: Mažu nepoužitou msg CTesin_odj_Praha_NACESTNA!
30.04.2024 12:11:11.758: Mažu nepoužitou msg CTesin_odj_Zilina!
30.04.2024 12:11:11.759: Mažu nepoužitou msg Trinec_odj_Praha!
30.04.2024 12:11:11.759: Mažu nepoužitou msg Trinec_odj_Zilina!
30.04.2024 12:11:11.759: Mažu nepoužitou msg Zilina_odj_Praha!
30.04.2024 12:11:11.759: Mažu nepoužitou msg Bohumin_KONECNA!
30.04.2024 12:11:11.759: Mažu nepoužitou msg CTesin_KONECNA!
30.04.2024 12:11:11.759: Mažu nepoužitou msg CTesin_PRIJ!
30.04.2024 12:11:11.760: Mažu nepoužitou msg FrLazne_KONECNA!
30.04.2024 12:11:11.760: Mažu nepoužitou msg Havirov_PRIJ!
30.04.2024 12:11:11.760: Mažu nepoužitou msg Cheb_PRIJ!
30.04.2024 12:11:11.760: Mažu nepoužitou msg MarLazne_PRIJ!
30.04.2024 12:11:11.761: Mažu nepoužitou msg Olomouc_PRIJ!
30.04.2024 12:11:11.761: Mažu nepoužitou msg OStodolni_PRIJ!
30.04.2024 12:11:11.761: Mažu nepoužitou msg OStodolni_PRIJ_od_Ziliny!
30.04.2024 12:11:11.761: Mažu nepoužitou msg Ostrava_PRIJ!
30.04.2024 12:11:11.762: Mažu nepoužitou msg Ostrava_KONECNA!
30.04.2024 12:11:11.762: Mažu nepoužitou msg OSvinov_PRIJ!
30.04.2024 12:11:11.762: Mažu nepoužitou msg OSvinov_PRIJ_od_Prahy!
30.04.2024 12:11:11.762: Mažu nepoužitou msg Pardubice_PRIJ!
30.04.2024 12:11:11.762: Mažu nepoužitou msg Plzen_PRIJ!
30.04.2024 12:11:11.763: Mažu nepoužitou msg Praha_PRIJ!
30.04.2024 12:11:11.763: Mažu nepoužitou msg Praha_KONECNA!
30.04.2024 12:11:11.763: Mažu nepoužitou msg Trinec_PRIJ!
30.04.2024 12:11:11.763: Mažu nepoužitou msg Zilina_KONECNA!
30.04.2024 12:11:11.763: Mažu nepoužitou msg OSvinov_odj_Plzen!
30.04.2024 12:11:11.763: Mažu nepoužitou msg Olomouc_odj_Plzen!
30.04.2024 12:11:11.763: Mažu nepoužitou msg Pardubice_odj_Plzen!
30.04.2024 12:11:11.764: Mažu nepoužitou msg Praha_odj_Ostrava_NACESTNA!
30.04.2024 12:11:11.764: Mažu nepoužitou msg Plzen_odj_Ostrava!
30.04.2024 12:11:11.764: Mažu nepoužitou msg PSmichov_odj_Plzen!
30.04.2024 12:11:11.764: Mažu nepoužitou msg PSmichov_odj_FrLazne!
30.04.2024 12:11:11.764: Mažu nepoužitou msg Plzen_KONECNA!
30.04.2024 12:11:11.764: Mažu nepoužitou msg Praha_PRIJ_od_Plzne!
30.04.2024 12:11:11.765: Mažu nepoužitou msg PSmichov_PRIJ_od_Plzne!
30.04.2024 12:11:11.765: Mažu nepoužitou msg PSmichov_PRIJ!
30.04.2024 12:11:11.765: Mažu nepoužitou msg wifi_nefunkcni!
30.04.2024 12:11:11.766: Mažu nepoužitou msg reg_service_purpose_stop!
30.04.2024 12:11:11.766: Mažu nepoužitou msg service_purpose_stop!
30.04.2024 12:11:11.767: Mažu nepoužitou msg ld_excp_stop!
30.04.2024 12:11:11.767: Mažu nepoužitou msg ld_delay_apology!
30.04.2024 12:11:11.768: Mažu nepoužitou msg excpt_route!
30.04.2024 12:11:11.768: Mažu nepoužitou msg replacement_bus!
30.04.2024 12:11:11.768: Mažu nepoužitou msg reg_broad_test!
30.04.2024 12:11:11.768: Mažu nepoužitou msg reg_children_day!
30.04.2024 12:11:11.769: Mažu nepoužitou msg reg_exposition!
30.04.2024 12:11:11.769: Mažu nepoužitou msg reg_railway_day!
30.04.2024 12:11:11.769: Mažu nepoužitou msg reg_subst_transport!
30.04.2024 12:11:11.769: Mažu nepoužitou msg reg_special_train!
30.04.2024 12:11:11.770: Mažu nepoužitou msg reg_reserved_car!
30.04.2024 12:11:11.770: Mažu nepoužitou msg reg_train_cleaning!
30.04.2024 12:11:11.770: Mažu nepoužitou msg reg_test_run!
30.04.2024 12:11:11.770: Mažu nepoužitou msg reg_train_shunting!
30.04.2024 12:11:11.771: Mažu nepoužitou msg reg_no_boarding!
30.04.2024 12:11:11.771: Mažu nepoužitou msg reg_end_subst_bus!
30.04.2024 12:11:11.771: Mažu nepoužitou msg reg_end_subus!
30.04.2024 12:11:11.772: Mažu nepoužitou msg reg_end_subst_train!
30.04.2024 12:11:11.772: Mažu nepoužitou msg except_bus!
30.04.2024 12:11:11.772: Mažu nepoužitou msg except_pass_s0_short!
30.04.2024 12:11:11.772: Mažu nepoužitou msg except_pass_p0_short!
30.04.2024 12:11:11.773: Mažu nepoužitou msg extra_change_1_short!
30.04.2024 12:11:11.773: Mažu nepoužitou msg extra_change_2_short!
30.04.2024 12:11:11.773: Mažu nepoužitou msg reg_self_service!
30.04.2024 12:11:11.773: Mažu nepoužitou msg reg_self_service_aut!
30.04.2024 12:11:11.774: Mažu nepoužitou msg reg_self_service_ozn!
30.04.2024 12:11:11.774: Mažu nepoužitou msg excpt-end!
30.04.2024 12:11:11.774: Mažu nepoužitou msg service_train!
30.04.2024 12:11:11.774: Mažu nepoužitou msg no_boarding!
30.04.2024 12:11:11.775: Mažu nepoužitou msg CD_welcome!
30.04.2024 12:11:11.775: Mažu nepoužitou msg shunting_warning!
30.04.2024 12:11:11.775: Mažu nepoužitou msg excpt_stop_track_condition!
30.04.2024 12:11:11.775: Mažu nepoužitou msg reg_excpt_stop_track_condition!
30.04.2024 12:11:11.775: Mažu nepoužitou msg get_off_left!
30.04.2024 12:11:11.775: Mažu nepoužitou msg get_off_right!
30.04.2024 12:11:11.775: Mažu nepoužitou msg reg_welcome!
30.04.2024 12:11:11.776: Mažu nepoužitou msg reg_thx!
30.04.2024 12:11:11.776: Mažu nepoužitou msg reg_no_rear_door!
30.04.2024 12:11:11.776: Mažu nepoužitou msg reg_get_off_left!
30.04.2024 12:11:11.776: Mažu nepoužitou msg reg_get_off_right!
30.04.2024 12:11:11.776: Mažu nepoužitou msg reg_boarding_end!
30.04.2024 12:11:11.777: Mažu nepoužitou msg reg_shunting_warn!
30.04.2024 12:11:11.777: Mažu nepoužitou msg reg_route_diversion!
30.04.2024 12:11:11.777: Mažu nepoužitou msg reg_clos_next_end_subst_bus!
30.04.2024 12:11:11.777: Mažu nepoužitou msg reg_excpt_end!
30.04.2024 12:11:11.778: Mažu nepoužitou msg reg_clos_next_end!
30.04.2024 12:11:11.778: Mažu nepoužitou msg reg_delay_closure!
30.04.2024 12:11:11.778: Mažu nepoužitou msg reg_delay_connection!
30.04.2024 12:11:11.779: Mažu nepoužitou msg reg_delay_car_malfunction!
30.04.2024 12:11:11.779: Mažu nepoužitou msg reg_delay_track_obstacle!
30.04.2024 12:11:11.780: Mažu nepoužitou msg reg_delay_crossing_accident!
30.04.2024 12:11:11.780: Mažu nepoužitou msg reg_delay_bad_weather!
30.04.2024 12:11:11.780: Mažu nepoužitou msg reg_delay_faster_train!
30.04.2024 12:11:11.780: Mažu nepoužitou msg reg_delay_opposite_train!
30.04.2024 12:11:11.780: Mažu nepoužitou msg planned_replacement_bus!
30.04.2024 12:11:11.781: Mažu nepoužitou msg planned_replacement_bus_short!
30.04.2024 12:11:11.781: Mažu nepoužitou msg except_route_s0!
30.04.2024 12:11:11.781: Mažu nepoužitou msg except_route_s0_short!
30.04.2024 12:11:11.781: Mažu nepoužitou msg except_route_p0!
30.04.2024 12:11:11.782: Mažu nepoužitou msg except_route_p0_short!
30.04.2024 12:11:11.782: Mažu nepoužitou msg except_route_ss!
30.04.2024 12:11:11.782: Mažu nepoužitou msg except_route_ss_short!
30.04.2024 12:11:11.782: Mažu nepoužitou msg except_route_sp!
30.04.2024 12:11:11.783: Mažu nepoužitou msg except_route_sp_short!
30.04.2024 12:11:11.783: Mažu nepoužitou msg except_route_ps!
30.04.2024 12:11:11.783: Mažu nepoužitou msg except_route_ps_short!
30.04.2024 12:11:11.783: Mažu nepoužitou msg except_route_pp!
30.04.2024 12:11:11.784: Mažu nepoužitou msg except_route_pp_short!
30.04.2024 12:11:11.784: Mažu nepoužitou msg except_end!
30.04.2024 12:11:11.784: Mažu nepoužitou msg except_end_short!
30.04.2024 12:11:11.785: Mažu nepoužitou msg except_end_station_bus!
30.04.2024 12:11:11.785: Mažu nepoužitou msg except_end_station_0!
30.04.2024 12:11:11.785: Mažu nepoužitou msg test_operation!
30.04.2024 12:11:11.789: Mažu nepoužitou msg vb_357_schwandorf!
30.04.2024 12:11:13.455: Ukládám vyčištěný soubor do "Out/Vozy/unipis.xml"...
30.04.2024 12:11:13.927: Soubor uložen úspěšně!
