08.01.2024 14:12:12.113: Mažu odkaz z vlaku 130:2 na nezahrnutý vlak 115:2!
08.01.2024 14:12:12.114: Mažu odkaz z vlaku 130:3 na nezahrnutý vlak 115:2!
08.01.2024 14:12:12.148: Mažu nepoužitý kalendář prazdniny!
08.01.2024 14:12:12.148: Mažu nepoužitý kalendář 2024-03-10/2024-03-10!
08.01.2024 14:12:12.148: Mažu nepoužitý kalendář 2024-03-17/2024-03-17!
08.01.2024 14:12:12.148: Mažu nepoužitý kalendář 2024-05-19/2024-05-19!
08.01.2024 14:12:12.149: Mažu nepoužitý kalendář 2024-01-21/2024-01-21!
08.01.2024 14:12:12.149: Mažu nepoužitý kalendář 2024-02-04/2024-02-04!
08.01.2024 14:12:12.150: Mažu nepoužitý kalendář 2024-03-11/2024-03-11!
08.01.2024 14:12:12.150: Mažu nepoužitý kalendář 2024-03-18/2024-03-18!
08.01.2024 14:12:12.150: Mažu nepoužitý kalendář 2024-05-20/2024-05-20!
08.01.2024 14:12:12.150: Mažu nepoužitý kalendář 2024-01-15/2024-01-15!
08.01.2024 14:12:12.150: Mažu nepoužitý kalendář 2024-01-22/2024-01-22!
08.01.2024 14:12:12.150: Mažu nepoužitý kalendář 2024-01-29/2024-01-29!
08.01.2024 14:12:12.150: Mažu nepoužitý kalendář 2024-02-05/2024-02-05!
08.01.2024 14:12:12.150: Mažu nepoužitý kalendář 2024-02-24/2024-02-24!
08.01.2024 14:12:12.151: Mažu nepoužitý kalendář 2023-12-27/2023-12-29!
08.01.2024 14:12:12.151: Mažu nepoužitý kalendář 2024-02-29/2024-03-03!
08.01.2024 14:12:12.151: Mažu nepoužitý kalendář 2023-12-10/2024-05-31!
08.01.2024 14:12:12.151: Mažu nepoužitý kalendář 2024-08-17/2024-12-14!
08.01.2024 14:12:12.151: Mažu nepoužitý kalendář 2024-06-01/2024-12-14!
08.01.2024 14:12:12.151: Mažu nepoužitý kalendář 2024-03-25/2024-05-28!
08.01.2024 14:12:12.151: Mažu nepoužitý kalendář 2023-12-10/2024-08-16!
08.01.2024 14:12:12.151: Mažu nepoužitý kalendář 2023-12-26/2024-01-02!
08.01.2024 14:12:12.151: Mažu nepoužitý kalendář 2024-03-26/2024-12-10!
08.01.2024 14:12:12.151: Mažu nepoužitý kalendář 2024-08-18/2024-12-13!
08.01.2024 14:12:12.151: Mažu nepoužitý kalendář 2024-01-03/2024-06-28!
08.01.2024 14:12:12.151: Mažu nepoužitý kalendář 2024-09-02/2024-12-13!
08.01.2024 14:12:12.151: Mažu nepoužitý kalendář 2023-12-27/2024-01-02!
08.01.2024 14:12:12.151: Mažu nepoužitý kalendář 2024-07-01/2024-08-30!
08.01.2024 14:12:12.170: Mažu nepoužitý announcement vb_357_schwandorf!
08.01.2024 14:12:12.171: Mažu prázdný announcement group Jen_do_trasy!
08.01.2024 14:12:12.171: Mažu nepoužitý announcement Bohumin_odj_FrLazne!
08.01.2024 14:12:12.171: Mažu nepoužitý announcement Bohumin_odj_Praha!
08.01.2024 14:12:12.171: Mažu nepoužitý announcement FrLazne_odj_Bohumin!
08.01.2024 14:12:12.171: Mažu nepoužitý announcement Havirov_odj_Praha!
08.01.2024 14:12:12.171: Mažu nepoužitý announcement Havirov_odj_CTesin!
08.01.2024 14:12:12.171: Mažu nepoužitý announcement Havirov_odj_Zilina!
08.01.2024 14:12:12.171: Mažu nepoužitý announcement Cheb_odj_Bohumin!
08.01.2024 14:12:12.171: Mažu nepoužitý announcement MarLazne_odj_FrLazne!
08.01.2024 14:12:12.171: Mažu nepoužitý announcement MarLazne_odj_Bohumin!
08.01.2024 14:12:12.171: Mažu nepoužitý announcement Olomouc_odj_FrLazne!
08.01.2024 14:12:12.171: Mažu nepoužitý announcement Olomouc_odj_Praha!
08.01.2024 14:12:12.171: Mažu nepoužitý announcement Olomouc_odj_CTesin!
08.01.2024 14:12:12.172: Mažu nepoužitý announcement Olomouc_odj_Zilina!
08.01.2024 14:12:12.172: Mažu nepoužitý announcement Olomouc_odj_Ostrava!
08.01.2024 14:12:12.172: Mažu nepoužitý announcement Olomouc_odj_Bohumin!
08.01.2024 14:12:12.172: Mažu nepoužitý announcement Pardubice_odj_FrLazne!
08.01.2024 14:12:12.172: Mažu nepoužitý announcement Pardubice_odj_Praha!
08.01.2024 14:12:12.172: Mažu nepoužitý announcement Pardubice_odj_CTesin!
08.01.2024 14:12:12.172: Mažu nepoužitý announcement Pardubice_odj_Zilina!
08.01.2024 14:12:12.172: Mažu nepoužitý announcement Pardubice_odj_Ostrava!
08.01.2024 14:12:12.172: Mažu nepoužitý announcement Pardubice_odj_Bohumin!
08.01.2024 14:12:12.172: Mažu nepoužitý announcement Plzen_odj_FrLazne!
08.01.2024 14:12:12.172: Mažu nepoužitý announcement Plzen_odj_Bohumin!
08.01.2024 14:12:12.172: Mažu nepoužitý announcement Praha_odj_FrLazne!
08.01.2024 14:12:12.172: Mažu nepoužitý announcement Praha_odj_Bohumin_NACESTNA!
08.01.2024 14:12:12.172: Mažu nepoužitý announcement Praha_odj_Bohumin!
08.01.2024 14:12:12.172: Mažu nepoužitý announcement Praha_odj_CTesin!
08.01.2024 14:12:12.172: Mažu nepoužitý announcement Praha_odj_Ostrava!
08.01.2024 14:12:12.172: Mažu nepoužitý announcement Praha_odj_Zilina!
08.01.2024 14:12:12.172: Mažu nepoužitý announcement OStodolni_odj_CTesin!
08.01.2024 14:12:12.172: Mažu nepoužitý announcement OStodolni_odj_Zilina!
08.01.2024 14:12:12.172: Mažu nepoužitý announcement OSvinov_odj_Praha!
08.01.2024 14:12:12.172: Mažu nepoužitý announcement OSvinov_odj_Praha_NACESTNA!
08.01.2024 14:12:12.173: Mažu nepoužitý announcement OSvinov_odj_FrLazne!
08.01.2024 14:12:12.173: Mažu nepoužitý announcement CTesin_odj_Praha!
08.01.2024 14:12:12.173: Mažu nepoužitý announcement CTesin_odj_Praha_NACESTNA!
08.01.2024 14:12:12.173: Mažu nepoužitý announcement CTesin_odj_Zilina!
08.01.2024 14:12:12.173: Mažu nepoužitý announcement Trinec_odj_Praha!
08.01.2024 14:12:12.173: Mažu nepoužitý announcement Trinec_odj_Zilina!
08.01.2024 14:12:12.173: Mažu nepoužitý announcement Zilina_odj_Praha!
08.01.2024 14:12:12.173: Mažu nepoužitý announcement Bohumin_KONECNA!
08.01.2024 14:12:12.173: Mažu nepoužitý announcement CTesin_KONECNA!
08.01.2024 14:12:12.173: Mažu nepoužitý announcement CTesin_PRIJ!
08.01.2024 14:12:12.173: Mažu nepoužitý announcement FrLazne_KONECNA!
08.01.2024 14:12:12.173: Mažu nepoužitý announcement Havirov_PRIJ!
08.01.2024 14:12:12.173: Mažu nepoužitý announcement Cheb_PRIJ!
08.01.2024 14:12:12.173: Mažu nepoužitý announcement MarLazne_PRIJ!
08.01.2024 14:12:12.173: Mažu nepoužitý announcement Olomouc_PRIJ!
08.01.2024 14:12:12.173: Mažu nepoužitý announcement OStodolni_PRIJ!
08.01.2024 14:12:12.173: Mažu nepoužitý announcement OStodolni_PRIJ_od_Ziliny!
08.01.2024 14:12:12.173: Mažu nepoužitý announcement Ostrava_PRIJ!
08.01.2024 14:12:12.173: Mažu nepoužitý announcement Ostrava_KONECNA!
08.01.2024 14:12:12.173: Mažu nepoužitý announcement OSvinov_PRIJ!
08.01.2024 14:12:12.173: Mažu nepoužitý announcement OSvinov_PRIJ_od_Prahy!
08.01.2024 14:12:12.173: Mažu nepoužitý announcement Pardubice_PRIJ!
08.01.2024 14:12:12.174: Mažu nepoužitý announcement Plzen_PRIJ!
08.01.2024 14:12:12.174: Mažu nepoužitý announcement Praha_PRIJ!
08.01.2024 14:12:12.174: Mažu nepoužitý announcement Praha_KONECNA!
08.01.2024 14:12:12.174: Mažu nepoužitý announcement Trinec_PRIJ!
08.01.2024 14:12:12.174: Mažu nepoužitý announcement Zilina_KONECNA!
08.01.2024 14:12:12.174: Mažu nepoužitý announcement OSvinov_odj_Plzen!
08.01.2024 14:12:12.174: Mažu nepoužitý announcement Olomouc_odj_Plzen!
08.01.2024 14:12:12.174: Mažu nepoužitý announcement Pardubice_odj_Plzen!
08.01.2024 14:12:12.174: Mažu nepoužitý announcement Praha_odj_Ostrava_NACESTNA!
08.01.2024 14:12:12.174: Mažu nepoužitý announcement Plzen_odj_Ostrava!
08.01.2024 14:12:12.174: Mažu nepoužitý announcement Plzen_KONECNA!
08.01.2024 14:12:12.174: Mažu nepoužitý announcement Praha_odj_Plzen!
08.01.2024 14:12:12.174: Mažu nepoužitý announcement PSmichov_odj_Plzen!
08.01.2024 14:12:12.174: Mažu nepoužitý announcement PSmichov_odj_FrLazne!
08.01.2024 14:12:12.174: Mažu nepoužitý announcement Praha_PRIJ_od_Plzne!
08.01.2024 14:12:12.174: Mažu nepoužitý announcement PSmichov_PRIJ_od_Plzne!
08.01.2024 14:12:12.174: Mažu nepoužitý announcement PSmichov_PRIJ!
08.01.2024 14:12:12.174: Mažu nepoužitý announcement 680_snidane_1!
08.01.2024 14:12:12.174: Mažu nepoužitý announcement 680_obed_1!
08.01.2024 14:12:12.174: Mažu nepoužitý announcement 680_odpoledne_1!
08.01.2024 14:12:12.174: Mažu prázdný announcement group pendolino_dopravni!
08.01.2024 14:12:12.175: Mažu nepoužitý announcement 680_no_boarding!
08.01.2024 14:12:12.175: Mažu nepoužitý announcement 680_special_train!
08.01.2024 14:12:12.175: Mažu nepoužitý announcement 680_cleaning!
08.01.2024 14:12:12.175: Mažu nepoužitý announcement 680_shunting!
08.01.2024 14:12:12.175: Mažu nepoužitý announcement 680_test_run!
08.01.2024 14:12:12.175: Mažu nepoužitý announcement 680_excpt_stop_track_condition!
08.01.2024 14:12:12.175: Mažu nepoužitý announcement 680_clos_next_end_subst_bus!
08.01.2024 14:12:12.175: Mažu nepoužitý announcement 680_end_subus!
08.01.2024 14:12:12.175: Mažu nepoužitý announcement 680_clos_next_end!
08.01.2024 14:12:12.175: Mažu nepoužitý announcement 680_excpt_end!
08.01.2024 14:12:12.175: Mažu nepoužitý announcement 680_route_diversion!
08.01.2024 14:12:12.175: Mažu nepoužitý announcement 680_end_subst_train!
08.01.2024 14:12:12.175: Mažu nepoužitý announcement 680_delay_closure!
08.01.2024 14:12:12.175: Mažu nepoužitý announcement 680_delay_connection!
08.01.2024 14:12:12.175: Mažu nepoužitý announcement 680_delay_opposite_train!
08.01.2024 14:12:12.175: Mažu nepoužitý announcement 680_delay_car_malfunction!
08.01.2024 14:12:12.175: Mažu nepoužitý announcement 680_delay_track_obstacle!
08.01.2024 14:12:12.175: Mažu nepoužitý announcement 680_delay_bad_weather!
08.01.2024 14:12:12.175: Mažu nepoužitý announcement 680_delay_crossing_accident!
08.01.2024 14:12:12.175: Mažu nepoužitý announcement 680_shunting_warn!
08.01.2024 14:12:12.175: Mažu nepoužitý announcement 680_minibar!
08.01.2024 14:12:12.176: Mažu prázdný announcement group pendolino_mimoradna!
08.01.2024 14:12:12.176: Mažu nepoužitou msg Bohumin_odj_FrLazne!
08.01.2024 14:12:12.176: Mažu nepoužitou msg Bohumin_odj_Praha!
08.01.2024 14:12:12.176: Mažu nepoužitou msg FrLazne_odj_Bohumin!
08.01.2024 14:12:12.176: Mažu nepoužitou msg Havirov_odj_Praha!
08.01.2024 14:12:12.176: Mažu nepoužitou msg Havirov_odj_Zilina!
08.01.2024 14:12:12.176: Mažu nepoužitou msg Cheb_odj_Bohumin!
08.01.2024 14:12:12.176: Mažu nepoužitou msg MarLazne_odj_FrLazne!
08.01.2024 14:12:12.176: Mažu nepoužitou msg MarLazne_odj_Bohumin!
08.01.2024 14:12:12.176: Mažu nepoužitou msg Olomouc_odj_FrLazne!
08.01.2024 14:12:12.176: Mažu nepoužitou msg Olomouc_odj_Praha!
08.01.2024 14:12:12.176: Mažu nepoužitou msg Olomouc_odj_CTesin!
08.01.2024 14:12:12.177: Mažu nepoužitou msg Olomouc_odj_Zilina!
08.01.2024 14:12:12.177: Mažu nepoužitou msg Olomouc_odj_Ostrava!
08.01.2024 14:12:12.177: Mažu nepoužitou msg Olomouc_odj_Bohumin!
08.01.2024 14:12:12.177: Mažu nepoužitou msg Pardubice_odj_FrLazne!
08.01.2024 14:12:12.177: Mažu nepoužitou msg Pardubice_odj_Praha!
08.01.2024 14:12:12.177: Mažu nepoužitou msg Pardubice_odj_CTesin!
08.01.2024 14:12:12.177: Mažu nepoužitou msg Pardubice_odj_Zilina!
08.01.2024 14:12:12.177: Mažu nepoužitou msg Pardubice_odj_Ostrava!
08.01.2024 14:12:12.177: Mažu nepoužitou msg Pardubice_odj_Bohumin!
08.01.2024 14:12:12.177: Mažu nepoužitou msg Plzen_odj_FrLazne!
08.01.2024 14:12:12.177: Mažu nepoužitou msg Plzen_odj_Bohumin!
08.01.2024 14:12:12.178: Mažu nepoužitou msg Praha_odj_FrLazne!
08.01.2024 14:12:12.178: Mažu nepoužitou msg Praha_odj_Bohumin_NACESTNA!
08.01.2024 14:12:12.178: Mažu nepoužitou msg Praha_odj_Bohumin!
08.01.2024 14:12:12.178: Mažu nepoužitou msg Praha_odj_CTesin!
08.01.2024 14:12:12.178: Mažu nepoužitou msg Praha_odj_Ostrava!
08.01.2024 14:12:12.178: Mažu nepoužitou msg Praha_odj_Zilina!
08.01.2024 14:12:12.178: Mažu nepoužitou msg OStodolni_odj_CTesin!
08.01.2024 14:12:12.178: Mažu nepoužitou msg OStodolni_odj_Zilina!
08.01.2024 14:12:12.178: Mažu nepoužitou msg OSvinov_odj_Praha!
08.01.2024 14:12:12.178: Mažu nepoužitou msg OSvinov_odj_Praha_NACESTNA!
08.01.2024 14:12:12.178: Mažu nepoužitou msg OSvinov_odj_FrLazne!
08.01.2024 14:12:12.178: Mažu nepoužitou msg CTesin_odj_Praha!
08.01.2024 14:12:12.178: Mažu nepoužitou msg CTesin_odj_Praha_NACESTNA!
08.01.2024 14:12:12.179: Mažu nepoužitou msg CTesin_odj_Zilina!
08.01.2024 14:12:12.179: Mažu nepoužitou msg Trinec_odj_Praha!
08.01.2024 14:12:12.179: Mažu nepoužitou msg Trinec_odj_Zilina!
08.01.2024 14:12:12.179: Mažu nepoužitou msg Zilina_odj_Praha!
08.01.2024 14:12:12.179: Mažu nepoužitou msg Bohumin_KONECNA!
08.01.2024 14:12:12.179: Mažu nepoužitou msg CTesin_KONECNA!
08.01.2024 14:12:12.179: Mažu nepoužitou msg CTesin_PRIJ!
08.01.2024 14:12:12.179: Mažu nepoužitou msg FrLazne_KONECNA!
08.01.2024 14:12:12.179: Mažu nepoužitou msg Havirov_PRIJ!
08.01.2024 14:12:12.179: Mažu nepoužitou msg Cheb_PRIJ!
08.01.2024 14:12:12.179: Mažu nepoužitou msg MarLazne_PRIJ!
08.01.2024 14:12:12.179: Mažu nepoužitou msg Olomouc_PRIJ!
08.01.2024 14:12:12.179: Mažu nepoužitou msg OStodolni_PRIJ!
08.01.2024 14:12:12.179: Mažu nepoužitou msg OStodolni_PRIJ_od_Ziliny!
08.01.2024 14:12:12.180: Mažu nepoužitou msg Ostrava_PRIJ!
08.01.2024 14:12:12.180: Mažu nepoužitou msg Ostrava_KONECNA!
08.01.2024 14:12:12.180: Mažu nepoužitou msg OSvinov_PRIJ!
08.01.2024 14:12:12.180: Mažu nepoužitou msg OSvinov_PRIJ_od_Prahy!
08.01.2024 14:12:12.180: Mažu nepoužitou msg Pardubice_PRIJ!
08.01.2024 14:12:12.180: Mažu nepoužitou msg Plzen_PRIJ!
08.01.2024 14:12:12.180: Mažu nepoužitou msg Praha_PRIJ!
08.01.2024 14:12:12.180: Mažu nepoužitou msg Praha_KONECNA!
08.01.2024 14:12:12.180: Mažu nepoužitou msg Trinec_PRIJ!
08.01.2024 14:12:12.180: Mažu nepoužitou msg Zilina_KONECNA!
08.01.2024 14:12:12.180: Mažu nepoužitou msg OSvinov_odj_Plzen!
08.01.2024 14:12:12.180: Mažu nepoužitou msg Olomouc_odj_Plzen!
08.01.2024 14:12:12.180: Mažu nepoužitou msg Pardubice_odj_Plzen!
08.01.2024 14:12:12.180: Mažu nepoužitou msg Praha_odj_Ostrava_NACESTNA!
08.01.2024 14:12:12.180: Mažu nepoužitou msg Plzen_odj_Ostrava!
08.01.2024 14:12:12.180: Mažu nepoužitou msg PSmichov_odj_Plzen!
08.01.2024 14:12:12.180: Mažu nepoužitou msg PSmichov_odj_FrLazne!
08.01.2024 14:12:12.181: Mažu nepoužitou msg Plzen_KONECNA!
08.01.2024 14:12:12.181: Mažu nepoužitou msg Praha_PRIJ_od_Plzne!
08.01.2024 14:12:12.181: Mažu nepoužitou msg PSmichov_PRIJ_od_Plzne!
08.01.2024 14:12:12.181: Mažu nepoužitou msg PSmichov_PRIJ!
08.01.2024 14:12:12.181: Mažu nepoužitou msg wifi_nefunkcni!
08.01.2024 14:12:12.181: Mažu nepoužitou msg reg_service_purpose_stop!
08.01.2024 14:12:12.181: Mažu nepoužitou msg service_purpose_stop!
08.01.2024 14:12:12.182: Mažu nepoužitou msg ld_excp_stop!
08.01.2024 14:12:12.182: Mažu nepoužitou msg ld_delay_apology!
08.01.2024 14:12:12.182: Mažu nepoužitou msg excpt_route!
08.01.2024 14:12:12.182: Mažu nepoužitou msg replacement_bus!
08.01.2024 14:12:12.182: Mažu nepoužitou msg reg_broad_test!
08.01.2024 14:12:12.182: Mažu nepoužitou msg reg_children_day!
08.01.2024 14:12:12.182: Mažu nepoužitou msg reg_exposition!
08.01.2024 14:12:12.182: Mažu nepoužitou msg reg_railway_day!
08.01.2024 14:12:12.182: Mažu nepoužitou msg reg_subst_transport!
08.01.2024 14:12:12.182: Mažu nepoužitou msg reg_special_train!
08.01.2024 14:12:12.182: Mažu nepoužitou msg reg_reserved_car!
08.01.2024 14:12:12.182: Mažu nepoužitou msg reg_train_cleaning!
08.01.2024 14:12:12.182: Mažu nepoužitou msg reg_test_run!
08.01.2024 14:12:12.182: Mažu nepoužitou msg reg_train_shunting!
08.01.2024 14:12:12.182: Mažu nepoužitou msg reg_no_boarding!
08.01.2024 14:12:12.183: Mažu nepoužitou msg reg_end_subst_bus!
08.01.2024 14:12:12.183: Mažu nepoužitou msg reg_end_subus!
08.01.2024 14:12:12.183: Mažu nepoužitou msg reg_end_subst_train!
08.01.2024 14:12:12.183: Mažu nepoužitou msg except_bus!
08.01.2024 14:12:12.183: Mažu nepoužitou msg except_pass_s0_short!
08.01.2024 14:12:12.183: Mažu nepoužitou msg except_pass_p0_short!
08.01.2024 14:12:12.183: Mažu nepoužitou msg extra_change_1_short!
08.01.2024 14:12:12.183: Mažu nepoužitou msg extra_change_2_short!
08.01.2024 14:12:12.183: Mažu nepoužitou msg reg_self_service!
08.01.2024 14:12:12.183: Mažu nepoužitou msg reg_self_service_aut!
08.01.2024 14:12:12.184: Mažu nepoužitou msg reg_self_service_ozn!
08.01.2024 14:12:12.184: Mažu nepoužitou msg excpt-end!
08.01.2024 14:12:12.184: Mažu nepoužitou msg service_train!
08.01.2024 14:12:12.184: Mažu nepoužitou msg no_boarding!
08.01.2024 14:12:12.184: Mažu nepoužitou msg CD_welcome!
08.01.2024 14:12:12.184: Mažu nepoužitou msg shunting_warning!
08.01.2024 14:12:12.184: Mažu nepoužitou msg excpt_stop_track_condition!
08.01.2024 14:12:12.184: Mažu nepoužitou msg reg_excpt_stop_track_condition!
08.01.2024 14:12:12.184: Mažu nepoužitou msg get_off_left!
08.01.2024 14:12:12.184: Mažu nepoužitou msg get_off_right!
08.01.2024 14:12:12.184: Mažu nepoužitou msg reg_welcome!
08.01.2024 14:12:12.184: Mažu nepoužitou msg reg_thx!
08.01.2024 14:12:12.184: Mažu nepoužitou msg reg_no_rear_door!
08.01.2024 14:12:12.184: Mažu nepoužitou msg reg_get_off_left!
08.01.2024 14:12:12.184: Mažu nepoužitou msg reg_get_off_right!
08.01.2024 14:12:12.185: Mažu nepoužitou msg reg_boarding_end!
08.01.2024 14:12:12.185: Mažu nepoužitou msg reg_shunting_warn!
08.01.2024 14:12:12.185: Mažu nepoužitou msg reg_route_diversion!
08.01.2024 14:12:12.185: Mažu nepoužitou msg reg_clos_next_end_subst_bus!
08.01.2024 14:12:12.185: Mažu nepoužitou msg reg_excpt_end!
08.01.2024 14:12:12.185: Mažu nepoužitou msg reg_clos_next_end!
08.01.2024 14:12:12.185: Mažu nepoužitou msg reg_delay_closure!
08.01.2024 14:12:12.185: Mažu nepoužitou msg reg_delay_connection!
08.01.2024 14:12:12.185: Mažu nepoužitou msg reg_delay_car_malfunction!
08.01.2024 14:12:12.185: Mažu nepoužitou msg reg_delay_track_obstacle!
08.01.2024 14:12:12.185: Mažu nepoužitou msg reg_delay_crossing_accident!
08.01.2024 14:12:12.185: Mažu nepoužitou msg reg_delay_bad_weather!
08.01.2024 14:12:12.185: Mažu nepoužitou msg reg_delay_faster_train!
08.01.2024 14:12:12.185: Mažu nepoužitou msg reg_delay_opposite_train!
08.01.2024 14:12:12.185: Mažu nepoužitou msg planned_replacement_bus!
08.01.2024 14:12:12.185: Mažu nepoužitou msg planned_replacement_bus_short!
08.01.2024 14:12:12.185: Mažu nepoužitou msg except_route_s0!
08.01.2024 14:12:12.186: Mažu nepoužitou msg except_route_s0_short!
08.01.2024 14:12:12.186: Mažu nepoužitou msg except_route_p0!
08.01.2024 14:12:12.186: Mažu nepoužitou msg except_route_p0_short!
08.01.2024 14:12:12.186: Mažu nepoužitou msg except_route_ss!
08.01.2024 14:12:12.186: Mažu nepoužitou msg except_route_ss_short!
08.01.2024 14:12:12.186: Mažu nepoužitou msg except_route_sp!
08.01.2024 14:12:12.186: Mažu nepoužitou msg except_route_sp_short!
08.01.2024 14:12:12.186: Mažu nepoužitou msg except_route_ps!
08.01.2024 14:12:12.186: Mažu nepoužitou msg except_route_ps_short!
08.01.2024 14:12:12.186: Mažu nepoužitou msg except_route_pp!
08.01.2024 14:12:12.186: Mažu nepoužitou msg except_route_pp_short!
08.01.2024 14:12:12.186: Mažu nepoužitou msg except_end!
08.01.2024 14:12:12.186: Mažu nepoužitou msg except_end_short!
08.01.2024 14:12:12.186: Mažu nepoužitou msg except_end_station_bus!
08.01.2024 14:12:12.186: Mažu nepoužitou msg except_end_station_0!
08.01.2024 14:12:12.187: Mažu nepoužitou msg test_operation!
08.01.2024 14:12:12.189: Mažu nepoužitou msg vb_357_schwandorf!
08.01.2024 14:12:13.042: Ukládám vyčištěný soubor do "Out/Vozy/unipis.xml"...
08.01.2024 14:12:13.473: Soubor uložen úspěšně!
