20.05.2024 12:00:46.428: Mažu nepoužitý kalendář prazdniny!
20.05.2024 12:00:46.431: Mažu nepoužitý kalendář 2024-03-10/2024-03-10!
20.05.2024 12:00:46.432: Mažu nepoužitý kalendář 2024-03-17/2024-03-17!
20.05.2024 12:00:46.432: Mažu nepoužitý kalendář 2024-05-19/2024-05-19!
20.05.2024 12:00:46.432: Mažu nepoužitý kalendář 2024-01-21/2024-01-21!
20.05.2024 12:00:46.433: Mažu nepoužitý kalendář 2024-02-04/2024-02-04!
20.05.2024 12:00:46.433: Mažu nepoužitý kalendář 2024-03-11/2024-03-11!
20.05.2024 12:00:46.433: Mažu nepoužitý kalendář 2024-03-18/2024-03-18!
20.05.2024 12:00:46.433: Mažu nepoužitý kalendář 2024-05-20/2024-05-20!
20.05.2024 12:00:46.434: Mažu nepoužitý kalendář 2024-01-15/2024-01-15!
20.05.2024 12:00:46.434: Mažu nepoužitý kalendář 2024-01-22/2024-01-22!
20.05.2024 12:00:46.434: Mažu nepoužitý kalendář 2024-01-29/2024-01-29!
20.05.2024 12:00:46.434: Mažu nepoužitý kalendář 2024-02-05/2024-02-05!
20.05.2024 12:00:46.434: Mažu nepoužitý kalendář 2024-02-24/2024-02-24!
20.05.2024 12:00:46.434: Mažu nepoužitý kalendář 2023-12-27/2023-12-29!
20.05.2024 12:00:46.435: Mažu nepoužitý kalendář 2024-02-29/2024-03-03!
20.05.2024 12:00:46.435: Mažu nepoužitý kalendář 2023-12-10/2024-05-31!
20.05.2024 12:00:46.435: Mažu nepoužitý kalendář 2024-08-17/2024-12-14!
20.05.2024 12:00:46.435: Mažu nepoužitý kalendář 2024-06-01/2024-12-14!
20.05.2024 12:00:46.435: Mažu nepoužitý kalendář 2024-03-25/2024-05-28!
20.05.2024 12:00:46.435: Mažu nepoužitý kalendář 2023-12-10/2024-08-16!
20.05.2024 12:00:46.435: Mažu nepoužitý kalendář 2023-12-26/2024-01-02!
20.05.2024 12:00:46.435: Mažu nepoužitý kalendář 2024-03-26/2024-12-10!
20.05.2024 12:00:46.435: Mažu nepoužitý kalendář 2024-08-18/2024-12-13!
20.05.2024 12:00:46.435: Mažu nepoužitý kalendář 2024-01-03/2024-06-28!
20.05.2024 12:00:46.436: Mažu nepoužitý kalendář 2024-09-02/2024-12-13!
20.05.2024 12:00:46.436: Mažu nepoužitý kalendář 2023-12-27/2024-01-02!
20.05.2024 12:00:46.436: Mažu nepoužitý kalendář 2024-07-01/2024-08-30!
20.05.2024 12:00:46.451: Mažu nepoužitý announcement vb_357_schwandorf!
20.05.2024 12:00:46.452: Mažu prázdný announcement group Jen_do_trasy!
20.05.2024 12:00:46.452: Mažu nepoužitý announcement Bohumin_odj_FrLazne!
20.05.2024 12:00:46.454: Mažu nepoužitý announcement Bohumin_odj_Praha!
20.05.2024 12:00:46.454: Mažu nepoužitý announcement FrLazne_odj_Bohumin!
20.05.2024 12:00:46.454: Mažu nepoužitý announcement Havirov_odj_Praha!
20.05.2024 12:00:46.455: Mažu nepoužitý announcement Havirov_odj_CTesin!
20.05.2024 12:00:46.455: Mažu nepoužitý announcement Havirov_odj_Zilina!
20.05.2024 12:00:46.456: Mažu nepoužitý announcement Cheb_odj_Bohumin!
20.05.2024 12:00:46.456: Mažu nepoužitý announcement MarLazne_odj_FrLazne!
20.05.2024 12:00:46.457: Mažu nepoužitý announcement MarLazne_odj_Bohumin!
20.05.2024 12:00:46.457: Mažu nepoužitý announcement Olomouc_odj_FrLazne!
20.05.2024 12:00:46.458: Mažu nepoužitý announcement Olomouc_odj_Praha!
20.05.2024 12:00:46.458: Mažu nepoužitý announcement Olomouc_odj_CTesin!
20.05.2024 12:00:46.459: Mažu nepoužitý announcement Olomouc_odj_Zilina!
20.05.2024 12:00:46.460: Mažu nepoužitý announcement Olomouc_odj_Ostrava!
20.05.2024 12:00:46.460: Mažu nepoužitý announcement Olomouc_odj_Bohumin!
20.05.2024 12:00:46.461: Mažu nepoužitý announcement Pardubice_odj_FrLazne!
20.05.2024 12:00:46.461: Mažu nepoužitý announcement Pardubice_odj_Praha!
20.05.2024 12:00:46.461: Mažu nepoužitý announcement Pardubice_odj_CTesin!
20.05.2024 12:00:46.461: Mažu nepoužitý announcement Pardubice_odj_Zilina!
20.05.2024 12:00:46.464: Mažu nepoužitý announcement Pardubice_odj_Ostrava!
20.05.2024 12:00:46.465: Mažu nepoužitý announcement Pardubice_odj_Bohumin!
20.05.2024 12:00:46.466: Mažu nepoužitý announcement Plzen_odj_FrLazne!
20.05.2024 12:00:46.466: Mažu nepoužitý announcement Plzen_odj_Bohumin!
20.05.2024 12:00:46.466: Mažu nepoužitý announcement Praha_odj_FrLazne!
20.05.2024 12:00:46.466: Mažu nepoužitý announcement Praha_odj_Bohumin_NACESTNA!
20.05.2024 12:00:46.467: Mažu nepoužitý announcement Praha_odj_Bohumin!
20.05.2024 12:00:46.467: Mažu nepoužitý announcement Praha_odj_CTesin!
20.05.2024 12:00:46.467: Mažu nepoužitý announcement Praha_odj_Ostrava!
20.05.2024 12:00:46.467: Mažu nepoužitý announcement Praha_odj_Zilina!
20.05.2024 12:00:46.468: Mažu nepoužitý announcement OStodolni_odj_CTesin!
20.05.2024 12:00:46.468: Mažu nepoužitý announcement OStodolni_odj_Zilina!
20.05.2024 12:00:46.468: Mažu nepoužitý announcement OSvinov_odj_Praha!
20.05.2024 12:00:46.468: Mažu nepoužitý announcement OSvinov_odj_Praha_NACESTNA!
20.05.2024 12:00:46.469: Mažu nepoužitý announcement OSvinov_odj_FrLazne!
20.05.2024 12:00:46.469: Mažu nepoužitý announcement CTesin_odj_Praha!
20.05.2024 12:00:46.469: Mažu nepoužitý announcement CTesin_odj_Praha_NACESTNA!
20.05.2024 12:00:46.469: Mažu nepoužitý announcement CTesin_odj_Zilina!
20.05.2024 12:00:46.470: Mažu nepoužitý announcement Trinec_odj_Praha!
20.05.2024 12:00:46.470: Mažu nepoužitý announcement Trinec_odj_Zilina!
20.05.2024 12:00:46.470: Mažu nepoužitý announcement Zilina_odj_Praha!
20.05.2024 12:00:46.470: Mažu nepoužitý announcement Bohumin_KONECNA!
20.05.2024 12:00:46.471: Mažu nepoužitý announcement CTesin_KONECNA!
20.05.2024 12:00:46.471: Mažu nepoužitý announcement CTesin_PRIJ!
20.05.2024 12:00:46.471: Mažu nepoužitý announcement FrLazne_KONECNA!
20.05.2024 12:00:46.471: Mažu nepoužitý announcement Havirov_PRIJ!
20.05.2024 12:00:46.472: Mažu nepoužitý announcement Cheb_PRIJ!
20.05.2024 12:00:46.472: Mažu nepoužitý announcement MarLazne_PRIJ!
20.05.2024 12:00:46.472: Mažu nepoužitý announcement Olomouc_PRIJ!
20.05.2024 12:00:46.472: Mažu nepoužitý announcement OStodolni_PRIJ!
20.05.2024 12:00:46.473: Mažu nepoužitý announcement OStodolni_PRIJ_od_Ziliny!
20.05.2024 12:00:46.473: Mažu nepoužitý announcement Ostrava_PRIJ!
20.05.2024 12:00:46.473: Mažu nepoužitý announcement Ostrava_KONECNA!
20.05.2024 12:00:46.473: Mažu nepoužitý announcement OSvinov_PRIJ!
20.05.2024 12:00:46.474: Mažu nepoužitý announcement OSvinov_PRIJ_od_Prahy!
20.05.2024 12:00:46.474: Mažu nepoužitý announcement Pardubice_PRIJ!
20.05.2024 12:00:46.474: Mažu nepoužitý announcement Plzen_PRIJ!
20.05.2024 12:00:46.475: Mažu nepoužitý announcement Praha_PRIJ!
20.05.2024 12:00:46.475: Mažu nepoužitý announcement Praha_KONECNA!
20.05.2024 12:00:46.475: Mažu nepoužitý announcement Trinec_PRIJ!
20.05.2024 12:00:46.476: Mažu nepoužitý announcement Zilina_KONECNA!
20.05.2024 12:00:46.476: Mažu nepoužitý announcement OSvinov_odj_Plzen!
20.05.2024 12:00:46.476: Mažu nepoužitý announcement Olomouc_odj_Plzen!
20.05.2024 12:00:46.476: Mažu nepoužitý announcement Pardubice_odj_Plzen!
20.05.2024 12:00:46.477: Mažu nepoužitý announcement Praha_odj_Ostrava_NACESTNA!
20.05.2024 12:00:46.477: Mažu nepoužitý announcement Plzen_odj_Ostrava!
20.05.2024 12:00:46.477: Mažu nepoužitý announcement Plzen_KONECNA!
20.05.2024 12:00:46.477: Mažu nepoužitý announcement Praha_odj_Plzen!
20.05.2024 12:00:46.478: Mažu nepoužitý announcement PSmichov_odj_Plzen!
20.05.2024 12:00:46.478: Mažu nepoužitý announcement PSmichov_odj_FrLazne!
20.05.2024 12:00:46.478: Mažu nepoužitý announcement Praha_PRIJ_od_Plzne!
20.05.2024 12:00:46.479: Mažu nepoužitý announcement PSmichov_PRIJ_od_Plzne!
20.05.2024 12:00:46.479: Mažu nepoužitý announcement PSmichov_PRIJ!
20.05.2024 12:00:46.479: Mažu nepoužitý announcement 680_snidane_1!
20.05.2024 12:00:46.480: Mažu nepoužitý announcement 680_obed_1!
20.05.2024 12:00:46.480: Mažu nepoužitý announcement 680_odpoledne_1!
20.05.2024 12:00:46.480: Mažu prázdný announcement group pendolino_dopravni!
20.05.2024 12:00:46.481: Mažu nepoužitý announcement 680_no_boarding!
20.05.2024 12:00:46.481: Mažu nepoužitý announcement 680_special_train!
20.05.2024 12:00:46.481: Mažu nepoužitý announcement 680_cleaning!
20.05.2024 12:00:46.482: Mažu nepoužitý announcement 680_shunting!
20.05.2024 12:00:46.482: Mažu nepoužitý announcement 680_test_run!
20.05.2024 12:00:46.482: Mažu nepoužitý announcement 680_excpt_stop_track_condition!
20.05.2024 12:00:46.482: Mažu nepoužitý announcement 680_clos_next_end_subst_bus!
20.05.2024 12:00:46.483: Mažu nepoužitý announcement 680_end_subus!
20.05.2024 12:00:46.483: Mažu nepoužitý announcement 680_clos_next_end!
20.05.2024 12:00:46.483: Mažu nepoužitý announcement 680_excpt_end!
20.05.2024 12:00:46.483: Mažu nepoužitý announcement 680_route_diversion!
20.05.2024 12:00:46.486: Mažu nepoužitý announcement 680_end_subst_train!
20.05.2024 12:00:46.487: Mažu nepoužitý announcement 680_delay_closure!
20.05.2024 12:00:46.487: Mažu nepoužitý announcement 680_delay_connection!
20.05.2024 12:00:46.487: Mažu nepoužitý announcement 680_delay_opposite_train!
20.05.2024 12:00:46.487: Mažu nepoužitý announcement 680_delay_car_malfunction!
20.05.2024 12:00:46.488: Mažu nepoužitý announcement 680_delay_track_obstacle!
20.05.2024 12:00:46.488: Mažu nepoužitý announcement 680_delay_bad_weather!
20.05.2024 12:00:46.488: Mažu nepoužitý announcement 680_delay_crossing_accident!
20.05.2024 12:00:46.488: Mažu nepoužitý announcement 680_shunting_warn!
20.05.2024 12:00:46.489: Mažu nepoužitý announcement 680_minibar!
20.05.2024 12:00:46.489: Mažu prázdný announcement group pendolino_mimoradna!
20.05.2024 12:00:46.489: Mažu nepoužitou msg Bohumin_odj_FrLazne!
20.05.2024 12:00:46.489: Mažu nepoužitou msg Bohumin_odj_Praha!
20.05.2024 12:00:46.490: Mažu nepoužitou msg FrLazne_odj_Bohumin!
20.05.2024 12:00:46.490: Mažu nepoužitou msg Havirov_odj_Praha!
20.05.2024 12:00:46.490: Mažu nepoužitou msg Havirov_odj_Zilina!
20.05.2024 12:00:46.490: Mažu nepoužitou msg Cheb_odj_Bohumin!
20.05.2024 12:00:46.491: Mažu nepoužitou msg MarLazne_odj_FrLazne!
20.05.2024 12:00:46.491: Mažu nepoužitou msg MarLazne_odj_Bohumin!
20.05.2024 12:00:46.491: Mažu nepoužitou msg Olomouc_odj_FrLazne!
20.05.2024 12:00:46.492: Mažu nepoužitou msg Olomouc_odj_Praha!
20.05.2024 12:00:46.492: Mažu nepoužitou msg Olomouc_odj_CTesin!
20.05.2024 12:00:46.492: Mažu nepoužitou msg Olomouc_odj_Zilina!
20.05.2024 12:00:46.492: Mažu nepoužitou msg Olomouc_odj_Ostrava!
20.05.2024 12:00:46.493: Mažu nepoužitou msg Olomouc_odj_Bohumin!
20.05.2024 12:00:46.493: Mažu nepoužitou msg Pardubice_odj_FrLazne!
20.05.2024 12:00:46.493: Mažu nepoužitou msg Pardubice_odj_Praha!
20.05.2024 12:00:46.493: Mažu nepoužitou msg Pardubice_odj_CTesin!
20.05.2024 12:00:46.494: Mažu nepoužitou msg Pardubice_odj_Zilina!
20.05.2024 12:00:46.494: Mažu nepoužitou msg Pardubice_odj_Ostrava!
20.05.2024 12:00:46.494: Mažu nepoužitou msg Pardubice_odj_Bohumin!
20.05.2024 12:00:46.494: Mažu nepoužitou msg Plzen_odj_FrLazne!
20.05.2024 12:00:46.495: Mažu nepoužitou msg Plzen_odj_Bohumin!
20.05.2024 12:00:46.495: Mažu nepoužitou msg Praha_odj_FrLazne!
20.05.2024 12:00:46.495: Mažu nepoužitou msg Praha_odj_Bohumin_NACESTNA!
20.05.2024 12:00:46.495: Mažu nepoužitou msg Praha_odj_Bohumin!
20.05.2024 12:00:46.495: Mažu nepoužitou msg Praha_odj_CTesin!
20.05.2024 12:00:46.495: Mažu nepoužitou msg Praha_odj_Ostrava!
20.05.2024 12:00:46.495: Mažu nepoužitou msg Praha_odj_Zilina!
20.05.2024 12:00:46.496: Mažu nepoužitou msg OStodolni_odj_CTesin!
20.05.2024 12:00:46.496: Mažu nepoužitou msg OStodolni_odj_Zilina!
20.05.2024 12:00:46.496: Mažu nepoužitou msg OSvinov_odj_Praha!
20.05.2024 12:00:46.496: Mažu nepoužitou msg OSvinov_odj_Praha_NACESTNA!
20.05.2024 12:00:46.497: Mažu nepoužitou msg OSvinov_odj_FrLazne!
20.05.2024 12:00:46.497: Mažu nepoužitou msg CTesin_odj_Praha!
20.05.2024 12:00:46.497: Mažu nepoužitou msg CTesin_odj_Praha_NACESTNA!
20.05.2024 12:00:46.498: Mažu nepoužitou msg CTesin_odj_Zilina!
20.05.2024 12:00:46.498: Mažu nepoužitou msg Trinec_odj_Praha!
20.05.2024 12:00:46.498: Mažu nepoužitou msg Trinec_odj_Zilina!
20.05.2024 12:00:46.498: Mažu nepoužitou msg Zilina_odj_Praha!
20.05.2024 12:00:46.498: Mažu nepoužitou msg Bohumin_KONECNA!
20.05.2024 12:00:46.498: Mažu nepoužitou msg CTesin_KONECNA!
20.05.2024 12:00:46.499: Mažu nepoužitou msg CTesin_PRIJ!
20.05.2024 12:00:46.499: Mažu nepoužitou msg FrLazne_KONECNA!
20.05.2024 12:00:46.499: Mažu nepoužitou msg Havirov_PRIJ!
20.05.2024 12:00:46.499: Mažu nepoužitou msg Cheb_PRIJ!
20.05.2024 12:00:46.502: Mažu nepoužitou msg MarLazne_PRIJ!
20.05.2024 12:00:46.502: Mažu nepoužitou msg Olomouc_PRIJ!
20.05.2024 12:00:46.502: Mažu nepoužitou msg OStodolni_PRIJ!
20.05.2024 12:00:46.502: Mažu nepoužitou msg OStodolni_PRIJ_od_Ziliny!
20.05.2024 12:00:46.503: Mažu nepoužitou msg Ostrava_PRIJ!
20.05.2024 12:00:46.503: Mažu nepoužitou msg Ostrava_KONECNA!
20.05.2024 12:00:46.503: Mažu nepoužitou msg OSvinov_PRIJ!
20.05.2024 12:00:46.503: Mažu nepoužitou msg OSvinov_PRIJ_od_Prahy!
20.05.2024 12:00:46.503: Mažu nepoužitou msg Pardubice_PRIJ!
20.05.2024 12:00:46.503: Mažu nepoužitou msg Plzen_PRIJ!
20.05.2024 12:00:46.503: Mažu nepoužitou msg Praha_PRIJ!
20.05.2024 12:00:46.504: Mažu nepoužitou msg Praha_KONECNA!
20.05.2024 12:00:46.504: Mažu nepoužitou msg Trinec_PRIJ!
20.05.2024 12:00:46.504: Mažu nepoužitou msg Zilina_KONECNA!
20.05.2024 12:00:46.504: Mažu nepoužitou msg OSvinov_odj_Plzen!
20.05.2024 12:00:46.504: Mažu nepoužitou msg Olomouc_odj_Plzen!
20.05.2024 12:00:46.504: Mažu nepoužitou msg Pardubice_odj_Plzen!
20.05.2024 12:00:46.505: Mažu nepoužitou msg Praha_odj_Ostrava_NACESTNA!
20.05.2024 12:00:46.505: Mažu nepoužitou msg Plzen_odj_Ostrava!
20.05.2024 12:00:46.505: Mažu nepoužitou msg PSmichov_odj_Plzen!
20.05.2024 12:00:46.505: Mažu nepoužitou msg PSmichov_odj_FrLazne!
20.05.2024 12:00:46.505: Mažu nepoužitou msg Plzen_KONECNA!
20.05.2024 12:00:46.506: Mažu nepoužitou msg Praha_PRIJ_od_Plzne!
20.05.2024 12:00:46.506: Mažu nepoužitou msg PSmichov_PRIJ_od_Plzne!
20.05.2024 12:00:46.506: Mažu nepoužitou msg PSmichov_PRIJ!
20.05.2024 12:00:46.506: Mažu nepoužitou msg wifi_nefunkcni!
20.05.2024 12:00:46.506: Mažu nepoužitou msg reg_service_purpose_stop!
20.05.2024 12:00:46.506: Mažu nepoužitou msg service_purpose_stop!
20.05.2024 12:00:46.507: Mažu nepoužitou msg ld_excp_stop!
20.05.2024 12:00:46.507: Mažu nepoužitou msg ld_delay_apology!
20.05.2024 12:00:46.508: Mažu nepoužitou msg excpt_route!
20.05.2024 12:00:46.508: Mažu nepoužitou msg replacement_bus!
20.05.2024 12:00:46.508: Mažu nepoužitou msg reg_broad_test!
20.05.2024 12:00:46.508: Mažu nepoužitou msg reg_children_day!
20.05.2024 12:00:46.508: Mažu nepoužitou msg reg_exposition!
20.05.2024 12:00:46.508: Mažu nepoužitou msg reg_railway_day!
20.05.2024 12:00:46.509: Mažu nepoužitou msg reg_subst_transport!
20.05.2024 12:00:46.509: Mažu nepoužitou msg reg_special_train!
20.05.2024 12:00:46.509: Mažu nepoužitou msg reg_reserved_car!
20.05.2024 12:00:46.509: Mažu nepoužitou msg reg_train_cleaning!
20.05.2024 12:00:46.509: Mažu nepoužitou msg reg_test_run!
20.05.2024 12:00:46.509: Mažu nepoužitou msg reg_train_shunting!
20.05.2024 12:00:46.509: Mažu nepoužitou msg reg_no_boarding!
20.05.2024 12:00:46.510: Mažu nepoužitou msg reg_end_subst_bus!
20.05.2024 12:00:46.510: Mažu nepoužitou msg reg_end_subus!
20.05.2024 12:00:46.510: Mažu nepoužitou msg reg_end_subst_train!
20.05.2024 12:00:46.510: Mažu nepoužitou msg except_bus!
20.05.2024 12:00:46.510: Mažu nepoužitou msg except_pass_s0_short!
20.05.2024 12:00:46.510: Mažu nepoužitou msg except_pass_p0_short!
20.05.2024 12:00:46.511: Mažu nepoužitou msg extra_change_1_short!
20.05.2024 12:00:46.511: Mažu nepoužitou msg extra_change_2_short!
20.05.2024 12:00:46.511: Mažu nepoužitou msg reg_self_service!
20.05.2024 12:00:46.511: Mažu nepoužitou msg reg_self_service_aut!
20.05.2024 12:00:46.511: Mažu nepoužitou msg reg_self_service_ozn!
20.05.2024 12:00:46.511: Mažu nepoužitou msg excpt-end!
20.05.2024 12:00:46.512: Mažu nepoužitou msg service_train!
20.05.2024 12:00:46.512: Mažu nepoužitou msg no_boarding!
20.05.2024 12:00:46.512: Mažu nepoužitou msg CD_welcome!
20.05.2024 12:00:46.512: Mažu nepoužitou msg shunting_warning!
20.05.2024 12:00:46.512: Mažu nepoužitou msg excpt_stop_track_condition!
20.05.2024 12:00:46.513: Mažu nepoužitou msg reg_excpt_stop_track_condition!
20.05.2024 12:00:46.513: Mažu nepoužitou msg get_off_left!
20.05.2024 12:00:46.513: Mažu nepoužitou msg get_off_right!
20.05.2024 12:00:46.513: Mažu nepoužitou msg reg_welcome!
20.05.2024 12:00:46.514: Mažu nepoužitou msg reg_thx!
20.05.2024 12:00:46.514: Mažu nepoužitou msg reg_no_rear_door!
20.05.2024 12:00:46.515: Mažu nepoužitou msg reg_get_off_left!
20.05.2024 12:00:46.515: Mažu nepoužitou msg reg_get_off_right!
20.05.2024 12:00:46.515: Mažu nepoužitou msg reg_boarding_end!
20.05.2024 12:00:46.517: Mažu nepoužitou msg reg_shunting_warn!
20.05.2024 12:00:46.518: Mažu nepoužitou msg reg_route_diversion!
20.05.2024 12:00:46.518: Mažu nepoužitou msg reg_clos_next_end_subst_bus!
20.05.2024 12:00:46.518: Mažu nepoužitou msg reg_excpt_end!
20.05.2024 12:00:46.518: Mažu nepoužitou msg reg_clos_next_end!
20.05.2024 12:00:46.518: Mažu nepoužitou msg reg_delay_closure!
20.05.2024 12:00:46.518: Mažu nepoužitou msg reg_delay_connection!
20.05.2024 12:00:46.519: Mažu nepoužitou msg reg_delay_car_malfunction!
20.05.2024 12:00:46.519: Mažu nepoužitou msg reg_delay_track_obstacle!
20.05.2024 12:00:46.519: Mažu nepoužitou msg reg_delay_crossing_accident!
20.05.2024 12:00:46.519: Mažu nepoužitou msg reg_delay_bad_weather!
20.05.2024 12:00:46.519: Mažu nepoužitou msg reg_delay_faster_train!
20.05.2024 12:00:46.519: Mažu nepoužitou msg reg_delay_opposite_train!
20.05.2024 12:00:46.520: Mažu nepoužitou msg planned_replacement_bus!
20.05.2024 12:00:46.520: Mažu nepoužitou msg planned_replacement_bus_short!
20.05.2024 12:00:46.520: Mažu nepoužitou msg except_route_s0!
20.05.2024 12:00:46.520: Mažu nepoužitou msg except_route_s0_short!
20.05.2024 12:00:46.520: Mažu nepoužitou msg except_route_p0!
20.05.2024 12:00:46.520: Mažu nepoužitou msg except_route_p0_short!
20.05.2024 12:00:46.520: Mažu nepoužitou msg except_route_ss!
20.05.2024 12:00:46.521: Mažu nepoužitou msg except_route_ss_short!
20.05.2024 12:00:46.521: Mažu nepoužitou msg except_route_sp!
20.05.2024 12:00:46.521: Mažu nepoužitou msg except_route_sp_short!
20.05.2024 12:00:46.521: Mažu nepoužitou msg except_route_ps!
20.05.2024 12:00:46.521: Mažu nepoužitou msg except_route_ps_short!
20.05.2024 12:00:46.521: Mažu nepoužitou msg except_route_pp!
20.05.2024 12:00:46.522: Mažu nepoužitou msg except_route_pp_short!
20.05.2024 12:00:46.522: Mažu nepoužitou msg except_end!
20.05.2024 12:00:46.522: Mažu nepoužitou msg except_end_short!
20.05.2024 12:00:46.522: Mažu nepoužitou msg except_end_station_bus!
20.05.2024 12:00:46.522: Mažu nepoužitou msg except_end_station_0!
20.05.2024 12:00:46.522: Mažu nepoužitou msg test_operation!
20.05.2024 12:00:46.525: Mažu nepoužitou msg vb_357_schwandorf!
20.05.2024 12:00:47.373: Ukládám vyčištěný soubor do "Out/Vozy/unipis.xml"...
20.05.2024 12:00:47.652: Soubor uložen úspěšně!
