19.04.2024 7:22:34.899: Mažu nepoužitý kalendář prazdniny!
19.04.2024 7:22:34.903: Mažu nepoužitý kalendář 2024-03-10/2024-03-10!
19.04.2024 7:22:34.906: Mažu nepoužitý kalendář 2024-03-17/2024-03-17!
19.04.2024 7:22:34.906: Mažu nepoužitý kalendář 2024-05-19/2024-05-19!
19.04.2024 7:22:34.906: Mažu nepoužitý kalendář 2024-01-21/2024-01-21!
19.04.2024 7:22:34.906: Mažu nepoužitý kalendář 2024-02-04/2024-02-04!
19.04.2024 7:22:34.906: Mažu nepoužitý kalendář 2024-03-11/2024-03-11!
19.04.2024 7:22:34.906: Mažu nepoužitý kalendář 2024-03-18/2024-03-18!
19.04.2024 7:22:34.907: Mažu nepoužitý kalendář 2024-05-20/2024-05-20!
19.04.2024 7:22:34.907: Mažu nepoužitý kalendář 2024-01-15/2024-01-15!
19.04.2024 7:22:34.907: Mažu nepoužitý kalendář 2024-01-22/2024-01-22!
19.04.2024 7:22:34.907: Mažu nepoužitý kalendář 2024-01-29/2024-01-29!
19.04.2024 7:22:34.908: Mažu nepoužitý kalendář 2024-02-05/2024-02-05!
19.04.2024 7:22:34.908: Mažu nepoužitý kalendář 2024-02-24/2024-02-24!
19.04.2024 7:22:34.908: Mažu nepoužitý kalendář 2023-12-27/2023-12-29!
19.04.2024 7:22:34.908: Mažu nepoužitý kalendář 2024-02-29/2024-03-03!
19.04.2024 7:22:34.908: Mažu nepoužitý kalendář 2023-12-10/2024-05-31!
19.04.2024 7:22:34.908: Mažu nepoužitý kalendář 2024-08-17/2024-12-14!
19.04.2024 7:22:34.909: Mažu nepoužitý kalendář 2024-06-01/2024-12-14!
19.04.2024 7:22:34.909: Mažu nepoužitý kalendář 2024-03-25/2024-05-28!
19.04.2024 7:22:34.909: Mažu nepoužitý kalendář 2023-12-10/2024-08-16!
19.04.2024 7:22:34.909: Mažu nepoužitý kalendář 2023-12-26/2024-01-02!
19.04.2024 7:22:34.909: Mažu nepoužitý kalendář 2024-03-26/2024-12-10!
19.04.2024 7:22:34.909: Mažu nepoužitý kalendář 2024-08-18/2024-12-13!
19.04.2024 7:22:34.910: Mažu nepoužitý kalendář 2024-01-03/2024-06-28!
19.04.2024 7:22:34.910: Mažu nepoužitý kalendář 2024-09-02/2024-12-13!
19.04.2024 7:22:34.910: Mažu nepoužitý kalendář 2023-12-27/2024-01-02!
19.04.2024 7:22:34.910: Mažu nepoužitý kalendář 2024-07-01/2024-08-30!
19.04.2024 7:22:34.927: Mažu nepoužitý announcement vb_357_schwandorf!
19.04.2024 7:22:34.927: Mažu prázdný announcement group Jen_do_trasy!
19.04.2024 7:22:34.928: Mažu nepoužitý announcement Bohumin_odj_FrLazne!
19.04.2024 7:22:34.930: Mažu nepoužitý announcement Bohumin_odj_Praha!
19.04.2024 7:22:34.931: Mažu nepoužitý announcement FrLazne_odj_Bohumin!
19.04.2024 7:22:34.931: Mažu nepoužitý announcement Havirov_odj_Praha!
19.04.2024 7:22:34.932: Mažu nepoužitý announcement Havirov_odj_CTesin!
19.04.2024 7:22:34.933: Mažu nepoužitý announcement Havirov_odj_Zilina!
19.04.2024 7:22:34.933: Mažu nepoužitý announcement Cheb_odj_Bohumin!
19.04.2024 7:22:34.934: Mažu nepoužitý announcement MarLazne_odj_FrLazne!
19.04.2024 7:22:34.934: Mažu nepoužitý announcement MarLazne_odj_Bohumin!
19.04.2024 7:22:34.935: Mažu nepoužitý announcement Olomouc_odj_FrLazne!
19.04.2024 7:22:34.935: Mažu nepoužitý announcement Olomouc_odj_Praha!
19.04.2024 7:22:34.936: Mažu nepoužitý announcement Olomouc_odj_CTesin!
19.04.2024 7:22:34.937: Mažu nepoužitý announcement Olomouc_odj_Zilina!
19.04.2024 7:22:34.937: Mažu nepoužitý announcement Olomouc_odj_Ostrava!
19.04.2024 7:22:34.937: Mažu nepoužitý announcement Olomouc_odj_Bohumin!
19.04.2024 7:22:34.937: Mažu nepoužitý announcement Pardubice_odj_FrLazne!
19.04.2024 7:22:34.940: Mažu nepoužitý announcement Pardubice_odj_Praha!
19.04.2024 7:22:34.941: Mažu nepoužitý announcement Pardubice_odj_CTesin!
19.04.2024 7:22:34.941: Mažu nepoužitý announcement Pardubice_odj_Zilina!
19.04.2024 7:22:34.945: Mažu nepoužitý announcement Pardubice_odj_Ostrava!
19.04.2024 7:22:34.945: Mažu nepoužitý announcement Pardubice_odj_Bohumin!
19.04.2024 7:22:34.947: Mažu nepoužitý announcement Plzen_odj_FrLazne!
19.04.2024 7:22:34.948: Mažu nepoužitý announcement Plzen_odj_Bohumin!
19.04.2024 7:22:34.948: Mažu nepoužitý announcement Praha_odj_FrLazne!
19.04.2024 7:22:34.949: Mažu nepoužitý announcement Praha_odj_Bohumin_NACESTNA!
19.04.2024 7:22:34.949: Mažu nepoužitý announcement Praha_odj_Bohumin!
19.04.2024 7:22:34.950: Mažu nepoužitý announcement Praha_odj_CTesin!
19.04.2024 7:22:34.950: Mažu nepoužitý announcement Praha_odj_Ostrava!
19.04.2024 7:22:34.953: Mažu nepoužitý announcement Praha_odj_Zilina!
19.04.2024 7:22:34.953: Mažu nepoužitý announcement OStodolni_odj_CTesin!
19.04.2024 7:22:34.953: Mažu nepoužitý announcement OStodolni_odj_Zilina!
19.04.2024 7:22:34.954: Mažu nepoužitý announcement OSvinov_odj_Praha!
19.04.2024 7:22:34.955: Mažu nepoužitý announcement OSvinov_odj_Praha_NACESTNA!
19.04.2024 7:22:34.955: Mažu nepoužitý announcement OSvinov_odj_FrLazne!
19.04.2024 7:22:34.956: Mažu nepoužitý announcement CTesin_odj_Praha!
19.04.2024 7:22:34.957: Mažu nepoužitý announcement CTesin_odj_Praha_NACESTNA!
19.04.2024 7:22:34.957: Mažu nepoužitý announcement CTesin_odj_Zilina!
19.04.2024 7:22:34.958: Mažu nepoužitý announcement Trinec_odj_Praha!
19.04.2024 7:22:34.958: Mažu nepoužitý announcement Trinec_odj_Zilina!
19.04.2024 7:22:34.959: Mažu nepoužitý announcement Zilina_odj_Praha!
19.04.2024 7:22:34.959: Mažu nepoužitý announcement Bohumin_KONECNA!
19.04.2024 7:22:34.960: Mažu nepoužitý announcement CTesin_KONECNA!
19.04.2024 7:22:34.961: Mažu nepoužitý announcement CTesin_PRIJ!
19.04.2024 7:22:34.961: Mažu nepoužitý announcement FrLazne_KONECNA!
19.04.2024 7:22:34.962: Mažu nepoužitý announcement Havirov_PRIJ!
19.04.2024 7:22:34.962: Mažu nepoužitý announcement Cheb_PRIJ!
19.04.2024 7:22:34.963: Mažu nepoužitý announcement MarLazne_PRIJ!
19.04.2024 7:22:34.967: Mažu nepoužitý announcement Olomouc_PRIJ!
19.04.2024 7:22:34.968: Mažu nepoužitý announcement OStodolni_PRIJ!
19.04.2024 7:22:34.969: Mažu nepoužitý announcement OStodolni_PRIJ_od_Ziliny!
19.04.2024 7:22:34.970: Mažu nepoužitý announcement Ostrava_PRIJ!
19.04.2024 7:22:34.971: Mažu nepoužitý announcement Ostrava_KONECNA!
19.04.2024 7:22:34.971: Mažu nepoužitý announcement OSvinov_PRIJ!
19.04.2024 7:22:34.972: Mažu nepoužitý announcement OSvinov_PRIJ_od_Prahy!
19.04.2024 7:22:34.973: Mažu nepoužitý announcement Pardubice_PRIJ!
19.04.2024 7:22:34.974: Mažu nepoužitý announcement Plzen_PRIJ!
19.04.2024 7:22:34.974: Mažu nepoužitý announcement Praha_PRIJ!
19.04.2024 7:22:34.975: Mažu nepoužitý announcement Praha_KONECNA!
19.04.2024 7:22:34.976: Mažu nepoužitý announcement Trinec_PRIJ!
19.04.2024 7:22:34.976: Mažu nepoužitý announcement Zilina_KONECNA!
19.04.2024 7:22:34.977: Mažu nepoužitý announcement OSvinov_odj_Plzen!
19.04.2024 7:22:34.978: Mažu nepoužitý announcement Olomouc_odj_Plzen!
19.04.2024 7:22:34.978: Mažu nepoužitý announcement Pardubice_odj_Plzen!
19.04.2024 7:22:34.979: Mažu nepoužitý announcement Praha_odj_Ostrava_NACESTNA!
19.04.2024 7:22:34.980: Mažu nepoužitý announcement Plzen_odj_Ostrava!
19.04.2024 7:22:34.981: Mažu nepoužitý announcement Plzen_KONECNA!
19.04.2024 7:22:34.982: Mažu nepoužitý announcement Praha_odj_Plzen!
19.04.2024 7:22:34.983: Mažu nepoužitý announcement PSmichov_odj_Plzen!
19.04.2024 7:22:34.983: Mažu nepoužitý announcement PSmichov_odj_FrLazne!
19.04.2024 7:22:34.986: Mažu nepoužitý announcement Praha_PRIJ_od_Plzne!
19.04.2024 7:22:34.987: Mažu nepoužitý announcement PSmichov_PRIJ_od_Plzne!
19.04.2024 7:22:34.989: Mažu nepoužitý announcement PSmichov_PRIJ!
19.04.2024 7:22:34.989: Mažu nepoužitý announcement 680_snidane_1!
19.04.2024 7:22:34.990: Mažu nepoužitý announcement 680_obed_1!
19.04.2024 7:22:34.991: Mažu nepoužitý announcement 680_odpoledne_1!
19.04.2024 7:22:34.991: Mažu prázdný announcement group pendolino_dopravni!
19.04.2024 7:22:34.991: Mažu nepoužitý announcement 680_no_boarding!
19.04.2024 7:22:34.992: Mažu nepoužitý announcement 680_special_train!
19.04.2024 7:22:34.993: Mažu nepoužitý announcement 680_cleaning!
19.04.2024 7:22:34.994: Mažu nepoužitý announcement 680_shunting!
19.04.2024 7:22:34.994: Mažu nepoužitý announcement 680_test_run!
19.04.2024 7:22:34.994: Mažu nepoužitý announcement 680_excpt_stop_track_condition!
19.04.2024 7:22:34.995: Mažu nepoužitý announcement 680_clos_next_end_subst_bus!
19.04.2024 7:22:34.996: Mažu nepoužitý announcement 680_end_subus!
19.04.2024 7:22:34.996: Mažu nepoužitý announcement 680_clos_next_end!
19.04.2024 7:22:34.997: Mažu nepoužitý announcement 680_excpt_end!
19.04.2024 7:22:34.998: Mažu nepoužitý announcement 680_route_diversion!
19.04.2024 7:22:34.999: Mažu nepoužitý announcement 680_end_subst_train!
19.04.2024 7:22:34.999: Mažu nepoužitý announcement 680_delay_closure!
19.04.2024 7:22:35.001: Mažu nepoužitý announcement 680_delay_connection!
19.04.2024 7:22:35.001: Mažu nepoužitý announcement 680_delay_opposite_train!
19.04.2024 7:22:35.002: Mažu nepoužitý announcement 680_delay_car_malfunction!
19.04.2024 7:22:35.002: Mažu nepoužitý announcement 680_delay_track_obstacle!
19.04.2024 7:22:35.003: Mažu nepoužitý announcement 680_delay_bad_weather!
19.04.2024 7:22:35.004: Mažu nepoužitý announcement 680_delay_crossing_accident!
19.04.2024 7:22:35.009: Mažu nepoužitý announcement 680_shunting_warn!
19.04.2024 7:22:35.010: Mažu nepoužitý announcement 680_minibar!
19.04.2024 7:22:35.011: Mažu prázdný announcement group pendolino_mimoradna!
19.04.2024 7:22:35.011: Mažu nepoužitou msg Bohumin_odj_FrLazne!
19.04.2024 7:22:35.012: Mažu nepoužitou msg Bohumin_odj_Praha!
19.04.2024 7:22:35.012: Mažu nepoužitou msg FrLazne_odj_Bohumin!
19.04.2024 7:22:35.013: Mažu nepoužitou msg Havirov_odj_Praha!
19.04.2024 7:22:35.014: Mažu nepoužitou msg Havirov_odj_Zilina!
19.04.2024 7:22:35.014: Mažu nepoužitou msg Cheb_odj_Bohumin!
19.04.2024 7:22:35.015: Mažu nepoužitou msg MarLazne_odj_FrLazne!
19.04.2024 7:22:35.016: Mažu nepoužitou msg MarLazne_odj_Bohumin!
19.04.2024 7:22:35.016: Mažu nepoužitou msg Olomouc_odj_FrLazne!
19.04.2024 7:22:35.017: Mažu nepoužitou msg Olomouc_odj_Praha!
19.04.2024 7:22:35.018: Mažu nepoužitou msg Olomouc_odj_CTesin!
19.04.2024 7:22:35.019: Mažu nepoužitou msg Olomouc_odj_Zilina!
19.04.2024 7:22:35.019: Mažu nepoužitou msg Olomouc_odj_Ostrava!
19.04.2024 7:22:35.020: Mažu nepoužitou msg Olomouc_odj_Bohumin!
19.04.2024 7:22:35.021: Mažu nepoužitou msg Pardubice_odj_FrLazne!
19.04.2024 7:22:35.021: Mažu nepoužitou msg Pardubice_odj_Praha!
19.04.2024 7:22:35.022: Mažu nepoužitou msg Pardubice_odj_CTesin!
19.04.2024 7:22:35.024: Mažu nepoužitou msg Pardubice_odj_Zilina!
19.04.2024 7:22:35.024: Mažu nepoužitou msg Pardubice_odj_Ostrava!
19.04.2024 7:22:35.027: Mažu nepoužitou msg Pardubice_odj_Bohumin!
19.04.2024 7:22:35.028: Mažu nepoužitou msg Plzen_odj_FrLazne!
19.04.2024 7:22:35.028: Mažu nepoužitou msg Plzen_odj_Bohumin!
19.04.2024 7:22:35.029: Mažu nepoužitou msg Praha_odj_FrLazne!
19.04.2024 7:22:35.029: Mažu nepoužitou msg Praha_odj_Bohumin_NACESTNA!
19.04.2024 7:22:35.030: Mažu nepoužitou msg Praha_odj_Bohumin!
19.04.2024 7:22:35.031: Mažu nepoužitou msg Praha_odj_CTesin!
19.04.2024 7:22:35.031: Mažu nepoužitou msg Praha_odj_Ostrava!
19.04.2024 7:22:35.032: Mažu nepoužitou msg Praha_odj_Zilina!
19.04.2024 7:22:35.033: Mažu nepoužitou msg OStodolni_odj_CTesin!
19.04.2024 7:22:35.034: Mažu nepoužitou msg OStodolni_odj_Zilina!
19.04.2024 7:22:35.034: Mažu nepoužitou msg OSvinov_odj_Praha!
19.04.2024 7:22:35.035: Mažu nepoužitou msg OSvinov_odj_Praha_NACESTNA!
19.04.2024 7:22:35.036: Mažu nepoužitou msg OSvinov_odj_FrLazne!
19.04.2024 7:22:35.036: Mažu nepoužitou msg CTesin_odj_Praha!
19.04.2024 7:22:35.037: Mažu nepoužitou msg CTesin_odj_Praha_NACESTNA!
19.04.2024 7:22:35.037: Mažu nepoužitou msg CTesin_odj_Zilina!
19.04.2024 7:22:35.040: Mažu nepoužitou msg Trinec_odj_Praha!
19.04.2024 7:22:35.040: Mažu nepoužitou msg Trinec_odj_Zilina!
19.04.2024 7:22:35.041: Mažu nepoužitou msg Zilina_odj_Praha!
19.04.2024 7:22:35.042: Mažu nepoužitou msg Bohumin_KONECNA!
19.04.2024 7:22:35.042: Mažu nepoužitou msg CTesin_KONECNA!
19.04.2024 7:22:35.043: Mažu nepoužitou msg CTesin_PRIJ!
19.04.2024 7:22:35.044: Mažu nepoužitou msg FrLazne_KONECNA!
19.04.2024 7:22:35.044: Mažu nepoužitou msg Havirov_PRIJ!
19.04.2024 7:22:35.050: Mažu nepoužitou msg Cheb_PRIJ!
19.04.2024 7:22:35.051: Mažu nepoužitou msg MarLazne_PRIJ!
19.04.2024 7:22:35.052: Mažu nepoužitou msg Olomouc_PRIJ!
19.04.2024 7:22:35.053: Mažu nepoužitou msg OStodolni_PRIJ!
19.04.2024 7:22:35.053: Mažu nepoužitou msg OStodolni_PRIJ_od_Ziliny!
19.04.2024 7:22:35.054: Mažu nepoužitou msg Ostrava_PRIJ!
19.04.2024 7:22:35.054: Mažu nepoužitou msg Ostrava_KONECNA!
19.04.2024 7:22:35.056: Mažu nepoužitou msg OSvinov_PRIJ!
19.04.2024 7:22:35.056: Mažu nepoužitou msg OSvinov_PRIJ_od_Prahy!
19.04.2024 7:22:35.057: Mažu nepoužitou msg Pardubice_PRIJ!
19.04.2024 7:22:35.057: Mažu nepoužitou msg Plzen_PRIJ!
19.04.2024 7:22:35.058: Mažu nepoužitou msg Praha_PRIJ!
19.04.2024 7:22:35.059: Mažu nepoužitou msg Praha_KONECNA!
19.04.2024 7:22:35.059: Mažu nepoužitou msg Trinec_PRIJ!
19.04.2024 7:22:35.060: Mažu nepoužitou msg Zilina_KONECNA!
19.04.2024 7:22:35.061: Mažu nepoužitou msg OSvinov_odj_Plzen!
19.04.2024 7:22:35.061: Mažu nepoužitou msg Olomouc_odj_Plzen!
19.04.2024 7:22:35.062: Mažu nepoužitou msg Pardubice_odj_Plzen!
19.04.2024 7:22:35.063: Mažu nepoužitou msg Praha_odj_Ostrava_NACESTNA!
19.04.2024 7:22:35.063: Mažu nepoužitou msg Plzen_odj_Ostrava!
19.04.2024 7:22:35.064: Mažu nepoužitou msg PSmichov_odj_Plzen!
19.04.2024 7:22:35.065: Mažu nepoužitou msg PSmichov_odj_FrLazne!
19.04.2024 7:22:35.067: Mažu nepoužitou msg Plzen_KONECNA!
19.04.2024 7:22:35.068: Mažu nepoužitou msg Praha_PRIJ_od_Plzne!
19.04.2024 7:22:35.069: Mažu nepoužitou msg PSmichov_PRIJ_od_Plzne!
19.04.2024 7:22:35.070: Mažu nepoužitou msg PSmichov_PRIJ!
19.04.2024 7:22:35.070: Mažu nepoužitou msg wifi_nefunkcni!
19.04.2024 7:22:35.071: Mažu nepoužitou msg reg_service_purpose_stop!
19.04.2024 7:22:35.071: Mažu nepoužitou msg service_purpose_stop!
19.04.2024 7:22:35.073: Mažu nepoužitou msg ld_excp_stop!
19.04.2024 7:22:35.073: Mažu nepoužitou msg ld_delay_apology!
19.04.2024 7:22:35.074: Mažu nepoužitou msg excpt_route!
19.04.2024 7:22:35.075: Mažu nepoužitou msg replacement_bus!
19.04.2024 7:22:35.075: Mažu nepoužitou msg reg_broad_test!
19.04.2024 7:22:35.076: Mažu nepoužitou msg reg_children_day!
19.04.2024 7:22:35.077: Mažu nepoužitou msg reg_exposition!
19.04.2024 7:22:35.077: Mažu nepoužitou msg reg_railway_day!
19.04.2024 7:22:35.078: Mažu nepoužitou msg reg_subst_transport!
19.04.2024 7:22:35.079: Mažu nepoužitou msg reg_special_train!
19.04.2024 7:22:35.079: Mažu nepoužitou msg reg_reserved_car!
19.04.2024 7:22:35.080: Mažu nepoužitou msg reg_train_cleaning!
19.04.2024 7:22:35.081: Mažu nepoužitou msg reg_test_run!
19.04.2024 7:22:35.082: Mažu nepoužitou msg reg_train_shunting!
19.04.2024 7:22:35.083: Mažu nepoužitou msg reg_no_boarding!
19.04.2024 7:22:35.083: Mažu nepoužitou msg reg_end_subst_bus!
19.04.2024 7:22:35.084: Mažu nepoužitou msg reg_end_subus!
19.04.2024 7:22:35.085: Mažu nepoužitou msg reg_end_subst_train!
19.04.2024 7:22:35.090: Mažu nepoužitou msg except_bus!
19.04.2024 7:22:35.091: Mažu nepoužitou msg except_pass_s0_short!
19.04.2024 7:22:35.092: Mažu nepoužitou msg except_pass_p0_short!
19.04.2024 7:22:35.092: Mažu nepoužitou msg extra_change_1_short!
19.04.2024 7:22:35.093: Mažu nepoužitou msg extra_change_2_short!
19.04.2024 7:22:35.094: Mažu nepoužitou msg reg_self_service!
19.04.2024 7:22:35.094: Mažu nepoužitou msg reg_self_service_aut!
19.04.2024 7:22:35.095: Mažu nepoužitou msg reg_self_service_ozn!
19.04.2024 7:22:35.096: Mažu nepoužitou msg excpt-end!
19.04.2024 7:22:35.096: Mažu nepoužitou msg service_train!
19.04.2024 7:22:35.097: Mažu nepoužitou msg no_boarding!
19.04.2024 7:22:35.098: Mažu nepoužitou msg CD_welcome!
19.04.2024 7:22:35.098: Mažu nepoužitou msg shunting_warning!
19.04.2024 7:22:35.099: Mažu nepoužitou msg excpt_stop_track_condition!
19.04.2024 7:22:35.100: Mažu nepoužitou msg reg_excpt_stop_track_condition!
19.04.2024 7:22:35.101: Mažu nepoužitou msg get_off_left!
19.04.2024 7:22:35.101: Mažu nepoužitou msg get_off_right!
19.04.2024 7:22:35.102: Mažu nepoužitou msg reg_welcome!
19.04.2024 7:22:35.103: Mažu nepoužitou msg reg_thx!
19.04.2024 7:22:35.103: Mažu nepoužitou msg reg_no_rear_door!
19.04.2024 7:22:35.104: Mažu nepoužitou msg reg_get_off_left!
19.04.2024 7:22:35.104: Mažu nepoužitou msg reg_get_off_right!
19.04.2024 7:22:35.104: Mažu nepoužitou msg reg_boarding_end!
19.04.2024 7:22:35.105: Mažu nepoužitou msg reg_shunting_warn!
19.04.2024 7:22:35.109: Mažu nepoužitou msg reg_route_diversion!
19.04.2024 7:22:35.109: Mažu nepoužitou msg reg_clos_next_end_subst_bus!
19.04.2024 7:22:35.110: Mažu nepoužitou msg reg_excpt_end!
19.04.2024 7:22:35.111: Mažu nepoužitou msg reg_clos_next_end!
19.04.2024 7:22:35.112: Mažu nepoužitou msg reg_delay_closure!
19.04.2024 7:22:35.112: Mažu nepoužitou msg reg_delay_connection!
19.04.2024 7:22:35.112: Mažu nepoužitou msg reg_delay_car_malfunction!
19.04.2024 7:22:35.113: Mažu nepoužitou msg reg_delay_track_obstacle!
19.04.2024 7:22:35.113: Mažu nepoužitou msg reg_delay_crossing_accident!
19.04.2024 7:22:35.113: Mažu nepoužitou msg reg_delay_bad_weather!
19.04.2024 7:22:35.114: Mažu nepoužitou msg reg_delay_faster_train!
19.04.2024 7:22:35.114: Mažu nepoužitou msg reg_delay_opposite_train!
19.04.2024 7:22:35.115: Mažu nepoužitou msg planned_replacement_bus!
19.04.2024 7:22:35.115: Mažu nepoužitou msg planned_replacement_bus_short!
19.04.2024 7:22:35.115: Mažu nepoužitou msg except_route_s0!
19.04.2024 7:22:35.115: Mažu nepoužitou msg except_route_s0_short!
19.04.2024 7:22:35.116: Mažu nepoužitou msg except_route_p0!
19.04.2024 7:22:35.116: Mažu nepoužitou msg except_route_p0_short!
19.04.2024 7:22:35.117: Mažu nepoužitou msg except_route_ss!
19.04.2024 7:22:35.117: Mažu nepoužitou msg except_route_ss_short!
19.04.2024 7:22:35.117: Mažu nepoužitou msg except_route_sp!
19.04.2024 7:22:35.118: Mažu nepoužitou msg except_route_sp_short!
19.04.2024 7:22:35.118: Mažu nepoužitou msg except_route_ps!
19.04.2024 7:22:35.119: Mažu nepoužitou msg except_route_ps_short!
19.04.2024 7:22:35.119: Mažu nepoužitou msg except_route_pp!
19.04.2024 7:22:35.119: Mažu nepoužitou msg except_route_pp_short!
19.04.2024 7:22:35.120: Mažu nepoužitou msg except_end!
19.04.2024 7:22:35.120: Mažu nepoužitou msg except_end_short!
19.04.2024 7:22:35.120: Mažu nepoužitou msg except_end_station_bus!
19.04.2024 7:22:35.121: Mažu nepoužitou msg except_end_station_0!
19.04.2024 7:22:35.122: Mažu nepoužitou msg test_operation!
19.04.2024 7:22:35.125: Mažu nepoužitou msg vb_357_schwandorf!
19.04.2024 7:22:35.778: Ukládám vyčištěný soubor do "Out/Vozy/unipis.xml"...
19.04.2024 7:22:36.070: Soubor uložen úspěšně!
