07.12.2023 22:19:59.060: Mažu nepoužitý kalendář prazdniny!
07.12.2023 22:19:59.062: Mažu nepoužitý kalendář 2023-12-27/2023-12-29!
07.12.2023 22:19:59.062: Mažu nepoužitý kalendář 2024-01-03/2024-06-28!
07.12.2023 22:19:59.062: Mažu nepoužitý kalendář 2024-09-02/2024-12-13!
07.12.2023 22:19:59.062: Mažu nepoužitý kalendář 2023-12-27/2024-01-02!
07.12.2023 22:19:59.063: Mažu nepoužitý kalendář 2024-07-01/2024-08-30!
07.12.2023 22:19:59.077: Mažu nepoužitý announcement vb_357_schwandorf!
07.12.2023 22:19:59.077: Mažu prázdný announcement group Jen_do_trasy!
07.12.2023 22:19:59.078: Mažu nepoužitý announcement Bohumin_odj_FrLazne!
07.12.2023 22:19:59.078: Mažu nepoužitý announcement Bohumin_odj_Praha!
07.12.2023 22:19:59.078: Mažu nepoužitý announcement FrLazne_odj_Bohumin!
07.12.2023 22:19:59.078: Mažu nepoužitý announcement Havirov_odj_Praha!
07.12.2023 22:19:59.078: Mažu nepoužitý announcement Havirov_odj_CTesin!
07.12.2023 22:19:59.078: Mažu nepoužitý announcement Havirov_odj_Zilina!
07.12.2023 22:19:59.078: Mažu nepoužitý announcement Cheb_odj_Bohumin!
07.12.2023 22:19:59.078: Mažu nepoužitý announcement MarLazne_odj_FrLazne!
07.12.2023 22:19:59.078: Mažu nepoužitý announcement MarLazne_odj_Bohumin!
07.12.2023 22:19:59.078: Mažu nepoužitý announcement Olomouc_odj_FrLazne!
07.12.2023 22:19:59.078: Mažu nepoužitý announcement Olomouc_odj_Praha!
07.12.2023 22:19:59.078: Mažu nepoužitý announcement Olomouc_odj_CTesin!
07.12.2023 22:19:59.078: Mažu nepoužitý announcement Olomouc_odj_Zilina!
07.12.2023 22:19:59.078: Mažu nepoužitý announcement Olomouc_odj_Ostrava!
07.12.2023 22:19:59.078: Mažu nepoužitý announcement Olomouc_odj_Bohumin!
07.12.2023 22:19:59.078: Mažu nepoužitý announcement Pardubice_odj_FrLazne!
07.12.2023 22:19:59.078: Mažu nepoužitý announcement Pardubice_odj_Praha!
07.12.2023 22:19:59.078: Mažu nepoužitý announcement Pardubice_odj_CTesin!
07.12.2023 22:19:59.078: Mažu nepoužitý announcement Pardubice_odj_Zilina!
07.12.2023 22:19:59.078: Mažu nepoužitý announcement Pardubice_odj_Ostrava!
07.12.2023 22:19:59.078: Mažu nepoužitý announcement Pardubice_odj_Bohumin!
07.12.2023 22:19:59.078: Mažu nepoužitý announcement Plzen_odj_FrLazne!
07.12.2023 22:19:59.078: Mažu nepoužitý announcement Plzen_odj_Bohumin!
07.12.2023 22:19:59.079: Mažu nepoužitý announcement Praha_odj_FrLazne!
07.12.2023 22:19:59.079: Mažu nepoužitý announcement Praha_odj_Bohumin_NACESTNA!
07.12.2023 22:19:59.079: Mažu nepoužitý announcement Praha_odj_Bohumin!
07.12.2023 22:19:59.079: Mažu nepoužitý announcement Praha_odj_CTesin!
07.12.2023 22:19:59.079: Mažu nepoužitý announcement Praha_odj_Ostrava!
07.12.2023 22:19:59.079: Mažu nepoužitý announcement Praha_odj_Zilina!
07.12.2023 22:19:59.079: Mažu nepoužitý announcement OStodolni_odj_CTesin!
07.12.2023 22:19:59.079: Mažu nepoužitý announcement OStodolni_odj_Zilina!
07.12.2023 22:19:59.079: Mažu nepoužitý announcement OSvinov_odj_Praha!
07.12.2023 22:19:59.079: Mažu nepoužitý announcement OSvinov_odj_Praha_NACESTNA!
07.12.2023 22:19:59.079: Mažu nepoužitý announcement OSvinov_odj_FrLazne!
07.12.2023 22:19:59.079: Mažu nepoužitý announcement CTesin_odj_Praha!
07.12.2023 22:19:59.079: Mažu nepoužitý announcement CTesin_odj_Praha_NACESTNA!
07.12.2023 22:19:59.079: Mažu nepoužitý announcement CTesin_odj_Zilina!
07.12.2023 22:19:59.079: Mažu nepoužitý announcement Trinec_odj_Praha!
07.12.2023 22:19:59.079: Mažu nepoužitý announcement Trinec_odj_Zilina!
07.12.2023 22:19:59.079: Mažu nepoužitý announcement Zilina_odj_Praha!
07.12.2023 22:19:59.079: Mažu nepoužitý announcement Bohumin_KONECNA!
07.12.2023 22:19:59.079: Mažu nepoužitý announcement CTesin_KONECNA!
07.12.2023 22:19:59.079: Mažu nepoužitý announcement CTesin_PRIJ!
07.12.2023 22:19:59.079: Mažu nepoužitý announcement FrLazne_KONECNA!
07.12.2023 22:19:59.079: Mažu nepoužitý announcement Havirov_PRIJ!
07.12.2023 22:19:59.079: Mažu nepoužitý announcement Cheb_PRIJ!
07.12.2023 22:19:59.079: Mažu nepoužitý announcement MarLazne_PRIJ!
07.12.2023 22:19:59.080: Mažu nepoužitý announcement Olomouc_PRIJ!
07.12.2023 22:19:59.080: Mažu nepoužitý announcement OStodolni_PRIJ!
07.12.2023 22:19:59.080: Mažu nepoužitý announcement OStodolni_PRIJ_od_Ziliny!
07.12.2023 22:19:59.080: Mažu nepoužitý announcement Ostrava_PRIJ!
07.12.2023 22:19:59.080: Mažu nepoužitý announcement Ostrava_KONECNA!
07.12.2023 22:19:59.080: Mažu nepoužitý announcement OSvinov_PRIJ!
07.12.2023 22:19:59.080: Mažu nepoužitý announcement OSvinov_PRIJ_od_Prahy!
07.12.2023 22:19:59.080: Mažu nepoužitý announcement Pardubice_PRIJ!
07.12.2023 22:19:59.080: Mažu nepoužitý announcement Plzen_PRIJ!
07.12.2023 22:19:59.080: Mažu nepoužitý announcement Praha_PRIJ!
07.12.2023 22:19:59.080: Mažu nepoužitý announcement Praha_KONECNA!
07.12.2023 22:19:59.080: Mažu nepoužitý announcement Trinec_PRIJ!
07.12.2023 22:19:59.080: Mažu nepoužitý announcement Zilina_KONECNA!
07.12.2023 22:19:59.080: Mažu nepoužitý announcement OSvinov_odj_Plzen!
07.12.2023 22:19:59.080: Mažu nepoužitý announcement Olomouc_odj_Plzen!
07.12.2023 22:19:59.080: Mažu nepoužitý announcement Pardubice_odj_Plzen!
07.12.2023 22:19:59.080: Mažu nepoužitý announcement Praha_odj_Ostrava_NACESTNA!
07.12.2023 22:19:59.080: Mažu nepoužitý announcement Plzen_odj_Ostrava!
07.12.2023 22:19:59.080: Mažu nepoužitý announcement Plzen_KONECNA!
07.12.2023 22:19:59.080: Mažu nepoužitý announcement Praha_odj_Plzen!
07.12.2023 22:19:59.080: Mažu nepoužitý announcement PSmichov_odj_Plzen!
07.12.2023 22:19:59.080: Mažu nepoužitý announcement PSmichov_odj_FrLazne!
07.12.2023 22:19:59.081: Mažu nepoužitý announcement Praha_PRIJ_od_Plzne!
07.12.2023 22:19:59.081: Mažu nepoužitý announcement PSmichov_PRIJ_od_Plzne!
07.12.2023 22:19:59.081: Mažu nepoužitý announcement PSmichov_PRIJ!
07.12.2023 22:19:59.081: Mažu nepoužitý announcement 680_snidane_1!
07.12.2023 22:19:59.081: Mažu nepoužitý announcement 680_obed_1!
07.12.2023 22:19:59.081: Mažu nepoužitý announcement 680_odpoledne_1!
07.12.2023 22:19:59.081: Mažu prázdný announcement group pendolino_dopravni!
07.12.2023 22:19:59.081: Mažu nepoužitý announcement 680_no_boarding!
07.12.2023 22:19:59.081: Mažu nepoužitý announcement 680_special_train!
07.12.2023 22:19:59.081: Mažu nepoužitý announcement 680_cleaning!
07.12.2023 22:19:59.081: Mažu nepoužitý announcement 680_shunting!
07.12.2023 22:19:59.081: Mažu nepoužitý announcement 680_test_run!
07.12.2023 22:19:59.081: Mažu nepoužitý announcement 680_excpt_stop_track_condition!
07.12.2023 22:19:59.081: Mažu nepoužitý announcement 680_clos_next_end_subst_bus!
07.12.2023 22:19:59.081: Mažu nepoužitý announcement 680_end_subus!
07.12.2023 22:19:59.081: Mažu nepoužitý announcement 680_clos_next_end!
07.12.2023 22:19:59.081: Mažu nepoužitý announcement 680_excpt_end!
07.12.2023 22:19:59.081: Mažu nepoužitý announcement 680_route_diversion!
07.12.2023 22:19:59.081: Mažu nepoužitý announcement 680_end_subst_train!
07.12.2023 22:19:59.081: Mažu nepoužitý announcement 680_delay_closure!
07.12.2023 22:19:59.081: Mažu nepoužitý announcement 680_delay_connection!
07.12.2023 22:19:59.081: Mažu nepoužitý announcement 680_delay_opposite_train!
07.12.2023 22:19:59.082: Mažu nepoužitý announcement 680_delay_car_malfunction!
07.12.2023 22:19:59.082: Mažu nepoužitý announcement 680_delay_track_obstacle!
07.12.2023 22:19:59.082: Mažu nepoužitý announcement 680_delay_bad_weather!
07.12.2023 22:19:59.082: Mažu nepoužitý announcement 680_delay_crossing_accident!
07.12.2023 22:19:59.082: Mažu nepoužitý announcement 680_shunting_warn!
07.12.2023 22:19:59.082: Mažu nepoužitý announcement 680_minibar!
07.12.2023 22:19:59.082: Mažu prázdný announcement group pendolino_mimoradna!
07.12.2023 22:19:59.082: Mažu nepoužitou msg Bohumin_odj_FrLazne!
07.12.2023 22:19:59.082: Mažu nepoužitou msg Bohumin_odj_Praha!
07.12.2023 22:19:59.082: Mažu nepoužitou msg FrLazne_odj_Bohumin!
07.12.2023 22:19:59.082: Mažu nepoužitou msg Havirov_odj_Praha!
07.12.2023 22:19:59.083: Mažu nepoužitou msg Havirov_odj_Zilina!
07.12.2023 22:19:59.083: Mažu nepoužitou msg Cheb_odj_Bohumin!
07.12.2023 22:19:59.083: Mažu nepoužitou msg MarLazne_odj_FrLazne!
07.12.2023 22:19:59.083: Mažu nepoužitou msg MarLazne_odj_Bohumin!
07.12.2023 22:19:59.083: Mažu nepoužitou msg Olomouc_odj_FrLazne!
07.12.2023 22:19:59.083: Mažu nepoužitou msg Olomouc_odj_Praha!
07.12.2023 22:19:59.084: Mažu nepoužitou msg Olomouc_odj_CTesin!
07.12.2023 22:19:59.084: Mažu nepoužitou msg Olomouc_odj_Zilina!
07.12.2023 22:19:59.084: Mažu nepoužitou msg Olomouc_odj_Ostrava!
07.12.2023 22:19:59.084: Mažu nepoužitou msg Olomouc_odj_Bohumin!
07.12.2023 22:19:59.084: Mažu nepoužitou msg Pardubice_odj_FrLazne!
07.12.2023 22:19:59.084: Mažu nepoužitou msg Pardubice_odj_Praha!
07.12.2023 22:19:59.084: Mažu nepoužitou msg Pardubice_odj_CTesin!
07.12.2023 22:19:59.084: Mažu nepoužitou msg Pardubice_odj_Zilina!
07.12.2023 22:19:59.084: Mažu nepoužitou msg Pardubice_odj_Ostrava!
07.12.2023 22:19:59.084: Mažu nepoužitou msg Pardubice_odj_Bohumin!
07.12.2023 22:19:59.084: Mažu nepoužitou msg Plzen_odj_FrLazne!
07.12.2023 22:19:59.084: Mažu nepoužitou msg Plzen_odj_Bohumin!
07.12.2023 22:19:59.084: Mažu nepoužitou msg Praha_odj_FrLazne!
07.12.2023 22:19:59.084: Mažu nepoužitou msg Praha_odj_Bohumin_NACESTNA!
07.12.2023 22:19:59.085: Mažu nepoužitou msg Praha_odj_Bohumin!
07.12.2023 22:19:59.085: Mažu nepoužitou msg Praha_odj_CTesin!
07.12.2023 22:19:59.085: Mažu nepoužitou msg Praha_odj_Ostrava!
07.12.2023 22:19:59.085: Mažu nepoužitou msg Praha_odj_Zilina!
07.12.2023 22:19:59.085: Mažu nepoužitou msg OStodolni_odj_CTesin!
07.12.2023 22:19:59.085: Mažu nepoužitou msg OStodolni_odj_Zilina!
07.12.2023 22:19:59.085: Mažu nepoužitou msg OSvinov_odj_Praha!
07.12.2023 22:19:59.085: Mažu nepoužitou msg OSvinov_odj_Praha_NACESTNA!
07.12.2023 22:19:59.085: Mažu nepoužitou msg OSvinov_odj_FrLazne!
07.12.2023 22:19:59.085: Mažu nepoužitou msg CTesin_odj_Praha!
07.12.2023 22:19:59.085: Mažu nepoužitou msg CTesin_odj_Praha_NACESTNA!
07.12.2023 22:19:59.085: Mažu nepoužitou msg CTesin_odj_Zilina!
07.12.2023 22:19:59.085: Mažu nepoužitou msg Trinec_odj_Praha!
07.12.2023 22:19:59.085: Mažu nepoužitou msg Trinec_odj_Zilina!
07.12.2023 22:19:59.085: Mažu nepoužitou msg Zilina_odj_Praha!
07.12.2023 22:19:59.085: Mažu nepoužitou msg Bohumin_KONECNA!
07.12.2023 22:19:59.086: Mažu nepoužitou msg CTesin_KONECNA!
07.12.2023 22:19:59.086: Mažu nepoužitou msg CTesin_PRIJ!
07.12.2023 22:19:59.086: Mažu nepoužitou msg FrLazne_KONECNA!
07.12.2023 22:19:59.086: Mažu nepoužitou msg Havirov_PRIJ!
07.12.2023 22:19:59.086: Mažu nepoužitou msg Cheb_PRIJ!
07.12.2023 22:19:59.086: Mažu nepoužitou msg MarLazne_PRIJ!
07.12.2023 22:19:59.086: Mažu nepoužitou msg Olomouc_PRIJ!
07.12.2023 22:19:59.086: Mažu nepoužitou msg OStodolni_PRIJ!
07.12.2023 22:19:59.086: Mažu nepoužitou msg OStodolni_PRIJ_od_Ziliny!
07.12.2023 22:19:59.086: Mažu nepoužitou msg Ostrava_PRIJ!
07.12.2023 22:19:59.086: Mažu nepoužitou msg Ostrava_KONECNA!
07.12.2023 22:19:59.086: Mažu nepoužitou msg OSvinov_PRIJ!
07.12.2023 22:19:59.086: Mažu nepoužitou msg OSvinov_PRIJ_od_Prahy!
07.12.2023 22:19:59.086: Mažu nepoužitou msg Pardubice_PRIJ!
07.12.2023 22:19:59.087: Mažu nepoužitou msg Plzen_PRIJ!
07.12.2023 22:19:59.087: Mažu nepoužitou msg Praha_PRIJ!
07.12.2023 22:19:59.087: Mažu nepoužitou msg Praha_KONECNA!
07.12.2023 22:19:59.087: Mažu nepoužitou msg Trinec_PRIJ!
07.12.2023 22:19:59.087: Mažu nepoužitou msg Zilina_KONECNA!
07.12.2023 22:19:59.087: Mažu nepoužitou msg OSvinov_odj_Plzen!
07.12.2023 22:19:59.087: Mažu nepoužitou msg Olomouc_odj_Plzen!
07.12.2023 22:19:59.087: Mažu nepoužitou msg Pardubice_odj_Plzen!
07.12.2023 22:19:59.087: Mažu nepoužitou msg Praha_odj_Ostrava_NACESTNA!
07.12.2023 22:19:59.087: Mažu nepoužitou msg Plzen_odj_Ostrava!
07.12.2023 22:19:59.087: Mažu nepoužitou msg PSmichov_odj_Plzen!
07.12.2023 22:19:59.087: Mažu nepoužitou msg PSmichov_odj_FrLazne!
07.12.2023 22:19:59.087: Mažu nepoužitou msg Plzen_KONECNA!
07.12.2023 22:19:59.087: Mažu nepoužitou msg Praha_PRIJ_od_Plzne!
07.12.2023 22:19:59.087: Mažu nepoužitou msg PSmichov_PRIJ_od_Plzne!
07.12.2023 22:19:59.087: Mažu nepoužitou msg PSmichov_PRIJ!
07.12.2023 22:19:59.087: Mažu nepoužitou msg wifi_nefunkcni!
07.12.2023 22:19:59.088: Mažu nepoužitou msg reg_service_purpose_stop!
07.12.2023 22:19:59.088: Mažu nepoužitou msg service_purpose_stop!
07.12.2023 22:19:59.088: Mažu nepoužitou msg ld_excp_stop!
07.12.2023 22:19:59.088: Mažu nepoužitou msg ld_delay_apology!
07.12.2023 22:19:59.088: Mažu nepoužitou msg excpt_route!
07.12.2023 22:19:59.089: Mažu nepoužitou msg replacement_bus!
07.12.2023 22:19:59.089: Mažu nepoužitou msg reg_broad_test!
07.12.2023 22:19:59.089: Mažu nepoužitou msg reg_children_day!
07.12.2023 22:19:59.089: Mažu nepoužitou msg reg_exposition!
07.12.2023 22:19:59.089: Mažu nepoužitou msg reg_railway_day!
07.12.2023 22:19:59.089: Mažu nepoužitou msg reg_subst_transport!
07.12.2023 22:19:59.089: Mažu nepoužitou msg reg_special_train!
07.12.2023 22:19:59.089: Mažu nepoužitou msg reg_reserved_car!
07.12.2023 22:19:59.089: Mažu nepoužitou msg reg_train_cleaning!
07.12.2023 22:19:59.089: Mažu nepoužitou msg reg_test_run!
07.12.2023 22:19:59.089: Mažu nepoužitou msg reg_train_shunting!
07.12.2023 22:19:59.089: Mažu nepoužitou msg reg_no_boarding!
07.12.2023 22:19:59.089: Mažu nepoužitou msg reg_end_subst_bus!
07.12.2023 22:19:59.089: Mažu nepoužitou msg reg_end_subus!
07.12.2023 22:19:59.089: Mažu nepoužitou msg reg_end_subst_train!
07.12.2023 22:19:59.089: Mažu nepoužitou msg except_bus!
07.12.2023 22:19:59.090: Mažu nepoužitou msg except_pass_s0_short!
07.12.2023 22:19:59.090: Mažu nepoužitou msg except_pass_p0_short!
07.12.2023 22:19:59.090: Mažu nepoužitou msg extra_change_1_short!
07.12.2023 22:19:59.090: Mažu nepoužitou msg extra_change_2_short!
07.12.2023 22:19:59.090: Mažu nepoužitou msg reg_self_service!
07.12.2023 22:19:59.090: Mažu nepoužitou msg reg_self_service_aut!
07.12.2023 22:19:59.090: Mažu nepoužitou msg reg_self_service_ozn!
07.12.2023 22:19:59.090: Mažu nepoužitou msg excpt-end!
07.12.2023 22:19:59.090: Mažu nepoužitou msg service_train!
07.12.2023 22:19:59.090: Mažu nepoužitou msg no_boarding!
07.12.2023 22:19:59.090: Mažu nepoužitou msg CD_welcome!
07.12.2023 22:19:59.090: Mažu nepoužitou msg shunting_warning!
07.12.2023 22:19:59.090: Mažu nepoužitou msg excpt_stop_track_condition!
07.12.2023 22:19:59.090: Mažu nepoužitou msg reg_excpt_stop_track_condition!
07.12.2023 22:19:59.091: Mažu nepoužitou msg get_off_left!
07.12.2023 22:19:59.091: Mažu nepoužitou msg get_off_right!
07.12.2023 22:19:59.091: Mažu nepoužitou msg reg_welcome!
07.12.2023 22:19:59.091: Mažu nepoužitou msg reg_thx!
07.12.2023 22:19:59.091: Mažu nepoužitou msg reg_no_rear_door!
07.12.2023 22:19:59.091: Mažu nepoužitou msg reg_get_off_left!
07.12.2023 22:19:59.091: Mažu nepoužitou msg reg_get_off_right!
07.12.2023 22:19:59.091: Mažu nepoužitou msg reg_boarding_end!
07.12.2023 22:19:59.091: Mažu nepoužitou msg reg_shunting_warn!
07.12.2023 22:19:59.091: Mažu nepoužitou msg reg_route_diversion!
07.12.2023 22:19:59.091: Mažu nepoužitou msg reg_clos_next_end_subst_bus!
07.12.2023 22:19:59.091: Mažu nepoužitou msg reg_excpt_end!
07.12.2023 22:19:59.091: Mažu nepoužitou msg reg_clos_next_end!
07.12.2023 22:19:59.091: Mažu nepoužitou msg reg_delay_closure!
07.12.2023 22:19:59.091: Mažu nepoužitou msg reg_delay_connection!
07.12.2023 22:19:59.092: Mažu nepoužitou msg reg_delay_car_malfunction!
07.12.2023 22:19:59.092: Mažu nepoužitou msg reg_delay_track_obstacle!
07.12.2023 22:19:59.092: Mažu nepoužitou msg reg_delay_crossing_accident!
07.12.2023 22:19:59.092: Mažu nepoužitou msg reg_delay_bad_weather!
07.12.2023 22:19:59.092: Mažu nepoužitou msg reg_delay_faster_train!
07.12.2023 22:19:59.092: Mažu nepoužitou msg reg_delay_opposite_train!
07.12.2023 22:19:59.092: Mažu nepoužitou msg planned_replacement_bus!
07.12.2023 22:19:59.092: Mažu nepoužitou msg planned_replacement_bus_short!
07.12.2023 22:19:59.092: Mažu nepoužitou msg except_route_s0!
07.12.2023 22:19:59.092: Mažu nepoužitou msg except_route_s0_short!
07.12.2023 22:19:59.092: Mažu nepoužitou msg except_route_p0!
07.12.2023 22:19:59.092: Mažu nepoužitou msg except_route_p0_short!
07.12.2023 22:19:59.092: Mažu nepoužitou msg except_route_ss!
07.12.2023 22:19:59.092: Mažu nepoužitou msg except_route_ss_short!
07.12.2023 22:19:59.092: Mažu nepoužitou msg except_route_sp!
07.12.2023 22:19:59.093: Mažu nepoužitou msg except_route_sp_short!
07.12.2023 22:19:59.093: Mažu nepoužitou msg except_route_ps!
07.12.2023 22:19:59.093: Mažu nepoužitou msg except_route_ps_short!
07.12.2023 22:19:59.093: Mažu nepoužitou msg except_route_pp!
07.12.2023 22:19:59.093: Mažu nepoužitou msg except_route_pp_short!
07.12.2023 22:19:59.093: Mažu nepoužitou msg except_end!
07.12.2023 22:19:59.093: Mažu nepoužitou msg except_end_short!
07.12.2023 22:19:59.093: Mažu nepoužitou msg except_end_station_bus!
07.12.2023 22:19:59.093: Mažu nepoužitou msg except_end_station_0!
07.12.2023 22:19:59.093: Mažu nepoužitou msg test_operation!
07.12.2023 22:19:59.096: Mažu nepoužitou msg vb_357_schwandorf!
07.12.2023 22:19:59.926: Ukládám vyčištěný soubor do "Out/Vozy/unipis.xml"...
07.12.2023 22:20:00.201: Soubor uložen úspěšně!
