13.12.2023 20:49:00.563: Mažu odkaz z vlaku 130:2 na nezahrnutý vlak 115:2!
13.12.2023 20:49:00.566: Mažu odkaz z vlaku 130:3 na nezahrnutý vlak 115:2!
13.12.2023 20:49:00.590: Mažu nepoužitý kalendář prazdniny!
13.12.2023 20:49:00.590: Mažu nepoužitý kalendář 2024-03-10/2024-03-10!
13.12.2023 20:49:00.590: Mažu nepoužitý kalendář 2024-03-17/2024-03-17!
13.12.2023 20:49:00.590: Mažu nepoužitý kalendář 2024-05-19/2024-05-19!
13.12.2023 20:49:00.590: Mažu nepoužitý kalendář 2024-01-21/2024-01-21!
13.12.2023 20:49:00.590: Mažu nepoužitý kalendář 2024-02-04/2024-02-04!
13.12.2023 20:49:00.599: Mažu nepoužitý kalendář 2024-03-11/2024-03-11!
13.12.2023 20:49:00.599: Mažu nepoužitý kalendář 2024-03-18/2024-03-18!
13.12.2023 20:49:00.599: Mažu nepoužitý kalendář 2024-05-20/2024-05-20!
13.12.2023 20:49:00.599: Mažu nepoužitý kalendář 2024-01-15/2024-01-15!
13.12.2023 20:49:00.599: Mažu nepoužitý kalendář 2024-01-22/2024-01-22!
13.12.2023 20:49:00.599: Mažu nepoužitý kalendář 2024-01-29/2024-01-29!
13.12.2023 20:49:00.599: Mažu nepoužitý kalendář 2024-02-05/2024-02-05!
13.12.2023 20:49:00.599: Mažu nepoužitý kalendář 2024-02-24/2024-02-24!
13.12.2023 20:49:00.599: Mažu nepoužitý kalendář 2023-12-27/2023-12-29!
13.12.2023 20:49:00.599: Mažu nepoužitý kalendář 2024-02-29/2024-03-03!
13.12.2023 20:49:00.599: Mažu nepoužitý kalendář 2023-12-10/2024-05-31!
13.12.2023 20:49:00.599: Mažu nepoužitý kalendář 2024-08-17/2024-12-14!
13.12.2023 20:49:00.599: Mažu nepoužitý kalendář 2024-06-01/2024-12-14!
13.12.2023 20:49:00.599: Mažu nepoužitý kalendář 2024-03-25/2024-05-28!
13.12.2023 20:49:00.599: Mažu nepoužitý kalendář 2023-12-10/2024-08-16!
13.12.2023 20:49:00.599: Mažu nepoužitý kalendář 2023-12-26/2024-01-02!
13.12.2023 20:49:00.599: Mažu nepoužitý kalendář 2024-03-26/2024-12-10!
13.12.2023 20:49:00.599: Mažu nepoužitý kalendář 2024-08-18/2024-12-13!
13.12.2023 20:49:00.599: Mažu nepoužitý kalendář 2024-01-03/2024-06-28!
13.12.2023 20:49:00.599: Mažu nepoužitý kalendář 2024-09-02/2024-12-13!
13.12.2023 20:49:00.599: Mažu nepoužitý kalendář 2023-12-27/2024-01-02!
13.12.2023 20:49:00.600: Mažu nepoužitý kalendář 2024-07-01/2024-08-30!
13.12.2023 20:49:00.618: Mažu nepoužitý announcement vb_357_schwandorf!
13.12.2023 20:49:00.619: Mažu prázdný announcement group Jen_do_trasy!
13.12.2023 20:49:00.619: Mažu nepoužitý announcement Bohumin_odj_FrLazne!
13.12.2023 20:49:00.619: Mažu nepoužitý announcement Bohumin_odj_Praha!
13.12.2023 20:49:00.619: Mažu nepoužitý announcement FrLazne_odj_Bohumin!
13.12.2023 20:49:00.619: Mažu nepoužitý announcement Havirov_odj_Praha!
13.12.2023 20:49:00.619: Mažu nepoužitý announcement Havirov_odj_CTesin!
13.12.2023 20:49:00.619: Mažu nepoužitý announcement Havirov_odj_Zilina!
13.12.2023 20:49:00.619: Mažu nepoužitý announcement Cheb_odj_Bohumin!
13.12.2023 20:49:00.619: Mažu nepoužitý announcement MarLazne_odj_FrLazne!
13.12.2023 20:49:00.620: Mažu nepoužitý announcement MarLazne_odj_Bohumin!
13.12.2023 20:49:00.620: Mažu nepoužitý announcement Olomouc_odj_FrLazne!
13.12.2023 20:49:00.620: Mažu nepoužitý announcement Olomouc_odj_Praha!
13.12.2023 20:49:00.620: Mažu nepoužitý announcement Olomouc_odj_CTesin!
13.12.2023 20:49:00.620: Mažu nepoužitý announcement Olomouc_odj_Zilina!
13.12.2023 20:49:00.620: Mažu nepoužitý announcement Olomouc_odj_Ostrava!
13.12.2023 20:49:00.620: Mažu nepoužitý announcement Olomouc_odj_Bohumin!
13.12.2023 20:49:00.620: Mažu nepoužitý announcement Pardubice_odj_FrLazne!
13.12.2023 20:49:00.620: Mažu nepoužitý announcement Pardubice_odj_Praha!
13.12.2023 20:49:00.620: Mažu nepoužitý announcement Pardubice_odj_CTesin!
13.12.2023 20:49:00.620: Mažu nepoužitý announcement Pardubice_odj_Zilina!
13.12.2023 20:49:00.620: Mažu nepoužitý announcement Pardubice_odj_Ostrava!
13.12.2023 20:49:00.620: Mažu nepoužitý announcement Pardubice_odj_Bohumin!
13.12.2023 20:49:00.620: Mažu nepoužitý announcement Plzen_odj_FrLazne!
13.12.2023 20:49:00.620: Mažu nepoužitý announcement Plzen_odj_Bohumin!
13.12.2023 20:49:00.620: Mažu nepoužitý announcement Praha_odj_FrLazne!
13.12.2023 20:49:00.620: Mažu nepoužitý announcement Praha_odj_Bohumin_NACESTNA!
13.12.2023 20:49:00.620: Mažu nepoužitý announcement Praha_odj_Bohumin!
13.12.2023 20:49:00.621: Mažu nepoužitý announcement Praha_odj_CTesin!
13.12.2023 20:49:00.621: Mažu nepoužitý announcement Praha_odj_Ostrava!
13.12.2023 20:49:00.621: Mažu nepoužitý announcement Praha_odj_Zilina!
13.12.2023 20:49:00.621: Mažu nepoužitý announcement OStodolni_odj_CTesin!
13.12.2023 20:49:00.621: Mažu nepoužitý announcement OStodolni_odj_Zilina!
13.12.2023 20:49:00.621: Mažu nepoužitý announcement OSvinov_odj_Praha!
13.12.2023 20:49:00.621: Mažu nepoužitý announcement OSvinov_odj_Praha_NACESTNA!
13.12.2023 20:49:00.621: Mažu nepoužitý announcement OSvinov_odj_FrLazne!
13.12.2023 20:49:00.621: Mažu nepoužitý announcement CTesin_odj_Praha!
13.12.2023 20:49:00.621: Mažu nepoužitý announcement CTesin_odj_Praha_NACESTNA!
13.12.2023 20:49:00.621: Mažu nepoužitý announcement CTesin_odj_Zilina!
13.12.2023 20:49:00.621: Mažu nepoužitý announcement Trinec_odj_Praha!
13.12.2023 20:49:00.621: Mažu nepoužitý announcement Trinec_odj_Zilina!
13.12.2023 20:49:00.621: Mažu nepoužitý announcement Zilina_odj_Praha!
13.12.2023 20:49:00.621: Mažu nepoužitý announcement Bohumin_KONECNA!
13.12.2023 20:49:00.621: Mažu nepoužitý announcement CTesin_KONECNA!
13.12.2023 20:49:00.621: Mažu nepoužitý announcement CTesin_PRIJ!
13.12.2023 20:49:00.621: Mažu nepoužitý announcement FrLazne_KONECNA!
13.12.2023 20:49:00.621: Mažu nepoužitý announcement Havirov_PRIJ!
13.12.2023 20:49:00.621: Mažu nepoužitý announcement Cheb_PRIJ!
13.12.2023 20:49:00.622: Mažu nepoužitý announcement MarLazne_PRIJ!
13.12.2023 20:49:00.622: Mažu nepoužitý announcement Olomouc_PRIJ!
13.12.2023 20:49:00.622: Mažu nepoužitý announcement OStodolni_PRIJ!
13.12.2023 20:49:00.622: Mažu nepoužitý announcement OStodolni_PRIJ_od_Ziliny!
13.12.2023 20:49:00.622: Mažu nepoužitý announcement Ostrava_PRIJ!
13.12.2023 20:49:00.622: Mažu nepoužitý announcement Ostrava_KONECNA!
13.12.2023 20:49:00.622: Mažu nepoužitý announcement OSvinov_PRIJ!
13.12.2023 20:49:00.622: Mažu nepoužitý announcement OSvinov_PRIJ_od_Prahy!
13.12.2023 20:49:00.622: Mažu nepoužitý announcement Pardubice_PRIJ!
13.12.2023 20:49:00.622: Mažu nepoužitý announcement Plzen_PRIJ!
13.12.2023 20:49:00.622: Mažu nepoužitý announcement Praha_PRIJ!
13.12.2023 20:49:00.622: Mažu nepoužitý announcement Praha_KONECNA!
13.12.2023 20:49:00.622: Mažu nepoužitý announcement Trinec_PRIJ!
13.12.2023 20:49:00.622: Mažu nepoužitý announcement Zilina_KONECNA!
13.12.2023 20:49:00.622: Mažu nepoužitý announcement OSvinov_odj_Plzen!
13.12.2023 20:49:00.622: Mažu nepoužitý announcement Olomouc_odj_Plzen!
13.12.2023 20:49:00.622: Mažu nepoužitý announcement Pardubice_odj_Plzen!
13.12.2023 20:49:00.622: Mažu nepoužitý announcement Praha_odj_Ostrava_NACESTNA!
13.12.2023 20:49:00.623: Mažu nepoužitý announcement Plzen_odj_Ostrava!
13.12.2023 20:49:00.623: Mažu nepoužitý announcement Plzen_KONECNA!
13.12.2023 20:49:00.623: Mažu nepoužitý announcement Praha_odj_Plzen!
13.12.2023 20:49:00.623: Mažu nepoužitý announcement PSmichov_odj_Plzen!
13.12.2023 20:49:00.623: Mažu nepoužitý announcement PSmichov_odj_FrLazne!
13.12.2023 20:49:00.623: Mažu nepoužitý announcement Praha_PRIJ_od_Plzne!
13.12.2023 20:49:00.623: Mažu nepoužitý announcement PSmichov_PRIJ_od_Plzne!
13.12.2023 20:49:00.623: Mažu nepoužitý announcement PSmichov_PRIJ!
13.12.2023 20:49:00.623: Mažu nepoužitý announcement 680_snidane_1!
13.12.2023 20:49:00.623: Mažu nepoužitý announcement 680_obed_1!
13.12.2023 20:49:00.623: Mažu nepoužitý announcement 680_odpoledne_1!
13.12.2023 20:49:00.623: Mažu prázdný announcement group pendolino_dopravni!
13.12.2023 20:49:00.623: Mažu nepoužitý announcement 680_no_boarding!
13.12.2023 20:49:00.623: Mažu nepoužitý announcement 680_special_train!
13.12.2023 20:49:00.623: Mažu nepoužitý announcement 680_cleaning!
13.12.2023 20:49:00.623: Mažu nepoužitý announcement 680_shunting!
13.12.2023 20:49:00.623: Mažu nepoužitý announcement 680_test_run!
13.12.2023 20:49:00.623: Mažu nepoužitý announcement 680_excpt_stop_track_condition!
13.12.2023 20:49:00.623: Mažu nepoužitý announcement 680_clos_next_end_subst_bus!
13.12.2023 20:49:00.623: Mažu nepoužitý announcement 680_end_subus!
13.12.2023 20:49:00.623: Mažu nepoužitý announcement 680_clos_next_end!
13.12.2023 20:49:00.624: Mažu nepoužitý announcement 680_excpt_end!
13.12.2023 20:49:00.624: Mažu nepoužitý announcement 680_route_diversion!
13.12.2023 20:49:00.624: Mažu nepoužitý announcement 680_end_subst_train!
13.12.2023 20:49:00.624: Mažu nepoužitý announcement 680_delay_closure!
13.12.2023 20:49:00.624: Mažu nepoužitý announcement 680_delay_connection!
13.12.2023 20:49:00.624: Mažu nepoužitý announcement 680_delay_opposite_train!
13.12.2023 20:49:00.624: Mažu nepoužitý announcement 680_delay_car_malfunction!
13.12.2023 20:49:00.624: Mažu nepoužitý announcement 680_delay_track_obstacle!
13.12.2023 20:49:00.624: Mažu nepoužitý announcement 680_delay_bad_weather!
13.12.2023 20:49:00.624: Mažu nepoužitý announcement 680_delay_crossing_accident!
13.12.2023 20:49:00.624: Mažu nepoužitý announcement 680_shunting_warn!
13.12.2023 20:49:00.624: Mažu nepoužitý announcement 680_minibar!
13.12.2023 20:49:00.624: Mažu prázdný announcement group pendolino_mimoradna!
13.12.2023 20:49:00.624: Mažu nepoužitou msg Bohumin_odj_FrLazne!
13.12.2023 20:49:00.624: Mažu nepoužitou msg Bohumin_odj_Praha!
13.12.2023 20:49:00.624: Mažu nepoužitou msg FrLazne_odj_Bohumin!
13.12.2023 20:49:00.624: Mažu nepoužitou msg Havirov_odj_Praha!
13.12.2023 20:49:00.624: Mažu nepoužitou msg Havirov_odj_Zilina!
13.12.2023 20:49:00.625: Mažu nepoužitou msg Cheb_odj_Bohumin!
13.12.2023 20:49:00.625: Mažu nepoužitou msg MarLazne_odj_FrLazne!
13.12.2023 20:49:00.625: Mažu nepoužitou msg MarLazne_odj_Bohumin!
13.12.2023 20:49:00.625: Mažu nepoužitou msg Olomouc_odj_FrLazne!
13.12.2023 20:49:00.625: Mažu nepoužitou msg Olomouc_odj_Praha!
13.12.2023 20:49:00.625: Mažu nepoužitou msg Olomouc_odj_CTesin!
13.12.2023 20:49:00.625: Mažu nepoužitou msg Olomouc_odj_Zilina!
13.12.2023 20:49:00.625: Mažu nepoužitou msg Olomouc_odj_Ostrava!
13.12.2023 20:49:00.625: Mažu nepoužitou msg Olomouc_odj_Bohumin!
13.12.2023 20:49:00.625: Mažu nepoužitou msg Pardubice_odj_FrLazne!
13.12.2023 20:49:00.625: Mažu nepoužitou msg Pardubice_odj_Praha!
13.12.2023 20:49:00.625: Mažu nepoužitou msg Pardubice_odj_CTesin!
13.12.2023 20:49:00.625: Mažu nepoužitou msg Pardubice_odj_Zilina!
13.12.2023 20:49:00.625: Mažu nepoužitou msg Pardubice_odj_Ostrava!
13.12.2023 20:49:00.625: Mažu nepoužitou msg Pardubice_odj_Bohumin!
13.12.2023 20:49:00.625: Mažu nepoužitou msg Plzen_odj_FrLazne!
13.12.2023 20:49:00.625: Mažu nepoužitou msg Plzen_odj_Bohumin!
13.12.2023 20:49:00.625: Mažu nepoužitou msg Praha_odj_FrLazne!
13.12.2023 20:49:00.625: Mažu nepoužitou msg Praha_odj_Bohumin_NACESTNA!
13.12.2023 20:49:00.626: Mažu nepoužitou msg Praha_odj_Bohumin!
13.12.2023 20:49:00.626: Mažu nepoužitou msg Praha_odj_CTesin!
13.12.2023 20:49:00.626: Mažu nepoužitou msg Praha_odj_Ostrava!
13.12.2023 20:49:00.626: Mažu nepoužitou msg Praha_odj_Zilina!
13.12.2023 20:49:00.626: Mažu nepoužitou msg OStodolni_odj_CTesin!
13.12.2023 20:49:00.626: Mažu nepoužitou msg OStodolni_odj_Zilina!
13.12.2023 20:49:00.626: Mažu nepoužitou msg OSvinov_odj_Praha!
13.12.2023 20:49:00.626: Mažu nepoužitou msg OSvinov_odj_Praha_NACESTNA!
13.12.2023 20:49:00.626: Mažu nepoužitou msg OSvinov_odj_FrLazne!
13.12.2023 20:49:00.626: Mažu nepoužitou msg CTesin_odj_Praha!
13.12.2023 20:49:00.626: Mažu nepoužitou msg CTesin_odj_Praha_NACESTNA!
13.12.2023 20:49:00.626: Mažu nepoužitou msg CTesin_odj_Zilina!
13.12.2023 20:49:00.626: Mažu nepoužitou msg Trinec_odj_Praha!
13.12.2023 20:49:00.626: Mažu nepoužitou msg Trinec_odj_Zilina!
13.12.2023 20:49:00.626: Mažu nepoužitou msg Zilina_odj_Praha!
13.12.2023 20:49:00.626: Mažu nepoužitou msg Bohumin_KONECNA!
13.12.2023 20:49:00.626: Mažu nepoužitou msg CTesin_KONECNA!
13.12.2023 20:49:00.627: Mažu nepoužitou msg CTesin_PRIJ!
13.12.2023 20:49:00.627: Mažu nepoužitou msg FrLazne_KONECNA!
13.12.2023 20:49:00.627: Mažu nepoužitou msg Havirov_PRIJ!
13.12.2023 20:49:00.627: Mažu nepoužitou msg Cheb_PRIJ!
13.12.2023 20:49:00.627: Mažu nepoužitou msg MarLazne_PRIJ!
13.12.2023 20:49:00.627: Mažu nepoužitou msg Olomouc_PRIJ!
13.12.2023 20:49:00.627: Mažu nepoužitou msg OStodolni_PRIJ!
13.12.2023 20:49:00.627: Mažu nepoužitou msg OStodolni_PRIJ_od_Ziliny!
13.12.2023 20:49:00.627: Mažu nepoužitou msg Ostrava_PRIJ!
13.12.2023 20:49:00.627: Mažu nepoužitou msg Ostrava_KONECNA!
13.12.2023 20:49:00.627: Mažu nepoužitou msg OSvinov_PRIJ!
13.12.2023 20:49:00.627: Mažu nepoužitou msg OSvinov_PRIJ_od_Prahy!
13.12.2023 20:49:00.627: Mažu nepoužitou msg Pardubice_PRIJ!
13.12.2023 20:49:00.627: Mažu nepoužitou msg Plzen_PRIJ!
13.12.2023 20:49:00.627: Mažu nepoužitou msg Praha_PRIJ!
13.12.2023 20:49:00.627: Mažu nepoužitou msg Praha_KONECNA!
13.12.2023 20:49:00.627: Mažu nepoužitou msg Trinec_PRIJ!
13.12.2023 20:49:00.627: Mažu nepoužitou msg Zilina_KONECNA!
13.12.2023 20:49:00.627: Mažu nepoužitou msg OSvinov_odj_Plzen!
13.12.2023 20:49:00.628: Mažu nepoužitou msg Olomouc_odj_Plzen!
13.12.2023 20:49:00.628: Mažu nepoužitou msg Pardubice_odj_Plzen!
13.12.2023 20:49:00.628: Mažu nepoužitou msg Praha_odj_Ostrava_NACESTNA!
13.12.2023 20:49:00.628: Mažu nepoužitou msg Plzen_odj_Ostrava!
13.12.2023 20:49:00.628: Mažu nepoužitou msg PSmichov_odj_Plzen!
13.12.2023 20:49:00.628: Mažu nepoužitou msg PSmichov_odj_FrLazne!
13.12.2023 20:49:00.628: Mažu nepoužitou msg Plzen_KONECNA!
13.12.2023 20:49:00.628: Mažu nepoužitou msg Praha_PRIJ_od_Plzne!
13.12.2023 20:49:00.628: Mažu nepoužitou msg PSmichov_PRIJ_od_Plzne!
13.12.2023 20:49:00.628: Mažu nepoužitou msg PSmichov_PRIJ!
13.12.2023 20:49:00.628: Mažu nepoužitou msg wifi_nefunkcni!
13.12.2023 20:49:00.628: Mažu nepoužitou msg reg_service_purpose_stop!
13.12.2023 20:49:00.628: Mažu nepoužitou msg service_purpose_stop!
13.12.2023 20:49:00.629: Mažu nepoužitou msg ld_excp_stop!
13.12.2023 20:49:00.629: Mažu nepoužitou msg ld_delay_apology!
13.12.2023 20:49:00.629: Mažu nepoužitou msg excpt_route!
13.12.2023 20:49:00.629: Mažu nepoužitou msg replacement_bus!
13.12.2023 20:49:00.629: Mažu nepoužitou msg reg_broad_test!
13.12.2023 20:49:00.629: Mažu nepoužitou msg reg_children_day!
13.12.2023 20:49:00.629: Mažu nepoužitou msg reg_exposition!
13.12.2023 20:49:00.629: Mažu nepoužitou msg reg_railway_day!
13.12.2023 20:49:00.629: Mažu nepoužitou msg reg_subst_transport!
13.12.2023 20:49:00.629: Mažu nepoužitou msg reg_special_train!
13.12.2023 20:49:00.629: Mažu nepoužitou msg reg_reserved_car!
13.12.2023 20:49:00.629: Mažu nepoužitou msg reg_train_cleaning!
13.12.2023 20:49:00.630: Mažu nepoužitou msg reg_test_run!
13.12.2023 20:49:00.630: Mažu nepoužitou msg reg_train_shunting!
13.12.2023 20:49:00.630: Mažu nepoužitou msg reg_no_boarding!
13.12.2023 20:49:00.630: Mažu nepoužitou msg reg_end_subst_bus!
13.12.2023 20:49:00.630: Mažu nepoužitou msg reg_end_subus!
13.12.2023 20:49:00.630: Mažu nepoužitou msg reg_end_subst_train!
13.12.2023 20:49:00.630: Mažu nepoužitou msg except_bus!
13.12.2023 20:49:00.630: Mažu nepoužitou msg except_pass_s0_short!
13.12.2023 20:49:00.630: Mažu nepoužitou msg except_pass_p0_short!
13.12.2023 20:49:00.630: Mažu nepoužitou msg extra_change_1_short!
13.12.2023 20:49:00.630: Mažu nepoužitou msg extra_change_2_short!
13.12.2023 20:49:00.630: Mažu nepoužitou msg reg_self_service!
13.12.2023 20:49:00.630: Mažu nepoužitou msg reg_self_service_aut!
13.12.2023 20:49:00.630: Mažu nepoužitou msg reg_self_service_ozn!
13.12.2023 20:49:00.631: Mažu nepoužitou msg excpt-end!
13.12.2023 20:49:00.631: Mažu nepoužitou msg service_train!
13.12.2023 20:49:00.631: Mažu nepoužitou msg no_boarding!
13.12.2023 20:49:00.631: Mažu nepoužitou msg CD_welcome!
13.12.2023 20:49:00.631: Mažu nepoužitou msg shunting_warning!
13.12.2023 20:49:00.631: Mažu nepoužitou msg excpt_stop_track_condition!
13.12.2023 20:49:00.631: Mažu nepoužitou msg reg_excpt_stop_track_condition!
13.12.2023 20:49:00.631: Mažu nepoužitou msg get_off_left!
13.12.2023 20:49:00.631: Mažu nepoužitou msg get_off_right!
13.12.2023 20:49:00.631: Mažu nepoužitou msg reg_welcome!
13.12.2023 20:49:00.631: Mažu nepoužitou msg reg_thx!
13.12.2023 20:49:00.631: Mažu nepoužitou msg reg_no_rear_door!
13.12.2023 20:49:00.631: Mažu nepoužitou msg reg_get_off_left!
13.12.2023 20:49:00.631: Mažu nepoužitou msg reg_get_off_right!
13.12.2023 20:49:00.631: Mažu nepoužitou msg reg_boarding_end!
13.12.2023 20:49:00.631: Mažu nepoužitou msg reg_shunting_warn!
13.12.2023 20:49:00.631: Mažu nepoužitou msg reg_route_diversion!
13.12.2023 20:49:00.631: Mažu nepoužitou msg reg_clos_next_end_subst_bus!
13.12.2023 20:49:00.632: Mažu nepoužitou msg reg_excpt_end!
13.12.2023 20:49:00.632: Mažu nepoužitou msg reg_clos_next_end!
13.12.2023 20:49:00.632: Mažu nepoužitou msg reg_delay_closure!
13.12.2023 20:49:00.632: Mažu nepoužitou msg reg_delay_connection!
13.12.2023 20:49:00.632: Mažu nepoužitou msg reg_delay_car_malfunction!
13.12.2023 20:49:00.632: Mažu nepoužitou msg reg_delay_track_obstacle!
13.12.2023 20:49:00.632: Mažu nepoužitou msg reg_delay_crossing_accident!
13.12.2023 20:49:00.632: Mažu nepoužitou msg reg_delay_bad_weather!
13.12.2023 20:49:00.632: Mažu nepoužitou msg reg_delay_faster_train!
13.12.2023 20:49:00.632: Mažu nepoužitou msg reg_delay_opposite_train!
13.12.2023 20:49:00.632: Mažu nepoužitou msg planned_replacement_bus!
13.12.2023 20:49:00.632: Mažu nepoužitou msg planned_replacement_bus_short!
13.12.2023 20:49:00.632: Mažu nepoužitou msg except_route_s0!
13.12.2023 20:49:00.632: Mažu nepoužitou msg except_route_s0_short!
13.12.2023 20:49:00.632: Mažu nepoužitou msg except_route_p0!
13.12.2023 20:49:00.632: Mažu nepoužitou msg except_route_p0_short!
13.12.2023 20:49:00.632: Mažu nepoužitou msg except_route_ss!
13.12.2023 20:49:00.633: Mažu nepoužitou msg except_route_ss_short!
13.12.2023 20:49:00.633: Mažu nepoužitou msg except_route_sp!
13.12.2023 20:49:00.633: Mažu nepoužitou msg except_route_sp_short!
13.12.2023 20:49:00.633: Mažu nepoužitou msg except_route_ps!
13.12.2023 20:49:00.633: Mažu nepoužitou msg except_route_ps_short!
13.12.2023 20:49:00.633: Mažu nepoužitou msg except_route_pp!
13.12.2023 20:49:00.633: Mažu nepoužitou msg except_route_pp_short!
13.12.2023 20:49:00.633: Mažu nepoužitou msg except_end!
13.12.2023 20:49:00.633: Mažu nepoužitou msg except_end_short!
13.12.2023 20:49:00.633: Mažu nepoužitou msg except_end_station_bus!
13.12.2023 20:49:00.633: Mažu nepoužitou msg except_end_station_0!
13.12.2023 20:49:00.633: Mažu nepoužitou msg test_operation!
13.12.2023 20:49:00.636: Mažu nepoužitou msg vb_357_schwandorf!
13.12.2023 20:49:01.458: Ukládám vyčištěný soubor do "Out/Vozy/unipis.xml"...
13.12.2023 20:49:01.873: Soubor uložen úspěšně!
